[0.014s] Invoking command in '/home/user/Projects/ros2_ws/build/realsense2_camera': CMAKE_PREFIX_PATH=/home/user/Projects/ros2_ws/install/realsense2_camera_msgs:/home/user/Projects/ros2_ws/install/realsense2_description:/home/user/Projects/ros2_ws/install/realsense2_camera:/home/user/Projects/ros2_ws/install/object_avoidance:/opt/ros/foxy LD_LIBRARY_PATH=/home/user/Projects/ros2_ws/install/realsense2_camera_msgs/lib:/home/user/Projects/ros2_ws/install/realsense2_camera/lib:/opt/ros/foxy/opt/yaml_cpp_vendor/lib:/opt/ros/foxy/opt/rviz_ogre_vendor/lib:/opt/ros/foxy/lib/x86_64-linux-gnu:/opt/ros/foxy/lib /usr/bin/cmake --build /home/user/Projects/ros2_ws/build/realsense2_camera -- -j12 -l12
[0.038s] -- Create Release Build.
[0.038s] -- Found ament_cmake: 0.9.9 (/opt/ros/foxy/share/ament_cmake/cmake)
[0.058s] -- Using PYTHON_EXECUTABLE: /usr/bin/python3
[0.202s] -- Found builtin_interfaces: 1.0.0 (/opt/ros/foxy/share/builtin_interfaces/cmake)
[0.220s] -- Using all available rosidl_typesupport_c: rosidl_typesupport_fastrtps_c;rosidl_typesupport_introspection_c
[0.223s] -- Found rosidl_adapter: 1.2.1 (/opt/ros/foxy/share/rosidl_adapter/cmake)
[0.346s] -- Using all available rosidl_typesupport_cpp: rosidl_typesupport_fastrtps_cpp;rosidl_typesupport_introspection_cpp
[0.370s] -- Found cv_bridge: 2.2.1 (/opt/ros/foxy/share/cv_bridge/cmake)
[0.383s] -- Found image_transport: 2.3.0 (/opt/ros/foxy/share/image_transport/cmake)
[0.421s] -- Found rmw_implementation_cmake: 1.0.3 (/opt/ros/foxy/share/rmw_implementation_cmake/cmake)
[0.422s] -- Using RMW implementation 'rmw_fastrtps_cpp' as default
[0.689s] -- Found rclcpp_components: 2.4.1 (/opt/ros/foxy/share/rclcpp_components/cmake)
[0.732s] -- Found realsense2_camera_msgs: 4.0.4 (/home/user/Projects/ros2_ws/install/realsense2_camera_msgs/share/realsense2_camera_msgs/cmake)
[0.764s] -- Found nav_msgs: 2.0.5 (/opt/ros/foxy/share/nav_msgs/cmake)
[0.828s] -- Found tf2_ros: 0.13.13 (/opt/ros/foxy/share/tf2_ros/cmake)
[1.085s] CMake Error at CMakeLists.txt:102 (find_package):
[1.085s]   By not providing "Finddiagnostic_updater.cmake" in CMAKE_MODULE_PATH this
[1.085s]   project has asked CMake to find a package configuration file provided by
[1.086s]   "diagnostic_updater", but CMake did not find one.
[1.086s] 
[1.086s]   Could not find a package configuration file provided by
[1.086s]   "diagnostic_updater" with any of the following names:
[1.086s] 
[1.086s]     diagnostic_updaterConfig.cmake
[1.086s]     diagnostic_updater-config.cmake
[1.086s] 
[1.086s]   Add the installation prefix of "diagnostic_updater" to CMAKE_PREFIX_PATH or
[1.086s]   set "diagnostic_updater_DIR" to a directory containing one of the above
[1.086s]   files.  If "diagnostic_updater" provides a separate development package or
[1.086s]   SDK, be sure it has been installed.
[1.086s] 
[1.086s] 
[1.088s] -- Configuring incomplete, errors occurred!
[1.088s] See also "/home/user/Projects/ros2_ws/build/realsense2_camera/CMakeFiles/CMakeOutput.log".
[1.088s] See also "/home/user/Projects/ros2_ws/build/realsense2_camera/CMakeFiles/CMakeError.log".
[1.092s] make: *** [Makefile:670: cmake_check_build_system] Error 1
[1.094s] Invoked command in '/home/user/Projects/ros2_ws/build/realsense2_camera' returned '2': CMAKE_PREFIX_PATH=/home/user/Projects/ros2_ws/install/realsense2_camera_msgs:/home/user/Projects/ros2_ws/install/realsense2_description:/home/user/Projects/ros2_ws/install/realsense2_camera:/home/user/Projects/ros2_ws/install/object_avoidance:/opt/ros/foxy LD_LIBRARY_PATH=/home/user/Projects/ros2_ws/install/realsense2_camera_msgs/lib:/home/user/Projects/ros2_ws/install/realsense2_camera/lib:/opt/ros/foxy/opt/yaml_cpp_vendor/lib:/opt/ros/foxy/opt/rviz_ogre_vendor/lib:/opt/ros/foxy/lib/x86_64-linux-gnu:/opt/ros/foxy/lib /usr/bin/cmake --build /home/user/Projects/ros2_ws/build/realsense2_camera -- -j12 -l12
