[1.584s] Invoking command in '/home/user/Projects/ros2_ws/src/object_avoidance': PYTHONPATH=/home/user/Projects/ros2_ws/install/object_avoidance/lib/python3.8/site-packages:${PYTHONPATH} /usr/bin/python3 setup.py egg_info --egg-base ../../build/object_avoidance build --build-base /home/user/Projects/ros2_ws/build/object_avoidance/build install --prefix /home/user/Projects/ros2_ws/install/object_avoidance --record /home/user/Projects/ros2_ws/build/object_avoidance/install.log --single-version-externally-managed
[2.323s] running egg_info
[2.377s] writing ../../build/object_avoidance/object_avoidance.egg-info/PKG-INFO
[2.423s] writing dependency_links to ../../build/object_avoidance/object_avoidance.egg-info/dependency_links.txt
[2.557s] writing entry points to ../../build/object_avoidance/object_avoidance.egg-info/entry_points.txt
[2.647s] writing requirements to ../../build/object_avoidance/object_avoidance.egg-info/requires.txt
[2.691s] writing top-level names to ../../build/object_avoidance/object_avoidance.egg-info/top_level.txt
[2.758s] reading manifest file '../../build/object_avoidance/object_avoidance.egg-info/SOURCES.txt'
[2.759s] writing manifest file '../../build/object_avoidance/object_avoidance.egg-info/SOURCES.txt'
[2.759s] running build
[2.759s] running build_py
[2.759s] copying object_avoidance/depth_detection.py -> /home/user/Projects/ros2_ws/build/object_avoidance/build/lib/object_avoidance
[2.760s] copying object_avoidance/realsense_camera.py -> /home/user/Projects/ros2_ws/build/object_avoidance/build/lib/object_avoidance
[2.760s] running install
[2.760s] /usr/local/lib/python3.8/dist-packages/setuptools/command/install.py:34: SetuptoolsDeprecationWarning: setup.py install is deprecated. Use build and pip and other standards-based tools.
[2.760s]   warnings.warn(
[2.764s] running install_lib
[2.819s] copying /home/user/Projects/ros2_ws/build/object_avoidance/build/lib/object_avoidance/depth_detection.py -> /home/user/Projects/ros2_ws/install/object_avoidance/lib/python3.8/site-packages/object_avoidance
[2.819s] copying /home/user/Projects/ros2_ws/build/object_avoidance/build/lib/object_avoidance/realsense_camera.py -> /home/user/Projects/ros2_ws/install/object_avoidance/lib/python3.8/site-packages/object_avoidance
[2.820s] byte-compiling /home/user/Projects/ros2_ws/install/object_avoidance/lib/python3.8/site-packages/object_avoidance/depth_detection.py to depth_detection.cpython-38.pyc
[2.820s] byte-compiling /home/user/Projects/ros2_ws/install/object_avoidance/lib/python3.8/site-packages/object_avoidance/realsense_camera.py to realsense_camera.cpython-38.pyc
[2.820s] running install_data
[2.830s] running install_egg_info
[2.893s] removing '/home/user/Projects/ros2_ws/install/object_avoidance/lib/python3.8/site-packages/object_avoidance-0.0.1-py3.8.egg-info' (and everything under it)
[2.893s] Copying ../../build/object_avoidance/object_avoidance.egg-info to /home/user/Projects/ros2_ws/install/object_avoidance/lib/python3.8/site-packages/object_avoidance-0.0.1-py3.8.egg-info
[2.894s] running install_scripts
[2.990s] Installing depth_detection script to /home/user/Projects/ros2_ws/install/object_avoidance/lib/object_avoidance
[2.990s] Installing object_detection script to /home/user/Projects/ros2_ws/install/object_avoidance/lib/object_avoidance
[2.990s] Installing obstacle_avoidance script to /home/user/Projects/ros2_ws/install/object_avoidance/lib/object_avoidance
[2.990s] Installing obstacle_brake script to /home/user/Projects/ros2_ws/install/object_avoidance/lib/object_avoidance
[2.991s] Installing realsense_camera script to /home/user/Projects/ros2_ws/install/object_avoidance/lib/object_avoidance
[2.991s] writing list of installed files to '/home/user/Projects/ros2_ws/build/object_avoidance/install.log'
[3.022s] Invoked command in '/home/user/Projects/ros2_ws/src/object_avoidance' returned '0': PYTHONPATH=/home/user/Projects/ros2_ws/install/object_avoidance/lib/python3.8/site-packages:${PYTHONPATH} /usr/bin/python3 setup.py egg_info --egg-base ../../build/object_avoidance build --build-base /home/user/Projects/ros2_ws/build/object_avoidance/build install --prefix /home/user/Projects/ros2_ws/install/object_avoidance --record /home/user/Projects/ros2_ws/build/object_avoidance/install.log --single-version-externally-managed
