[0.000000] (-) TimerEvent: {}
[0.000920] (object_avoidance) JobQueued: {'identifier': 'object_avoidance', 'dependencies': OrderedDict()}
[0.000956] (realsense2_camera_msgs) JobQueued: {'identifier': 'realsense2_camera_msgs', 'dependencies': OrderedDict()}
[0.000976] (realsense2_camera) JobQueued: {'identifier': 'realsense2_camera', 'dependencies': OrderedDict([('realsense2_camera_msgs', '/home/user/Projects/ros2_ws/install/realsense2_camera_msgs')])}
[0.000997] (realsense2_description) JobQueued: {'identifier': 'realsense2_description', 'dependencies': OrderedDict([('realsense2_camera_msgs', '/home/user/Projects/ros2_ws/install/realsense2_camera_msgs')])}
[0.001014] (realsense2_camera_msgs) JobStarted: {'identifier': 'realsense2_camera_msgs'}
[0.011680] (object_avoidance) JobStarted: {'identifier': 'object_avoidance'}
[0.021085] (realsense2_camera_msgs) JobProgress: {'identifier': 'realsense2_camera_msgs', 'progress': 'cmake'}
[0.022814] (realsense2_camera_msgs) JobProgress: {'identifier': 'realsense2_camera_msgs', 'progress': 'build'}
[0.022852] (realsense2_camera_msgs) Command: {'cmd': ['/usr/bin/cmake', '--build', '/home/user/Projects/ros2_ws/build/realsense2_camera_msgs', '--', '-j12', '-l12'], 'cwd': '/home/user/Projects/ros2_ws/build/realsense2_camera_msgs', 'env': OrderedDict([('HOSTNAME', 'GS65-Ubuntu'), ('SHLVL', '1'), ('LD_LIBRARY_PATH', '/home/user/Projects/ros2_ws/install/realsense2_camera/lib:/home/user/Projects/ros2_ws/install/realsense2_camera_msgs/lib:/opt/ros/foxy/opt/yaml_cpp_vendor/lib:/opt/ros/foxy/opt/rviz_ogre_vendor/lib:/opt/ros/foxy/lib/x86_64-linux-gnu:/opt/ros/foxy/lib'), ('HOME', '/home/user'), ('OLDPWD', '/home/user'), ('PYTHONUNBUFFERED', '1'), ('ROS_PYTHON_VERSION', '3'), ('_colcon_cd_root', '/home/user/Projects/dev_ws'), ('COLCON_PREFIX_PATH', '/home/user/Projects/ros2_ws/install'), ('ROS_DISTRO', 'foxy'), ('PROXIMITY', '1'), ('_', '/usr/bin/colcon'), ('ROS_VERSION', '2'), ('NVIDIA_DRIVER_CAPABILITIES', 'graphics'), ('TERM', 'xterm'), ('ROS_LOCALHOST_ONLY', '0'), ('QT_X11_NO_MITSHM', '1'), ('PATH', '/home/user/.local/bin:/opt/ros/foxy/bin:/home/user/bin:/usr/local/sbin:/usr/local/bin:/usr/sbin:/usr/bin:/sbin:/bin'), ('DISPLAY', ':1'), ('LANG', 'C.UTF-8'), ('LS_COLORS', ':di=1;33:ln=36'), ('AMENT_PREFIX_PATH', '/home/user/Projects/ros2_ws/install/realsense2_description:/home/user/Projects/ros2_ws/install/realsense2_camera:/home/user/Projects/ros2_ws/install/realsense2_camera_msgs:/home/user/Projects/ros2_ws/install/object_avoidance:/opt/ros/foxy'), ('DEFAULT_THROTTLE', '30'), ('AVOIDANCE_DISTANCE', '5'), ('PWD', '/home/user/Projects/ros2_ws/build/realsense2_camera_msgs'), ('END_NODE_ID', '140'), ('LC_ALL', 'C.UTF-8'), ('PYTHONPATH', '/home/user/Projects/ros2_ws/install/realsense2_camera_msgs/lib/python3.8/site-packages:/home/user/Projects/ros2_ws/install/object_avoidance/lib/python3.8/site-packages:/opt/ros/foxy/lib/python3.8/site-packages'), ('NVIDIA_VISIBLE_DEVICES', 'all'), ('COLCON', '1'), ('CMAKE_PREFIX_PATH', '/home/user/Projects/ros2_ws/install/realsense2_description:/home/user/Projects/ros2_ws/install/realsense2_camera:/home/user/Projects/ros2_ws/install/realsense2_camera_msgs:/home/user/Projects/ros2_ws/install/object_avoidance:/opt/ros/foxy'), ('AVOIDANCE_ANGLE', '20')]), 'shell': False}
[0.100103] (-) TimerEvent: {}
[0.117857] (realsense2_camera_msgs) StdoutLine: {'line': b'[  1%] Built target realsense2_camera_msgs__cpp\n'}
[0.126716] (realsense2_camera_msgs) StdoutLine: {'line': b'[ 12%] Built target realsense2_camera_msgs__rosidl_generator_c\n'}
[0.144560] (realsense2_camera_msgs) StdoutLine: {'line': b'[ 23%] Built target realsense2_camera_msgs__rosidl_typesupport_cpp\n'}
[0.144882] (realsense2_camera_msgs) StdoutLine: {'line': b'[ 34%] Built target realsense2_camera_msgs__rosidl_typesupport_introspection_cpp\n'}
[0.149908] (realsense2_camera_msgs) StdoutLine: {'line': b'[ 45%] Built target realsense2_camera_msgs__rosidl_typesupport_fastrtps_cpp\n'}
[0.151517] (realsense2_camera_msgs) StdoutLine: {'line': b'[ 56%] Built target realsense2_camera_msgs__rosidl_typesupport_c\n'}
[0.152280] (realsense2_camera_msgs) StdoutLine: {'line': b'[ 67%] Built target realsense2_camera_msgs__rosidl_typesupport_introspection_c\n'}
[0.178906] (realsense2_camera_msgs) StdoutLine: {'line': b'[ 78%] Built target realsense2_camera_msgs__rosidl_typesupport_fastrtps_c\n'}
[0.198713] (realsense2_camera_msgs) StdoutLine: {'line': b'[ 78%] Built target realsense2_camera_msgs\n'}
[0.200188] (-) TimerEvent: {}
[0.220013] (realsense2_camera_msgs) StdoutLine: {'line': b'[ 80%] Built target realsense2_camera_msgs__py\n'}
[0.250741] (realsense2_camera_msgs) StdoutLine: {'line': b'[ 89%] Built target realsense2_camera_msgs__python\n'}
[0.278104] (realsense2_camera_msgs) StdoutLine: {'line': b'[100%] Built target realsense2_camera_msgs__rosidl_typesupport_fastrtps_c__pyext\n'}
[0.278243] (realsense2_camera_msgs) StdoutLine: {'line': b'[100%] Built target realsense2_camera_msgs__rosidl_typesupport_introspection_c__pyext\n'}
[0.278309] (realsense2_camera_msgs) StdoutLine: {'line': b'[100%] Built target realsense2_camera_msgs__rosidl_typesupport_c__pyext\n'}
[0.288196] (realsense2_camera_msgs) CommandEnded: {'returncode': 0}
[0.300279] (-) TimerEvent: {}
[0.369212] (realsense2_camera_msgs) JobProgress: {'identifier': 'realsense2_camera_msgs', 'progress': 'install'}
[0.379045] (realsense2_camera_msgs) Command: {'cmd': ['/usr/bin/cmake', '--install', '/home/user/Projects/ros2_ws/build/realsense2_camera_msgs'], 'cwd': '/home/user/Projects/ros2_ws/build/realsense2_camera_msgs', 'env': OrderedDict([('HOSTNAME', 'GS65-Ubuntu'), ('SHLVL', '1'), ('LD_LIBRARY_PATH', '/home/user/Projects/ros2_ws/install/realsense2_camera/lib:/home/user/Projects/ros2_ws/install/realsense2_camera_msgs/lib:/opt/ros/foxy/opt/yaml_cpp_vendor/lib:/opt/ros/foxy/opt/rviz_ogre_vendor/lib:/opt/ros/foxy/lib/x86_64-linux-gnu:/opt/ros/foxy/lib'), ('HOME', '/home/user'), ('OLDPWD', '/home/user'), ('PYTHONUNBUFFERED', '1'), ('ROS_PYTHON_VERSION', '3'), ('_colcon_cd_root', '/home/user/Projects/dev_ws'), ('COLCON_PREFIX_PATH', '/home/user/Projects/ros2_ws/install'), ('ROS_DISTRO', 'foxy'), ('PROXIMITY', '1'), ('_', '/usr/bin/colcon'), ('ROS_VERSION', '2'), ('NVIDIA_DRIVER_CAPABILITIES', 'graphics'), ('TERM', 'xterm'), ('ROS_LOCALHOST_ONLY', '0'), ('QT_X11_NO_MITSHM', '1'), ('PATH', '/home/user/.local/bin:/opt/ros/foxy/bin:/home/user/bin:/usr/local/sbin:/usr/local/bin:/usr/sbin:/usr/bin:/sbin:/bin'), ('DISPLAY', ':1'), ('LANG', 'C.UTF-8'), ('LS_COLORS', ':di=1;33:ln=36'), ('AMENT_PREFIX_PATH', '/home/user/Projects/ros2_ws/install/realsense2_description:/home/user/Projects/ros2_ws/install/realsense2_camera:/home/user/Projects/ros2_ws/install/realsense2_camera_msgs:/home/user/Projects/ros2_ws/install/object_avoidance:/opt/ros/foxy'), ('DEFAULT_THROTTLE', '30'), ('AVOIDANCE_DISTANCE', '5'), ('PWD', '/home/user/Projects/ros2_ws/build/realsense2_camera_msgs'), ('END_NODE_ID', '140'), ('LC_ALL', 'C.UTF-8'), ('PYTHONPATH', '/home/user/Projects/ros2_ws/install/realsense2_camera_msgs/lib/python3.8/site-packages:/home/user/Projects/ros2_ws/install/object_avoidance/lib/python3.8/site-packages:/opt/ros/foxy/lib/python3.8/site-packages'), ('NVIDIA_VISIBLE_DEVICES', 'all'), ('COLCON', '1'), ('CMAKE_PREFIX_PATH', '/home/user/Projects/ros2_ws/install/realsense2_description:/home/user/Projects/ros2_ws/install/realsense2_camera:/home/user/Projects/ros2_ws/install/realsense2_camera_msgs:/home/user/Projects/ros2_ws/install/object_avoidance:/opt/ros/foxy'), ('AVOIDANCE_ANGLE', '20')]), 'shell': False}
[0.387520] (realsense2_camera_msgs) StdoutLine: {'line': b'-- Install configuration: ""\n'}
[0.387799] (realsense2_camera_msgs) StdoutLine: {'line': b'-- Up-to-date: /home/user/Projects/ros2_ws/install/realsense2_camera_msgs/share/ament_index/resource_index/rosidl_interfaces/realsense2_camera_msgs\n'}
[0.387892] (realsense2_camera_msgs) StdoutLine: {'line': b'-- Up-to-date: /home/user/Projects/ros2_ws/install/realsense2_camera_msgs/include/realsense2_camera_msgs\n'}
[0.388018] (realsense2_camera_msgs) StdoutLine: {'line': b'-- Up-to-date: /home/user/Projects/ros2_ws/install/realsense2_camera_msgs/include/realsense2_camera_msgs/srv\n'}
[0.388129] (realsense2_camera_msgs) StdoutLine: {'line': b'-- Up-to-date: /home/user/Projects/ros2_ws/install/realsense2_camera_msgs/include/realsense2_camera_msgs/srv/detail\n'}
[0.388184] (realsense2_camera_msgs) StdoutLine: {'line': b'-- Up-to-date: /home/user/Projects/ros2_ws/install/realsense2_camera_msgs/include/realsense2_camera_msgs/srv/detail/device_info__struct.h\n'}
[0.388245] (realsense2_camera_msgs) StdoutLine: {'line': b'-- Up-to-date: /home/user/Projects/ros2_ws/install/realsense2_camera_msgs/include/realsense2_camera_msgs/srv/detail/device_info__type_support.h\n'}
[0.388343] (realsense2_camera_msgs) StdoutLine: {'line': b'-- Up-to-date: /home/user/Projects/ros2_ws/install/realsense2_camera_msgs/include/realsense2_camera_msgs/srv/detail/device_info__functions.h\n'}
[0.388396] (realsense2_camera_msgs) StdoutLine: {'line': b'-- Up-to-date: /home/user/Projects/ros2_ws/install/realsense2_camera_msgs/include/realsense2_camera_msgs/srv/detail/device_info__functions.c\n'}
[0.388448] (realsense2_camera_msgs) StdoutLine: {'line': b'-- Up-to-date: /home/user/Projects/ros2_ws/install/realsense2_camera_msgs/include/realsense2_camera_msgs/srv/device_info.h\n'}
[0.388500] (realsense2_camera_msgs) StdoutLine: {'line': b'-- Up-to-date: /home/user/Projects/ros2_ws/install/realsense2_camera_msgs/include/realsense2_camera_msgs/msg\n'}
[0.388551] (realsense2_camera_msgs) StdoutLine: {'line': b'-- Up-to-date: /home/user/Projects/ros2_ws/install/realsense2_camera_msgs/include/realsense2_camera_msgs/msg/detail\n'}
[0.388602] (realsense2_camera_msgs) StdoutLine: {'line': b'-- Up-to-date: /home/user/Projects/ros2_ws/install/realsense2_camera_msgs/include/realsense2_camera_msgs/msg/detail/extrinsics__functions.h\n'}
[0.388653] (realsense2_camera_msgs) StdoutLine: {'line': b'-- Up-to-date: /home/user/Projects/ros2_ws/install/realsense2_camera_msgs/include/realsense2_camera_msgs/msg/detail/extrinsics__functions.c\n'}
[0.388705] (realsense2_camera_msgs) StdoutLine: {'line': b'-- Up-to-date: /home/user/Projects/ros2_ws/install/realsense2_camera_msgs/include/realsense2_camera_msgs/msg/detail/imu_info__functions.h\n'}
[0.388756] (realsense2_camera_msgs) StdoutLine: {'line': b'-- Up-to-date: /home/user/Projects/ros2_ws/install/realsense2_camera_msgs/include/realsense2_camera_msgs/msg/detail/imu_info__struct.h\n'}
[0.388808] (realsense2_camera_msgs) StdoutLine: {'line': b'-- Up-to-date: /home/user/Projects/ros2_ws/install/realsense2_camera_msgs/include/realsense2_camera_msgs/msg/detail/metadata__type_support.h\n'}
[0.388888] (realsense2_camera_msgs) StdoutLine: {'line': b'-- Up-to-date: /home/user/Projects/ros2_ws/install/realsense2_camera_msgs/include/realsense2_camera_msgs/msg/detail/metadata__functions.c\n'}
[0.388941] (realsense2_camera_msgs) StdoutLine: {'line': b'-- Up-to-date: /home/user/Projects/ros2_ws/install/realsense2_camera_msgs/include/realsense2_camera_msgs/msg/detail/imu_info__type_support.h\n'}
[0.388992] (realsense2_camera_msgs) StdoutLine: {'line': b'-- Up-to-date: /home/user/Projects/ros2_ws/install/realsense2_camera_msgs/include/realsense2_camera_msgs/msg/detail/metadata__struct.h\n'}
[0.389043] (realsense2_camera_msgs) StdoutLine: {'line': b'-- Up-to-date: /home/user/Projects/ros2_ws/install/realsense2_camera_msgs/include/realsense2_camera_msgs/msg/detail/extrinsics__struct.h\n'}
[0.389124] (realsense2_camera_msgs) StdoutLine: {'line': b'-- Up-to-date: /home/user/Projects/ros2_ws/install/realsense2_camera_msgs/include/realsense2_camera_msgs/msg/detail/metadata__functions.h\n'}
[0.389206] (realsense2_camera_msgs) StdoutLine: {'line': b'-- Up-to-date: /home/user/Projects/ros2_ws/install/realsense2_camera_msgs/include/realsense2_camera_msgs/msg/detail/imu_info__functions.c\n'}
[0.389306] (realsense2_camera_msgs) StdoutLine: {'line': b'-- Up-to-date: /home/user/Projects/ros2_ws/install/realsense2_camera_msgs/include/realsense2_camera_msgs/msg/detail/extrinsics__type_support.h\n'}
[0.389373] (realsense2_camera_msgs) StdoutLine: {'line': b'-- Up-to-date: /home/user/Projects/ros2_ws/install/realsense2_camera_msgs/include/realsense2_camera_msgs/msg/metadata.h\n'}
[0.389449] (realsense2_camera_msgs) StdoutLine: {'line': b'-- Up-to-date: /home/user/Projects/ros2_ws/install/realsense2_camera_msgs/include/realsense2_camera_msgs/msg/extrinsics.h\n'}
[0.389502] (realsense2_camera_msgs) StdoutLine: {'line': b'-- Up-to-date: /home/user/Projects/ros2_ws/install/realsense2_camera_msgs/include/realsense2_camera_msgs/msg/imu_info.h\n'}
[0.389553] (realsense2_camera_msgs) StdoutLine: {'line': b'-- Up-to-date: /home/user/Projects/ros2_ws/install/realsense2_camera_msgs/include/realsense2_camera_msgs/msg/rosidl_generator_c__visibility_control.h\n'}
[0.389604] (realsense2_camera_msgs) StdoutLine: {'line': b'-- Up-to-date: /home/user/Projects/ros2_ws/install/realsense2_camera_msgs/share/realsense2_camera_msgs/environment/library_path.sh\n'}
[0.389656] (realsense2_camera_msgs) StdoutLine: {'line': b'-- Up-to-date: /home/user/Projects/ros2_ws/install/realsense2_camera_msgs/share/realsense2_camera_msgs/environment/library_path.dsv\n'}
[0.389708] (realsense2_camera_msgs) StdoutLine: {'line': b'-- Up-to-date: /home/user/Projects/ros2_ws/install/realsense2_camera_msgs/lib/librealsense2_camera_msgs__rosidl_generator_c.so\n'}
[0.389759] (realsense2_camera_msgs) StdoutLine: {'line': b'-- Up-to-date: /home/user/Projects/ros2_ws/install/realsense2_camera_msgs/include/realsense2_camera_msgs\n'}
[0.389811] (realsense2_camera_msgs) StdoutLine: {'line': b'-- Up-to-date: /home/user/Projects/ros2_ws/install/realsense2_camera_msgs/include/realsense2_camera_msgs/srv\n'}
[0.389863] (realsense2_camera_msgs) StdoutLine: {'line': b'-- Up-to-date: /home/user/Projects/ros2_ws/install/realsense2_camera_msgs/include/realsense2_camera_msgs/srv/detail\n'}
[0.389913] (realsense2_camera_msgs) StdoutLine: {'line': b'-- Up-to-date: /home/user/Projects/ros2_ws/install/realsense2_camera_msgs/include/realsense2_camera_msgs/srv/detail/device_info__rosidl_typesupport_fastrtps_c.h\n'}
[0.389969] (realsense2_camera_msgs) StdoutLine: {'line': b'-- Up-to-date: /home/user/Projects/ros2_ws/install/realsense2_camera_msgs/include/realsense2_camera_msgs/msg\n'}
[0.390048] (realsense2_camera_msgs) StdoutLine: {'line': b'-- Up-to-date: /home/user/Projects/ros2_ws/install/realsense2_camera_msgs/include/realsense2_camera_msgs/msg/detail\n'}
[0.390100] (realsense2_camera_msgs) StdoutLine: {'line': b'-- Up-to-date: /home/user/Projects/ros2_ws/install/realsense2_camera_msgs/include/realsense2_camera_msgs/msg/detail/imu_info__rosidl_typesupport_fastrtps_c.h\n'}
[0.390153] (realsense2_camera_msgs) StdoutLine: {'line': b'-- Up-to-date: /home/user/Projects/ros2_ws/install/realsense2_camera_msgs/include/realsense2_camera_msgs/msg/detail/extrinsics__rosidl_typesupport_fastrtps_c.h\n'}
[0.390246] (realsense2_camera_msgs) StdoutLine: {'line': b'-- Up-to-date: /home/user/Projects/ros2_ws/install/realsense2_camera_msgs/include/realsense2_camera_msgs/msg/detail/metadata__rosidl_typesupport_fastrtps_c.h\n'}
[0.390353] (realsense2_camera_msgs) StdoutLine: {'line': b'-- Up-to-date: /home/user/Projects/ros2_ws/install/realsense2_camera_msgs/include/realsense2_camera_msgs/msg/rosidl_typesupport_fastrtps_c__visibility_control.h\n'}
[0.390446] (realsense2_camera_msgs) StdoutLine: {'line': b'-- Up-to-date: /home/user/Projects/ros2_ws/install/realsense2_camera_msgs/lib/librealsense2_camera_msgs__rosidl_typesupport_fastrtps_c.so\n'}
[0.390534] (realsense2_camera_msgs) StdoutLine: {'line': b'-- Up-to-date: /home/user/Projects/ros2_ws/install/realsense2_camera_msgs/include/realsense2_camera_msgs\n'}
[0.390607] (realsense2_camera_msgs) StdoutLine: {'line': b'-- Up-to-date: /home/user/Projects/ros2_ws/install/realsense2_camera_msgs/include/realsense2_camera_msgs/srv\n'}
[0.390659] (realsense2_camera_msgs) StdoutLine: {'line': b'-- Up-to-date: /home/user/Projects/ros2_ws/install/realsense2_camera_msgs/include/realsense2_camera_msgs/srv/detail\n'}
[0.390711] (realsense2_camera_msgs) StdoutLine: {'line': b'-- Up-to-date: /home/user/Projects/ros2_ws/install/realsense2_camera_msgs/include/realsense2_camera_msgs/srv/detail/dds_fastrtps\n'}
[0.390788] (realsense2_camera_msgs) StdoutLine: {'line': b'-- Up-to-date: /home/user/Projects/ros2_ws/install/realsense2_camera_msgs/include/realsense2_camera_msgs/srv/detail/device_info__rosidl_typesupport_fastrtps_cpp.hpp\n'}
[0.390841] (realsense2_camera_msgs) StdoutLine: {'line': b'-- Up-to-date: /home/user/Projects/ros2_ws/install/realsense2_camera_msgs/include/realsense2_camera_msgs/msg\n'}
[0.390893] (realsense2_camera_msgs) StdoutLine: {'line': b'-- Up-to-date: /home/user/Projects/ros2_ws/install/realsense2_camera_msgs/include/realsense2_camera_msgs/msg/detail\n'}
[0.390945] (realsense2_camera_msgs) StdoutLine: {'line': b'-- Up-to-date: /home/user/Projects/ros2_ws/install/realsense2_camera_msgs/include/realsense2_camera_msgs/msg/detail/imu_info__rosidl_typesupport_fastrtps_cpp.hpp\n'}
[0.391038] (realsense2_camera_msgs) StdoutLine: {'line': b'-- Up-to-date: /home/user/Projects/ros2_ws/install/realsense2_camera_msgs/include/realsense2_camera_msgs/msg/detail/dds_fastrtps\n'}
[0.391120] (realsense2_camera_msgs) StdoutLine: {'line': b'-- Up-to-date: /home/user/Projects/ros2_ws/install/realsense2_camera_msgs/include/realsense2_camera_msgs/msg/detail/extrinsics__rosidl_typesupport_fastrtps_cpp.hpp\n'}
[0.391223] (realsense2_camera_msgs) StdoutLine: {'line': b'-- Up-to-date: /home/user/Projects/ros2_ws/install/realsense2_camera_msgs/include/realsense2_camera_msgs/msg/detail/metadata__rosidl_typesupport_fastrtps_cpp.hpp\n'}
[0.391340] (realsense2_camera_msgs) StdoutLine: {'line': b'-- Up-to-date: /home/user/Projects/ros2_ws/install/realsense2_camera_msgs/include/realsense2_camera_msgs/msg/rosidl_typesupport_fastrtps_cpp__visibility_control.h\n'}
[0.391394] (realsense2_camera_msgs) StdoutLine: {'line': b'-- Up-to-date: /home/user/Projects/ros2_ws/install/realsense2_camera_msgs/lib/librealsense2_camera_msgs__rosidl_typesupport_fastrtps_cpp.so\n'}
[0.391446] (realsense2_camera_msgs) StdoutLine: {'line': b'-- Up-to-date: /home/user/Projects/ros2_ws/install/realsense2_camera_msgs/include/realsense2_camera_msgs\n'}
[0.391504] (realsense2_camera_msgs) StdoutLine: {'line': b'-- Up-to-date: /home/user/Projects/ros2_ws/install/realsense2_camera_msgs/include/realsense2_camera_msgs/srv\n'}
[0.391555] (realsense2_camera_msgs) StdoutLine: {'line': b'-- Up-to-date: /home/user/Projects/ros2_ws/install/realsense2_camera_msgs/include/realsense2_camera_msgs/srv/detail\n'}
[0.391607] (realsense2_camera_msgs) StdoutLine: {'line': b'-- Up-to-date: /home/user/Projects/ros2_ws/install/realsense2_camera_msgs/include/realsense2_camera_msgs/srv/detail/device_info__rosidl_typesupport_introspection_c.h\n'}
[0.391658] (realsense2_camera_msgs) StdoutLine: {'line': b'-- Up-to-date: /home/user/Projects/ros2_ws/install/realsense2_camera_msgs/include/realsense2_camera_msgs/srv/detail/device_info__type_support.c\n'}
[0.391711] (realsense2_camera_msgs) StdoutLine: {'line': b'-- Up-to-date: /home/user/Projects/ros2_ws/install/realsense2_camera_msgs/include/realsense2_camera_msgs/msg\n'}
[0.391763] (realsense2_camera_msgs) StdoutLine: {'line': b'-- Up-to-date: /home/user/Projects/ros2_ws/install/realsense2_camera_msgs/include/realsense2_camera_msgs/msg/detail\n'}
[0.391815] (realsense2_camera_msgs) StdoutLine: {'line': b'-- Up-to-date: /home/user/Projects/ros2_ws/install/realsense2_camera_msgs/include/realsense2_camera_msgs/msg/detail/imu_info__type_support.c\n'}
[0.391872] (realsense2_camera_msgs) StdoutLine: {'line': b'-- Up-to-date: /home/user/Projects/ros2_ws/install/realsense2_camera_msgs/include/realsense2_camera_msgs/msg/detail/metadata__type_support.c\n'}
[0.391951] (realsense2_camera_msgs) StdoutLine: {'line': b'-- Up-to-date: /home/user/Projects/ros2_ws/install/realsense2_camera_msgs/include/realsense2_camera_msgs/msg/detail/imu_info__rosidl_typesupport_introspection_c.h\n'}
[0.392004] (realsense2_camera_msgs) StdoutLine: {'line': b'-- Up-to-date: /home/user/Projects/ros2_ws/install/realsense2_camera_msgs/include/realsense2_camera_msgs/msg/detail/extrinsics__rosidl_typesupport_introspection_c.h\n'}
[0.392055] (realsense2_camera_msgs) StdoutLine: {'line': b'-- Up-to-date: /home/user/Projects/ros2_ws/install/realsense2_camera_msgs/include/realsense2_camera_msgs/msg/detail/metadata__rosidl_typesupport_introspection_c.h\n'}
[0.392111] (realsense2_camera_msgs) StdoutLine: {'line': b'-- Up-to-date: /home/user/Projects/ros2_ws/install/realsense2_camera_msgs/include/realsense2_camera_msgs/msg/detail/extrinsics__type_support.c\n'}
[0.392162] (realsense2_camera_msgs) StdoutLine: {'line': b'-- Up-to-date: /home/user/Projects/ros2_ws/install/realsense2_camera_msgs/include/realsense2_camera_msgs/msg/rosidl_typesupport_introspection_c__visibility_control.h\n'}
[0.392214] (realsense2_camera_msgs) StdoutLine: {'line': b'-- Up-to-date: /home/user/Projects/ros2_ws/install/realsense2_camera_msgs/lib/librealsense2_camera_msgs__rosidl_typesupport_introspection_c.so\n'}
[0.392528] (realsense2_camera_msgs) StdoutLine: {'line': b'-- Up-to-date: /home/user/Projects/ros2_ws/install/realsense2_camera_msgs/lib/librealsense2_camera_msgs__rosidl_typesupport_c.so\n'}
[0.392733] (realsense2_camera_msgs) StdoutLine: {'line': b'-- Up-to-date: /home/user/Projects/ros2_ws/install/realsense2_camera_msgs/include/realsense2_camera_msgs\n'}
[0.392823] (realsense2_camera_msgs) StdoutLine: {'line': b'-- Up-to-date: /home/user/Projects/ros2_ws/install/realsense2_camera_msgs/include/realsense2_camera_msgs/srv\n'}
[0.392945] (realsense2_camera_msgs) StdoutLine: {'line': b'-- Up-to-date: /home/user/Projects/ros2_ws/install/realsense2_camera_msgs/include/realsense2_camera_msgs/srv/device_info.hpp\n'}
[0.393045] (realsense2_camera_msgs) StdoutLine: {'line': b'-- Up-to-date: /home/user/Projects/ros2_ws/install/realsense2_camera_msgs/include/realsense2_camera_msgs/srv/detail\n'}
[0.393123] (realsense2_camera_msgs) StdoutLine: {'line': b'-- Up-to-date: /home/user/Projects/ros2_ws/install/realsense2_camera_msgs/include/realsense2_camera_msgs/srv/detail/device_info__struct.hpp\n'}
[0.393202] (realsense2_camera_msgs) StdoutLine: {'line': b'-- Up-to-date: /home/user/Projects/ros2_ws/install/realsense2_camera_msgs/include/realsense2_camera_msgs/srv/detail/device_info__builder.hpp\n'}
[0.393314] (realsense2_camera_msgs) StdoutLine: {'line': b'-- Up-to-date: /home/user/Projects/ros2_ws/install/realsense2_camera_msgs/include/realsense2_camera_msgs/srv/detail/device_info__traits.hpp\n'}
[0.393452] (realsense2_camera_msgs) StdoutLine: {'line': b'-- Up-to-date: /home/user/Projects/ros2_ws/install/realsense2_camera_msgs/include/realsense2_camera_msgs/msg\n'}
[0.393574] (realsense2_camera_msgs) StdoutLine: {'line': b'-- Up-to-date: /home/user/Projects/ros2_ws/install/realsense2_camera_msgs/include/realsense2_camera_msgs/msg/detail\n'}
[0.393641] (realsense2_camera_msgs) StdoutLine: {'line': b'-- Up-to-date: /home/user/Projects/ros2_ws/install/realsense2_camera_msgs/include/realsense2_camera_msgs/msg/detail/imu_info__struct.hpp\n'}
[0.393693] (realsense2_camera_msgs) StdoutLine: {'line': b'-- Up-to-date: /home/user/Projects/ros2_ws/install/realsense2_camera_msgs/include/realsense2_camera_msgs/msg/detail/metadata__struct.hpp\n'}
[0.393744] (realsense2_camera_msgs) StdoutLine: {'line': b'-- Up-to-date: /home/user/Projects/ros2_ws/install/realsense2_camera_msgs/include/realsense2_camera_msgs/msg/detail/extrinsics__struct.hpp\n'}
[0.393796] (realsense2_camera_msgs) StdoutLine: {'line': b'-- Up-to-date: /home/user/Projects/ros2_ws/install/realsense2_camera_msgs/include/realsense2_camera_msgs/msg/detail/imu_info__traits.hpp\n'}
[0.393847] (realsense2_camera_msgs) StdoutLine: {'line': b'-- Up-to-date: /home/user/Projects/ros2_ws/install/realsense2_camera_msgs/include/realsense2_camera_msgs/msg/detail/metadata__builder.hpp\n'}
[0.393897] (realsense2_camera_msgs) StdoutLine: {'line': b'-- Up-to-date: /home/user/Projects/ros2_ws/install/realsense2_camera_msgs/include/realsense2_camera_msgs/msg/detail/extrinsics__traits.hpp\n'}
[0.393955] (realsense2_camera_msgs) StdoutLine: {'line': b'-- Up-to-date: /home/user/Projects/ros2_ws/install/realsense2_camera_msgs/include/realsense2_camera_msgs/msg/detail/extrinsics__builder.hpp\n'}
[0.394010] (realsense2_camera_msgs) StdoutLine: {'line': b'-- Up-to-date: /home/user/Projects/ros2_ws/install/realsense2_camera_msgs/include/realsense2_camera_msgs/msg/detail/metadata__traits.hpp\n'}
[0.394061] (realsense2_camera_msgs) StdoutLine: {'line': b'-- Up-to-date: /home/user/Projects/ros2_ws/install/realsense2_camera_msgs/include/realsense2_camera_msgs/msg/detail/imu_info__builder.hpp\n'}
[0.394113] (realsense2_camera_msgs) StdoutLine: {'line': b'-- Up-to-date: /home/user/Projects/ros2_ws/install/realsense2_camera_msgs/include/realsense2_camera_msgs/msg/metadata.hpp\n'}
[0.394164] (realsense2_camera_msgs) StdoutLine: {'line': b'-- Up-to-date: /home/user/Projects/ros2_ws/install/realsense2_camera_msgs/include/realsense2_camera_msgs/msg/extrinsics.hpp\n'}
[0.394216] (realsense2_camera_msgs) StdoutLine: {'line': b'-- Up-to-date: /home/user/Projects/ros2_ws/install/realsense2_camera_msgs/include/realsense2_camera_msgs/msg/imu_info.hpp\n'}
[0.394273] (realsense2_camera_msgs) StdoutLine: {'line': b'-- Up-to-date: /home/user/Projects/ros2_ws/install/realsense2_camera_msgs/include/realsense2_camera_msgs\n'}
[0.394352] (realsense2_camera_msgs) StdoutLine: {'line': b'-- Up-to-date: /home/user/Projects/ros2_ws/install/realsense2_camera_msgs/include/realsense2_camera_msgs/srv\n'}
[0.394404] (realsense2_camera_msgs) StdoutLine: {'line': b'-- Up-to-date: /home/user/Projects/ros2_ws/install/realsense2_camera_msgs/include/realsense2_camera_msgs/srv/detail\n'}
[0.394455] (realsense2_camera_msgs) StdoutLine: {'line': b'-- Up-to-date: /home/user/Projects/ros2_ws/install/realsense2_camera_msgs/include/realsense2_camera_msgs/srv/detail/device_info__type_support.cpp\n'}
[0.394506] (realsense2_camera_msgs) StdoutLine: {'line': b'-- Up-to-date: /home/user/Projects/ros2_ws/install/realsense2_camera_msgs/include/realsense2_camera_msgs/srv/detail/device_info__rosidl_typesupport_introspection_cpp.hpp\n'}
[0.394559] (realsense2_camera_msgs) StdoutLine: {'line': b'-- Up-to-date: /home/user/Projects/ros2_ws/install/realsense2_camera_msgs/include/realsense2_camera_msgs/msg\n'}
[0.394616] (realsense2_camera_msgs) StdoutLine: {'line': b'-- Up-to-date: /home/user/Projects/ros2_ws/install/realsense2_camera_msgs/include/realsense2_camera_msgs/msg/detail\n'}
[0.394675] (realsense2_camera_msgs) StdoutLine: {'line': b'-- Up-to-date: /home/user/Projects/ros2_ws/install/realsense2_camera_msgs/include/realsense2_camera_msgs/msg/detail/extrinsics__type_support.cpp\n'}
[0.394751] (realsense2_camera_msgs) StdoutLine: {'line': b'-- Up-to-date: /home/user/Projects/ros2_ws/install/realsense2_camera_msgs/include/realsense2_camera_msgs/msg/detail/extrinsics__rosidl_typesupport_introspection_cpp.hpp\n'}
[0.394803] (realsense2_camera_msgs) StdoutLine: {'line': b'-- Up-to-date: /home/user/Projects/ros2_ws/install/realsense2_camera_msgs/include/realsense2_camera_msgs/msg/detail/metadata__rosidl_typesupport_introspection_cpp.hpp\n'}
[0.394873] (realsense2_camera_msgs) StdoutLine: {'line': b'-- Up-to-date: /home/user/Projects/ros2_ws/install/realsense2_camera_msgs/include/realsense2_camera_msgs/msg/detail/imu_info__rosidl_typesupport_introspection_cpp.hpp\n'}
[0.394949] (realsense2_camera_msgs) StdoutLine: {'line': b'-- Up-to-date: /home/user/Projects/ros2_ws/install/realsense2_camera_msgs/include/realsense2_camera_msgs/msg/detail/imu_info__type_support.cpp\n'}
[0.395001] (realsense2_camera_msgs) StdoutLine: {'line': b'-- Up-to-date: /home/user/Projects/ros2_ws/install/realsense2_camera_msgs/include/realsense2_camera_msgs/msg/detail/metadata__type_support.cpp\n'}
[0.395053] (realsense2_camera_msgs) StdoutLine: {'line': b'-- Up-to-date: /home/user/Projects/ros2_ws/install/realsense2_camera_msgs/lib/librealsense2_camera_msgs__rosidl_typesupport_introspection_cpp.so\n'}
[0.395131] (realsense2_camera_msgs) StdoutLine: {'line': b'-- Up-to-date: /home/user/Projects/ros2_ws/install/realsense2_camera_msgs/lib/librealsense2_camera_msgs__rosidl_typesupport_cpp.so\n'}
[0.395183] (realsense2_camera_msgs) StdoutLine: {'line': b'-- Up-to-date: /home/user/Projects/ros2_ws/install/realsense2_camera_msgs/share/realsense2_camera_msgs/environment/pythonpath.sh\n'}
[0.395238] (realsense2_camera_msgs) StdoutLine: {'line': b'-- Up-to-date: /home/user/Projects/ros2_ws/install/realsense2_camera_msgs/share/realsense2_camera_msgs/environment/pythonpath.dsv\n'}
[0.395289] (realsense2_camera_msgs) StdoutLine: {'line': b'-- Up-to-date: /home/user/Projects/ros2_ws/install/realsense2_camera_msgs/lib/python3.8/site-packages/realsense2_camera_msgs/__init__.py\n'}
[0.400334] (-) TimerEvent: {}
[0.423996] (realsense2_camera_msgs) StdoutLine: {'line': b'-- Up-to-date: /home/user/Projects/ros2_ws/install/realsense2_camera_msgs/lib/python3.8/site-packages/realsense2_camera_msgs/msg\n'}
[0.424234] (realsense2_camera_msgs) StdoutLine: {'line': b'-- Up-to-date: /home/user/Projects/ros2_ws/install/realsense2_camera_msgs/lib/python3.8/site-packages/realsense2_camera_msgs/msg/_metadata_s.c\n'}
[0.424315] (realsense2_camera_msgs) StdoutLine: {'line': b'-- Up-to-date: /home/user/Projects/ros2_ws/install/realsense2_camera_msgs/lib/python3.8/site-packages/realsense2_camera_msgs/msg/_imu_info.py\n'}
[0.424611] (realsense2_camera_msgs) StdoutLine: {'line': b'-- Up-to-date: /home/user/Projects/ros2_ws/install/realsense2_camera_msgs/lib/python3.8/site-packages/realsense2_camera_msgs/msg/_extrinsics.py\n'}
[0.424682] (realsense2_camera_msgs) StdoutLine: {'line': b'-- Up-to-date: /home/user/Projects/ros2_ws/install/realsense2_camera_msgs/lib/python3.8/site-packages/realsense2_camera_msgs/msg/__init__.py\n'}
[0.424740] (realsense2_camera_msgs) StdoutLine: {'line': b'-- Up-to-date: /home/user/Projects/ros2_ws/install/realsense2_camera_msgs/lib/python3.8/site-packages/realsense2_camera_msgs/msg/_extrinsics_s.c\n'}
[0.424804] (realsense2_camera_msgs) StdoutLine: {'line': b'-- Up-to-date: /home/user/Projects/ros2_ws/install/realsense2_camera_msgs/lib/python3.8/site-packages/realsense2_camera_msgs/msg/_metadata.py\n'}
[0.424858] (realsense2_camera_msgs) StdoutLine: {'line': b'-- Up-to-date: /home/user/Projects/ros2_ws/install/realsense2_camera_msgs/lib/python3.8/site-packages/realsense2_camera_msgs/msg/_imu_info_s.c\n'}
[0.424910] (realsense2_camera_msgs) StdoutLine: {'line': b'-- Up-to-date: /home/user/Projects/ros2_ws/install/realsense2_camera_msgs/lib/python3.8/site-packages/realsense2_camera_msgs/srv\n'}
[0.424962] (realsense2_camera_msgs) StdoutLine: {'line': b'-- Up-to-date: /home/user/Projects/ros2_ws/install/realsense2_camera_msgs/lib/python3.8/site-packages/realsense2_camera_msgs/srv/_device_info_s.c\n'}
[0.425013] (realsense2_camera_msgs) StdoutLine: {'line': b'-- Up-to-date: /home/user/Projects/ros2_ws/install/realsense2_camera_msgs/lib/python3.8/site-packages/realsense2_camera_msgs/srv/__init__.py\n'}
[0.425064] (realsense2_camera_msgs) StdoutLine: {'line': b'-- Up-to-date: /home/user/Projects/ros2_ws/install/realsense2_camera_msgs/lib/python3.8/site-packages/realsense2_camera_msgs/srv/_device_info.py\n'}
[0.425267] (realsense2_camera_msgs) StdoutLine: {'line': b'-- Up-to-date: /home/user/Projects/ros2_ws/install/realsense2_camera_msgs/lib/python3.8/site-packages/realsense2_camera_msgs/realsense2_camera_msgs_s__rosidl_typesupport_fastrtps_c.cpython-38-x86_64-linux-gnu.so\n'}
[0.426399] (realsense2_camera_msgs) StdoutLine: {'line': b'-- Up-to-date: /home/user/Projects/ros2_ws/install/realsense2_camera_msgs/lib/python3.8/site-packages/realsense2_camera_msgs/realsense2_camera_msgs_s__rosidl_typesupport_introspection_c.cpython-38-x86_64-linux-gnu.so\n'}
[0.427978] (realsense2_camera_msgs) StdoutLine: {'line': b'-- Up-to-date: /home/user/Projects/ros2_ws/install/realsense2_camera_msgs/lib/python3.8/site-packages/realsense2_camera_msgs/realsense2_camera_msgs_s__rosidl_typesupport_c.cpython-38-x86_64-linux-gnu.so\n'}
[0.429324] (realsense2_camera_msgs) StdoutLine: {'line': b'-- Up-to-date: /home/user/Projects/ros2_ws/install/realsense2_camera_msgs/lib/librealsense2_camera_msgs__python.so\n'}
[0.429560] (realsense2_camera_msgs) StdoutLine: {'line': b'-- Up-to-date: /home/user/Projects/ros2_ws/install/realsense2_camera_msgs/share/realsense2_camera_msgs/msg/IMUInfo.idl\n'}
[0.429747] (realsense2_camera_msgs) StdoutLine: {'line': b'-- Up-to-date: /home/user/Projects/ros2_ws/install/realsense2_camera_msgs/share/realsense2_camera_msgs/msg/Extrinsics.idl\n'}
[0.429929] (realsense2_camera_msgs) StdoutLine: {'line': b'-- Up-to-date: /home/user/Projects/ros2_ws/install/realsense2_camera_msgs/share/realsense2_camera_msgs/msg/Metadata.idl\n'}
[0.430015] (realsense2_camera_msgs) StdoutLine: {'line': b'-- Up-to-date: /home/user/Projects/ros2_ws/install/realsense2_camera_msgs/share/realsense2_camera_msgs/srv/DeviceInfo.idl\n'}
[0.430103] (realsense2_camera_msgs) StdoutLine: {'line': b'-- Up-to-date: /home/user/Projects/ros2_ws/install/realsense2_camera_msgs/share/realsense2_camera_msgs/msg/IMUInfo.msg\n'}
[0.430171] (realsense2_camera_msgs) StdoutLine: {'line': b'-- Up-to-date: /home/user/Projects/ros2_ws/install/realsense2_camera_msgs/share/realsense2_camera_msgs/msg/Extrinsics.msg\n'}
[0.430239] (realsense2_camera_msgs) StdoutLine: {'line': b'-- Up-to-date: /home/user/Projects/ros2_ws/install/realsense2_camera_msgs/share/realsense2_camera_msgs/msg/Metadata.msg\n'}
[0.430312] (realsense2_camera_msgs) StdoutLine: {'line': b'-- Up-to-date: /home/user/Projects/ros2_ws/install/realsense2_camera_msgs/share/realsense2_camera_msgs/srv/DeviceInfo.srv\n'}
[0.430405] (realsense2_camera_msgs) StdoutLine: {'line': b'-- Up-to-date: /home/user/Projects/ros2_ws/install/realsense2_camera_msgs/share/realsense2_camera_msgs/srv/DeviceInfo_Request.msg\n'}
[0.430480] (realsense2_camera_msgs) StdoutLine: {'line': b'-- Up-to-date: /home/user/Projects/ros2_ws/install/realsense2_camera_msgs/share/realsense2_camera_msgs/srv/DeviceInfo_Response.msg\n'}
[0.430547] (realsense2_camera_msgs) StdoutLine: {'line': b'-- Up-to-date: /home/user/Projects/ros2_ws/install/realsense2_camera_msgs/share/ament_index/resource_index/package_run_dependencies/realsense2_camera_msgs\n'}
[0.430628] (realsense2_camera_msgs) StdoutLine: {'line': b'-- Up-to-date: /home/user/Projects/ros2_ws/install/realsense2_camera_msgs/share/ament_index/resource_index/parent_prefix_path/realsense2_camera_msgs\n'}
[0.430681] (realsense2_camera_msgs) StdoutLine: {'line': b'-- Up-to-date: /home/user/Projects/ros2_ws/install/realsense2_camera_msgs/share/realsense2_camera_msgs/environment/ament_prefix_path.sh\n'}
[0.430732] (realsense2_camera_msgs) StdoutLine: {'line': b'-- Up-to-date: /home/user/Projects/ros2_ws/install/realsense2_camera_msgs/share/realsense2_camera_msgs/environment/ament_prefix_path.dsv\n'}
[0.430782] (realsense2_camera_msgs) StdoutLine: {'line': b'-- Up-to-date: /home/user/Projects/ros2_ws/install/realsense2_camera_msgs/share/realsense2_camera_msgs/environment/path.sh\n'}
[0.430832] (realsense2_camera_msgs) StdoutLine: {'line': b'-- Up-to-date: /home/user/Projects/ros2_ws/install/realsense2_camera_msgs/share/realsense2_camera_msgs/environment/path.dsv\n'}
[0.430882] (realsense2_camera_msgs) StdoutLine: {'line': b'-- Up-to-date: /home/user/Projects/ros2_ws/install/realsense2_camera_msgs/share/realsense2_camera_msgs/local_setup.bash\n'}
[0.430952] (realsense2_camera_msgs) StdoutLine: {'line': b'-- Up-to-date: /home/user/Projects/ros2_ws/install/realsense2_camera_msgs/share/realsense2_camera_msgs/local_setup.sh\n'}
[0.431011] (realsense2_camera_msgs) StdoutLine: {'line': b'-- Up-to-date: /home/user/Projects/ros2_ws/install/realsense2_camera_msgs/share/realsense2_camera_msgs/local_setup.zsh\n'}
[0.431064] (realsense2_camera_msgs) StdoutLine: {'line': b'-- Up-to-date: /home/user/Projects/ros2_ws/install/realsense2_camera_msgs/share/realsense2_camera_msgs/local_setup.dsv\n'}
[0.431152] (realsense2_camera_msgs) StdoutLine: {'line': b'-- Installing: /home/user/Projects/ros2_ws/install/realsense2_camera_msgs/share/realsense2_camera_msgs/package.dsv\n'}
[0.431206] (realsense2_camera_msgs) StdoutLine: {'line': b'-- Up-to-date: /home/user/Projects/ros2_ws/install/realsense2_camera_msgs/share/ament_index/resource_index/packages/realsense2_camera_msgs\n'}
[0.432172] (realsense2_camera_msgs) StdoutLine: {'line': b'-- Up-to-date: /home/user/Projects/ros2_ws/install/realsense2_camera_msgs/share/realsense2_camera_msgs/cmake/realsense2_camera_msgs__rosidl_generator_cExport.cmake\n'}
[0.432259] (realsense2_camera_msgs) StdoutLine: {'line': b'-- Up-to-date: /home/user/Projects/ros2_ws/install/realsense2_camera_msgs/share/realsense2_camera_msgs/cmake/realsense2_camera_msgs__rosidl_generator_cExport-noconfig.cmake\n'}
[0.432928] (realsense2_camera_msgs) StdoutLine: {'line': b'-- Up-to-date: /home/user/Projects/ros2_ws/install/realsense2_camera_msgs/share/realsense2_camera_msgs/cmake/realsense2_camera_msgs__rosidl_typesupport_introspection_cExport.cmake\n'}
[0.433021] (realsense2_camera_msgs) StdoutLine: {'line': b'-- Up-to-date: /home/user/Projects/ros2_ws/install/realsense2_camera_msgs/share/realsense2_camera_msgs/cmake/realsense2_camera_msgs__rosidl_typesupport_introspection_cExport-noconfig.cmake\n'}
[0.433718] (realsense2_camera_msgs) StdoutLine: {'line': b'-- Up-to-date: /home/user/Projects/ros2_ws/install/realsense2_camera_msgs/share/realsense2_camera_msgs/cmake/realsense2_camera_msgs__rosidl_typesupport_cExport.cmake\n'}
[0.433831] (realsense2_camera_msgs) StdoutLine: {'line': b'-- Up-to-date: /home/user/Projects/ros2_ws/install/realsense2_camera_msgs/share/realsense2_camera_msgs/cmake/realsense2_camera_msgs__rosidl_typesupport_cExport-noconfig.cmake\n'}
[0.434486] (realsense2_camera_msgs) StdoutLine: {'line': b'-- Up-to-date: /home/user/Projects/ros2_ws/install/realsense2_camera_msgs/share/realsense2_camera_msgs/cmake/realsense2_camera_msgs__rosidl_generator_cppExport.cmake\n'}
[0.435186] (realsense2_camera_msgs) StdoutLine: {'line': b'-- Up-to-date: /home/user/Projects/ros2_ws/install/realsense2_camera_msgs/share/realsense2_camera_msgs/cmake/realsense2_camera_msgs__rosidl_typesupport_introspection_cppExport.cmake\n'}
[0.435343] (realsense2_camera_msgs) StdoutLine: {'line': b'-- Up-to-date: /home/user/Projects/ros2_ws/install/realsense2_camera_msgs/share/realsense2_camera_msgs/cmake/realsense2_camera_msgs__rosidl_typesupport_introspection_cppExport-noconfig.cmake\n'}
[0.435944] (realsense2_camera_msgs) StdoutLine: {'line': b'-- Up-to-date: /home/user/Projects/ros2_ws/install/realsense2_camera_msgs/share/realsense2_camera_msgs/cmake/realsense2_camera_msgs__rosidl_typesupport_cppExport.cmake\n'}
[0.436191] (realsense2_camera_msgs) StdoutLine: {'line': b'-- Up-to-date: /home/user/Projects/ros2_ws/install/realsense2_camera_msgs/share/realsense2_camera_msgs/cmake/realsense2_camera_msgs__rosidl_typesupport_cppExport-noconfig.cmake\n'}
[0.436298] (realsense2_camera_msgs) StdoutLine: {'line': b'-- Up-to-date: /home/user/Projects/ros2_ws/install/realsense2_camera_msgs/share/realsense2_camera_msgs/cmake/rosidl_cmake-extras.cmake\n'}
[0.436387] (realsense2_camera_msgs) StdoutLine: {'line': b'-- Up-to-date: /home/user/Projects/ros2_ws/install/realsense2_camera_msgs/share/realsense2_camera_msgs/cmake/ament_cmake_export_dependencies-extras.cmake\n'}
[0.436461] (realsense2_camera_msgs) StdoutLine: {'line': b'-- Up-to-date: /home/user/Projects/ros2_ws/install/realsense2_camera_msgs/share/realsense2_camera_msgs/cmake/ament_cmake_export_libraries-extras.cmake\n'}
[0.436554] (realsense2_camera_msgs) StdoutLine: {'line': b'-- Up-to-date: /home/user/Projects/ros2_ws/install/realsense2_camera_msgs/share/realsense2_camera_msgs/cmake/ament_cmake_export_targets-extras.cmake\n'}
[0.436606] (realsense2_camera_msgs) StdoutLine: {'line': b'-- Up-to-date: /home/user/Projects/ros2_ws/install/realsense2_camera_msgs/share/realsense2_camera_msgs/cmake/ament_cmake_export_include_directories-extras.cmake\n'}
[0.436658] (realsense2_camera_msgs) StdoutLine: {'line': b'-- Up-to-date: /home/user/Projects/ros2_ws/install/realsense2_camera_msgs/share/realsense2_camera_msgs/cmake/rosidl_cmake_export_typesupport_libraries-extras.cmake\n'}
[0.436710] (realsense2_camera_msgs) StdoutLine: {'line': b'-- Up-to-date: /home/user/Projects/ros2_ws/install/realsense2_camera_msgs/share/realsense2_camera_msgs/cmake/rosidl_cmake_export_typesupport_targets-extras.cmake\n'}
[0.436762] (realsense2_camera_msgs) StdoutLine: {'line': b'-- Up-to-date: /home/user/Projects/ros2_ws/install/realsense2_camera_msgs/share/realsense2_camera_msgs/cmake/realsense2_camera_msgsConfig.cmake\n'}
[0.436819] (realsense2_camera_msgs) StdoutLine: {'line': b'-- Up-to-date: /home/user/Projects/ros2_ws/install/realsense2_camera_msgs/share/realsense2_camera_msgs/cmake/realsense2_camera_msgsConfig-version.cmake\n'}
[0.436870] (realsense2_camera_msgs) StdoutLine: {'line': b'-- Up-to-date: /home/user/Projects/ros2_ws/install/realsense2_camera_msgs/share/realsense2_camera_msgs/package.xml\n'}
[0.438741] (realsense2_camera_msgs) CommandEnded: {'returncode': 0}
[0.500496] (-) TimerEvent: {}
[0.547048] (realsense2_camera_msgs) JobEnded: {'identifier': 'realsense2_camera_msgs', 'rc': 0}
[0.547570] (realsense2_camera) JobStarted: {'identifier': 'realsense2_camera'}
[0.551734] (realsense2_description) JobStarted: {'identifier': 'realsense2_description'}
[0.558826] (realsense2_camera) JobProgress: {'identifier': 'realsense2_camera', 'progress': 'cmake'}
[0.561128] (realsense2_camera) JobProgress: {'identifier': 'realsense2_camera', 'progress': 'build'}
[0.561344] (realsense2_camera) Command: {'cmd': ['/usr/bin/cmake', '--build', '/home/user/Projects/ros2_ws/build/realsense2_camera', '--', '-j12', '-l12'], 'cwd': '/home/user/Projects/ros2_ws/build/realsense2_camera', 'env': OrderedDict([('HOSTNAME', 'GS65-Ubuntu'), ('SHLVL', '1'), ('LD_LIBRARY_PATH', '/home/user/Projects/ros2_ws/install/realsense2_camera_msgs/lib:/home/user/Projects/ros2_ws/install/realsense2_camera/lib:/opt/ros/foxy/opt/yaml_cpp_vendor/lib:/opt/ros/foxy/opt/rviz_ogre_vendor/lib:/opt/ros/foxy/lib/x86_64-linux-gnu:/opt/ros/foxy/lib'), ('HOME', '/home/user'), ('OLDPWD', '/home/user'), ('PYTHONUNBUFFERED', '1'), ('ROS_PYTHON_VERSION', '3'), ('_colcon_cd_root', '/home/user/Projects/dev_ws'), ('COLCON_PREFIX_PATH', '/home/user/Projects/ros2_ws/install'), ('ROS_DISTRO', 'foxy'), ('PROXIMITY', '1'), ('_', '/usr/bin/colcon'), ('ROS_VERSION', '2'), ('NVIDIA_DRIVER_CAPABILITIES', 'graphics'), ('TERM', 'xterm'), ('ROS_LOCALHOST_ONLY', '0'), ('QT_X11_NO_MITSHM', '1'), ('PATH', '/home/user/.local/bin:/opt/ros/foxy/bin:/home/user/bin:/usr/local/sbin:/usr/local/bin:/usr/sbin:/usr/bin:/sbin:/bin'), ('DISPLAY', ':1'), ('LANG', 'C.UTF-8'), ('LS_COLORS', ':di=1;33:ln=36'), ('AMENT_PREFIX_PATH', '/home/user/Projects/ros2_ws/install/realsense2_description:/home/user/Projects/ros2_ws/install/realsense2_camera:/home/user/Projects/ros2_ws/install/realsense2_camera_msgs:/home/user/Projects/ros2_ws/install/object_avoidance:/opt/ros/foxy'), ('DEFAULT_THROTTLE', '30'), ('AVOIDANCE_DISTANCE', '5'), ('PWD', '/home/user/Projects/ros2_ws/build/realsense2_camera'), ('END_NODE_ID', '140'), ('LC_ALL', 'C.UTF-8'), ('PYTHONPATH', '/home/user/Projects/ros2_ws/install/realsense2_camera_msgs/lib/python3.8/site-packages:/home/user/Projects/ros2_ws/install/object_avoidance/lib/python3.8/site-packages:/opt/ros/foxy/lib/python3.8/site-packages'), ('NVIDIA_VISIBLE_DEVICES', 'all'), ('COLCON', '1'), ('CMAKE_PREFIX_PATH', '/home/user/Projects/ros2_ws/install/realsense2_camera_msgs:/home/user/Projects/ros2_ws/install/realsense2_description:/home/user/Projects/ros2_ws/install/realsense2_camera:/home/user/Projects/ros2_ws/install/object_avoidance:/opt/ros/foxy'), ('AVOIDANCE_ANGLE', '20')]), 'shell': False}
[0.563571] (realsense2_description) JobProgress: {'identifier': 'realsense2_description', 'progress': 'cmake'}
[0.564518] (realsense2_description) JobProgress: {'identifier': 'realsense2_description', 'progress': 'build'}
[0.564753] (realsense2_description) Command: {'cmd': ['/usr/bin/cmake', '--build', '/home/user/Projects/ros2_ws/build/realsense2_description', '--', '-j12', '-l12'], 'cwd': '/home/user/Projects/ros2_ws/build/realsense2_description', 'env': OrderedDict([('HOSTNAME', 'GS65-Ubuntu'), ('SHLVL', '1'), ('LD_LIBRARY_PATH', '/home/user/Projects/ros2_ws/install/realsense2_camera_msgs/lib:/home/user/Projects/ros2_ws/install/realsense2_camera/lib:/opt/ros/foxy/opt/yaml_cpp_vendor/lib:/opt/ros/foxy/opt/rviz_ogre_vendor/lib:/opt/ros/foxy/lib/x86_64-linux-gnu:/opt/ros/foxy/lib'), ('HOME', '/home/user'), ('OLDPWD', '/home/user'), ('PYTHONUNBUFFERED', '1'), ('ROS_PYTHON_VERSION', '3'), ('_colcon_cd_root', '/home/user/Projects/dev_ws'), ('COLCON_PREFIX_PATH', '/home/user/Projects/ros2_ws/install'), ('ROS_DISTRO', 'foxy'), ('PROXIMITY', '1'), ('_', '/usr/bin/colcon'), ('ROS_VERSION', '2'), ('NVIDIA_DRIVER_CAPABILITIES', 'graphics'), ('TERM', 'xterm'), ('ROS_LOCALHOST_ONLY', '0'), ('QT_X11_NO_MITSHM', '1'), ('PATH', '/home/user/.local/bin:/opt/ros/foxy/bin:/home/user/bin:/usr/local/sbin:/usr/local/bin:/usr/sbin:/usr/bin:/sbin:/bin'), ('DISPLAY', ':1'), ('LANG', 'C.UTF-8'), ('LS_COLORS', ':di=1;33:ln=36'), ('AMENT_PREFIX_PATH', '/home/user/Projects/ros2_ws/install/realsense2_description:/home/user/Projects/ros2_ws/install/realsense2_camera:/home/user/Projects/ros2_ws/install/realsense2_camera_msgs:/home/user/Projects/ros2_ws/install/object_avoidance:/opt/ros/foxy'), ('DEFAULT_THROTTLE', '30'), ('AVOIDANCE_DISTANCE', '5'), ('PWD', '/home/user/Projects/ros2_ws/build/realsense2_description'), ('END_NODE_ID', '140'), ('LC_ALL', 'C.UTF-8'), ('PYTHONPATH', '/home/user/Projects/ros2_ws/install/realsense2_camera_msgs/lib/python3.8/site-packages:/home/user/Projects/ros2_ws/install/object_avoidance/lib/python3.8/site-packages:/opt/ros/foxy/lib/python3.8/site-packages'), ('NVIDIA_VISIBLE_DEVICES', 'all'), ('COLCON', '1'), ('CMAKE_PREFIX_PATH', '/home/user/Projects/ros2_ws/install/realsense2_camera_msgs:/home/user/Projects/ros2_ws/install/realsense2_description:/home/user/Projects/ros2_ws/install/realsense2_camera:/home/user/Projects/ros2_ws/install/object_avoidance:/opt/ros/foxy'), ('AVOIDANCE_ANGLE', '20')]), 'shell': False}
[0.579723] (object_avoidance) Command: {'cmd': ['/usr/bin/python3', 'setup.py', 'egg_info', '--egg-base', '../../build/object_avoidance', 'build', '--build-base', '/home/user/Projects/ros2_ws/build/object_avoidance/build', 'install', '--prefix', '/home/user/Projects/ros2_ws/install/object_avoidance', '--record', '/home/user/Projects/ros2_ws/build/object_avoidance/install.log', '--single-version-externally-managed'], 'cwd': '/home/user/Projects/ros2_ws/src/object_avoidance', 'env': {'HOSTNAME': 'GS65-Ubuntu', 'SHLVL': '1', 'LD_LIBRARY_PATH': '/home/user/Projects/ros2_ws/install/realsense2_camera/lib:/home/user/Projects/ros2_ws/install/realsense2_camera_msgs/lib:/opt/ros/foxy/opt/yaml_cpp_vendor/lib:/opt/ros/foxy/opt/rviz_ogre_vendor/lib:/opt/ros/foxy/lib/x86_64-linux-gnu:/opt/ros/foxy/lib', 'HOME': '/home/user', 'OLDPWD': '/home/user', 'PYTHONUNBUFFERED': '1', 'ROS_PYTHON_VERSION': '3', '_colcon_cd_root': '/home/user/Projects/dev_ws', 'COLCON_PREFIX_PATH': '/home/user/Projects/ros2_ws/install', 'ROS_DISTRO': 'foxy', 'PROXIMITY': '1', '_': '/usr/bin/colcon', 'ROS_VERSION': '2', 'NVIDIA_DRIVER_CAPABILITIES': 'graphics', 'TERM': 'xterm', 'ROS_LOCALHOST_ONLY': '0', 'QT_X11_NO_MITSHM': '1', 'PATH': '/home/user/.local/bin:/opt/ros/foxy/bin:/home/user/bin:/usr/local/sbin:/usr/local/bin:/usr/sbin:/usr/bin:/sbin:/bin', 'DISPLAY': ':1', 'LANG': 'C.UTF-8', 'LS_COLORS': ':di=1;33:ln=36', 'AMENT_PREFIX_PATH': '/home/user/Projects/ros2_ws/install/realsense2_description:/home/user/Projects/ros2_ws/install/realsense2_camera:/home/user/Projects/ros2_ws/install/realsense2_camera_msgs:/home/user/Projects/ros2_ws/install/object_avoidance:/opt/ros/foxy', 'DEFAULT_THROTTLE': '30', 'AVOIDANCE_DISTANCE': '5', 'PWD': '/home/user/Projects/ros2_ws/build/object_avoidance', 'END_NODE_ID': '140', 'LC_ALL': 'C.UTF-8', 'PYTHONPATH': '/home/user/Projects/ros2_ws/install/object_avoidance/lib/python3.8/site-packages:/home/user/Projects/ros2_ws/install/realsense2_camera_msgs/lib/python3.8/site-packages:/home/user/Projects/ros2_ws/install/object_avoidance/lib/python3.8/site-packages:/opt/ros/foxy/lib/python3.8/site-packages', 'NVIDIA_VISIBLE_DEVICES': 'all', 'COLCON': '1', 'CMAKE_PREFIX_PATH': '/home/user/Projects/ros2_ws/install/realsense2_description:/home/user/Projects/ros2_ws/install/realsense2_camera:/home/user/Projects/ros2_ws/install/realsense2_camera_msgs', 'AVOIDANCE_ANGLE': '20'}, 'shell': False}
[0.600592] (-) TimerEvent: {}
[0.605023] (realsense2_description) CommandEnded: {'returncode': 0}
[0.624773] (realsense2_description) JobProgress: {'identifier': 'realsense2_description', 'progress': 'install'}
[0.624960] (realsense2_description) Command: {'cmd': ['/usr/bin/cmake', '--install', '/home/user/Projects/ros2_ws/build/realsense2_description'], 'cwd': '/home/user/Projects/ros2_ws/build/realsense2_description', 'env': OrderedDict([('HOSTNAME', 'GS65-Ubuntu'), ('SHLVL', '1'), ('LD_LIBRARY_PATH', '/home/user/Projects/ros2_ws/install/realsense2_camera_msgs/lib:/home/user/Projects/ros2_ws/install/realsense2_camera/lib:/opt/ros/foxy/opt/yaml_cpp_vendor/lib:/opt/ros/foxy/opt/rviz_ogre_vendor/lib:/opt/ros/foxy/lib/x86_64-linux-gnu:/opt/ros/foxy/lib'), ('HOME', '/home/user'), ('OLDPWD', '/home/user'), ('PYTHONUNBUFFERED', '1'), ('ROS_PYTHON_VERSION', '3'), ('_colcon_cd_root', '/home/user/Projects/dev_ws'), ('COLCON_PREFIX_PATH', '/home/user/Projects/ros2_ws/install'), ('ROS_DISTRO', 'foxy'), ('PROXIMITY', '1'), ('_', '/usr/bin/colcon'), ('ROS_VERSION', '2'), ('NVIDIA_DRIVER_CAPABILITIES', 'graphics'), ('TERM', 'xterm'), ('ROS_LOCALHOST_ONLY', '0'), ('QT_X11_NO_MITSHM', '1'), ('PATH', '/home/user/.local/bin:/opt/ros/foxy/bin:/home/user/bin:/usr/local/sbin:/usr/local/bin:/usr/sbin:/usr/bin:/sbin:/bin'), ('DISPLAY', ':1'), ('LANG', 'C.UTF-8'), ('LS_COLORS', ':di=1;33:ln=36'), ('AMENT_PREFIX_PATH', '/home/user/Projects/ros2_ws/install/realsense2_description:/home/user/Projects/ros2_ws/install/realsense2_camera:/home/user/Projects/ros2_ws/install/realsense2_camera_msgs:/home/user/Projects/ros2_ws/install/object_avoidance:/opt/ros/foxy'), ('DEFAULT_THROTTLE', '30'), ('AVOIDANCE_DISTANCE', '5'), ('PWD', '/home/user/Projects/ros2_ws/build/realsense2_description'), ('END_NODE_ID', '140'), ('LC_ALL', 'C.UTF-8'), ('PYTHONPATH', '/home/user/Projects/ros2_ws/install/realsense2_camera_msgs/lib/python3.8/site-packages:/home/user/Projects/ros2_ws/install/object_avoidance/lib/python3.8/site-packages:/opt/ros/foxy/lib/python3.8/site-packages'), ('NVIDIA_VISIBLE_DEVICES', 'all'), ('COLCON', '1'), ('CMAKE_PREFIX_PATH', '/home/user/Projects/ros2_ws/install/realsense2_camera_msgs:/home/user/Projects/ros2_ws/install/realsense2_description:/home/user/Projects/ros2_ws/install/realsense2_camera:/home/user/Projects/ros2_ws/install/object_avoidance:/opt/ros/foxy'), ('AVOIDANCE_ANGLE', '20')]), 'shell': False}
[0.632671] (realsense2_description) StdoutLine: {'line': b'-- Install configuration: ""\n'}
[0.633006] (realsense2_description) StdoutLine: {'line': b'-- Up-to-date: /home/user/Projects/ros2_ws/install/realsense2_description/share/realsense2_description/launch\n'}
[0.633208] (realsense2_description) StdoutLine: {'line': b'-- Up-to-date: /home/user/Projects/ros2_ws/install/realsense2_description/share/realsense2_description/launch/view_model.launch.py\n'}
[0.633405] (realsense2_description) StdoutLine: {'line': b'-- Up-to-date: /home/user/Projects/ros2_ws/install/realsense2_description/share/realsense2_description/launch/launch_utils.py\n'}
[0.633529] (realsense2_description) StdoutLine: {'line': b'-- Up-to-date: /home/user/Projects/ros2_ws/install/realsense2_description/share/realsense2_description/meshes\n'}
[0.633610] (realsense2_description) StdoutLine: {'line': b'-- Up-to-date: /home/user/Projects/ros2_ws/install/realsense2_description/share/realsense2_description/meshes/d455.stl\n'}
[0.633669] (realsense2_description) StdoutLine: {'line': b'-- Up-to-date: /home/user/Projects/ros2_ws/install/realsense2_description/share/realsense2_description/meshes/plug.stl\n'}
[0.633788] (realsense2_description) StdoutLine: {'line': b'-- Up-to-date: /home/user/Projects/ros2_ws/install/realsense2_description/share/realsense2_description/meshes/d415.stl\n'}
[0.633871] (realsense2_description) StdoutLine: {'line': b'-- Up-to-date: /home/user/Projects/ros2_ws/install/realsense2_description/share/realsense2_description/meshes/l515.dae\n'}
[0.633978] (realsense2_description) StdoutLine: {'line': b'-- Up-to-date: /home/user/Projects/ros2_ws/install/realsense2_description/share/realsense2_description/meshes/d435.dae\n'}
[0.634062] (realsense2_description) StdoutLine: {'line': b'-- Up-to-date: /home/user/Projects/ros2_ws/install/realsense2_description/share/realsense2_description/meshes/plug_collision.stl\n'}
[0.634117] (realsense2_description) StdoutLine: {'line': b'-- Up-to-date: /home/user/Projects/ros2_ws/install/realsense2_description/share/realsense2_description/rviz\n'}
[0.634178] (realsense2_description) StdoutLine: {'line': b'-- Up-to-date: /home/user/Projects/ros2_ws/install/realsense2_description/share/realsense2_description/rviz/urdf.rviz\n'}
[0.634270] (realsense2_description) StdoutLine: {'line': b'-- Up-to-date: /home/user/Projects/ros2_ws/install/realsense2_description/share/realsense2_description/urdf\n'}
[0.634359] (realsense2_description) StdoutLine: {'line': b'-- Up-to-date: /home/user/Projects/ros2_ws/install/realsense2_description/share/realsense2_description/urdf/_d435i_imu_modules.urdf.xacro\n'}
[0.634474] (realsense2_description) StdoutLine: {'line': b'-- Up-to-date: /home/user/Projects/ros2_ws/install/realsense2_description/share/realsense2_description/urdf/_r430.urdf.xacro\n'}
[0.634622] (realsense2_description) StdoutLine: {'line': b'-- Up-to-date: /home/user/Projects/ros2_ws/install/realsense2_description/share/realsense2_description/urdf/_r410.urdf.xacro\n'}
[0.634722] (realsense2_description) StdoutLine: {'line': b'-- Up-to-date: /home/user/Projects/ros2_ws/install/realsense2_description/share/realsense2_description/urdf/_d455.urdf.xacro\n'}
[0.634813] (realsense2_description) StdoutLine: {'line': b'-- Up-to-date: /home/user/Projects/ros2_ws/install/realsense2_description/share/realsense2_description/urdf/test_d455_camera.urdf.xacro\n'}
[0.634901] (realsense2_description) StdoutLine: {'line': b'-- Up-to-date: /home/user/Projects/ros2_ws/install/realsense2_description/share/realsense2_description/urdf/test_d435_multiple_cameras.urdf.xacro\n'}
[0.634987] (realsense2_description) StdoutLine: {'line': b'-- Up-to-date: /home/user/Projects/ros2_ws/install/realsense2_description/share/realsense2_description/urdf/_d435i.urdf.xacro\n'}
[0.635073] (realsense2_description) StdoutLine: {'line': b'-- Up-to-date: /home/user/Projects/ros2_ws/install/realsense2_description/share/realsense2_description/urdf/test_d415_camera.urdf.xacro\n'}
[0.635160] (realsense2_description) StdoutLine: {'line': b'-- Up-to-date: /home/user/Projects/ros2_ws/install/realsense2_description/share/realsense2_description/urdf/_d415.urdf.xacro\n'}
[0.635246] (realsense2_description) StdoutLine: {'line': b'-- Up-to-date: /home/user/Projects/ros2_ws/install/realsense2_description/share/realsense2_description/urdf/test_d435_camera.urdf.xacro\n'}
[0.635311] (realsense2_description) StdoutLine: {'line': b'-- Up-to-date: /home/user/Projects/ros2_ws/install/realsense2_description/share/realsense2_description/urdf/_usb_plug.urdf.xacro\n'}
[0.635365] (realsense2_description) StdoutLine: {'line': b'-- Up-to-date: /home/user/Projects/ros2_ws/install/realsense2_description/share/realsense2_description/urdf/test_d435i_camera.urdf.xacro\n'}
[0.635425] (realsense2_description) StdoutLine: {'line': b'-- Up-to-date: /home/user/Projects/ros2_ws/install/realsense2_description/share/realsense2_description/urdf/test_l515_camera.urdf.xacro\n'}
[0.635496] (realsense2_description) StdoutLine: {'line': b'-- Up-to-date: /home/user/Projects/ros2_ws/install/realsense2_description/share/realsense2_description/urdf/test_r430_camera.urdf.xacro\n'}
[0.635551] (realsense2_description) StdoutLine: {'line': b'-- Up-to-date: /home/user/Projects/ros2_ws/install/realsense2_description/share/realsense2_description/urdf/_l515.urdf.xacro\n'}
[0.635616] (realsense2_description) StdoutLine: {'line': b'-- Up-to-date: /home/user/Projects/ros2_ws/install/realsense2_description/share/realsense2_description/urdf/test_r410_camera.urdf.xacro\n'}
[0.635713] (realsense2_description) StdoutLine: {'line': b'-- Up-to-date: /home/user/Projects/ros2_ws/install/realsense2_description/share/realsense2_description/urdf/_d435.urdf.xacro\n'}
[0.635815] (realsense2_description) StdoutLine: {'line': b'-- Up-to-date: /home/user/Projects/ros2_ws/install/realsense2_description/share/realsense2_description/urdf/_materials.urdf.xacro\n'}
[0.635874] (realsense2_description) StdoutLine: {'line': b'-- Up-to-date: /home/user/Projects/ros2_ws/install/realsense2_description/share/ament_index/resource_index/package_run_dependencies/realsense2_description\n'}
[0.635987] (realsense2_description) StdoutLine: {'line': b'-- Up-to-date: /home/user/Projects/ros2_ws/install/realsense2_description/share/ament_index/resource_index/parent_prefix_path/realsense2_description\n'}
[0.636215] (realsense2_description) StdoutLine: {'line': b'-- Up-to-date: /home/user/Projects/ros2_ws/install/realsense2_description/share/realsense2_description/environment/ament_prefix_path.sh\n'}
[0.636472] (realsense2_description) StdoutLine: {'line': b'-- Up-to-date: /home/user/Projects/ros2_ws/install/realsense2_description/share/realsense2_description/environment/ament_prefix_path.dsv\n'}
[0.637868] (realsense2_description) StdoutLine: {'line': b'-- Up-to-date: /home/user/Projects/ros2_ws/install/realsense2_description/share/realsense2_description/environment/path.sh\n'}
[0.638019] (realsense2_description) StdoutLine: {'line': b'-- Up-to-date: /home/user/Projects/ros2_ws/install/realsense2_description/share/realsense2_description/environment/path.dsv\n'}
[0.638153] (realsense2_description) StdoutLine: {'line': b'-- Up-to-date: /home/user/Projects/ros2_ws/install/realsense2_description/share/realsense2_description/local_setup.bash\n'}
[0.638252] (realsense2_description) StdoutLine: {'line': b'-- Up-to-date: /home/user/Projects/ros2_ws/install/realsense2_description/share/realsense2_description/local_setup.sh\n'}
[0.638391] (realsense2_description) StdoutLine: {'line': b'-- Up-to-date: /home/user/Projects/ros2_ws/install/realsense2_description/share/realsense2_description/local_setup.zsh\n'}
[0.638512] (realsense2_description) StdoutLine: {'line': b'-- Up-to-date: /home/user/Projects/ros2_ws/install/realsense2_description/share/realsense2_description/local_setup.dsv\n'}
[0.638618] (realsense2_description) StdoutLine: {'line': b'-- Installing: /home/user/Projects/ros2_ws/install/realsense2_description/share/realsense2_description/package.dsv\n'}
[0.638726] (realsense2_description) StdoutLine: {'line': b'-- Up-to-date: /home/user/Projects/ros2_ws/install/realsense2_description/share/ament_index/resource_index/packages/realsense2_description\n'}
[0.638847] (realsense2_description) StdoutLine: {'line': b'-- Up-to-date: /home/user/Projects/ros2_ws/install/realsense2_description/share/realsense2_description/cmake/realsense2_descriptionConfig.cmake\n'}
[0.638957] (realsense2_description) StdoutLine: {'line': b'-- Up-to-date: /home/user/Projects/ros2_ws/install/realsense2_description/share/realsense2_description/cmake/realsense2_descriptionConfig-version.cmake\n'}
[0.639076] (realsense2_description) StdoutLine: {'line': b'-- Up-to-date: /home/user/Projects/ros2_ws/install/realsense2_description/share/realsense2_description/package.xml\n'}
[0.639263] (realsense2_description) CommandEnded: {'returncode': 0}
[0.639699] (realsense2_camera) StdoutLine: {'line': b'[ 12%] Built target realsense2_camera_node\n'}
[0.668441] (realsense2_description) JobEnded: {'identifier': 'realsense2_description', 'rc': 0}
[0.679608] (realsense2_camera) StdoutLine: {'line': b'[100%] Built target realsense2_camera\n'}
[0.689118] (realsense2_camera) CommandEnded: {'returncode': 0}
[0.700733] (-) TimerEvent: {}
[0.729933] (realsense2_camera) JobProgress: {'identifier': 'realsense2_camera', 'progress': 'install'}
[0.731159] (realsense2_camera) Command: {'cmd': ['/usr/bin/cmake', '--install', '/home/user/Projects/ros2_ws/build/realsense2_camera'], 'cwd': '/home/user/Projects/ros2_ws/build/realsense2_camera', 'env': OrderedDict([('HOSTNAME', 'GS65-Ubuntu'), ('SHLVL', '1'), ('LD_LIBRARY_PATH', '/home/user/Projects/ros2_ws/install/realsense2_camera_msgs/lib:/home/user/Projects/ros2_ws/install/realsense2_camera/lib:/opt/ros/foxy/opt/yaml_cpp_vendor/lib:/opt/ros/foxy/opt/rviz_ogre_vendor/lib:/opt/ros/foxy/lib/x86_64-linux-gnu:/opt/ros/foxy/lib'), ('HOME', '/home/user'), ('OLDPWD', '/home/user'), ('PYTHONUNBUFFERED', '1'), ('ROS_PYTHON_VERSION', '3'), ('_colcon_cd_root', '/home/user/Projects/dev_ws'), ('COLCON_PREFIX_PATH', '/home/user/Projects/ros2_ws/install'), ('ROS_DISTRO', 'foxy'), ('PROXIMITY', '1'), ('_', '/usr/bin/colcon'), ('ROS_VERSION', '2'), ('NVIDIA_DRIVER_CAPABILITIES', 'graphics'), ('TERM', 'xterm'), ('ROS_LOCALHOST_ONLY', '0'), ('QT_X11_NO_MITSHM', '1'), ('PATH', '/home/user/.local/bin:/opt/ros/foxy/bin:/home/user/bin:/usr/local/sbin:/usr/local/bin:/usr/sbin:/usr/bin:/sbin:/bin'), ('DISPLAY', ':1'), ('LANG', 'C.UTF-8'), ('LS_COLORS', ':di=1;33:ln=36'), ('AMENT_PREFIX_PATH', '/home/user/Projects/ros2_ws/install/realsense2_description:/home/user/Projects/ros2_ws/install/realsense2_camera:/home/user/Projects/ros2_ws/install/realsense2_camera_msgs:/home/user/Projects/ros2_ws/install/object_avoidance:/opt/ros/foxy'), ('DEFAULT_THROTTLE', '30'), ('AVOIDANCE_DISTANCE', '5'), ('PWD', '/home/user/Projects/ros2_ws/build/realsense2_camera'), ('END_NODE_ID', '140'), ('LC_ALL', 'C.UTF-8'), ('PYTHONPATH', '/home/user/Projects/ros2_ws/install/realsense2_camera_msgs/lib/python3.8/site-packages:/home/user/Projects/ros2_ws/install/object_avoidance/lib/python3.8/site-packages:/opt/ros/foxy/lib/python3.8/site-packages'), ('NVIDIA_VISIBLE_DEVICES', 'all'), ('COLCON', '1'), ('CMAKE_PREFIX_PATH', '/home/user/Projects/ros2_ws/install/realsense2_camera_msgs:/home/user/Projects/ros2_ws/install/realsense2_description:/home/user/Projects/ros2_ws/install/realsense2_camera:/home/user/Projects/ros2_ws/install/object_avoidance:/opt/ros/foxy'), ('AVOIDANCE_ANGLE', '20')]), 'shell': False}
[0.739166] (realsense2_camera) StdoutLine: {'line': b'-- Install configuration: "Release"\n'}
[0.739388] (realsense2_camera) StdoutLine: {'line': b'-- Up-to-date: /home/user/Projects/ros2_ws/install/realsense2_camera/lib/realsense2_camera/realsense2_camera_node\n'}
[0.740047] (realsense2_camera) StdoutLine: {'line': b'-- Up-to-date: /home/user/Projects/ros2_ws/install/realsense2_camera/lib/librealsense2_camera.so\n'}
[0.740270] (realsense2_camera) StdoutLine: {'line': b'-- Up-to-date: /home/user/Projects/ros2_ws/install/realsense2_camera/include\n'}
[0.740450] (realsense2_camera) StdoutLine: {'line': b'-- Up-to-date: /home/user/Projects/ros2_ws/install/realsense2_camera/include/ros_utils.h\n'}
[0.740518] (realsense2_camera) StdoutLine: {'line': b'-- Up-to-date: /home/user/Projects/ros2_ws/install/realsense2_camera/include/ros_param_backend.h\n'}
[0.740578] (realsense2_camera) StdoutLine: {'line': b'-- Up-to-date: /home/user/Projects/ros2_ws/install/realsense2_camera/include/realsense_node_factory.h\n'}
[0.740635] (realsense2_camera) StdoutLine: {'line': b'-- Up-to-date: /home/user/Projects/ros2_ws/install/realsense2_camera/include/base_realsense_node.h\n'}
[0.740816] (realsense2_camera) StdoutLine: {'line': b'-- Up-to-date: /home/user/Projects/ros2_ws/install/realsense2_camera/include/profile_manager.h\n'}
[0.740919] (realsense2_camera) StdoutLine: {'line': b'-- Up-to-date: /home/user/Projects/ros2_ws/install/realsense2_camera/include/constants.h\n'}
[0.740995] (realsense2_camera) StdoutLine: {'line': b'-- Up-to-date: /home/user/Projects/ros2_ws/install/realsense2_camera/include/sensor_params.h\n'}
[0.741080] (realsense2_camera) StdoutLine: {'line': b'-- Up-to-date: /home/user/Projects/ros2_ws/install/realsense2_camera/include/named_filter.h\n'}
[0.741161] (realsense2_camera) StdoutLine: {'line': b'-- Up-to-date: /home/user/Projects/ros2_ws/install/realsense2_camera/include/t265_realsense_node.h\n'}
[0.741229] (realsense2_camera) StdoutLine: {'line': b'-- Up-to-date: /home/user/Projects/ros2_ws/install/realsense2_camera/include/ros_sensor.h\n'}
[0.741296] (realsense2_camera) StdoutLine: {'line': b'-- Up-to-date: /home/user/Projects/ros2_ws/install/realsense2_camera/include/image_publisher.h\n'}
[0.741349] (realsense2_camera) StdoutLine: {'line': b'-- Up-to-date: /home/user/Projects/ros2_ws/install/realsense2_camera/include/dynamic_params.h\n'}
[0.741425] (realsense2_camera) StdoutLine: {'line': b'-- Up-to-date: /home/user/Projects/ros2_ws/install/realsense2_camera/share/realsense2_camera/launch\n'}
[0.741480] (realsense2_camera) StdoutLine: {'line': b'-- Up-to-date: /home/user/Projects/ros2_ws/install/realsense2_camera/share/realsense2_camera/launch/rs_intra_process_demo_launch.py\n'}
[0.741534] (realsense2_camera) StdoutLine: {'line': b'-- Up-to-date: /home/user/Projects/ros2_ws/install/realsense2_camera/share/realsense2_camera/launch/rs_multi_camera_launch.py\n'}
[0.741591] (realsense2_camera) StdoutLine: {'line': b'-- Up-to-date: /home/user/Projects/ros2_ws/install/realsense2_camera/share/realsense2_camera/launch/rs_d400_and_t265_launch.py\n'}
[0.741661] (realsense2_camera) StdoutLine: {'line': b'-- Up-to-date: /home/user/Projects/ros2_ws/install/realsense2_camera/share/realsense2_camera/launch/rs_launch.py\n'}
[0.741731] (realsense2_camera) StdoutLine: {'line': b'-- Up-to-date: /home/user/Projects/ros2_ws/install/realsense2_camera/share/realsense2_camera/launch/default.rviz\n'}
[0.741793] (realsense2_camera) StdoutLine: {'line': b'-- Up-to-date: /home/user/Projects/ros2_ws/install/realsense2_camera/share/realsense2_camera/environment/library_path.sh\n'}
[0.741904] (realsense2_camera) StdoutLine: {'line': b'-- Up-to-date: /home/user/Projects/ros2_ws/install/realsense2_camera/share/realsense2_camera/environment/library_path.dsv\n'}
[0.742002] (realsense2_camera) StdoutLine: {'line': b'-- Up-to-date: /home/user/Projects/ros2_ws/install/realsense2_camera/share/ament_index/resource_index/package_run_dependencies/realsense2_camera\n'}
[0.742057] (realsense2_camera) StdoutLine: {'line': b'-- Up-to-date: /home/user/Projects/ros2_ws/install/realsense2_camera/share/ament_index/resource_index/parent_prefix_path/realsense2_camera\n'}
[0.742110] (realsense2_camera) StdoutLine: {'line': b'-- Up-to-date: /home/user/Projects/ros2_ws/install/realsense2_camera/share/realsense2_camera/environment/ament_prefix_path.sh\n'}
[0.742163] (realsense2_camera) StdoutLine: {'line': b'-- Up-to-date: /home/user/Projects/ros2_ws/install/realsense2_camera/share/realsense2_camera/environment/ament_prefix_path.dsv\n'}
[0.742215] (realsense2_camera) StdoutLine: {'line': b'-- Up-to-date: /home/user/Projects/ros2_ws/install/realsense2_camera/share/realsense2_camera/environment/path.sh\n'}
[0.742266] (realsense2_camera) StdoutLine: {'line': b'-- Up-to-date: /home/user/Projects/ros2_ws/install/realsense2_camera/share/realsense2_camera/environment/path.dsv\n'}
[0.742318] (realsense2_camera) StdoutLine: {'line': b'-- Up-to-date: /home/user/Projects/ros2_ws/install/realsense2_camera/share/realsense2_camera/local_setup.bash\n'}
[0.742369] (realsense2_camera) StdoutLine: {'line': b'-- Up-to-date: /home/user/Projects/ros2_ws/install/realsense2_camera/share/realsense2_camera/local_setup.sh\n'}
[0.742421] (realsense2_camera) StdoutLine: {'line': b'-- Up-to-date: /home/user/Projects/ros2_ws/install/realsense2_camera/share/realsense2_camera/local_setup.zsh\n'}
[0.742473] (realsense2_camera) StdoutLine: {'line': b'-- Up-to-date: /home/user/Projects/ros2_ws/install/realsense2_camera/share/realsense2_camera/local_setup.dsv\n'}
[0.742525] (realsense2_camera) StdoutLine: {'line': b'-- Installing: /home/user/Projects/ros2_ws/install/realsense2_camera/share/realsense2_camera/package.dsv\n'}
[0.742576] (realsense2_camera) StdoutLine: {'line': b'-- Up-to-date: /home/user/Projects/ros2_ws/install/realsense2_camera/share/ament_index/resource_index/packages/realsense2_camera\n'}
[0.742628] (realsense2_camera) StdoutLine: {'line': b'-- Up-to-date: /home/user/Projects/ros2_ws/install/realsense2_camera/share/ament_index/resource_index/rclcpp_components/realsense2_camera\n'}
[0.742678] (realsense2_camera) StdoutLine: {'line': b'-- Up-to-date: /home/user/Projects/ros2_ws/install/realsense2_camera/share/realsense2_camera/cmake/ament_cmake_export_include_directories-extras.cmake\n'}
[0.742746] (realsense2_camera) StdoutLine: {'line': b'-- Up-to-date: /home/user/Projects/ros2_ws/install/realsense2_camera/share/realsense2_camera/cmake/ament_cmake_export_libraries-extras.cmake\n'}
[0.742840] (realsense2_camera) StdoutLine: {'line': b'-- Up-to-date: /home/user/Projects/ros2_ws/install/realsense2_camera/share/realsense2_camera/cmake/ament_cmake_export_dependencies-extras.cmake\n'}
[0.742985] (realsense2_camera) StdoutLine: {'line': b'-- Up-to-date: /home/user/Projects/ros2_ws/install/realsense2_camera/share/realsense2_camera/cmake/realsense2_cameraConfig.cmake\n'}
[0.743220] (realsense2_camera) StdoutLine: {'line': b'-- Up-to-date: /home/user/Projects/ros2_ws/install/realsense2_camera/share/realsense2_camera/cmake/realsense2_cameraConfig-version.cmake\n'}
[0.743311] (realsense2_camera) StdoutLine: {'line': b'-- Up-to-date: /home/user/Projects/ros2_ws/install/realsense2_camera/share/realsense2_camera/package.xml\n'}
[0.743916] (realsense2_camera) CommandEnded: {'returncode': 0}
[0.748006] (object_avoidance) StdoutLine: {'line': b'running egg_info\n'}
[0.748218] (object_avoidance) StdoutLine: {'line': b'writing ../../build/object_avoidance/object_avoidance.egg-info/PKG-INFO\n'}
[0.748481] (object_avoidance) StdoutLine: {'line': b'writing dependency_links to ../../build/object_avoidance/object_avoidance.egg-info/dependency_links.txt\n'}
[0.748632] (object_avoidance) StdoutLine: {'line': b'writing entry points to ../../build/object_avoidance/object_avoidance.egg-info/entry_points.txt\n'}
[0.748730] (object_avoidance) StdoutLine: {'line': b'writing requirements to ../../build/object_avoidance/object_avoidance.egg-info/requires.txt\n'}
[0.748900] (object_avoidance) StdoutLine: {'line': b'writing top-level names to ../../build/object_avoidance/object_avoidance.egg-info/top_level.txt\n'}
[0.778863] (object_avoidance) StdoutLine: {'line': b"reading manifest file '../../build/object_avoidance/object_avoidance.egg-info/SOURCES.txt'\n"}
[0.779603] (object_avoidance) StdoutLine: {'line': b"writing manifest file '../../build/object_avoidance/object_avoidance.egg-info/SOURCES.txt'\n"}
[0.779760] (object_avoidance) StdoutLine: {'line': b'running build\n'}
[0.779828] (object_avoidance) StdoutLine: {'line': b'running build_py\n'}
[0.780215] (object_avoidance) StdoutLine: {'line': b'copying object_avoidance/object_detection.py -> /home/user/Projects/ros2_ws/build/object_avoidance/build/lib/object_avoidance\n'}
[0.780516] (object_avoidance) StdoutLine: {'line': b'running install\n'}
[0.781115] (object_avoidance) StdoutLine: {'line': b'running install_lib\n'}
[0.781907] (object_avoidance) StdoutLine: {'line': b'copying /home/user/Projects/ros2_ws/build/object_avoidance/build/lib/object_avoidance/object_detection.py -> /home/user/Projects/ros2_ws/install/object_avoidance/lib/python3.8/site-packages/object_avoidance\n'}
[0.782362] (object_avoidance) StdoutLine: {'line': b'byte-compiling /home/user/Projects/ros2_ws/install/object_avoidance/lib/python3.8/site-packages/object_avoidance/object_detection.py to object_detection.cpython-38.pyc\n'}
[0.784108] (object_avoidance) StdoutLine: {'line': b'running install_data\n'}
[0.784479] (object_avoidance) StdoutLine: {'line': b'running install_egg_info\n'}
[0.785754] (object_avoidance) StdoutLine: {'line': b"removing '/home/user/Projects/ros2_ws/install/object_avoidance/lib/python3.8/site-packages/object_avoidance-0.0.1-py3.8.egg-info' (and everything under it)\n"}
[0.786002] (object_avoidance) StdoutLine: {'line': b'Copying ../../build/object_avoidance/object_avoidance.egg-info to /home/user/Projects/ros2_ws/install/object_avoidance/lib/python3.8/site-packages/object_avoidance-0.0.1-py3.8.egg-info\n'}
[0.786930] (object_avoidance) StdoutLine: {'line': b'running install_scripts\n'}
[0.800726] (realsense2_camera) JobEnded: {'identifier': 'realsense2_camera', 'rc': 0}
[0.801215] (-) TimerEvent: {}
[0.801355] (object_avoidance) StdoutLine: {'line': b'Installing object_detection script to /home/user/Projects/ros2_ws/install/object_avoidance/lib/object_avoidance\n'}
[0.801488] (object_avoidance) StdoutLine: {'line': b'Installing obstacle_avoidance script to /home/user/Projects/ros2_ws/install/object_avoidance/lib/object_avoidance\n'}
[0.801559] (object_avoidance) StdoutLine: {'line': b'Installing obstacle_brake script to /home/user/Projects/ros2_ws/install/object_avoidance/lib/object_avoidance\n'}
[0.801617] (object_avoidance) StdoutLine: {'line': b"writing list of installed files to '/home/user/Projects/ros2_ws/build/object_avoidance/install.log'\n"}
[0.817710] (object_avoidance) CommandEnded: {'returncode': 0}
[0.822314] (object_avoidance) JobEnded: {'identifier': 'object_avoidance', 'rc': 0}
[0.822975] (-) EventReactorShutdown: {}
