[0.000000] (-) TimerEvent: {}
[0.000096] (object_avoidance) JobQueued: {'identifier': 'object_avoidance', 'dependencies': OrderedDict()}
[0.000192] (object_avoidance) JobStarted: {'identifier': 'object_avoidance'}
[0.099583] (-) TimerEvent: {}
[0.199945] (-) TimerEvent: {}
[0.300218] (-) TimerEvent: {}
[0.400494] (-) TimerEvent: {}
[0.500714] (-) TimerEvent: {}
[0.600965] (-) TimerEvent: {}
[0.701265] (-) TimerEvent: {}
[0.801580] (-) TimerEvent: {}
[0.901801] (-) TimerEvent: {}
[1.002036] (-) TimerEvent: {}
[1.102272] (-) TimerEvent: {}
[1.202472] (-) TimerEvent: {}
[1.302699] (-) TimerEvent: {}
[1.402923] (-) TimerEvent: {}
[1.503141] (-) TimerEvent: {}
[1.560367] (object_avoidance) Command: {'cmd': ['/usr/bin/python3', 'setup.py', 'egg_info', '--egg-base', '../../build/object_avoidance', 'build', '--build-base', '/home/user/Projects/ros2_ws/build/object_avoidance/build', 'install', '--prefix', '/home/user/Projects/ros2_ws/install/object_avoidance', '--record', '/home/user/Projects/ros2_ws/build/object_avoidance/install.log', '--single-version-externally-managed'], 'cwd': '/home/user/Projects/ros2_ws/src/object_avoidance', 'env': {'HOSTNAME': 'GS65-Ubuntu', 'SHLVL': '1', 'LD_LIBRARY_PATH': '/opt/ros/foxy/opt/yaml_cpp_vendor/lib:/opt/ros/foxy/opt/rviz_ogre_vendor/lib:/opt/ros/foxy/lib/x86_64-linux-gnu:/opt/ros/foxy/lib', 'HOME': '/home/user', 'OLDPWD': '/home/user', 'PYTHONUNBUFFERED': '1', 'ROS_PYTHON_VERSION': '3', '_colcon_cd_root': '/home/user/Projects/dev_ws', 'COLCON_PREFIX_PATH': '/home/user/Projects/ros2_ws/install', 'ROS_DISTRO': 'foxy', 'PROXIMITY': '1', '_': '/usr/bin/colcon', 'ROS_VERSION': '2', 'NVIDIA_DRIVER_CAPABILITIES': 'graphics', 'TERM': 'xterm', 'ROS_LOCALHOST_ONLY': '0', 'QT_X11_NO_MITSHM': '1', 'PATH': '/home/user/.local/bin:/opt/ros/foxy/bin:/home/user/bin:/usr/local/sbin:/usr/local/bin:/usr/sbin:/usr/bin:/sbin:/bin', 'DISPLAY': ':1', 'LANG': 'C.UTF-8', 'LS_COLORS': ':di=1;33:ln=36', 'AMENT_PREFIX_PATH': '/home/user/Projects/ros2_ws/install/object_avoidance:/opt/ros/foxy', 'DEFAULT_THROTTLE': '30', 'AVOIDANCE_DISTANCE': '5', 'PWD': '/home/user/Projects/ros2_ws/build/object_avoidance', 'END_NODE_ID': '140', 'LC_ALL': 'C.UTF-8', 'PYTHONPATH': '/home/user/Projects/ros2_ws/install/object_avoidance/lib/python3.8/site-packages:/home/user/Projects/ros2_ws/install/object_avoidance/lib/python3.8/site-packages:/opt/ros/foxy/lib/python3.8/site-packages', 'NVIDIA_VISIBLE_DEVICES': 'all', 'COLCON': '1', 'AVOIDANCE_ANGLE': '20'}, 'shell': False}
[1.603293] (-) TimerEvent: {}
[1.703592] (-) TimerEvent: {}
[1.803824] (-) TimerEvent: {}
[1.904052] (-) TimerEvent: {}
[2.004283] (-) TimerEvent: {}
[2.104511] (-) TimerEvent: {}
[2.204740] (-) TimerEvent: {}
[2.304973] (-) TimerEvent: {}
[2.313992] (object_avoidance) StdoutLine: {'line': b'running egg_info\n'}
[2.370180] (object_avoidance) StdoutLine: {'line': b'writing ../../build/object_avoidance/object_avoidance.egg-info/PKG-INFO\n'}
[2.405074] (-) TimerEvent: {}
[2.416049] (object_avoidance) StdoutLine: {'line': b'writing dependency_links to ../../build/object_avoidance/object_avoidance.egg-info/dependency_links.txt\n'}
[2.505193] (-) TimerEvent: {}
[2.553647] (object_avoidance) StdoutLine: {'line': b'writing entry points to ../../build/object_avoidance/object_avoidance.egg-info/entry_points.txt\n'}
[2.605296] (-) TimerEvent: {}
[2.645091] (object_avoidance) StdoutLine: {'line': b'writing requirements to ../../build/object_avoidance/object_avoidance.egg-info/requires.txt\n'}
[2.690743] (object_avoidance) StdoutLine: {'line': b'writing top-level names to ../../build/object_avoidance/object_avoidance.egg-info/top_level.txt\n'}
[2.705407] (-) TimerEvent: {}
[2.758917] (object_avoidance) StdoutLine: {'line': b"reading manifest file '../../build/object_avoidance/object_avoidance.egg-info/SOURCES.txt'\n"}
[2.759581] (object_avoidance) StdoutLine: {'line': b"writing manifest file '../../build/object_avoidance/object_avoidance.egg-info/SOURCES.txt'\n"}
[2.759747] (object_avoidance) StdoutLine: {'line': b'running build\n'}
[2.759835] (object_avoidance) StdoutLine: {'line': b'running build_py\n'}
[2.759994] (object_avoidance) StdoutLine: {'line': b'copying object_avoidance/object_detection.py -> /home/user/Projects/ros2_ws/build/object_avoidance/build/lib/object_avoidance\n'}
[2.760087] (object_avoidance) StdoutLine: {'line': b'running install\n'}
[2.760300] (object_avoidance) StderrLine: {'line': b'/usr/local/lib/python3.8/dist-packages/setuptools/command/install.py:34: SetuptoolsDeprecationWarning: setup.py install is deprecated. Use build and pip and other standards-based tools.\n'}
[2.760407] (object_avoidance) StderrLine: {'line': b'  warnings.warn(\n'}
[2.764533] (object_avoidance) StdoutLine: {'line': b'running install_lib\n'}
[2.805511] (-) TimerEvent: {}
[2.820423] (object_avoidance) StdoutLine: {'line': b'copying /home/user/Projects/ros2_ws/build/object_avoidance/build/lib/object_avoidance/object_detection.py -> /home/user/Projects/ros2_ws/install/object_avoidance/lib/python3.8/site-packages/object_avoidance\n'}
[2.820869] (object_avoidance) StdoutLine: {'line': b'byte-compiling /home/user/Projects/ros2_ws/install/object_avoidance/lib/python3.8/site-packages/object_avoidance/object_detection.py to object_detection.cpython-38.pyc\n'}
[2.821667] (object_avoidance) StdoutLine: {'line': b'running install_data\n'}
[2.831622] (object_avoidance) StdoutLine: {'line': b'running install_egg_info\n'}
[2.895416] (object_avoidance) StdoutLine: {'line': b"removing '/home/user/Projects/ros2_ws/install/object_avoidance/lib/python3.8/site-packages/object_avoidance-0.0.4-py3.8.egg-info' (and everything under it)\n"}
[2.895625] (object_avoidance) StdoutLine: {'line': b'Copying ../../build/object_avoidance/object_avoidance.egg-info to /home/user/Projects/ros2_ws/install/object_avoidance/lib/python3.8/site-packages/object_avoidance-0.0.4-py3.8.egg-info\n'}
[2.896302] (object_avoidance) StdoutLine: {'line': b'running install_scripts\n'}
[2.905616] (-) TimerEvent: {}
[2.993522] (object_avoidance) StdoutLine: {'line': b'Installing object_detection script to /home/user/Projects/ros2_ws/install/object_avoidance/lib/object_avoidance\n'}
[2.993849] (object_avoidance) StdoutLine: {'line': b"writing list of installed files to '/home/user/Projects/ros2_ws/build/object_avoidance/install.log'\n"}
[3.005715] (-) TimerEvent: {}
[3.023860] (object_avoidance) CommandEnded: {'returncode': 0}
[3.033720] (object_avoidance) JobEnded: {'identifier': 'object_avoidance', 'rc': 0}
[3.035095] (-) EventReactorShutdown: {}
