[0.000000] (-) TimerEvent: {}
[0.000188] (object_avoidance) JobQueued: {'identifier': 'object_avoidance', 'dependencies': OrderedDict()}
[0.000242] (object_avoidance) JobStarted: {'identifier': 'object_avoidance'}
[0.099387] (-) TimerEvent: {}
[0.199720] (-) TimerEvent: {}
[0.299959] (-) TimerEvent: {}
[0.400194] (-) TimerEvent: {}
[0.500421] (-) TimerEvent: {}
[0.600647] (-) TimerEvent: {}
[0.700924] (-) TimerEvent: {}
[0.801234] (-) TimerEvent: {}
[0.901519] (-) TimerEvent: {}
[1.001751] (-) TimerEvent: {}
[1.101978] (-) TimerEvent: {}
[1.202204] (-) TimerEvent: {}
[1.302431] (-) TimerEvent: {}
[1.402652] (-) TimerEvent: {}
[1.502864] (-) TimerEvent: {}
[1.546718] (object_avoidance) Command: {'cmd': ['/usr/bin/python3', 'setup.py', 'egg_info', '--egg-base', '../../build/object_avoidance', 'build', '--build-base', '/home/user/Projects/ros2_ws/build/object_avoidance/build', 'install', '--prefix', '/home/user/Projects/ros2_ws/install/object_avoidance', '--record', '/home/user/Projects/ros2_ws/build/object_avoidance/install.log', '--single-version-externally-managed'], 'cwd': '/home/user/Projects/ros2_ws/src/object_avoidance', 'env': {'HOSTNAME': 'GS65-Ubuntu', 'SHLVL': '1', 'LD_LIBRARY_PATH': '/opt/ros/foxy/opt/yaml_cpp_vendor/lib:/opt/ros/foxy/opt/rviz_ogre_vendor/lib:/opt/ros/foxy/lib/x86_64-linux-gnu:/opt/ros/foxy/lib', 'HOME': '/home/user', 'OLDPWD': '/home/user', 'PYTHONUNBUFFERED': '1', 'ROS_PYTHON_VERSION': '3', '_colcon_cd_root': '/home/user/Projects/dev_ws', 'COLCON_PREFIX_PATH': '/home/user/Projects/ros2_ws/install', 'ROS_DISTRO': 'foxy', 'PROXIMITY': '1', '_': '/usr/bin/colcon', 'ROS_VERSION': '2', 'NVIDIA_DRIVER_CAPABILITIES': 'graphics', 'TERM': 'xterm', 'ROS_LOCALHOST_ONLY': '0', 'QT_X11_NO_MITSHM': '1', 'PATH': '/home/user/.local/bin:/opt/ros/foxy/bin:/home/user/bin:/usr/local/sbin:/usr/local/bin:/usr/sbin:/usr/bin:/sbin:/bin', 'DISPLAY': ':1', 'LANG': 'C.UTF-8', 'LS_COLORS': ':di=1;33:ln=36', 'AMENT_PREFIX_PATH': '/home/user/Projects/ros2_ws/install/object_avoidance:/opt/ros/foxy', 'DEFAULT_THROTTLE': '30', 'AVOIDANCE_DISTANCE': '5', 'PWD': '/home/user/Projects/ros2_ws/build/object_avoidance', 'END_NODE_ID': '140', 'LC_ALL': 'C.UTF-8', 'PYTHONPATH': '/home/user/Projects/ros2_ws/install/object_avoidance/lib/python3.8/site-packages:/home/user/Projects/ros2_ws/install/object_avoidance/lib/python3.8/site-packages:/opt/ros/foxy/lib/python3.8/site-packages', 'NVIDIA_VISIBLE_DEVICES': 'all', 'COLCON': '1', 'AVOIDANCE_ANGLE': '20'}, 'shell': False}
[1.603019] (-) TimerEvent: {}
[1.703312] (-) TimerEvent: {}
[1.803543] (-) TimerEvent: {}
[1.903768] (-) TimerEvent: {}
[2.003994] (-) TimerEvent: {}
[2.104220] (-) TimerEvent: {}
[2.204441] (-) TimerEvent: {}
[2.289323] (object_avoidance) StdoutLine: {'line': b'running egg_info\n'}
[2.304545] (-) TimerEvent: {}
[2.344966] (object_avoidance) StdoutLine: {'line': b'writing ../../build/object_avoidance/object_avoidance.egg-info/PKG-INFO\n'}
[2.390840] (object_avoidance) StdoutLine: {'line': b'writing dependency_links to ../../build/object_avoidance/object_avoidance.egg-info/dependency_links.txt\n'}
[2.404651] (-) TimerEvent: {}
[2.504860] (-) TimerEvent: {}
[2.526011] (object_avoidance) StdoutLine: {'line': b'writing entry points to ../../build/object_avoidance/object_avoidance.egg-info/entry_points.txt\n'}
[2.604973] (-) TimerEvent: {}
[2.616367] (object_avoidance) StdoutLine: {'line': b'writing requirements to ../../build/object_avoidance/object_avoidance.egg-info/requires.txt\n'}
[2.661723] (object_avoidance) StdoutLine: {'line': b'writing top-level names to ../../build/object_avoidance/object_avoidance.egg-info/top_level.txt\n'}
[2.705078] (-) TimerEvent: {}
[2.727979] (object_avoidance) StdoutLine: {'line': b"reading manifest file '../../build/object_avoidance/object_avoidance.egg-info/SOURCES.txt'\n"}
[2.728690] (object_avoidance) StdoutLine: {'line': b"writing manifest file '../../build/object_avoidance/object_avoidance.egg-info/SOURCES.txt'\n"}
[2.728935] (object_avoidance) StdoutLine: {'line': b'running build\n'}
[2.729066] (object_avoidance) StdoutLine: {'line': b'running build_py\n'}
[2.729211] (object_avoidance) StdoutLine: {'line': b'copying object_avoidance/object_detection.py -> /home/user/Projects/ros2_ws/build/object_avoidance/build/lib/object_avoidance\n'}
[2.729447] (object_avoidance) StdoutLine: {'line': b'running install\n'}
[2.729627] (object_avoidance) StderrLine: {'line': b'/usr/local/lib/python3.8/dist-packages/setuptools/command/install.py:34: SetuptoolsDeprecationWarning: setup.py install is deprecated. Use build and pip and other standards-based tools.\n'}
[2.729734] (object_avoidance) StderrLine: {'line': b'  warnings.warn(\n'}
[2.734009] (object_avoidance) StdoutLine: {'line': b'running install_lib\n'}
[2.788390] (object_avoidance) StdoutLine: {'line': b'copying /home/user/Projects/ros2_ws/build/object_avoidance/build/lib/object_avoidance/object_detection.py -> /home/user/Projects/ros2_ws/install/object_avoidance/lib/python3.8/site-packages/object_avoidance\n'}
[2.788830] (object_avoidance) StdoutLine: {'line': b'byte-compiling /home/user/Projects/ros2_ws/install/object_avoidance/lib/python3.8/site-packages/object_avoidance/object_detection.py to object_detection.cpython-38.pyc\n'}
[2.789664] (object_avoidance) StdoutLine: {'line': b'running install_data\n'}
[2.799265] (object_avoidance) StdoutLine: {'line': b'running install_egg_info\n'}
[2.805173] (-) TimerEvent: {}
[2.862534] (object_avoidance) StdoutLine: {'line': b"removing '/home/user/Projects/ros2_ws/install/object_avoidance/lib/python3.8/site-packages/object_avoidance-0.0.4-py3.8.egg-info' (and everything under it)\n"}
[2.862746] (object_avoidance) StdoutLine: {'line': b'Copying ../../build/object_avoidance/object_avoidance.egg-info to /home/user/Projects/ros2_ws/install/object_avoidance/lib/python3.8/site-packages/object_avoidance-0.0.4-py3.8.egg-info\n'}
[2.863498] (object_avoidance) StdoutLine: {'line': b'running install_scripts\n'}
[2.905293] (-) TimerEvent: {}
[2.958296] (object_avoidance) StdoutLine: {'line': b'Installing object_detection script to /home/user/Projects/ros2_ws/install/object_avoidance/lib/object_avoidance\n'}
[2.958570] (object_avoidance) StdoutLine: {'line': b"writing list of installed files to '/home/user/Projects/ros2_ws/build/object_avoidance/install.log'\n"}
[2.987428] (object_avoidance) CommandEnded: {'returncode': 0}
[2.997271] (object_avoidance) JobEnded: {'identifier': 'object_avoidance', 'rc': 0}
[2.998153] (-) EventReactorShutdown: {}
