[0.000000] (-) TimerEvent: {}
[0.000690] (object_avoidance) JobQueued: {'identifier': 'object_avoidance', 'dependencies': OrderedDict()}
[0.000845] (realsense2_camera_msgs) JobQueued: {'identifier': 'realsense2_camera_msgs', 'dependencies': OrderedDict()}
[0.000869] (realsense2_camera) JobQueued: {'identifier': 'realsense2_camera', 'dependencies': OrderedDict([('realsense2_camera_msgs', '/home/user/Projects/ros2_ws/install/realsense2_camera_msgs')])}
[0.000958] (realsense2_description) JobQueued: {'identifier': 'realsense2_description', 'dependencies': OrderedDict([('realsense2_camera_msgs', '/home/user/Projects/ros2_ws/install/realsense2_camera_msgs')])}
[0.000995] (realsense2_camera_msgs) JobStarted: {'identifier': 'realsense2_camera_msgs'}
[0.010330] (object_avoidance) JobStarted: {'identifier': 'object_avoidance'}
[0.017683] (realsense2_camera_msgs) JobProgress: {'identifier': 'realsense2_camera_msgs', 'progress': 'cmake'}
[0.017962] (realsense2_camera_msgs) JobProgress: {'identifier': 'realsense2_camera_msgs', 'progress': 'build'}
[0.018554] (realsense2_camera_msgs) Command: {'cmd': ['/usr/bin/cmake', '--build', '/home/user/Projects/ros2_ws/build/realsense2_camera_msgs', '--', '-j12', '-l12'], 'cwd': '/home/user/Projects/ros2_ws/build/realsense2_camera_msgs', 'env': OrderedDict([('HOSTNAME', 'GS65-Ubuntu'), ('SHLVL', '1'), ('LD_LIBRARY_PATH', '/home/user/Projects/ros2_ws/install/realsense2_camera/lib:/home/user/Projects/ros2_ws/install/realsense2_camera_msgs/lib:/opt/ros/foxy/opt/yaml_cpp_vendor/lib:/opt/ros/foxy/opt/rviz_ogre_vendor/lib:/opt/ros/foxy/lib/x86_64-linux-gnu:/opt/ros/foxy/lib'), ('HOME', '/home/user'), ('OLDPWD', '/home/user'), ('PYTHONUNBUFFERED', '1'), ('ROS_PYTHON_VERSION', '3'), ('_colcon_cd_root', '/home/user/Projects/dev_ws'), ('COLCON_PREFIX_PATH', '/home/user/Projects/ros2_ws/install'), ('ROS_DISTRO', 'foxy'), ('PROXIMITY', '1'), ('_', '/usr/bin/colcon'), ('ROS_VERSION', '2'), ('NVIDIA_DRIVER_CAPABILITIES', 'graphics'), ('TERM', 'xterm'), ('ROS_LOCALHOST_ONLY', '0'), ('QT_X11_NO_MITSHM', '1'), ('PATH', '/home/user/.local/bin:/opt/ros/foxy/bin:/home/user/bin:/usr/local/sbin:/usr/local/bin:/usr/sbin:/usr/bin:/sbin:/bin'), ('DISPLAY', ':1'), ('LANG', 'C.UTF-8'), ('LS_COLORS', ':di=1;33:ln=36'), ('AMENT_PREFIX_PATH', '/home/user/Projects/ros2_ws/install/realsense2_description:/home/user/Projects/ros2_ws/install/realsense2_camera:/home/user/Projects/ros2_ws/install/realsense2_camera_msgs:/home/user/Projects/ros2_ws/install/object_avoidance:/opt/ros/foxy'), ('DEFAULT_THROTTLE', '30'), ('AVOIDANCE_DISTANCE', '5'), ('PWD', '/home/user/Projects/ros2_ws/build/realsense2_camera_msgs'), ('END_NODE_ID', '140'), ('LC_ALL', 'C.UTF-8'), ('PYTHONPATH', '/home/user/Projects/ros2_ws/install/realsense2_camera_msgs/lib/python3.8/site-packages:/home/user/Projects/ros2_ws/install/object_avoidance/lib/python3.8/site-packages:/opt/ros/foxy/lib/python3.8/site-packages'), ('NVIDIA_VISIBLE_DEVICES', 'all'), ('COLCON', '1'), ('CMAKE_PREFIX_PATH', '/home/user/Projects/ros2_ws/install/realsense2_description:/home/user/Projects/ros2_ws/install/realsense2_camera:/home/user/Projects/ros2_ws/install/realsense2_camera_msgs:/home/user/Projects/ros2_ws/install/object_avoidance:/opt/ros/foxy'), ('AVOIDANCE_ANGLE', '20')]), 'shell': False}
[0.069232] (realsense2_camera_msgs) StdoutLine: {'line': b'[  1%] Built target realsense2_camera_msgs__cpp\n'}
[0.070492] (realsense2_camera_msgs) StdoutLine: {'line': b'[ 12%] Built target realsense2_camera_msgs__rosidl_generator_c\n'}
[0.091846] (realsense2_camera_msgs) StdoutLine: {'line': b'[ 45%] Built target realsense2_camera_msgs__rosidl_typesupport_cpp\n'}
[0.092081] (realsense2_camera_msgs) StdoutLine: {'line': b'[ 45%] Built target realsense2_camera_msgs__rosidl_typesupport_introspection_cpp\n'}
[0.092212] (realsense2_camera_msgs) StdoutLine: {'line': b'[ 45%] Built target realsense2_camera_msgs__rosidl_typesupport_c\n'}
[0.092315] (realsense2_camera_msgs) StdoutLine: {'line': b'[ 56%] Built target realsense2_camera_msgs__rosidl_typesupport_introspection_c\n'}
[0.095508] (realsense2_camera_msgs) StdoutLine: {'line': b'[ 67%] Built target realsense2_camera_msgs__rosidl_typesupport_fastrtps_cpp\n'}
[0.099753] (-) TimerEvent: {}
[0.121455] (realsense2_camera_msgs) StdoutLine: {'line': b'[ 78%] Built target realsense2_camera_msgs__rosidl_typesupport_fastrtps_c\n'}
[0.139687] (realsense2_camera_msgs) StdoutLine: {'line': b'[ 78%] Built target realsense2_camera_msgs\n'}
[0.158282] (realsense2_camera_msgs) StdoutLine: {'line': b'[ 80%] Built target realsense2_camera_msgs__py\n'}
[0.183043] (realsense2_camera_msgs) StdoutLine: {'line': b'[ 89%] Built target realsense2_camera_msgs__python\n'}
[0.199846] (-) TimerEvent: {}
[0.208631] (realsense2_camera_msgs) StdoutLine: {'line': b'[100%] Built target realsense2_camera_msgs__rosidl_typesupport_fastrtps_c__pyext\n'}
[0.208791] (realsense2_camera_msgs) StdoutLine: {'line': b'[100%] Built target realsense2_camera_msgs__rosidl_typesupport_introspection_c__pyext\n'}
[0.208859] (realsense2_camera_msgs) StdoutLine: {'line': b'[100%] Built target realsense2_camera_msgs__rosidl_typesupport_c__pyext\n'}
[0.299926] (-) TimerEvent: {}
[0.400179] (-) TimerEvent: {}
[0.500437] (-) TimerEvent: {}
[0.600690] (-) TimerEvent: {}
[0.686439] (realsense2_camera_msgs) CommandEnded: {'returncode': 0}
[0.700808] (-) TimerEvent: {}
[0.768363] (realsense2_camera_msgs) JobProgress: {'identifier': 'realsense2_camera_msgs', 'progress': 'install'}
[0.778764] (realsense2_camera_msgs) Command: {'cmd': ['/usr/bin/cmake', '--install', '/home/user/Projects/ros2_ws/build/realsense2_camera_msgs'], 'cwd': '/home/user/Projects/ros2_ws/build/realsense2_camera_msgs', 'env': OrderedDict([('HOSTNAME', 'GS65-Ubuntu'), ('SHLVL', '1'), ('LD_LIBRARY_PATH', '/home/user/Projects/ros2_ws/install/realsense2_camera/lib:/home/user/Projects/ros2_ws/install/realsense2_camera_msgs/lib:/opt/ros/foxy/opt/yaml_cpp_vendor/lib:/opt/ros/foxy/opt/rviz_ogre_vendor/lib:/opt/ros/foxy/lib/x86_64-linux-gnu:/opt/ros/foxy/lib'), ('HOME', '/home/user'), ('OLDPWD', '/home/user'), ('PYTHONUNBUFFERED', '1'), ('ROS_PYTHON_VERSION', '3'), ('_colcon_cd_root', '/home/user/Projects/dev_ws'), ('COLCON_PREFIX_PATH', '/home/user/Projects/ros2_ws/install'), ('ROS_DISTRO', 'foxy'), ('PROXIMITY', '1'), ('_', '/usr/bin/colcon'), ('ROS_VERSION', '2'), ('NVIDIA_DRIVER_CAPABILITIES', 'graphics'), ('TERM', 'xterm'), ('ROS_LOCALHOST_ONLY', '0'), ('QT_X11_NO_MITSHM', '1'), ('PATH', '/home/user/.local/bin:/opt/ros/foxy/bin:/home/user/bin:/usr/local/sbin:/usr/local/bin:/usr/sbin:/usr/bin:/sbin:/bin'), ('DISPLAY', ':1'), ('LANG', 'C.UTF-8'), ('LS_COLORS', ':di=1;33:ln=36'), ('AMENT_PREFIX_PATH', '/home/user/Projects/ros2_ws/install/realsense2_description:/home/user/Projects/ros2_ws/install/realsense2_camera:/home/user/Projects/ros2_ws/install/realsense2_camera_msgs:/home/user/Projects/ros2_ws/install/object_avoidance:/opt/ros/foxy'), ('DEFAULT_THROTTLE', '30'), ('AVOIDANCE_DISTANCE', '5'), ('PWD', '/home/user/Projects/ros2_ws/build/realsense2_camera_msgs'), ('END_NODE_ID', '140'), ('LC_ALL', 'C.UTF-8'), ('PYTHONPATH', '/home/user/Projects/ros2_ws/install/realsense2_camera_msgs/lib/python3.8/site-packages:/home/user/Projects/ros2_ws/install/object_avoidance/lib/python3.8/site-packages:/opt/ros/foxy/lib/python3.8/site-packages'), ('NVIDIA_VISIBLE_DEVICES', 'all'), ('COLCON', '1'), ('CMAKE_PREFIX_PATH', '/home/user/Projects/ros2_ws/install/realsense2_description:/home/user/Projects/ros2_ws/install/realsense2_camera:/home/user/Projects/ros2_ws/install/realsense2_camera_msgs:/home/user/Projects/ros2_ws/install/object_avoidance:/opt/ros/foxy'), ('AVOIDANCE_ANGLE', '20')]), 'shell': False}
[0.786672] (realsense2_camera_msgs) StdoutLine: {'line': b'-- Install configuration: ""\n'}
[0.786884] (realsense2_camera_msgs) StdoutLine: {'line': b'-- Up-to-date: /home/user/Projects/ros2_ws/install/realsense2_camera_msgs/share/ament_index/resource_index/rosidl_interfaces/realsense2_camera_msgs\n'}
[0.786976] (realsense2_camera_msgs) StdoutLine: {'line': b'-- Up-to-date: /home/user/Projects/ros2_ws/install/realsense2_camera_msgs/include/realsense2_camera_msgs\n'}
[0.787161] (realsense2_camera_msgs) StdoutLine: {'line': b'-- Up-to-date: /home/user/Projects/ros2_ws/install/realsense2_camera_msgs/include/realsense2_camera_msgs/srv\n'}
[0.787300] (realsense2_camera_msgs) StdoutLine: {'line': b'-- Up-to-date: /home/user/Projects/ros2_ws/install/realsense2_camera_msgs/include/realsense2_camera_msgs/srv/detail\n'}
[0.787377] (realsense2_camera_msgs) StdoutLine: {'line': b'-- Up-to-date: /home/user/Projects/ros2_ws/install/realsense2_camera_msgs/include/realsense2_camera_msgs/srv/detail/device_info__struct.h\n'}
[0.787448] (realsense2_camera_msgs) StdoutLine: {'line': b'-- Up-to-date: /home/user/Projects/ros2_ws/install/realsense2_camera_msgs/include/realsense2_camera_msgs/srv/detail/device_info__type_support.h\n'}
[0.787501] (realsense2_camera_msgs) StdoutLine: {'line': b'-- Up-to-date: /home/user/Projects/ros2_ws/install/realsense2_camera_msgs/include/realsense2_camera_msgs/srv/detail/device_info__functions.h\n'}
[0.787553] (realsense2_camera_msgs) StdoutLine: {'line': b'-- Up-to-date: /home/user/Projects/ros2_ws/install/realsense2_camera_msgs/include/realsense2_camera_msgs/srv/detail/device_info__functions.c\n'}
[0.787619] (realsense2_camera_msgs) StdoutLine: {'line': b'-- Up-to-date: /home/user/Projects/ros2_ws/install/realsense2_camera_msgs/include/realsense2_camera_msgs/srv/device_info.h\n'}
[0.787671] (realsense2_camera_msgs) StdoutLine: {'line': b'-- Up-to-date: /home/user/Projects/ros2_ws/install/realsense2_camera_msgs/include/realsense2_camera_msgs/msg\n'}
[0.787723] (realsense2_camera_msgs) StdoutLine: {'line': b'-- Up-to-date: /home/user/Projects/ros2_ws/install/realsense2_camera_msgs/include/realsense2_camera_msgs/msg/detail\n'}
[0.787782] (realsense2_camera_msgs) StdoutLine: {'line': b'-- Up-to-date: /home/user/Projects/ros2_ws/install/realsense2_camera_msgs/include/realsense2_camera_msgs/msg/detail/extrinsics__functions.h\n'}
[0.787899] (realsense2_camera_msgs) StdoutLine: {'line': b'-- Up-to-date: /home/user/Projects/ros2_ws/install/realsense2_camera_msgs/include/realsense2_camera_msgs/msg/detail/extrinsics__functions.c\n'}
[0.788002] (realsense2_camera_msgs) StdoutLine: {'line': b'-- Up-to-date: /home/user/Projects/ros2_ws/install/realsense2_camera_msgs/include/realsense2_camera_msgs/msg/detail/imu_info__functions.h\n'}
[0.788095] (realsense2_camera_msgs) StdoutLine: {'line': b'-- Up-to-date: /home/user/Projects/ros2_ws/install/realsense2_camera_msgs/include/realsense2_camera_msgs/msg/detail/imu_info__struct.h\n'}
[0.788149] (realsense2_camera_msgs) StdoutLine: {'line': b'-- Up-to-date: /home/user/Projects/ros2_ws/install/realsense2_camera_msgs/include/realsense2_camera_msgs/msg/detail/metadata__type_support.h\n'}
[0.788205] (realsense2_camera_msgs) StdoutLine: {'line': b'-- Up-to-date: /home/user/Projects/ros2_ws/install/realsense2_camera_msgs/include/realsense2_camera_msgs/msg/detail/metadata__functions.c\n'}
[0.788257] (realsense2_camera_msgs) StdoutLine: {'line': b'-- Up-to-date: /home/user/Projects/ros2_ws/install/realsense2_camera_msgs/include/realsense2_camera_msgs/msg/detail/imu_info__type_support.h\n'}
[0.788325] (realsense2_camera_msgs) StdoutLine: {'line': b'-- Up-to-date: /home/user/Projects/ros2_ws/install/realsense2_camera_msgs/include/realsense2_camera_msgs/msg/detail/metadata__struct.h\n'}
[0.788377] (realsense2_camera_msgs) StdoutLine: {'line': b'-- Up-to-date: /home/user/Projects/ros2_ws/install/realsense2_camera_msgs/include/realsense2_camera_msgs/msg/detail/extrinsics__struct.h\n'}
[0.788429] (realsense2_camera_msgs) StdoutLine: {'line': b'-- Up-to-date: /home/user/Projects/ros2_ws/install/realsense2_camera_msgs/include/realsense2_camera_msgs/msg/detail/metadata__functions.h\n'}
[0.788480] (realsense2_camera_msgs) StdoutLine: {'line': b'-- Up-to-date: /home/user/Projects/ros2_ws/install/realsense2_camera_msgs/include/realsense2_camera_msgs/msg/detail/imu_info__functions.c\n'}
[0.788578] (realsense2_camera_msgs) StdoutLine: {'line': b'-- Up-to-date: /home/user/Projects/ros2_ws/install/realsense2_camera_msgs/include/realsense2_camera_msgs/msg/detail/extrinsics__type_support.h\n'}
[0.788684] (realsense2_camera_msgs) StdoutLine: {'line': b'-- Up-to-date: /home/user/Projects/ros2_ws/install/realsense2_camera_msgs/include/realsense2_camera_msgs/msg/metadata.h\n'}
[0.788793] (realsense2_camera_msgs) StdoutLine: {'line': b'-- Up-to-date: /home/user/Projects/ros2_ws/install/realsense2_camera_msgs/include/realsense2_camera_msgs/msg/extrinsics.h\n'}
[0.788847] (realsense2_camera_msgs) StdoutLine: {'line': b'-- Up-to-date: /home/user/Projects/ros2_ws/install/realsense2_camera_msgs/include/realsense2_camera_msgs/msg/imu_info.h\n'}
[0.788898] (realsense2_camera_msgs) StdoutLine: {'line': b'-- Up-to-date: /home/user/Projects/ros2_ws/install/realsense2_camera_msgs/include/realsense2_camera_msgs/msg/rosidl_generator_c__visibility_control.h\n'}
[0.788950] (realsense2_camera_msgs) StdoutLine: {'line': b'-- Up-to-date: /home/user/Projects/ros2_ws/install/realsense2_camera_msgs/share/realsense2_camera_msgs/environment/library_path.sh\n'}
[0.789021] (realsense2_camera_msgs) StdoutLine: {'line': b'-- Up-to-date: /home/user/Projects/ros2_ws/install/realsense2_camera_msgs/share/realsense2_camera_msgs/environment/library_path.dsv\n'}
[0.789074] (realsense2_camera_msgs) StdoutLine: {'line': b'-- Up-to-date: /home/user/Projects/ros2_ws/install/realsense2_camera_msgs/lib/librealsense2_camera_msgs__rosidl_generator_c.so\n'}
[0.789125] (realsense2_camera_msgs) StdoutLine: {'line': b'-- Up-to-date: /home/user/Projects/ros2_ws/install/realsense2_camera_msgs/include/realsense2_camera_msgs\n'}
[0.789177] (realsense2_camera_msgs) StdoutLine: {'line': b'-- Up-to-date: /home/user/Projects/ros2_ws/install/realsense2_camera_msgs/include/realsense2_camera_msgs/srv\n'}
[0.789273] (realsense2_camera_msgs) StdoutLine: {'line': b'-- Up-to-date: /home/user/Projects/ros2_ws/install/realsense2_camera_msgs/include/realsense2_camera_msgs/srv/detail\n'}
[0.789376] (realsense2_camera_msgs) StdoutLine: {'line': b'-- Up-to-date: /home/user/Projects/ros2_ws/install/realsense2_camera_msgs/include/realsense2_camera_msgs/srv/detail/device_info__rosidl_typesupport_fastrtps_c.h\n'}
[0.789495] (realsense2_camera_msgs) StdoutLine: {'line': b'-- Up-to-date: /home/user/Projects/ros2_ws/install/realsense2_camera_msgs/include/realsense2_camera_msgs/msg\n'}
[0.789562] (realsense2_camera_msgs) StdoutLine: {'line': b'-- Up-to-date: /home/user/Projects/ros2_ws/install/realsense2_camera_msgs/include/realsense2_camera_msgs/msg/detail\n'}
[0.789615] (realsense2_camera_msgs) StdoutLine: {'line': b'-- Up-to-date: /home/user/Projects/ros2_ws/install/realsense2_camera_msgs/include/realsense2_camera_msgs/msg/detail/imu_info__rosidl_typesupport_fastrtps_c.h\n'}
[0.789667] (realsense2_camera_msgs) StdoutLine: {'line': b'-- Up-to-date: /home/user/Projects/ros2_ws/install/realsense2_camera_msgs/include/realsense2_camera_msgs/msg/detail/extrinsics__rosidl_typesupport_fastrtps_c.h\n'}
[0.789736] (realsense2_camera_msgs) StdoutLine: {'line': b'-- Up-to-date: /home/user/Projects/ros2_ws/install/realsense2_camera_msgs/include/realsense2_camera_msgs/msg/detail/metadata__rosidl_typesupport_fastrtps_c.h\n'}
[0.789788] (realsense2_camera_msgs) StdoutLine: {'line': b'-- Up-to-date: /home/user/Projects/ros2_ws/install/realsense2_camera_msgs/include/realsense2_camera_msgs/msg/rosidl_typesupport_fastrtps_c__visibility_control.h\n'}
[0.789838] (realsense2_camera_msgs) StdoutLine: {'line': b'-- Up-to-date: /home/user/Projects/ros2_ws/install/realsense2_camera_msgs/lib/librealsense2_camera_msgs__rosidl_typesupport_fastrtps_c.so\n'}
[0.789889] (realsense2_camera_msgs) StdoutLine: {'line': b'-- Up-to-date: /home/user/Projects/ros2_ws/install/realsense2_camera_msgs/include/realsense2_camera_msgs\n'}
[0.789940] (realsense2_camera_msgs) StdoutLine: {'line': b'-- Up-to-date: /home/user/Projects/ros2_ws/install/realsense2_camera_msgs/include/realsense2_camera_msgs/srv\n'}
[0.789991] (realsense2_camera_msgs) StdoutLine: {'line': b'-- Up-to-date: /home/user/Projects/ros2_ws/install/realsense2_camera_msgs/include/realsense2_camera_msgs/srv/detail\n'}
[0.790059] (realsense2_camera_msgs) StdoutLine: {'line': b'-- Up-to-date: /home/user/Projects/ros2_ws/install/realsense2_camera_msgs/include/realsense2_camera_msgs/srv/detail/dds_fastrtps\n'}
[0.790120] (realsense2_camera_msgs) StdoutLine: {'line': b'-- Up-to-date: /home/user/Projects/ros2_ws/install/realsense2_camera_msgs/include/realsense2_camera_msgs/srv/detail/device_info__rosidl_typesupport_fastrtps_cpp.hpp\n'}
[0.790172] (realsense2_camera_msgs) StdoutLine: {'line': b'-- Up-to-date: /home/user/Projects/ros2_ws/install/realsense2_camera_msgs/include/realsense2_camera_msgs/msg\n'}
[0.790225] (realsense2_camera_msgs) StdoutLine: {'line': b'-- Up-to-date: /home/user/Projects/ros2_ws/install/realsense2_camera_msgs/include/realsense2_camera_msgs/msg/detail\n'}
[0.790331] (realsense2_camera_msgs) StdoutLine: {'line': b'-- Up-to-date: /home/user/Projects/ros2_ws/install/realsense2_camera_msgs/include/realsense2_camera_msgs/msg/detail/imu_info__rosidl_typesupport_fastrtps_cpp.hpp\n'}
[0.790438] (realsense2_camera_msgs) StdoutLine: {'line': b'-- Up-to-date: /home/user/Projects/ros2_ws/install/realsense2_camera_msgs/include/realsense2_camera_msgs/msg/detail/dds_fastrtps\n'}
[0.790556] (realsense2_camera_msgs) StdoutLine: {'line': b'-- Up-to-date: /home/user/Projects/ros2_ws/install/realsense2_camera_msgs/include/realsense2_camera_msgs/msg/detail/extrinsics__rosidl_typesupport_fastrtps_cpp.hpp\n'}
[0.790668] (realsense2_camera_msgs) StdoutLine: {'line': b'-- Up-to-date: /home/user/Projects/ros2_ws/install/realsense2_camera_msgs/include/realsense2_camera_msgs/msg/detail/metadata__rosidl_typesupport_fastrtps_cpp.hpp\n'}
[0.790740] (realsense2_camera_msgs) StdoutLine: {'line': b'-- Up-to-date: /home/user/Projects/ros2_ws/install/realsense2_camera_msgs/include/realsense2_camera_msgs/msg/rosidl_typesupport_fastrtps_cpp__visibility_control.h\n'}
[0.790848] (realsense2_camera_msgs) StdoutLine: {'line': b'-- Up-to-date: /home/user/Projects/ros2_ws/install/realsense2_camera_msgs/lib/librealsense2_camera_msgs__rosidl_typesupport_fastrtps_cpp.so\n'}
[0.790962] (realsense2_camera_msgs) StdoutLine: {'line': b'-- Up-to-date: /home/user/Projects/ros2_ws/install/realsense2_camera_msgs/include/realsense2_camera_msgs\n'}
[0.791043] (realsense2_camera_msgs) StdoutLine: {'line': b'-- Up-to-date: /home/user/Projects/ros2_ws/install/realsense2_camera_msgs/include/realsense2_camera_msgs/srv\n'}
[0.791096] (realsense2_camera_msgs) StdoutLine: {'line': b'-- Up-to-date: /home/user/Projects/ros2_ws/install/realsense2_camera_msgs/include/realsense2_camera_msgs/srv/detail\n'}
[0.791148] (realsense2_camera_msgs) StdoutLine: {'line': b'-- Up-to-date: /home/user/Projects/ros2_ws/install/realsense2_camera_msgs/include/realsense2_camera_msgs/srv/detail/device_info__rosidl_typesupport_introspection_c.h\n'}
[0.791202] (realsense2_camera_msgs) StdoutLine: {'line': b'-- Up-to-date: /home/user/Projects/ros2_ws/install/realsense2_camera_msgs/include/realsense2_camera_msgs/srv/detail/device_info__type_support.c\n'}
[0.791271] (realsense2_camera_msgs) StdoutLine: {'line': b'-- Up-to-date: /home/user/Projects/ros2_ws/install/realsense2_camera_msgs/include/realsense2_camera_msgs/msg\n'}
[0.791324] (realsense2_camera_msgs) StdoutLine: {'line': b'-- Up-to-date: /home/user/Projects/ros2_ws/install/realsense2_camera_msgs/include/realsense2_camera_msgs/msg/detail\n'}
[0.791375] (realsense2_camera_msgs) StdoutLine: {'line': b'-- Up-to-date: /home/user/Projects/ros2_ws/install/realsense2_camera_msgs/include/realsense2_camera_msgs/msg/detail/imu_info__type_support.c\n'}
[0.791426] (realsense2_camera_msgs) StdoutLine: {'line': b'-- Up-to-date: /home/user/Projects/ros2_ws/install/realsense2_camera_msgs/include/realsense2_camera_msgs/msg/detail/metadata__type_support.c\n'}
[0.791477] (realsense2_camera_msgs) StdoutLine: {'line': b'-- Up-to-date: /home/user/Projects/ros2_ws/install/realsense2_camera_msgs/include/realsense2_camera_msgs/msg/detail/imu_info__rosidl_typesupport_introspection_c.h\n'}
[0.791529] (realsense2_camera_msgs) StdoutLine: {'line': b'-- Up-to-date: /home/user/Projects/ros2_ws/install/realsense2_camera_msgs/include/realsense2_camera_msgs/msg/detail/extrinsics__rosidl_typesupport_introspection_c.h\n'}
[0.791598] (realsense2_camera_msgs) StdoutLine: {'line': b'-- Up-to-date: /home/user/Projects/ros2_ws/install/realsense2_camera_msgs/include/realsense2_camera_msgs/msg/detail/metadata__rosidl_typesupport_introspection_c.h\n'}
[0.791650] (realsense2_camera_msgs) StdoutLine: {'line': b'-- Up-to-date: /home/user/Projects/ros2_ws/install/realsense2_camera_msgs/include/realsense2_camera_msgs/msg/detail/extrinsics__type_support.c\n'}
[0.791701] (realsense2_camera_msgs) StdoutLine: {'line': b'-- Up-to-date: /home/user/Projects/ros2_ws/install/realsense2_camera_msgs/include/realsense2_camera_msgs/msg/rosidl_typesupport_introspection_c__visibility_control.h\n'}
[0.791751] (realsense2_camera_msgs) StdoutLine: {'line': b'-- Up-to-date: /home/user/Projects/ros2_ws/install/realsense2_camera_msgs/lib/librealsense2_camera_msgs__rosidl_typesupport_introspection_c.so\n'}
[0.791872] (realsense2_camera_msgs) StdoutLine: {'line': b'-- Up-to-date: /home/user/Projects/ros2_ws/install/realsense2_camera_msgs/lib/librealsense2_camera_msgs__rosidl_typesupport_c.so\n'}
[0.791953] (realsense2_camera_msgs) StdoutLine: {'line': b'-- Up-to-date: /home/user/Projects/ros2_ws/install/realsense2_camera_msgs/include/realsense2_camera_msgs\n'}
[0.792007] (realsense2_camera_msgs) StdoutLine: {'line': b'-- Up-to-date: /home/user/Projects/ros2_ws/install/realsense2_camera_msgs/include/realsense2_camera_msgs/srv\n'}
[0.792059] (realsense2_camera_msgs) StdoutLine: {'line': b'-- Up-to-date: /home/user/Projects/ros2_ws/install/realsense2_camera_msgs/include/realsense2_camera_msgs/srv/device_info.hpp\n'}
[0.792115] (realsense2_camera_msgs) StdoutLine: {'line': b'-- Up-to-date: /home/user/Projects/ros2_ws/install/realsense2_camera_msgs/include/realsense2_camera_msgs/srv/detail\n'}
[0.792168] (realsense2_camera_msgs) StdoutLine: {'line': b'-- Up-to-date: /home/user/Projects/ros2_ws/install/realsense2_camera_msgs/include/realsense2_camera_msgs/srv/detail/device_info__struct.hpp\n'}
[0.792255] (realsense2_camera_msgs) StdoutLine: {'line': b'-- Up-to-date: /home/user/Projects/ros2_ws/install/realsense2_camera_msgs/include/realsense2_camera_msgs/srv/detail/device_info__builder.hpp\n'}
[0.792306] (realsense2_camera_msgs) StdoutLine: {'line': b'-- Up-to-date: /home/user/Projects/ros2_ws/install/realsense2_camera_msgs/include/realsense2_camera_msgs/srv/detail/device_info__traits.hpp\n'}
[0.792355] (realsense2_camera_msgs) StdoutLine: {'line': b'-- Up-to-date: /home/user/Projects/ros2_ws/install/realsense2_camera_msgs/include/realsense2_camera_msgs/msg\n'}
[0.792406] (realsense2_camera_msgs) StdoutLine: {'line': b'-- Up-to-date: /home/user/Projects/ros2_ws/install/realsense2_camera_msgs/include/realsense2_camera_msgs/msg/detail\n'}
[0.792455] (realsense2_camera_msgs) StdoutLine: {'line': b'-- Up-to-date: /home/user/Projects/ros2_ws/install/realsense2_camera_msgs/include/realsense2_camera_msgs/msg/detail/imu_info__struct.hpp\n'}
[0.792506] (realsense2_camera_msgs) StdoutLine: {'line': b'-- Up-to-date: /home/user/Projects/ros2_ws/install/realsense2_camera_msgs/include/realsense2_camera_msgs/msg/detail/metadata__struct.hpp\n'}
[0.792593] (realsense2_camera_msgs) StdoutLine: {'line': b'-- Up-to-date: /home/user/Projects/ros2_ws/install/realsense2_camera_msgs/include/realsense2_camera_msgs/msg/detail/extrinsics__struct.hpp\n'}
[0.792644] (realsense2_camera_msgs) StdoutLine: {'line': b'-- Up-to-date: /home/user/Projects/ros2_ws/install/realsense2_camera_msgs/include/realsense2_camera_msgs/msg/detail/imu_info__traits.hpp\n'}
[0.792695] (realsense2_camera_msgs) StdoutLine: {'line': b'-- Up-to-date: /home/user/Projects/ros2_ws/install/realsense2_camera_msgs/include/realsense2_camera_msgs/msg/detail/metadata__builder.hpp\n'}
[0.792745] (realsense2_camera_msgs) StdoutLine: {'line': b'-- Up-to-date: /home/user/Projects/ros2_ws/install/realsense2_camera_msgs/include/realsense2_camera_msgs/msg/detail/extrinsics__traits.hpp\n'}
[0.792801] (realsense2_camera_msgs) StdoutLine: {'line': b'-- Up-to-date: /home/user/Projects/ros2_ws/install/realsense2_camera_msgs/include/realsense2_camera_msgs/msg/detail/extrinsics__builder.hpp\n'}
[0.792854] (realsense2_camera_msgs) StdoutLine: {'line': b'-- Up-to-date: /home/user/Projects/ros2_ws/install/realsense2_camera_msgs/include/realsense2_camera_msgs/msg/detail/metadata__traits.hpp\n'}
[0.792905] (realsense2_camera_msgs) StdoutLine: {'line': b'-- Up-to-date: /home/user/Projects/ros2_ws/install/realsense2_camera_msgs/include/realsense2_camera_msgs/msg/detail/imu_info__builder.hpp\n'}
[0.792956] (realsense2_camera_msgs) StdoutLine: {'line': b'-- Up-to-date: /home/user/Projects/ros2_ws/install/realsense2_camera_msgs/include/realsense2_camera_msgs/msg/metadata.hpp\n'}
[0.793007] (realsense2_camera_msgs) StdoutLine: {'line': b'-- Up-to-date: /home/user/Projects/ros2_ws/install/realsense2_camera_msgs/include/realsense2_camera_msgs/msg/extrinsics.hpp\n'}
[0.793057] (realsense2_camera_msgs) StdoutLine: {'line': b'-- Up-to-date: /home/user/Projects/ros2_ws/install/realsense2_camera_msgs/include/realsense2_camera_msgs/msg/imu_info.hpp\n'}
[0.793108] (realsense2_camera_msgs) StdoutLine: {'line': b'-- Up-to-date: /home/user/Projects/ros2_ws/install/realsense2_camera_msgs/include/realsense2_camera_msgs\n'}
[0.793158] (realsense2_camera_msgs) StdoutLine: {'line': b'-- Up-to-date: /home/user/Projects/ros2_ws/install/realsense2_camera_msgs/include/realsense2_camera_msgs/srv\n'}
[0.793208] (realsense2_camera_msgs) StdoutLine: {'line': b'-- Up-to-date: /home/user/Projects/ros2_ws/install/realsense2_camera_msgs/include/realsense2_camera_msgs/srv/detail\n'}
[0.793257] (realsense2_camera_msgs) StdoutLine: {'line': b'-- Up-to-date: /home/user/Projects/ros2_ws/install/realsense2_camera_msgs/include/realsense2_camera_msgs/srv/detail/device_info__type_support.cpp\n'}
[0.793307] (realsense2_camera_msgs) StdoutLine: {'line': b'-- Up-to-date: /home/user/Projects/ros2_ws/install/realsense2_camera_msgs/include/realsense2_camera_msgs/srv/detail/device_info__rosidl_typesupport_introspection_cpp.hpp\n'}
[0.793360] (realsense2_camera_msgs) StdoutLine: {'line': b'-- Up-to-date: /home/user/Projects/ros2_ws/install/realsense2_camera_msgs/include/realsense2_camera_msgs/msg\n'}
[0.793414] (realsense2_camera_msgs) StdoutLine: {'line': b'-- Up-to-date: /home/user/Projects/ros2_ws/install/realsense2_camera_msgs/include/realsense2_camera_msgs/msg/detail\n'}
[0.793465] (realsense2_camera_msgs) StdoutLine: {'line': b'-- Up-to-date: /home/user/Projects/ros2_ws/install/realsense2_camera_msgs/include/realsense2_camera_msgs/msg/detail/extrinsics__type_support.cpp\n'}
[0.793516] (realsense2_camera_msgs) StdoutLine: {'line': b'-- Up-to-date: /home/user/Projects/ros2_ws/install/realsense2_camera_msgs/include/realsense2_camera_msgs/msg/detail/extrinsics__rosidl_typesupport_introspection_cpp.hpp\n'}
[0.793568] (realsense2_camera_msgs) StdoutLine: {'line': b'-- Up-to-date: /home/user/Projects/ros2_ws/install/realsense2_camera_msgs/include/realsense2_camera_msgs/msg/detail/metadata__rosidl_typesupport_introspection_cpp.hpp\n'}
[0.793619] (realsense2_camera_msgs) StdoutLine: {'line': b'-- Up-to-date: /home/user/Projects/ros2_ws/install/realsense2_camera_msgs/include/realsense2_camera_msgs/msg/detail/imu_info__rosidl_typesupport_introspection_cpp.hpp\n'}
[0.793674] (realsense2_camera_msgs) StdoutLine: {'line': b'-- Up-to-date: /home/user/Projects/ros2_ws/install/realsense2_camera_msgs/include/realsense2_camera_msgs/msg/detail/imu_info__type_support.cpp\n'}
[0.793725] (realsense2_camera_msgs) StdoutLine: {'line': b'-- Up-to-date: /home/user/Projects/ros2_ws/install/realsense2_camera_msgs/include/realsense2_camera_msgs/msg/detail/metadata__type_support.cpp\n'}
[0.793775] (realsense2_camera_msgs) StdoutLine: {'line': b'-- Up-to-date: /home/user/Projects/ros2_ws/install/realsense2_camera_msgs/lib/librealsense2_camera_msgs__rosidl_typesupport_introspection_cpp.so\n'}
[0.793826] (realsense2_camera_msgs) StdoutLine: {'line': b'-- Up-to-date: /home/user/Projects/ros2_ws/install/realsense2_camera_msgs/lib/librealsense2_camera_msgs__rosidl_typesupport_cpp.so\n'}
[0.793881] (realsense2_camera_msgs) StdoutLine: {'line': b'-- Up-to-date: /home/user/Projects/ros2_ws/install/realsense2_camera_msgs/share/realsense2_camera_msgs/environment/pythonpath.sh\n'}
[0.793931] (realsense2_camera_msgs) StdoutLine: {'line': b'-- Up-to-date: /home/user/Projects/ros2_ws/install/realsense2_camera_msgs/share/realsense2_camera_msgs/environment/pythonpath.dsv\n'}
[0.793982] (realsense2_camera_msgs) StdoutLine: {'line': b'-- Up-to-date: /home/user/Projects/ros2_ws/install/realsense2_camera_msgs/lib/python3.8/site-packages/realsense2_camera_msgs/__init__.py\n'}
[0.800891] (-) TimerEvent: {}
[0.820821] (realsense2_camera_msgs) StdoutLine: {'line': b'-- Up-to-date: /home/user/Projects/ros2_ws/install/realsense2_camera_msgs/lib/python3.8/site-packages/realsense2_camera_msgs/msg\n'}
[0.821116] (realsense2_camera_msgs) StdoutLine: {'line': b'-- Up-to-date: /home/user/Projects/ros2_ws/install/realsense2_camera_msgs/lib/python3.8/site-packages/realsense2_camera_msgs/msg/_metadata_s.c\n'}
[0.821196] (realsense2_camera_msgs) StdoutLine: {'line': b'-- Up-to-date: /home/user/Projects/ros2_ws/install/realsense2_camera_msgs/lib/python3.8/site-packages/realsense2_camera_msgs/msg/_imu_info.py\n'}
[0.821255] (realsense2_camera_msgs) StdoutLine: {'line': b'-- Up-to-date: /home/user/Projects/ros2_ws/install/realsense2_camera_msgs/lib/python3.8/site-packages/realsense2_camera_msgs/msg/_extrinsics.py\n'}
[0.821308] (realsense2_camera_msgs) StdoutLine: {'line': b'-- Up-to-date: /home/user/Projects/ros2_ws/install/realsense2_camera_msgs/lib/python3.8/site-packages/realsense2_camera_msgs/msg/__init__.py\n'}
[0.821360] (realsense2_camera_msgs) StdoutLine: {'line': b'-- Up-to-date: /home/user/Projects/ros2_ws/install/realsense2_camera_msgs/lib/python3.8/site-packages/realsense2_camera_msgs/msg/_extrinsics_s.c\n'}
[0.821447] (realsense2_camera_msgs) StdoutLine: {'line': b'-- Up-to-date: /home/user/Projects/ros2_ws/install/realsense2_camera_msgs/lib/python3.8/site-packages/realsense2_camera_msgs/msg/_metadata.py\n'}
[0.821500] (realsense2_camera_msgs) StdoutLine: {'line': b'-- Up-to-date: /home/user/Projects/ros2_ws/install/realsense2_camera_msgs/lib/python3.8/site-packages/realsense2_camera_msgs/msg/_imu_info_s.c\n'}
[0.821552] (realsense2_camera_msgs) StdoutLine: {'line': b'-- Up-to-date: /home/user/Projects/ros2_ws/install/realsense2_camera_msgs/lib/python3.8/site-packages/realsense2_camera_msgs/srv\n'}
[0.821604] (realsense2_camera_msgs) StdoutLine: {'line': b'-- Up-to-date: /home/user/Projects/ros2_ws/install/realsense2_camera_msgs/lib/python3.8/site-packages/realsense2_camera_msgs/srv/_device_info_s.c\n'}
[0.821655] (realsense2_camera_msgs) StdoutLine: {'line': b'-- Up-to-date: /home/user/Projects/ros2_ws/install/realsense2_camera_msgs/lib/python3.8/site-packages/realsense2_camera_msgs/srv/__init__.py\n'}
[0.821725] (realsense2_camera_msgs) StdoutLine: {'line': b'-- Up-to-date: /home/user/Projects/ros2_ws/install/realsense2_camera_msgs/lib/python3.8/site-packages/realsense2_camera_msgs/srv/_device_info.py\n'}
[0.821793] (realsense2_camera_msgs) StdoutLine: {'line': b'-- Up-to-date: /home/user/Projects/ros2_ws/install/realsense2_camera_msgs/lib/python3.8/site-packages/realsense2_camera_msgs/realsense2_camera_msgs_s__rosidl_typesupport_fastrtps_c.cpython-38-x86_64-linux-gnu.so\n'}
[0.822104] (realsense2_camera_msgs) StdoutLine: {'line': b'-- Up-to-date: /home/user/Projects/ros2_ws/install/realsense2_camera_msgs/lib/python3.8/site-packages/realsense2_camera_msgs/realsense2_camera_msgs_s__rosidl_typesupport_introspection_c.cpython-38-x86_64-linux-gnu.so\n'}
[0.822723] (realsense2_camera_msgs) StdoutLine: {'line': b'-- Up-to-date: /home/user/Projects/ros2_ws/install/realsense2_camera_msgs/lib/python3.8/site-packages/realsense2_camera_msgs/realsense2_camera_msgs_s__rosidl_typesupport_c.cpython-38-x86_64-linux-gnu.so\n'}
[0.823213] (realsense2_camera_msgs) StdoutLine: {'line': b'-- Up-to-date: /home/user/Projects/ros2_ws/install/realsense2_camera_msgs/lib/librealsense2_camera_msgs__python.so\n'}
[0.823396] (realsense2_camera_msgs) StdoutLine: {'line': b'-- Up-to-date: /home/user/Projects/ros2_ws/install/realsense2_camera_msgs/share/realsense2_camera_msgs/msg/IMUInfo.idl\n'}
[0.823527] (realsense2_camera_msgs) StdoutLine: {'line': b'-- Up-to-date: /home/user/Projects/ros2_ws/install/realsense2_camera_msgs/share/realsense2_camera_msgs/msg/Extrinsics.idl\n'}
[0.823628] (realsense2_camera_msgs) StdoutLine: {'line': b'-- Up-to-date: /home/user/Projects/ros2_ws/install/realsense2_camera_msgs/share/realsense2_camera_msgs/msg/Metadata.idl\n'}
[0.823722] (realsense2_camera_msgs) StdoutLine: {'line': b'-- Up-to-date: /home/user/Projects/ros2_ws/install/realsense2_camera_msgs/share/realsense2_camera_msgs/srv/DeviceInfo.idl\n'}
[0.823841] (realsense2_camera_msgs) StdoutLine: {'line': b'-- Up-to-date: /home/user/Projects/ros2_ws/install/realsense2_camera_msgs/share/realsense2_camera_msgs/msg/IMUInfo.msg\n'}
[0.823929] (realsense2_camera_msgs) StdoutLine: {'line': b'-- Up-to-date: /home/user/Projects/ros2_ws/install/realsense2_camera_msgs/share/realsense2_camera_msgs/msg/Extrinsics.msg\n'}
[0.823998] (realsense2_camera_msgs) StdoutLine: {'line': b'-- Up-to-date: /home/user/Projects/ros2_ws/install/realsense2_camera_msgs/share/realsense2_camera_msgs/msg/Metadata.msg\n'}
[0.824075] (realsense2_camera_msgs) StdoutLine: {'line': b'-- Up-to-date: /home/user/Projects/ros2_ws/install/realsense2_camera_msgs/share/realsense2_camera_msgs/srv/DeviceInfo.srv\n'}
[0.824143] (realsense2_camera_msgs) StdoutLine: {'line': b'-- Up-to-date: /home/user/Projects/ros2_ws/install/realsense2_camera_msgs/share/realsense2_camera_msgs/srv/DeviceInfo_Request.msg\n'}
[0.824212] (realsense2_camera_msgs) StdoutLine: {'line': b'-- Up-to-date: /home/user/Projects/ros2_ws/install/realsense2_camera_msgs/share/realsense2_camera_msgs/srv/DeviceInfo_Response.msg\n'}
[0.824315] (realsense2_camera_msgs) StdoutLine: {'line': b'-- Up-to-date: /home/user/Projects/ros2_ws/install/realsense2_camera_msgs/share/ament_index/resource_index/package_run_dependencies/realsense2_camera_msgs\n'}
[0.824400] (realsense2_camera_msgs) StdoutLine: {'line': b'-- Up-to-date: /home/user/Projects/ros2_ws/install/realsense2_camera_msgs/share/ament_index/resource_index/parent_prefix_path/realsense2_camera_msgs\n'}
[0.824480] (realsense2_camera_msgs) StdoutLine: {'line': b'-- Up-to-date: /home/user/Projects/ros2_ws/install/realsense2_camera_msgs/share/realsense2_camera_msgs/environment/ament_prefix_path.sh\n'}
[0.824532] (realsense2_camera_msgs) StdoutLine: {'line': b'-- Up-to-date: /home/user/Projects/ros2_ws/install/realsense2_camera_msgs/share/realsense2_camera_msgs/environment/ament_prefix_path.dsv\n'}
[0.824584] (realsense2_camera_msgs) StdoutLine: {'line': b'-- Up-to-date: /home/user/Projects/ros2_ws/install/realsense2_camera_msgs/share/realsense2_camera_msgs/environment/path.sh\n'}
[0.824649] (realsense2_camera_msgs) StdoutLine: {'line': b'-- Up-to-date: /home/user/Projects/ros2_ws/install/realsense2_camera_msgs/share/realsense2_camera_msgs/environment/path.dsv\n'}
[0.824700] (realsense2_camera_msgs) StdoutLine: {'line': b'-- Up-to-date: /home/user/Projects/ros2_ws/install/realsense2_camera_msgs/share/realsense2_camera_msgs/local_setup.bash\n'}
[0.824751] (realsense2_camera_msgs) StdoutLine: {'line': b'-- Up-to-date: /home/user/Projects/ros2_ws/install/realsense2_camera_msgs/share/realsense2_camera_msgs/local_setup.sh\n'}
[0.824819] (realsense2_camera_msgs) StdoutLine: {'line': b'-- Up-to-date: /home/user/Projects/ros2_ws/install/realsense2_camera_msgs/share/realsense2_camera_msgs/local_setup.zsh\n'}
[0.824884] (realsense2_camera_msgs) StdoutLine: {'line': b'-- Up-to-date: /home/user/Projects/ros2_ws/install/realsense2_camera_msgs/share/realsense2_camera_msgs/local_setup.dsv\n'}
[0.824944] (realsense2_camera_msgs) StdoutLine: {'line': b'-- Installing: /home/user/Projects/ros2_ws/install/realsense2_camera_msgs/share/realsense2_camera_msgs/package.dsv\n'}
[0.824996] (realsense2_camera_msgs) StdoutLine: {'line': b'-- Up-to-date: /home/user/Projects/ros2_ws/install/realsense2_camera_msgs/share/ament_index/resource_index/packages/realsense2_camera_msgs\n'}
[0.825054] (realsense2_camera_msgs) StdoutLine: {'line': b'-- Up-to-date: /home/user/Projects/ros2_ws/install/realsense2_camera_msgs/share/realsense2_camera_msgs/cmake/realsense2_camera_msgs__rosidl_generator_cExport.cmake\n'}
[0.825135] (realsense2_camera_msgs) StdoutLine: {'line': b'-- Up-to-date: /home/user/Projects/ros2_ws/install/realsense2_camera_msgs/share/realsense2_camera_msgs/cmake/realsense2_camera_msgs__rosidl_generator_cExport-noconfig.cmake\n'}
[0.825207] (realsense2_camera_msgs) StdoutLine: {'line': b'-- Up-to-date: /home/user/Projects/ros2_ws/install/realsense2_camera_msgs/share/realsense2_camera_msgs/cmake/realsense2_camera_msgs__rosidl_typesupport_introspection_cExport.cmake\n'}
[0.825290] (realsense2_camera_msgs) StdoutLine: {'line': b'-- Up-to-date: /home/user/Projects/ros2_ws/install/realsense2_camera_msgs/share/realsense2_camera_msgs/cmake/realsense2_camera_msgs__rosidl_typesupport_introspection_cExport-noconfig.cmake\n'}
[0.825343] (realsense2_camera_msgs) StdoutLine: {'line': b'-- Up-to-date: /home/user/Projects/ros2_ws/install/realsense2_camera_msgs/share/realsense2_camera_msgs/cmake/realsense2_camera_msgs__rosidl_typesupport_cExport.cmake\n'}
[0.825393] (realsense2_camera_msgs) StdoutLine: {'line': b'-- Up-to-date: /home/user/Projects/ros2_ws/install/realsense2_camera_msgs/share/realsense2_camera_msgs/cmake/realsense2_camera_msgs__rosidl_typesupport_cExport-noconfig.cmake\n'}
[0.825460] (realsense2_camera_msgs) StdoutLine: {'line': b'-- Up-to-date: /home/user/Projects/ros2_ws/install/realsense2_camera_msgs/share/realsense2_camera_msgs/cmake/realsense2_camera_msgs__rosidl_generator_cppExport.cmake\n'}
[0.825599] (realsense2_camera_msgs) StdoutLine: {'line': b'-- Up-to-date: /home/user/Projects/ros2_ws/install/realsense2_camera_msgs/share/realsense2_camera_msgs/cmake/realsense2_camera_msgs__rosidl_typesupport_introspection_cppExport.cmake\n'}
[0.825666] (realsense2_camera_msgs) StdoutLine: {'line': b'-- Up-to-date: /home/user/Projects/ros2_ws/install/realsense2_camera_msgs/share/realsense2_camera_msgs/cmake/realsense2_camera_msgs__rosidl_typesupport_introspection_cppExport-noconfig.cmake\n'}
[0.825808] (realsense2_camera_msgs) StdoutLine: {'line': b'-- Up-to-date: /home/user/Projects/ros2_ws/install/realsense2_camera_msgs/share/realsense2_camera_msgs/cmake/realsense2_camera_msgs__rosidl_typesupport_cppExport.cmake\n'}
[0.825891] (realsense2_camera_msgs) StdoutLine: {'line': b'-- Up-to-date: /home/user/Projects/ros2_ws/install/realsense2_camera_msgs/share/realsense2_camera_msgs/cmake/realsense2_camera_msgs__rosidl_typesupport_cppExport-noconfig.cmake\n'}
[0.825963] (realsense2_camera_msgs) StdoutLine: {'line': b'-- Up-to-date: /home/user/Projects/ros2_ws/install/realsense2_camera_msgs/share/realsense2_camera_msgs/cmake/rosidl_cmake-extras.cmake\n'}
[0.826046] (realsense2_camera_msgs) StdoutLine: {'line': b'-- Up-to-date: /home/user/Projects/ros2_ws/install/realsense2_camera_msgs/share/realsense2_camera_msgs/cmake/ament_cmake_export_dependencies-extras.cmake\n'}
[0.826113] (realsense2_camera_msgs) StdoutLine: {'line': b'-- Up-to-date: /home/user/Projects/ros2_ws/install/realsense2_camera_msgs/share/realsense2_camera_msgs/cmake/ament_cmake_export_libraries-extras.cmake\n'}
[0.826192] (realsense2_camera_msgs) StdoutLine: {'line': b'-- Up-to-date: /home/user/Projects/ros2_ws/install/realsense2_camera_msgs/share/realsense2_camera_msgs/cmake/ament_cmake_export_targets-extras.cmake\n'}
[0.826260] (realsense2_camera_msgs) StdoutLine: {'line': b'-- Up-to-date: /home/user/Projects/ros2_ws/install/realsense2_camera_msgs/share/realsense2_camera_msgs/cmake/ament_cmake_export_include_directories-extras.cmake\n'}
[0.826334] (realsense2_camera_msgs) StdoutLine: {'line': b'-- Up-to-date: /home/user/Projects/ros2_ws/install/realsense2_camera_msgs/share/realsense2_camera_msgs/cmake/rosidl_cmake_export_typesupport_libraries-extras.cmake\n'}
[0.826401] (realsense2_camera_msgs) StdoutLine: {'line': b'-- Up-to-date: /home/user/Projects/ros2_ws/install/realsense2_camera_msgs/share/realsense2_camera_msgs/cmake/rosidl_cmake_export_typesupport_targets-extras.cmake\n'}
[0.826456] (realsense2_camera_msgs) StdoutLine: {'line': b'-- Up-to-date: /home/user/Projects/ros2_ws/install/realsense2_camera_msgs/share/realsense2_camera_msgs/cmake/realsense2_camera_msgsConfig.cmake\n'}
[0.826507] (realsense2_camera_msgs) StdoutLine: {'line': b'-- Up-to-date: /home/user/Projects/ros2_ws/install/realsense2_camera_msgs/share/realsense2_camera_msgs/cmake/realsense2_camera_msgsConfig-version.cmake\n'}
[0.826558] (realsense2_camera_msgs) StdoutLine: {'line': b'-- Up-to-date: /home/user/Projects/ros2_ws/install/realsense2_camera_msgs/share/realsense2_camera_msgs/package.xml\n'}
[0.828631] (realsense2_camera_msgs) CommandEnded: {'returncode': 0}
[0.901027] (-) TimerEvent: {}
[0.934610] (realsense2_camera_msgs) JobEnded: {'identifier': 'realsense2_camera_msgs', 'rc': 0}
[0.935274] (realsense2_camera) JobStarted: {'identifier': 'realsense2_camera'}
[0.939557] (realsense2_description) JobStarted: {'identifier': 'realsense2_description'}
[0.946637] (realsense2_camera) JobProgress: {'identifier': 'realsense2_camera', 'progress': 'cmake'}
[0.947655] (realsense2_camera) JobProgress: {'identifier': 'realsense2_camera', 'progress': 'build'}
[0.948934] (realsense2_camera) Command: {'cmd': ['/usr/bin/cmake', '--build', '/home/user/Projects/ros2_ws/build/realsense2_camera', '--', '-j12', '-l12'], 'cwd': '/home/user/Projects/ros2_ws/build/realsense2_camera', 'env': OrderedDict([('HOSTNAME', 'GS65-Ubuntu'), ('SHLVL', '1'), ('LD_LIBRARY_PATH', '/home/user/Projects/ros2_ws/install/realsense2_camera_msgs/lib:/home/user/Projects/ros2_ws/install/realsense2_camera/lib:/opt/ros/foxy/opt/yaml_cpp_vendor/lib:/opt/ros/foxy/opt/rviz_ogre_vendor/lib:/opt/ros/foxy/lib/x86_64-linux-gnu:/opt/ros/foxy/lib'), ('HOME', '/home/user'), ('OLDPWD', '/home/user'), ('PYTHONUNBUFFERED', '1'), ('ROS_PYTHON_VERSION', '3'), ('_colcon_cd_root', '/home/user/Projects/dev_ws'), ('COLCON_PREFIX_PATH', '/home/user/Projects/ros2_ws/install'), ('ROS_DISTRO', 'foxy'), ('PROXIMITY', '1'), ('_', '/usr/bin/colcon'), ('ROS_VERSION', '2'), ('NVIDIA_DRIVER_CAPABILITIES', 'graphics'), ('TERM', 'xterm'), ('ROS_LOCALHOST_ONLY', '0'), ('QT_X11_NO_MITSHM', '1'), ('PATH', '/home/user/.local/bin:/opt/ros/foxy/bin:/home/user/bin:/usr/local/sbin:/usr/local/bin:/usr/sbin:/usr/bin:/sbin:/bin'), ('DISPLAY', ':1'), ('LANG', 'C.UTF-8'), ('LS_COLORS', ':di=1;33:ln=36'), ('AMENT_PREFIX_PATH', '/home/user/Projects/ros2_ws/install/realsense2_description:/home/user/Projects/ros2_ws/install/realsense2_camera:/home/user/Projects/ros2_ws/install/realsense2_camera_msgs:/home/user/Projects/ros2_ws/install/object_avoidance:/opt/ros/foxy'), ('DEFAULT_THROTTLE', '30'), ('AVOIDANCE_DISTANCE', '5'), ('PWD', '/home/user/Projects/ros2_ws/build/realsense2_camera'), ('END_NODE_ID', '140'), ('LC_ALL', 'C.UTF-8'), ('PYTHONPATH', '/home/user/Projects/ros2_ws/install/realsense2_camera_msgs/lib/python3.8/site-packages:/home/user/Projects/ros2_ws/install/object_avoidance/lib/python3.8/site-packages:/opt/ros/foxy/lib/python3.8/site-packages'), ('NVIDIA_VISIBLE_DEVICES', 'all'), ('COLCON', '1'), ('CMAKE_PREFIX_PATH', '/home/user/Projects/ros2_ws/install/realsense2_camera_msgs:/home/user/Projects/ros2_ws/install/realsense2_description:/home/user/Projects/ros2_ws/install/realsense2_camera:/home/user/Projects/ros2_ws/install/object_avoidance:/opt/ros/foxy'), ('AVOIDANCE_ANGLE', '20')]), 'shell': False}
[0.951140] (realsense2_description) JobProgress: {'identifier': 'realsense2_description', 'progress': 'cmake'}
[0.951625] (realsense2_description) JobProgress: {'identifier': 'realsense2_description', 'progress': 'build'}
[0.952836] (realsense2_description) Command: {'cmd': ['/usr/bin/cmake', '--build', '/home/user/Projects/ros2_ws/build/realsense2_description', '--', '-j12', '-l12'], 'cwd': '/home/user/Projects/ros2_ws/build/realsense2_description', 'env': OrderedDict([('HOSTNAME', 'GS65-Ubuntu'), ('SHLVL', '1'), ('LD_LIBRARY_PATH', '/home/user/Projects/ros2_ws/install/realsense2_camera_msgs/lib:/home/user/Projects/ros2_ws/install/realsense2_camera/lib:/opt/ros/foxy/opt/yaml_cpp_vendor/lib:/opt/ros/foxy/opt/rviz_ogre_vendor/lib:/opt/ros/foxy/lib/x86_64-linux-gnu:/opt/ros/foxy/lib'), ('HOME', '/home/user'), ('OLDPWD', '/home/user'), ('PYTHONUNBUFFERED', '1'), ('ROS_PYTHON_VERSION', '3'), ('_colcon_cd_root', '/home/user/Projects/dev_ws'), ('COLCON_PREFIX_PATH', '/home/user/Projects/ros2_ws/install'), ('ROS_DISTRO', 'foxy'), ('PROXIMITY', '1'), ('_', '/usr/bin/colcon'), ('ROS_VERSION', '2'), ('NVIDIA_DRIVER_CAPABILITIES', 'graphics'), ('TERM', 'xterm'), ('ROS_LOCALHOST_ONLY', '0'), ('QT_X11_NO_MITSHM', '1'), ('PATH', '/home/user/.local/bin:/opt/ros/foxy/bin:/home/user/bin:/usr/local/sbin:/usr/local/bin:/usr/sbin:/usr/bin:/sbin:/bin'), ('DISPLAY', ':1'), ('LANG', 'C.UTF-8'), ('LS_COLORS', ':di=1;33:ln=36'), ('AMENT_PREFIX_PATH', '/home/user/Projects/ros2_ws/install/realsense2_description:/home/user/Projects/ros2_ws/install/realsense2_camera:/home/user/Projects/ros2_ws/install/realsense2_camera_msgs:/home/user/Projects/ros2_ws/install/object_avoidance:/opt/ros/foxy'), ('DEFAULT_THROTTLE', '30'), ('AVOIDANCE_DISTANCE', '5'), ('PWD', '/home/user/Projects/ros2_ws/build/realsense2_description'), ('END_NODE_ID', '140'), ('LC_ALL', 'C.UTF-8'), ('PYTHONPATH', '/home/user/Projects/ros2_ws/install/realsense2_camera_msgs/lib/python3.8/site-packages:/home/user/Projects/ros2_ws/install/object_avoidance/lib/python3.8/site-packages:/opt/ros/foxy/lib/python3.8/site-packages'), ('NVIDIA_VISIBLE_DEVICES', 'all'), ('COLCON', '1'), ('CMAKE_PREFIX_PATH', '/home/user/Projects/ros2_ws/install/realsense2_camera_msgs:/home/user/Projects/ros2_ws/install/realsense2_description:/home/user/Projects/ros2_ws/install/realsense2_camera:/home/user/Projects/ros2_ws/install/object_avoidance:/opt/ros/foxy'), ('AVOIDANCE_ANGLE', '20')]), 'shell': False}
[0.987280] (realsense2_description) CommandEnded: {'returncode': 0}
[1.001148] (-) TimerEvent: {}
[1.005133] (realsense2_camera) StdoutLine: {'line': b'[ 12%] Built target realsense2_camera_node\n'}
[1.007670] (realsense2_description) JobProgress: {'identifier': 'realsense2_description', 'progress': 'install'}
[1.007865] (realsense2_description) Command: {'cmd': ['/usr/bin/cmake', '--install', '/home/user/Projects/ros2_ws/build/realsense2_description'], 'cwd': '/home/user/Projects/ros2_ws/build/realsense2_description', 'env': OrderedDict([('HOSTNAME', 'GS65-Ubuntu'), ('SHLVL', '1'), ('LD_LIBRARY_PATH', '/home/user/Projects/ros2_ws/install/realsense2_camera_msgs/lib:/home/user/Projects/ros2_ws/install/realsense2_camera/lib:/opt/ros/foxy/opt/yaml_cpp_vendor/lib:/opt/ros/foxy/opt/rviz_ogre_vendor/lib:/opt/ros/foxy/lib/x86_64-linux-gnu:/opt/ros/foxy/lib'), ('HOME', '/home/user'), ('OLDPWD', '/home/user'), ('PYTHONUNBUFFERED', '1'), ('ROS_PYTHON_VERSION', '3'), ('_colcon_cd_root', '/home/user/Projects/dev_ws'), ('COLCON_PREFIX_PATH', '/home/user/Projects/ros2_ws/install'), ('ROS_DISTRO', 'foxy'), ('PROXIMITY', '1'), ('_', '/usr/bin/colcon'), ('ROS_VERSION', '2'), ('NVIDIA_DRIVER_CAPABILITIES', 'graphics'), ('TERM', 'xterm'), ('ROS_LOCALHOST_ONLY', '0'), ('QT_X11_NO_MITSHM', '1'), ('PATH', '/home/user/.local/bin:/opt/ros/foxy/bin:/home/user/bin:/usr/local/sbin:/usr/local/bin:/usr/sbin:/usr/bin:/sbin:/bin'), ('DISPLAY', ':1'), ('LANG', 'C.UTF-8'), ('LS_COLORS', ':di=1;33:ln=36'), ('AMENT_PREFIX_PATH', '/home/user/Projects/ros2_ws/install/realsense2_description:/home/user/Projects/ros2_ws/install/realsense2_camera:/home/user/Projects/ros2_ws/install/realsense2_camera_msgs:/home/user/Projects/ros2_ws/install/object_avoidance:/opt/ros/foxy'), ('DEFAULT_THROTTLE', '30'), ('AVOIDANCE_DISTANCE', '5'), ('PWD', '/home/user/Projects/ros2_ws/build/realsense2_description'), ('END_NODE_ID', '140'), ('LC_ALL', 'C.UTF-8'), ('PYTHONPATH', '/home/user/Projects/ros2_ws/install/realsense2_camera_msgs/lib/python3.8/site-packages:/home/user/Projects/ros2_ws/install/object_avoidance/lib/python3.8/site-packages:/opt/ros/foxy/lib/python3.8/site-packages'), ('NVIDIA_VISIBLE_DEVICES', 'all'), ('COLCON', '1'), ('CMAKE_PREFIX_PATH', '/home/user/Projects/ros2_ws/install/realsense2_camera_msgs:/home/user/Projects/ros2_ws/install/realsense2_description:/home/user/Projects/ros2_ws/install/realsense2_camera:/home/user/Projects/ros2_ws/install/object_avoidance:/opt/ros/foxy'), ('AVOIDANCE_ANGLE', '20')]), 'shell': False}
[1.015333] (realsense2_description) StdoutLine: {'line': b'-- Install configuration: ""\n'}
[1.015523] (realsense2_description) StdoutLine: {'line': b'-- Up-to-date: /home/user/Projects/ros2_ws/install/realsense2_description/share/realsense2_description/launch\n'}
[1.015665] (realsense2_description) StdoutLine: {'line': b'-- Up-to-date: /home/user/Projects/ros2_ws/install/realsense2_description/share/realsense2_description/launch/view_model.launch.py\n'}
[1.015804] (realsense2_description) StdoutLine: {'line': b'-- Up-to-date: /home/user/Projects/ros2_ws/install/realsense2_description/share/realsense2_description/launch/launch_utils.py\n'}
[1.015921] (realsense2_description) StdoutLine: {'line': b'-- Up-to-date: /home/user/Projects/ros2_ws/install/realsense2_description/share/realsense2_description/meshes\n'}
[1.015977] (realsense2_description) StdoutLine: {'line': b'-- Up-to-date: /home/user/Projects/ros2_ws/install/realsense2_description/share/realsense2_description/meshes/d455.stl\n'}
[1.016045] (realsense2_description) StdoutLine: {'line': b'-- Up-to-date: /home/user/Projects/ros2_ws/install/realsense2_description/share/realsense2_description/meshes/plug.stl\n'}
[1.016114] (realsense2_description) StdoutLine: {'line': b'-- Up-to-date: /home/user/Projects/ros2_ws/install/realsense2_description/share/realsense2_description/meshes/d415.stl\n'}
[1.016195] (realsense2_description) StdoutLine: {'line': b'-- Up-to-date: /home/user/Projects/ros2_ws/install/realsense2_description/share/realsense2_description/meshes/l515.dae\n'}
[1.016265] (realsense2_description) StdoutLine: {'line': b'-- Up-to-date: /home/user/Projects/ros2_ws/install/realsense2_description/share/realsense2_description/meshes/d435.dae\n'}
[1.016334] (realsense2_description) StdoutLine: {'line': b'-- Up-to-date: /home/user/Projects/ros2_ws/install/realsense2_description/share/realsense2_description/meshes/plug_collision.stl\n'}
[1.016413] (realsense2_description) StdoutLine: {'line': b'-- Up-to-date: /home/user/Projects/ros2_ws/install/realsense2_description/share/realsense2_description/rviz\n'}
[1.016489] (realsense2_description) StdoutLine: {'line': b'-- Up-to-date: /home/user/Projects/ros2_ws/install/realsense2_description/share/realsense2_description/rviz/urdf.rviz\n'}
[1.016557] (realsense2_description) StdoutLine: {'line': b'-- Up-to-date: /home/user/Projects/ros2_ws/install/realsense2_description/share/realsense2_description/urdf\n'}
[1.016610] (realsense2_description) StdoutLine: {'line': b'-- Up-to-date: /home/user/Projects/ros2_ws/install/realsense2_description/share/realsense2_description/urdf/_d435i_imu_modules.urdf.xacro\n'}
[1.016663] (realsense2_description) StdoutLine: {'line': b'-- Up-to-date: /home/user/Projects/ros2_ws/install/realsense2_description/share/realsense2_description/urdf/_r430.urdf.xacro\n'}
[1.016729] (realsense2_description) StdoutLine: {'line': b'-- Up-to-date: /home/user/Projects/ros2_ws/install/realsense2_description/share/realsense2_description/urdf/_r410.urdf.xacro\n'}
[1.016808] (realsense2_description) StdoutLine: {'line': b'-- Up-to-date: /home/user/Projects/ros2_ws/install/realsense2_description/share/realsense2_description/urdf/_d455.urdf.xacro\n'}
[1.016877] (realsense2_description) StdoutLine: {'line': b'-- Up-to-date: /home/user/Projects/ros2_ws/install/realsense2_description/share/realsense2_description/urdf/test_d455_camera.urdf.xacro\n'}
[1.016930] (realsense2_description) StdoutLine: {'line': b'-- Up-to-date: /home/user/Projects/ros2_ws/install/realsense2_description/share/realsense2_description/urdf/test_d435_multiple_cameras.urdf.xacro\n'}
[1.016985] (realsense2_description) StdoutLine: {'line': b'-- Up-to-date: /home/user/Projects/ros2_ws/install/realsense2_description/share/realsense2_description/urdf/_d435i.urdf.xacro\n'}
[1.017037] (realsense2_description) StdoutLine: {'line': b'-- Up-to-date: /home/user/Projects/ros2_ws/install/realsense2_description/share/realsense2_description/urdf/test_d415_camera.urdf.xacro\n'}
[1.017094] (realsense2_description) StdoutLine: {'line': b'-- Up-to-date: /home/user/Projects/ros2_ws/install/realsense2_description/share/realsense2_description/urdf/_d415.urdf.xacro\n'}
[1.017147] (realsense2_description) StdoutLine: {'line': b'-- Up-to-date: /home/user/Projects/ros2_ws/install/realsense2_description/share/realsense2_description/urdf/test_d435_camera.urdf.xacro\n'}
[1.017199] (realsense2_description) StdoutLine: {'line': b'-- Up-to-date: /home/user/Projects/ros2_ws/install/realsense2_description/share/realsense2_description/urdf/_usb_plug.urdf.xacro\n'}
[1.017252] (realsense2_description) StdoutLine: {'line': b'-- Up-to-date: /home/user/Projects/ros2_ws/install/realsense2_description/share/realsense2_description/urdf/test_d435i_camera.urdf.xacro\n'}
[1.017304] (realsense2_description) StdoutLine: {'line': b'-- Up-to-date: /home/user/Projects/ros2_ws/install/realsense2_description/share/realsense2_description/urdf/test_l515_camera.urdf.xacro\n'}
[1.017356] (realsense2_description) StdoutLine: {'line': b'-- Up-to-date: /home/user/Projects/ros2_ws/install/realsense2_description/share/realsense2_description/urdf/test_r430_camera.urdf.xacro\n'}
[1.017408] (realsense2_description) StdoutLine: {'line': b'-- Up-to-date: /home/user/Projects/ros2_ws/install/realsense2_description/share/realsense2_description/urdf/_l515.urdf.xacro\n'}
[1.017460] (realsense2_description) StdoutLine: {'line': b'-- Up-to-date: /home/user/Projects/ros2_ws/install/realsense2_description/share/realsense2_description/urdf/test_r410_camera.urdf.xacro\n'}
[1.017512] (realsense2_description) StdoutLine: {'line': b'-- Up-to-date: /home/user/Projects/ros2_ws/install/realsense2_description/share/realsense2_description/urdf/_d435.urdf.xacro\n'}
[1.017563] (realsense2_description) StdoutLine: {'line': b'-- Up-to-date: /home/user/Projects/ros2_ws/install/realsense2_description/share/realsense2_description/urdf/_materials.urdf.xacro\n'}
[1.017848] (realsense2_description) StdoutLine: {'line': b'-- Up-to-date: /home/user/Projects/ros2_ws/install/realsense2_description/share/ament_index/resource_index/package_run_dependencies/realsense2_description\n'}
[1.018090] (realsense2_description) StdoutLine: {'line': b'-- Up-to-date: /home/user/Projects/ros2_ws/install/realsense2_description/share/ament_index/resource_index/parent_prefix_path/realsense2_description\n'}
[1.018296] (realsense2_description) StdoutLine: {'line': b'-- Up-to-date: /home/user/Projects/ros2_ws/install/realsense2_description/share/realsense2_description/environment/ament_prefix_path.sh\n'}
[1.019807] (realsense2_description) StdoutLine: {'line': b'-- Up-to-date: /home/user/Projects/ros2_ws/install/realsense2_description/share/realsense2_description/environment/ament_prefix_path.dsv\n'}
[1.019977] (realsense2_description) StdoutLine: {'line': b'-- Up-to-date: /home/user/Projects/ros2_ws/install/realsense2_description/share/realsense2_description/environment/path.sh\n'}
[1.020125] (realsense2_description) StdoutLine: {'line': b'-- Up-to-date: /home/user/Projects/ros2_ws/install/realsense2_description/share/realsense2_description/environment/path.dsv\n'}
[1.020256] (realsense2_description) StdoutLine: {'line': b'-- Up-to-date: /home/user/Projects/ros2_ws/install/realsense2_description/share/realsense2_description/local_setup.bash\n'}
[1.020385] (realsense2_description) StdoutLine: {'line': b'-- Up-to-date: /home/user/Projects/ros2_ws/install/realsense2_description/share/realsense2_description/local_setup.sh\n'}
[1.020531] (realsense2_description) StdoutLine: {'line': b'-- Up-to-date: /home/user/Projects/ros2_ws/install/realsense2_description/share/realsense2_description/local_setup.zsh\n'}
[1.020669] (realsense2_description) StdoutLine: {'line': b'-- Up-to-date: /home/user/Projects/ros2_ws/install/realsense2_description/share/realsense2_description/local_setup.dsv\n'}
[1.020808] (realsense2_description) StdoutLine: {'line': b'-- Installing: /home/user/Projects/ros2_ws/install/realsense2_description/share/realsense2_description/package.dsv\n'}
[1.020948] (realsense2_description) StdoutLine: {'line': b'-- Up-to-date: /home/user/Projects/ros2_ws/install/realsense2_description/share/ament_index/resource_index/packages/realsense2_description\n'}
[1.021085] (realsense2_description) StdoutLine: {'line': b'-- Up-to-date: /home/user/Projects/ros2_ws/install/realsense2_description/share/realsense2_description/cmake/realsense2_descriptionConfig.cmake\n'}
[1.021220] (realsense2_description) StdoutLine: {'line': b'-- Up-to-date: /home/user/Projects/ros2_ws/install/realsense2_description/share/realsense2_description/cmake/realsense2_descriptionConfig-version.cmake\n'}
[1.021359] (realsense2_description) StdoutLine: {'line': b'-- Up-to-date: /home/user/Projects/ros2_ws/install/realsense2_description/share/realsense2_description/package.xml\n'}
[1.021548] (realsense2_description) CommandEnded: {'returncode': 0}
[1.036951] (realsense2_camera) StdoutLine: {'line': b'[100%] Built target realsense2_camera\n'}
[1.051516] (realsense2_description) JobEnded: {'identifier': 'realsense2_description', 'rc': 0}
[1.052471] (realsense2_camera) CommandEnded: {'returncode': 0}
[1.095278] (realsense2_camera) JobProgress: {'identifier': 'realsense2_camera', 'progress': 'install'}
[1.095464] (realsense2_camera) Command: {'cmd': ['/usr/bin/cmake', '--install', '/home/user/Projects/ros2_ws/build/realsense2_camera'], 'cwd': '/home/user/Projects/ros2_ws/build/realsense2_camera', 'env': OrderedDict([('HOSTNAME', 'GS65-Ubuntu'), ('SHLVL', '1'), ('LD_LIBRARY_PATH', '/home/user/Projects/ros2_ws/install/realsense2_camera_msgs/lib:/home/user/Projects/ros2_ws/install/realsense2_camera/lib:/opt/ros/foxy/opt/yaml_cpp_vendor/lib:/opt/ros/foxy/opt/rviz_ogre_vendor/lib:/opt/ros/foxy/lib/x86_64-linux-gnu:/opt/ros/foxy/lib'), ('HOME', '/home/user'), ('OLDPWD', '/home/user'), ('PYTHONUNBUFFERED', '1'), ('ROS_PYTHON_VERSION', '3'), ('_colcon_cd_root', '/home/user/Projects/dev_ws'), ('COLCON_PREFIX_PATH', '/home/user/Projects/ros2_ws/install'), ('ROS_DISTRO', 'foxy'), ('PROXIMITY', '1'), ('_', '/usr/bin/colcon'), ('ROS_VERSION', '2'), ('NVIDIA_DRIVER_CAPABILITIES', 'graphics'), ('TERM', 'xterm'), ('ROS_LOCALHOST_ONLY', '0'), ('QT_X11_NO_MITSHM', '1'), ('PATH', '/home/user/.local/bin:/opt/ros/foxy/bin:/home/user/bin:/usr/local/sbin:/usr/local/bin:/usr/sbin:/usr/bin:/sbin:/bin'), ('DISPLAY', ':1'), ('LANG', 'C.UTF-8'), ('LS_COLORS', ':di=1;33:ln=36'), ('AMENT_PREFIX_PATH', '/home/user/Projects/ros2_ws/install/realsense2_description:/home/user/Projects/ros2_ws/install/realsense2_camera:/home/user/Projects/ros2_ws/install/realsense2_camera_msgs:/home/user/Projects/ros2_ws/install/object_avoidance:/opt/ros/foxy'), ('DEFAULT_THROTTLE', '30'), ('AVOIDANCE_DISTANCE', '5'), ('PWD', '/home/user/Projects/ros2_ws/build/realsense2_camera'), ('END_NODE_ID', '140'), ('LC_ALL', 'C.UTF-8'), ('PYTHONPATH', '/home/user/Projects/ros2_ws/install/realsense2_camera_msgs/lib/python3.8/site-packages:/home/user/Projects/ros2_ws/install/object_avoidance/lib/python3.8/site-packages:/opt/ros/foxy/lib/python3.8/site-packages'), ('NVIDIA_VISIBLE_DEVICES', 'all'), ('COLCON', '1'), ('CMAKE_PREFIX_PATH', '/home/user/Projects/ros2_ws/install/realsense2_camera_msgs:/home/user/Projects/ros2_ws/install/realsense2_description:/home/user/Projects/ros2_ws/install/realsense2_camera:/home/user/Projects/ros2_ws/install/object_avoidance:/opt/ros/foxy'), ('AVOIDANCE_ANGLE', '20')]), 'shell': False}
[1.101212] (-) TimerEvent: {}
[1.102917] (realsense2_camera) StdoutLine: {'line': b'-- Install configuration: "Release"\n'}
[1.103115] (realsense2_camera) StdoutLine: {'line': b'-- Up-to-date: /home/user/Projects/ros2_ws/install/realsense2_camera/lib/realsense2_camera/realsense2_camera_node\n'}
[1.103488] (realsense2_camera) StdoutLine: {'line': b'-- Up-to-date: /home/user/Projects/ros2_ws/install/realsense2_camera/lib/librealsense2_camera.so\n'}
[1.103627] (realsense2_camera) StdoutLine: {'line': b'-- Up-to-date: /home/user/Projects/ros2_ws/install/realsense2_camera/include\n'}
[1.103775] (realsense2_camera) StdoutLine: {'line': b'-- Up-to-date: /home/user/Projects/ros2_ws/install/realsense2_camera/include/ros_utils.h\n'}
[1.103913] (realsense2_camera) StdoutLine: {'line': b'-- Up-to-date: /home/user/Projects/ros2_ws/install/realsense2_camera/include/ros_param_backend.h\n'}
[1.104050] (realsense2_camera) StdoutLine: {'line': b'-- Up-to-date: /home/user/Projects/ros2_ws/install/realsense2_camera/include/realsense_node_factory.h\n'}
[1.104123] (realsense2_camera) StdoutLine: {'line': b'-- Up-to-date: /home/user/Projects/ros2_ws/install/realsense2_camera/include/base_realsense_node.h\n'}
[1.104195] (realsense2_camera) StdoutLine: {'line': b'-- Up-to-date: /home/user/Projects/ros2_ws/install/realsense2_camera/include/profile_manager.h\n'}
[1.104266] (realsense2_camera) StdoutLine: {'line': b'-- Up-to-date: /home/user/Projects/ros2_ws/install/realsense2_camera/include/constants.h\n'}
[1.104348] (realsense2_camera) StdoutLine: {'line': b'-- Up-to-date: /home/user/Projects/ros2_ws/install/realsense2_camera/include/sensor_params.h\n'}
[1.104418] (realsense2_camera) StdoutLine: {'line': b'-- Up-to-date: /home/user/Projects/ros2_ws/install/realsense2_camera/include/named_filter.h\n'}
[1.104499] (realsense2_camera) StdoutLine: {'line': b'-- Up-to-date: /home/user/Projects/ros2_ws/install/realsense2_camera/include/t265_realsense_node.h\n'}
[1.104567] (realsense2_camera) StdoutLine: {'line': b'-- Up-to-date: /home/user/Projects/ros2_ws/install/realsense2_camera/include/ros_sensor.h\n'}
[1.104648] (realsense2_camera) StdoutLine: {'line': b'-- Up-to-date: /home/user/Projects/ros2_ws/install/realsense2_camera/include/image_publisher.h\n'}
[1.104722] (realsense2_camera) StdoutLine: {'line': b'-- Up-to-date: /home/user/Projects/ros2_ws/install/realsense2_camera/include/dynamic_params.h\n'}
[1.104777] (realsense2_camera) StdoutLine: {'line': b'-- Up-to-date: /home/user/Projects/ros2_ws/install/realsense2_camera/share/realsense2_camera/launch\n'}
[1.104830] (realsense2_camera) StdoutLine: {'line': b'-- Up-to-date: /home/user/Projects/ros2_ws/install/realsense2_camera/share/realsense2_camera/launch/rs_intra_process_demo_launch.py\n'}
[1.104898] (realsense2_camera) StdoutLine: {'line': b'-- Up-to-date: /home/user/Projects/ros2_ws/install/realsense2_camera/share/realsense2_camera/launch/rs_multi_camera_launch.py\n'}
[1.104973] (realsense2_camera) StdoutLine: {'line': b'-- Up-to-date: /home/user/Projects/ros2_ws/install/realsense2_camera/share/realsense2_camera/launch/rs_d400_and_t265_launch.py\n'}
[1.105050] (realsense2_camera) StdoutLine: {'line': b'-- Up-to-date: /home/user/Projects/ros2_ws/install/realsense2_camera/share/realsense2_camera/launch/rs_launch.py\n'}
[1.105118] (realsense2_camera) StdoutLine: {'line': b'-- Up-to-date: /home/user/Projects/ros2_ws/install/realsense2_camera/share/realsense2_camera/launch/default.rviz\n'}
[1.105209] (realsense2_camera) StdoutLine: {'line': b'-- Up-to-date: /home/user/Projects/ros2_ws/install/realsense2_camera/share/realsense2_camera/environment/library_path.sh\n'}
[1.105264] (realsense2_camera) StdoutLine: {'line': b'-- Up-to-date: /home/user/Projects/ros2_ws/install/realsense2_camera/share/realsense2_camera/environment/library_path.dsv\n'}
[1.105318] (realsense2_camera) StdoutLine: {'line': b'-- Up-to-date: /home/user/Projects/ros2_ws/install/realsense2_camera/share/ament_index/resource_index/package_run_dependencies/realsense2_camera\n'}
[1.105371] (realsense2_camera) StdoutLine: {'line': b'-- Up-to-date: /home/user/Projects/ros2_ws/install/realsense2_camera/share/ament_index/resource_index/parent_prefix_path/realsense2_camera\n'}
[1.105424] (realsense2_camera) StdoutLine: {'line': b'-- Up-to-date: /home/user/Projects/ros2_ws/install/realsense2_camera/share/realsense2_camera/environment/ament_prefix_path.sh\n'}
[1.105477] (realsense2_camera) StdoutLine: {'line': b'-- Up-to-date: /home/user/Projects/ros2_ws/install/realsense2_camera/share/realsense2_camera/environment/ament_prefix_path.dsv\n'}
[1.105529] (realsense2_camera) StdoutLine: {'line': b'-- Up-to-date: /home/user/Projects/ros2_ws/install/realsense2_camera/share/realsense2_camera/environment/path.sh\n'}
[1.105587] (realsense2_camera) StdoutLine: {'line': b'-- Up-to-date: /home/user/Projects/ros2_ws/install/realsense2_camera/share/realsense2_camera/environment/path.dsv\n'}
[1.105640] (realsense2_camera) StdoutLine: {'line': b'-- Up-to-date: /home/user/Projects/ros2_ws/install/realsense2_camera/share/realsense2_camera/local_setup.bash\n'}
[1.105692] (realsense2_camera) StdoutLine: {'line': b'-- Up-to-date: /home/user/Projects/ros2_ws/install/realsense2_camera/share/realsense2_camera/local_setup.sh\n'}
[1.105745] (realsense2_camera) StdoutLine: {'line': b'-- Up-to-date: /home/user/Projects/ros2_ws/install/realsense2_camera/share/realsense2_camera/local_setup.zsh\n'}
[1.105797] (realsense2_camera) StdoutLine: {'line': b'-- Up-to-date: /home/user/Projects/ros2_ws/install/realsense2_camera/share/realsense2_camera/local_setup.dsv\n'}
[1.105849] (realsense2_camera) StdoutLine: {'line': b'-- Installing: /home/user/Projects/ros2_ws/install/realsense2_camera/share/realsense2_camera/package.dsv\n'}
[1.105902] (realsense2_camera) StdoutLine: {'line': b'-- Up-to-date: /home/user/Projects/ros2_ws/install/realsense2_camera/share/ament_index/resource_index/packages/realsense2_camera\n'}
[1.105954] (realsense2_camera) StdoutLine: {'line': b'-- Up-to-date: /home/user/Projects/ros2_ws/install/realsense2_camera/share/ament_index/resource_index/rclcpp_components/realsense2_camera\n'}
[1.106110] (realsense2_camera) StdoutLine: {'line': b'-- Up-to-date: /home/user/Projects/ros2_ws/install/realsense2_camera/share/realsense2_camera/cmake/ament_cmake_export_include_directories-extras.cmake\n'}
[1.106273] (realsense2_camera) StdoutLine: {'line': b'-- Up-to-date: /home/user/Projects/ros2_ws/install/realsense2_camera/share/realsense2_camera/cmake/ament_cmake_export_libraries-extras.cmake\n'}
[1.106512] (realsense2_camera) StdoutLine: {'line': b'-- Up-to-date: /home/user/Projects/ros2_ws/install/realsense2_camera/share/realsense2_camera/cmake/ament_cmake_export_dependencies-extras.cmake\n'}
[1.106644] (realsense2_camera) StdoutLine: {'line': b'-- Up-to-date: /home/user/Projects/ros2_ws/install/realsense2_camera/share/realsense2_camera/cmake/realsense2_cameraConfig.cmake\n'}
[1.108073] (realsense2_camera) StdoutLine: {'line': b'-- Up-to-date: /home/user/Projects/ros2_ws/install/realsense2_camera/share/realsense2_camera/cmake/realsense2_cameraConfig-version.cmake\n'}
[1.108188] (realsense2_camera) StdoutLine: {'line': b'-- Up-to-date: /home/user/Projects/ros2_ws/install/realsense2_camera/share/realsense2_camera/package.xml\n'}
[1.108287] (realsense2_camera) CommandEnded: {'returncode': 0}
[1.163322] (realsense2_camera) JobEnded: {'identifier': 'realsense2_camera', 'rc': 0}
[1.201332] (-) TimerEvent: {}
[1.301579] (-) TimerEvent: {}
[1.401821] (-) TimerEvent: {}
[1.502033] (-) TimerEvent: {}
[1.584597] (object_avoidance) Command: {'cmd': ['/usr/bin/python3', 'setup.py', 'egg_info', '--egg-base', '../../build/object_avoidance', 'build', '--build-base', '/home/user/Projects/ros2_ws/build/object_avoidance/build', 'install', '--prefix', '/home/user/Projects/ros2_ws/install/object_avoidance', '--record', '/home/user/Projects/ros2_ws/build/object_avoidance/install.log', '--single-version-externally-managed'], 'cwd': '/home/user/Projects/ros2_ws/src/object_avoidance', 'env': {'HOSTNAME': 'GS65-Ubuntu', 'SHLVL': '1', 'LD_LIBRARY_PATH': '/home/user/Projects/ros2_ws/install/realsense2_camera/lib:/home/user/Projects/ros2_ws/install/realsense2_camera_msgs/lib:/opt/ros/foxy/opt/yaml_cpp_vendor/lib:/opt/ros/foxy/opt/rviz_ogre_vendor/lib:/opt/ros/foxy/lib/x86_64-linux-gnu:/opt/ros/foxy/lib', 'HOME': '/home/user', 'OLDPWD': '/home/user', 'PYTHONUNBUFFERED': '1', 'ROS_PYTHON_VERSION': '3', '_colcon_cd_root': '/home/user/Projects/dev_ws', 'COLCON_PREFIX_PATH': '/home/user/Projects/ros2_ws/install', 'ROS_DISTRO': 'foxy', 'PROXIMITY': '1', '_': '/usr/bin/colcon', 'ROS_VERSION': '2', 'NVIDIA_DRIVER_CAPABILITIES': 'graphics', 'TERM': 'xterm', 'ROS_LOCALHOST_ONLY': '0', 'QT_X11_NO_MITSHM': '1', 'PATH': '/home/user/.local/bin:/opt/ros/foxy/bin:/home/user/bin:/usr/local/sbin:/usr/local/bin:/usr/sbin:/usr/bin:/sbin:/bin', 'DISPLAY': ':1', 'LANG': 'C.UTF-8', 'LS_COLORS': ':di=1;33:ln=36', 'AMENT_PREFIX_PATH': '/home/user/Projects/ros2_ws/install/realsense2_description:/home/user/Projects/ros2_ws/install/realsense2_camera:/home/user/Projects/ros2_ws/install/realsense2_camera_msgs:/home/user/Projects/ros2_ws/install/object_avoidance:/opt/ros/foxy', 'DEFAULT_THROTTLE': '30', 'AVOIDANCE_DISTANCE': '5', 'PWD': '/home/user/Projects/ros2_ws/build/object_avoidance', 'END_NODE_ID': '140', 'LC_ALL': 'C.UTF-8', 'PYTHONPATH': '/home/user/Projects/ros2_ws/install/object_avoidance/lib/python3.8/site-packages:/home/user/Projects/ros2_ws/install/realsense2_camera_msgs/lib/python3.8/site-packages:/home/user/Projects/ros2_ws/install/object_avoidance/lib/python3.8/site-packages:/opt/ros/foxy/lib/python3.8/site-packages', 'NVIDIA_VISIBLE_DEVICES': 'all', 'COLCON': '1', 'CMAKE_PREFIX_PATH': '/home/user/Projects/ros2_ws/install/realsense2_description:/home/user/Projects/ros2_ws/install/realsense2_camera:/home/user/Projects/ros2_ws/install/realsense2_camera_msgs', 'AVOIDANCE_ANGLE': '20'}, 'shell': False}
[1.602143] (-) TimerEvent: {}
[1.702413] (-) TimerEvent: {}
[1.802659] (-) TimerEvent: {}
[1.902905] (-) TimerEvent: {}
[2.003153] (-) TimerEvent: {}
[2.103401] (-) TimerEvent: {}
[2.203648] (-) TimerEvent: {}
[2.303903] (-) TimerEvent: {}
[2.306876] (object_avoidance) StdoutLine: {'line': b'running egg_info\n'}
[2.360921] (object_avoidance) StdoutLine: {'line': b'writing ../../build/object_avoidance/object_avoidance.egg-info/PKG-INFO\n'}
[2.404008] (-) TimerEvent: {}
[2.404593] (object_avoidance) StdoutLine: {'line': b'writing dependency_links to ../../build/object_avoidance/object_avoidance.egg-info/dependency_links.txt\n'}
[2.504120] (-) TimerEvent: {}
[2.536917] (object_avoidance) StdoutLine: {'line': b'writing entry points to ../../build/object_avoidance/object_avoidance.egg-info/entry_points.txt\n'}
[2.604226] (-) TimerEvent: {}
[2.624182] (object_avoidance) StdoutLine: {'line': b'writing requirements to ../../build/object_avoidance/object_avoidance.egg-info/requires.txt\n'}
[2.668542] (object_avoidance) StdoutLine: {'line': b'writing top-level names to ../../build/object_avoidance/object_avoidance.egg-info/top_level.txt\n'}
[2.704332] (-) TimerEvent: {}
[2.733058] (object_avoidance) StdoutLine: {'line': b"reading manifest file '../../build/object_avoidance/object_avoidance.egg-info/SOURCES.txt'\n"}
[2.733847] (object_avoidance) StdoutLine: {'line': b"writing manifest file '../../build/object_avoidance/object_avoidance.egg-info/SOURCES.txt'\n"}
[2.734037] (object_avoidance) StdoutLine: {'line': b'running build\n'}
[2.734122] (object_avoidance) StdoutLine: {'line': b'running build_py\n'}
[2.734301] (object_avoidance) StdoutLine: {'line': b'copying object_avoidance/depth_detection.py -> /home/user/Projects/ros2_ws/build/object_avoidance/build/lib/object_avoidance\n'}
[2.734627] (object_avoidance) StdoutLine: {'line': b'running install\n'}
[2.734772] (object_avoidance) StderrLine: {'line': b'/usr/local/lib/python3.8/dist-packages/setuptools/command/install.py:34: SetuptoolsDeprecationWarning: setup.py install is deprecated. Use build and pip and other standards-based tools.\n'}
[2.734865] (object_avoidance) StderrLine: {'line': b'  warnings.warn(\n'}
[2.739066] (object_avoidance) StdoutLine: {'line': b'running install_lib\n'}
[2.792398] (object_avoidance) StdoutLine: {'line': b'copying /home/user/Projects/ros2_ws/build/object_avoidance/build/lib/object_avoidance/depth_detection.py -> /home/user/Projects/ros2_ws/install/object_avoidance/lib/python3.8/site-packages/object_avoidance\n'}
[2.792896] (object_avoidance) StdoutLine: {'line': b'byte-compiling /home/user/Projects/ros2_ws/install/object_avoidance/lib/python3.8/site-packages/object_avoidance/depth_detection.py to depth_detection.cpython-38.pyc\n'}
[2.793417] (object_avoidance) StdoutLine: {'line': b'running install_data\n'}
[2.802909] (object_avoidance) StdoutLine: {'line': b'running install_egg_info\n'}
[2.804425] (-) TimerEvent: {}
[2.864767] (object_avoidance) StdoutLine: {'line': b"removing '/home/user/Projects/ros2_ws/install/object_avoidance/lib/python3.8/site-packages/object_avoidance-0.0.1-py3.8.egg-info' (and everything under it)\n"}
[2.865012] (object_avoidance) StdoutLine: {'line': b'Copying ../../build/object_avoidance/object_avoidance.egg-info to /home/user/Projects/ros2_ws/install/object_avoidance/lib/python3.8/site-packages/object_avoidance-0.0.1-py3.8.egg-info\n'}
[2.865714] (object_avoidance) StdoutLine: {'line': b'running install_scripts\n'}
[2.904545] (-) TimerEvent: {}
[2.959100] (object_avoidance) StdoutLine: {'line': b'Installing depth_detection script to /home/user/Projects/ros2_ws/install/object_avoidance/lib/object_avoidance\n'}
[2.959486] (object_avoidance) StdoutLine: {'line': b'Installing object_detection script to /home/user/Projects/ros2_ws/install/object_avoidance/lib/object_avoidance\n'}
[2.959694] (object_avoidance) StdoutLine: {'line': b'Installing obstacle_avoidance script to /home/user/Projects/ros2_ws/install/object_avoidance/lib/object_avoidance\n'}
[2.959763] (object_avoidance) StdoutLine: {'line': b'Installing obstacle_brake script to /home/user/Projects/ros2_ws/install/object_avoidance/lib/object_avoidance\n'}
[2.960029] (object_avoidance) StdoutLine: {'line': b"writing list of installed files to '/home/user/Projects/ros2_ws/build/object_avoidance/install.log'\n"}
[2.988376] (object_avoidance) CommandEnded: {'returncode': 0}
[2.993375] (object_avoidance) JobEnded: {'identifier': 'object_avoidance', 'rc': 0}
[2.994220] (-) EventReactorShutdown: {}
