[0.510s] Invoking command in '/home/user/Projects/ros2_ws/src/object_avoidance': PYTHONPATH=/home/user/Projects/ros2_ws/install/object_avoidance/lib/python3.8/site-packages:${PYTHONPATH} /usr/bin/python3 setup.py egg_info --egg-base ../../build/object_avoidance build --build-base /home/user/Projects/ros2_ws/build/object_avoidance/build install --prefix /home/user/Projects/ros2_ws/install/object_avoidance --record /home/user/Projects/ros2_ws/build/object_avoidance/install.log --single-version-externally-managed
[0.674s] running egg_info
[0.674s] writing ../../build/object_avoidance/object_avoidance.egg-info/PKG-INFO
[0.674s] writing dependency_links to ../../build/object_avoidance/object_avoidance.egg-info/dependency_links.txt
[0.675s] writing entry points to ../../build/object_avoidance/object_avoidance.egg-info/entry_points.txt
[0.675s] writing requirements to ../../build/object_avoidance/object_avoidance.egg-info/requires.txt
[0.675s] writing top-level names to ../../build/object_avoidance/object_avoidance.egg-info/top_level.txt
[0.704s] reading manifest file '../../build/object_avoidance/object_avoidance.egg-info/SOURCES.txt'
[0.705s] writing manifest file '../../build/object_avoidance/object_avoidance.egg-info/SOURCES.txt'
[0.705s] running build
[0.705s] running build_py
[0.705s] copying object_avoidance/object_detection.py -> /home/user/Projects/ros2_ws/build/object_avoidance/build/lib/object_avoidance
[0.706s] running install
[0.706s] running install_lib
[0.707s] copying /home/user/Projects/ros2_ws/build/object_avoidance/build/lib/object_avoidance/object_detection.py -> /home/user/Projects/ros2_ws/install/object_avoidance/lib/python3.8/site-packages/object_avoidance
[0.707s] byte-compiling /home/user/Projects/ros2_ws/install/object_avoidance/lib/python3.8/site-packages/object_avoidance/object_detection.py to object_detection.cpython-38.pyc
[0.709s] running install_data
[0.709s] running install_egg_info
[0.711s] removing '/home/user/Projects/ros2_ws/install/object_avoidance/lib/python3.8/site-packages/object_avoidance-0.0.1-py3.8.egg-info' (and everything under it)
[0.711s] Copying ../../build/object_avoidance/object_avoidance.egg-info to /home/user/Projects/ros2_ws/install/object_avoidance/lib/python3.8/site-packages/object_avoidance-0.0.1-py3.8.egg-info
[0.711s] running install_scripts
[0.726s] Installing object_detection script to /home/user/Projects/ros2_ws/install/object_avoidance/lib/object_avoidance
[0.726s] Installing obstacle_avoidance script to /home/user/Projects/ros2_ws/install/object_avoidance/lib/object_avoidance
[0.726s] Installing obstacle_brake script to /home/user/Projects/ros2_ws/install/object_avoidance/lib/object_avoidance
[0.726s] writing list of installed files to '/home/user/Projects/ros2_ws/build/object_avoidance/install.log'
[0.743s] Invoked command in '/home/user/Projects/ros2_ws/src/object_avoidance' returned '0': PYTHONPATH=/home/user/Projects/ros2_ws/install/object_avoidance/lib/python3.8/site-packages:${PYTHONPATH} /usr/bin/python3 setup.py egg_info --egg-base ../../build/object_avoidance build --build-base /home/user/Projects/ros2_ws/build/object_avoidance/build install --prefix /home/user/Projects/ros2_ws/install/object_avoidance --record /home/user/Projects/ros2_ws/build/object_avoidance/install.log --single-version-externally-managed
