[0.000000] (-) TimerEvent: {}
[0.000107] (object_avoidance) JobQueued: {'identifier': 'object_avoidance', 'dependencies': OrderedDict()}
[0.000136] (realsense2_camera_msgs) JobQueued: {'identifier': 'realsense2_camera_msgs', 'dependencies': OrderedDict()}
[0.000173] (realsense2_camera) JobQueued: {'identifier': 'realsense2_camera', 'dependencies': OrderedDict([('realsense2_camera_msgs', '/home/user/Projects/ros2_ws/install/realsense2_camera_msgs')])}
[0.000234] (realsense2_description) JobQueued: {'identifier': 'realsense2_description', 'dependencies': OrderedDict([('realsense2_camera_msgs', '/home/user/Projects/ros2_ws/install/realsense2_camera_msgs')])}
[0.000287] (realsense2_camera_msgs) JobStarted: {'identifier': 'realsense2_camera_msgs'}
[0.009049] (object_avoidance) JobStarted: {'identifier': 'object_avoidance'}
[0.017014] (realsense2_camera_msgs) JobProgress: {'identifier': 'realsense2_camera_msgs', 'progress': 'cmake'}
[0.018017] (realsense2_camera_msgs) JobProgress: {'identifier': 'realsense2_camera_msgs', 'progress': 'build'}
[0.018155] (realsense2_camera_msgs) Command: {'cmd': ['/usr/bin/cmake', '--build', '/home/user/Projects/ros2_ws/build/realsense2_camera_msgs', '--', '-j12', '-l12'], 'cwd': '/home/user/Projects/ros2_ws/build/realsense2_camera_msgs', 'env': OrderedDict([('HOSTNAME', 'GS65-Ubuntu'), ('SHLVL', '1'), ('LD_LIBRARY_PATH', '/home/user/Projects/ros2_ws/install/realsense2_camera/lib:/home/user/Projects/ros2_ws/install/realsense2_camera_msgs/lib:/opt/ros/foxy/opt/yaml_cpp_vendor/lib:/opt/ros/foxy/opt/rviz_ogre_vendor/lib:/opt/ros/foxy/lib/x86_64-linux-gnu:/opt/ros/foxy/lib'), ('HOME', '/home/user'), ('OLDPWD', '/home/user'), ('PYTHONUNBUFFERED', '1'), ('ROS_PYTHON_VERSION', '3'), ('_colcon_cd_root', '/home/user/Projects/dev_ws'), ('COLCON_PREFIX_PATH', '/home/user/Projects/ros2_ws/install'), ('ROS_DISTRO', 'foxy'), ('PROXIMITY', '1'), ('_', '/usr/bin/colcon'), ('ROS_VERSION', '2'), ('NVIDIA_DRIVER_CAPABILITIES', 'graphics'), ('TERM', 'xterm'), ('ROS_LOCALHOST_ONLY', '0'), ('QT_X11_NO_MITSHM', '1'), ('PATH', '/home/user/.local/bin:/opt/ros/foxy/bin:/home/user/bin:/usr/local/sbin:/usr/local/bin:/usr/sbin:/usr/bin:/sbin:/bin'), ('DISPLAY', ':1'), ('LANG', 'C.UTF-8'), ('LS_COLORS', ':di=1;33:ln=36'), ('AMENT_PREFIX_PATH', '/home/user/Projects/ros2_ws/install/realsense2_description:/home/user/Projects/ros2_ws/install/realsense2_camera:/home/user/Projects/ros2_ws/install/realsense2_camera_msgs:/home/user/Projects/ros2_ws/install/object_avoidance:/opt/ros/foxy'), ('DEFAULT_THROTTLE', '30'), ('AVOIDANCE_DISTANCE', '5'), ('PWD', '/home/user/Projects/ros2_ws/build/realsense2_camera_msgs'), ('END_NODE_ID', '140'), ('LC_ALL', 'C.UTF-8'), ('PYTHONPATH', '/home/user/Projects/ros2_ws/install/realsense2_camera_msgs/lib/python3.8/site-packages:/home/user/Projects/ros2_ws/install/object_avoidance/lib/python3.8/site-packages:/opt/ros/foxy/lib/python3.8/site-packages'), ('NVIDIA_VISIBLE_DEVICES', 'all'), ('COLCON', '1'), ('CMAKE_PREFIX_PATH', '/home/user/Projects/ros2_ws/install/realsense2_description:/home/user/Projects/ros2_ws/install/realsense2_camera:/home/user/Projects/ros2_ws/install/realsense2_camera_msgs:/home/user/Projects/ros2_ws/install/object_avoidance:/opt/ros/foxy'), ('AVOIDANCE_ANGLE', '20')]), 'shell': False}
[0.072255] (realsense2_camera_msgs) StdoutLine: {'line': b'[  1%] Built target realsense2_camera_msgs__cpp\n'}
[0.073827] (realsense2_camera_msgs) StdoutLine: {'line': b'[ 12%] Built target realsense2_camera_msgs__rosidl_generator_c\n'}
[0.095401] (realsense2_camera_msgs) StdoutLine: {'line': b'[ 23%] Built target realsense2_camera_msgs__rosidl_typesupport_cpp\n'}
[0.095643] (realsense2_camera_msgs) StdoutLine: {'line': b'[ 34%] Built target realsense2_camera_msgs__rosidl_typesupport_introspection_cpp\n'}
[0.096633] (realsense2_camera_msgs) StdoutLine: {'line': b'[ 45%] Built target realsense2_camera_msgs__rosidl_typesupport_c\n'}
[0.096973] (realsense2_camera_msgs) StdoutLine: {'line': b'[ 56%] Built target realsense2_camera_msgs__rosidl_typesupport_introspection_c\n'}
[0.099171] (-) TimerEvent: {}
[0.099451] (realsense2_camera_msgs) StdoutLine: {'line': b'[ 67%] Built target realsense2_camera_msgs__rosidl_typesupport_fastrtps_cpp\n'}
[0.126621] (realsense2_camera_msgs) StdoutLine: {'line': b'[ 78%] Built target realsense2_camera_msgs__rosidl_typesupport_fastrtps_c\n'}
[0.146301] (realsense2_camera_msgs) StdoutLine: {'line': b'[ 78%] Built target realsense2_camera_msgs\n'}
[0.167208] (realsense2_camera_msgs) StdoutLine: {'line': b'[ 80%] Built target realsense2_camera_msgs__py\n'}
[0.194276] (realsense2_camera_msgs) StdoutLine: {'line': b'[ 89%] Built target realsense2_camera_msgs__python\n'}
[0.199276] (-) TimerEvent: {}
[0.221030] (realsense2_camera_msgs) StdoutLine: {'line': b'[ 92%] Built target realsense2_camera_msgs__rosidl_typesupport_introspection_c__pyext\n'}
[0.221445] (realsense2_camera_msgs) StdoutLine: {'line': b'[ 96%] Built target realsense2_camera_msgs__rosidl_typesupport_fastrtps_c__pyext\n'}
[0.221551] (realsense2_camera_msgs) StdoutLine: {'line': b'[100%] Built target realsense2_camera_msgs__rosidl_typesupport_c__pyext\n'}
[0.231634] (realsense2_camera_msgs) CommandEnded: {'returncode': 0}
[0.299458] (-) TimerEvent: {}
[0.320716] (realsense2_camera_msgs) JobProgress: {'identifier': 'realsense2_camera_msgs', 'progress': 'install'}
[0.330216] (realsense2_camera_msgs) Command: {'cmd': ['/usr/bin/cmake', '--install', '/home/user/Projects/ros2_ws/build/realsense2_camera_msgs'], 'cwd': '/home/user/Projects/ros2_ws/build/realsense2_camera_msgs', 'env': OrderedDict([('HOSTNAME', 'GS65-Ubuntu'), ('SHLVL', '1'), ('LD_LIBRARY_PATH', '/home/user/Projects/ros2_ws/install/realsense2_camera/lib:/home/user/Projects/ros2_ws/install/realsense2_camera_msgs/lib:/opt/ros/foxy/opt/yaml_cpp_vendor/lib:/opt/ros/foxy/opt/rviz_ogre_vendor/lib:/opt/ros/foxy/lib/x86_64-linux-gnu:/opt/ros/foxy/lib'), ('HOME', '/home/user'), ('OLDPWD', '/home/user'), ('PYTHONUNBUFFERED', '1'), ('ROS_PYTHON_VERSION', '3'), ('_colcon_cd_root', '/home/user/Projects/dev_ws'), ('COLCON_PREFIX_PATH', '/home/user/Projects/ros2_ws/install'), ('ROS_DISTRO', 'foxy'), ('PROXIMITY', '1'), ('_', '/usr/bin/colcon'), ('ROS_VERSION', '2'), ('NVIDIA_DRIVER_CAPABILITIES', 'graphics'), ('TERM', 'xterm'), ('ROS_LOCALHOST_ONLY', '0'), ('QT_X11_NO_MITSHM', '1'), ('PATH', '/home/user/.local/bin:/opt/ros/foxy/bin:/home/user/bin:/usr/local/sbin:/usr/local/bin:/usr/sbin:/usr/bin:/sbin:/bin'), ('DISPLAY', ':1'), ('LANG', 'C.UTF-8'), ('LS_COLORS', ':di=1;33:ln=36'), ('AMENT_PREFIX_PATH', '/home/user/Projects/ros2_ws/install/realsense2_description:/home/user/Projects/ros2_ws/install/realsense2_camera:/home/user/Projects/ros2_ws/install/realsense2_camera_msgs:/home/user/Projects/ros2_ws/install/object_avoidance:/opt/ros/foxy'), ('DEFAULT_THROTTLE', '30'), ('AVOIDANCE_DISTANCE', '5'), ('PWD', '/home/user/Projects/ros2_ws/build/realsense2_camera_msgs'), ('END_NODE_ID', '140'), ('LC_ALL', 'C.UTF-8'), ('PYTHONPATH', '/home/user/Projects/ros2_ws/install/realsense2_camera_msgs/lib/python3.8/site-packages:/home/user/Projects/ros2_ws/install/object_avoidance/lib/python3.8/site-packages:/opt/ros/foxy/lib/python3.8/site-packages'), ('NVIDIA_VISIBLE_DEVICES', 'all'), ('COLCON', '1'), ('CMAKE_PREFIX_PATH', '/home/user/Projects/ros2_ws/install/realsense2_description:/home/user/Projects/ros2_ws/install/realsense2_camera:/home/user/Projects/ros2_ws/install/realsense2_camera_msgs:/home/user/Projects/ros2_ws/install/object_avoidance:/opt/ros/foxy'), ('AVOIDANCE_ANGLE', '20')]), 'shell': False}
[0.339308] (realsense2_camera_msgs) StdoutLine: {'line': b'-- Install configuration: ""\n'}
[0.339524] (realsense2_camera_msgs) StdoutLine: {'line': b'-- Up-to-date: /home/user/Projects/ros2_ws/install/realsense2_camera_msgs/share/ament_index/resource_index/rosidl_interfaces/realsense2_camera_msgs\n'}
[0.339726] (realsense2_camera_msgs) StdoutLine: {'line': b'-- Up-to-date: /home/user/Projects/ros2_ws/install/realsense2_camera_msgs/include/realsense2_camera_msgs\n'}
[0.339882] (realsense2_camera_msgs) StdoutLine: {'line': b'-- Up-to-date: /home/user/Projects/ros2_ws/install/realsense2_camera_msgs/include/realsense2_camera_msgs/srv\n'}
[0.339979] (realsense2_camera_msgs) StdoutLine: {'line': b'-- Up-to-date: /home/user/Projects/ros2_ws/install/realsense2_camera_msgs/include/realsense2_camera_msgs/srv/detail\n'}
[0.340052] (realsense2_camera_msgs) StdoutLine: {'line': b'-- Up-to-date: /home/user/Projects/ros2_ws/install/realsense2_camera_msgs/include/realsense2_camera_msgs/srv/detail/device_info__struct.h\n'}
[0.340121] (realsense2_camera_msgs) StdoutLine: {'line': b'-- Up-to-date: /home/user/Projects/ros2_ws/install/realsense2_camera_msgs/include/realsense2_camera_msgs/srv/detail/device_info__type_support.h\n'}
[0.340175] (realsense2_camera_msgs) StdoutLine: {'line': b'-- Up-to-date: /home/user/Projects/ros2_ws/install/realsense2_camera_msgs/include/realsense2_camera_msgs/srv/detail/device_info__functions.h\n'}
[0.340226] (realsense2_camera_msgs) StdoutLine: {'line': b'-- Up-to-date: /home/user/Projects/ros2_ws/install/realsense2_camera_msgs/include/realsense2_camera_msgs/srv/detail/device_info__functions.c\n'}
[0.340290] (realsense2_camera_msgs) StdoutLine: {'line': b'-- Up-to-date: /home/user/Projects/ros2_ws/install/realsense2_camera_msgs/include/realsense2_camera_msgs/srv/device_info.h\n'}
[0.340359] (realsense2_camera_msgs) StdoutLine: {'line': b'-- Up-to-date: /home/user/Projects/ros2_ws/install/realsense2_camera_msgs/include/realsense2_camera_msgs/msg\n'}
[0.340412] (realsense2_camera_msgs) StdoutLine: {'line': b'-- Up-to-date: /home/user/Projects/ros2_ws/install/realsense2_camera_msgs/include/realsense2_camera_msgs/msg/detail\n'}
[0.340464] (realsense2_camera_msgs) StdoutLine: {'line': b'-- Up-to-date: /home/user/Projects/ros2_ws/install/realsense2_camera_msgs/include/realsense2_camera_msgs/msg/detail/extrinsics__functions.h\n'}
[0.340534] (realsense2_camera_msgs) StdoutLine: {'line': b'-- Up-to-date: /home/user/Projects/ros2_ws/install/realsense2_camera_msgs/include/realsense2_camera_msgs/msg/detail/extrinsics__functions.c\n'}
[0.340652] (realsense2_camera_msgs) StdoutLine: {'line': b'-- Up-to-date: /home/user/Projects/ros2_ws/install/realsense2_camera_msgs/include/realsense2_camera_msgs/msg/detail/imu_info__functions.h\n'}
[0.340792] (realsense2_camera_msgs) StdoutLine: {'line': b'-- Up-to-date: /home/user/Projects/ros2_ws/install/realsense2_camera_msgs/include/realsense2_camera_msgs/msg/detail/imu_info__struct.h\n'}
[0.340848] (realsense2_camera_msgs) StdoutLine: {'line': b'-- Up-to-date: /home/user/Projects/ros2_ws/install/realsense2_camera_msgs/include/realsense2_camera_msgs/msg/detail/metadata__type_support.h\n'}
[0.340906] (realsense2_camera_msgs) StdoutLine: {'line': b'-- Up-to-date: /home/user/Projects/ros2_ws/install/realsense2_camera_msgs/include/realsense2_camera_msgs/msg/detail/metadata__functions.c\n'}
[0.340959] (realsense2_camera_msgs) StdoutLine: {'line': b'-- Up-to-date: /home/user/Projects/ros2_ws/install/realsense2_camera_msgs/include/realsense2_camera_msgs/msg/detail/imu_info__type_support.h\n'}
[0.341034] (realsense2_camera_msgs) StdoutLine: {'line': b'-- Up-to-date: /home/user/Projects/ros2_ws/install/realsense2_camera_msgs/include/realsense2_camera_msgs/msg/detail/metadata__struct.h\n'}
[0.341087] (realsense2_camera_msgs) StdoutLine: {'line': b'-- Up-to-date: /home/user/Projects/ros2_ws/install/realsense2_camera_msgs/include/realsense2_camera_msgs/msg/detail/extrinsics__struct.h\n'}
[0.341138] (realsense2_camera_msgs) StdoutLine: {'line': b'-- Up-to-date: /home/user/Projects/ros2_ws/install/realsense2_camera_msgs/include/realsense2_camera_msgs/msg/detail/metadata__functions.h\n'}
[0.341190] (realsense2_camera_msgs) StdoutLine: {'line': b'-- Up-to-date: /home/user/Projects/ros2_ws/install/realsense2_camera_msgs/include/realsense2_camera_msgs/msg/detail/imu_info__functions.c\n'}
[0.341262] (realsense2_camera_msgs) StdoutLine: {'line': b'-- Up-to-date: /home/user/Projects/ros2_ws/install/realsense2_camera_msgs/include/realsense2_camera_msgs/msg/detail/extrinsics__type_support.h\n'}
[0.341358] (realsense2_camera_msgs) StdoutLine: {'line': b'-- Up-to-date: /home/user/Projects/ros2_ws/install/realsense2_camera_msgs/include/realsense2_camera_msgs/msg/metadata.h\n'}
[0.341459] (realsense2_camera_msgs) StdoutLine: {'line': b'-- Up-to-date: /home/user/Projects/ros2_ws/install/realsense2_camera_msgs/include/realsense2_camera_msgs/msg/extrinsics.h\n'}
[0.341524] (realsense2_camera_msgs) StdoutLine: {'line': b'-- Up-to-date: /home/user/Projects/ros2_ws/install/realsense2_camera_msgs/include/realsense2_camera_msgs/msg/imu_info.h\n'}
[0.341578] (realsense2_camera_msgs) StdoutLine: {'line': b'-- Up-to-date: /home/user/Projects/ros2_ws/install/realsense2_camera_msgs/include/realsense2_camera_msgs/msg/rosidl_generator_c__visibility_control.h\n'}
[0.341630] (realsense2_camera_msgs) StdoutLine: {'line': b'-- Up-to-date: /home/user/Projects/ros2_ws/install/realsense2_camera_msgs/share/realsense2_camera_msgs/environment/library_path.sh\n'}
[0.341691] (realsense2_camera_msgs) StdoutLine: {'line': b'-- Up-to-date: /home/user/Projects/ros2_ws/install/realsense2_camera_msgs/share/realsense2_camera_msgs/environment/library_path.dsv\n'}
[0.341744] (realsense2_camera_msgs) StdoutLine: {'line': b'-- Up-to-date: /home/user/Projects/ros2_ws/install/realsense2_camera_msgs/lib/librealsense2_camera_msgs__rosidl_generator_c.so\n'}
[0.341796] (realsense2_camera_msgs) StdoutLine: {'line': b'-- Up-to-date: /home/user/Projects/ros2_ws/install/realsense2_camera_msgs/include/realsense2_camera_msgs\n'}
[0.341846] (realsense2_camera_msgs) StdoutLine: {'line': b'-- Up-to-date: /home/user/Projects/ros2_ws/install/realsense2_camera_msgs/include/realsense2_camera_msgs/srv\n'}
[0.341898] (realsense2_camera_msgs) StdoutLine: {'line': b'-- Up-to-date: /home/user/Projects/ros2_ws/install/realsense2_camera_msgs/include/realsense2_camera_msgs/srv/detail\n'}
[0.341984] (realsense2_camera_msgs) StdoutLine: {'line': b'-- Up-to-date: /home/user/Projects/ros2_ws/install/realsense2_camera_msgs/include/realsense2_camera_msgs/srv/detail/device_info__rosidl_typesupport_fastrtps_c.h\n'}
[0.342081] (realsense2_camera_msgs) StdoutLine: {'line': b'-- Up-to-date: /home/user/Projects/ros2_ws/install/realsense2_camera_msgs/include/realsense2_camera_msgs/msg\n'}
[0.342184] (realsense2_camera_msgs) StdoutLine: {'line': b'-- Up-to-date: /home/user/Projects/ros2_ws/install/realsense2_camera_msgs/include/realsense2_camera_msgs/msg/detail\n'}
[0.342255] (realsense2_camera_msgs) StdoutLine: {'line': b'-- Up-to-date: /home/user/Projects/ros2_ws/install/realsense2_camera_msgs/include/realsense2_camera_msgs/msg/detail/imu_info__rosidl_typesupport_fastrtps_c.h\n'}
[0.342307] (realsense2_camera_msgs) StdoutLine: {'line': b'-- Up-to-date: /home/user/Projects/ros2_ws/install/realsense2_camera_msgs/include/realsense2_camera_msgs/msg/detail/extrinsics__rosidl_typesupport_fastrtps_c.h\n'}
[0.342359] (realsense2_camera_msgs) StdoutLine: {'line': b'-- Up-to-date: /home/user/Projects/ros2_ws/install/realsense2_camera_msgs/include/realsense2_camera_msgs/msg/detail/metadata__rosidl_typesupport_fastrtps_c.h\n'}
[0.342410] (realsense2_camera_msgs) StdoutLine: {'line': b'-- Up-to-date: /home/user/Projects/ros2_ws/install/realsense2_camera_msgs/include/realsense2_camera_msgs/msg/rosidl_typesupport_fastrtps_c__visibility_control.h\n'}
[0.342476] (realsense2_camera_msgs) StdoutLine: {'line': b'-- Up-to-date: /home/user/Projects/ros2_ws/install/realsense2_camera_msgs/lib/librealsense2_camera_msgs__rosidl_typesupport_fastrtps_c.so\n'}
[0.342527] (realsense2_camera_msgs) StdoutLine: {'line': b'-- Up-to-date: /home/user/Projects/ros2_ws/install/realsense2_camera_msgs/include/realsense2_camera_msgs\n'}
[0.342577] (realsense2_camera_msgs) StdoutLine: {'line': b'-- Up-to-date: /home/user/Projects/ros2_ws/install/realsense2_camera_msgs/include/realsense2_camera_msgs/srv\n'}
[0.342628] (realsense2_camera_msgs) StdoutLine: {'line': b'-- Up-to-date: /home/user/Projects/ros2_ws/install/realsense2_camera_msgs/include/realsense2_camera_msgs/srv/detail\n'}
[0.342679] (realsense2_camera_msgs) StdoutLine: {'line': b'-- Up-to-date: /home/user/Projects/ros2_ws/install/realsense2_camera_msgs/include/realsense2_camera_msgs/srv/detail/dds_fastrtps\n'}
[0.342738] (realsense2_camera_msgs) StdoutLine: {'line': b'-- Up-to-date: /home/user/Projects/ros2_ws/install/realsense2_camera_msgs/include/realsense2_camera_msgs/srv/detail/device_info__rosidl_typesupport_fastrtps_cpp.hpp\n'}
[0.342805] (realsense2_camera_msgs) StdoutLine: {'line': b'-- Up-to-date: /home/user/Projects/ros2_ws/install/realsense2_camera_msgs/include/realsense2_camera_msgs/msg\n'}
[0.342855] (realsense2_camera_msgs) StdoutLine: {'line': b'-- Up-to-date: /home/user/Projects/ros2_ws/install/realsense2_camera_msgs/include/realsense2_camera_msgs/msg/detail\n'}
[0.342906] (realsense2_camera_msgs) StdoutLine: {'line': b'-- Up-to-date: /home/user/Projects/ros2_ws/install/realsense2_camera_msgs/include/realsense2_camera_msgs/msg/detail/imu_info__rosidl_typesupport_fastrtps_cpp.hpp\n'}
[0.342957] (realsense2_camera_msgs) StdoutLine: {'line': b'-- Up-to-date: /home/user/Projects/ros2_ws/install/realsense2_camera_msgs/include/realsense2_camera_msgs/msg/detail/dds_fastrtps\n'}
[0.343031] (realsense2_camera_msgs) StdoutLine: {'line': b'-- Up-to-date: /home/user/Projects/ros2_ws/install/realsense2_camera_msgs/include/realsense2_camera_msgs/msg/detail/extrinsics__rosidl_typesupport_fastrtps_cpp.hpp\n'}
[0.343123] (realsense2_camera_msgs) StdoutLine: {'line': b'-- Up-to-date: /home/user/Projects/ros2_ws/install/realsense2_camera_msgs/include/realsense2_camera_msgs/msg/detail/metadata__rosidl_typesupport_fastrtps_cpp.hpp\n'}
[0.343215] (realsense2_camera_msgs) StdoutLine: {'line': b'-- Up-to-date: /home/user/Projects/ros2_ws/install/realsense2_camera_msgs/include/realsense2_camera_msgs/msg/rosidl_typesupport_fastrtps_cpp__visibility_control.h\n'}
[0.343313] (realsense2_camera_msgs) StdoutLine: {'line': b'-- Up-to-date: /home/user/Projects/ros2_ws/install/realsense2_camera_msgs/lib/librealsense2_camera_msgs__rosidl_typesupport_fastrtps_cpp.so\n'}
[0.343413] (realsense2_camera_msgs) StdoutLine: {'line': b'-- Up-to-date: /home/user/Projects/ros2_ws/install/realsense2_camera_msgs/include/realsense2_camera_msgs\n'}
[0.343492] (realsense2_camera_msgs) StdoutLine: {'line': b'-- Up-to-date: /home/user/Projects/ros2_ws/install/realsense2_camera_msgs/include/realsense2_camera_msgs/srv\n'}
[0.343576] (realsense2_camera_msgs) StdoutLine: {'line': b'-- Up-to-date: /home/user/Projects/ros2_ws/install/realsense2_camera_msgs/include/realsense2_camera_msgs/srv/detail\n'}
[0.343668] (realsense2_camera_msgs) StdoutLine: {'line': b'-- Up-to-date: /home/user/Projects/ros2_ws/install/realsense2_camera_msgs/include/realsense2_camera_msgs/srv/detail/device_info__rosidl_typesupport_introspection_c.h\n'}
[0.343775] (realsense2_camera_msgs) StdoutLine: {'line': b'-- Up-to-date: /home/user/Projects/ros2_ws/install/realsense2_camera_msgs/include/realsense2_camera_msgs/srv/detail/device_info__type_support.c\n'}
[0.343829] (realsense2_camera_msgs) StdoutLine: {'line': b'-- Up-to-date: /home/user/Projects/ros2_ws/install/realsense2_camera_msgs/include/realsense2_camera_msgs/msg\n'}
[0.343884] (realsense2_camera_msgs) StdoutLine: {'line': b'-- Up-to-date: /home/user/Projects/ros2_ws/install/realsense2_camera_msgs/include/realsense2_camera_msgs/msg/detail\n'}
[0.343935] (realsense2_camera_msgs) StdoutLine: {'line': b'-- Up-to-date: /home/user/Projects/ros2_ws/install/realsense2_camera_msgs/include/realsense2_camera_msgs/msg/detail/imu_info__type_support.c\n'}
[0.344001] (realsense2_camera_msgs) StdoutLine: {'line': b'-- Up-to-date: /home/user/Projects/ros2_ws/install/realsense2_camera_msgs/include/realsense2_camera_msgs/msg/detail/metadata__type_support.c\n'}
[0.344053] (realsense2_camera_msgs) StdoutLine: {'line': b'-- Up-to-date: /home/user/Projects/ros2_ws/install/realsense2_camera_msgs/include/realsense2_camera_msgs/msg/detail/imu_info__rosidl_typesupport_introspection_c.h\n'}
[0.344105] (realsense2_camera_msgs) StdoutLine: {'line': b'-- Up-to-date: /home/user/Projects/ros2_ws/install/realsense2_camera_msgs/include/realsense2_camera_msgs/msg/detail/extrinsics__rosidl_typesupport_introspection_c.h\n'}
[0.344156] (realsense2_camera_msgs) StdoutLine: {'line': b'-- Up-to-date: /home/user/Projects/ros2_ws/install/realsense2_camera_msgs/include/realsense2_camera_msgs/msg/detail/metadata__rosidl_typesupport_introspection_c.h\n'}
[0.344211] (realsense2_camera_msgs) StdoutLine: {'line': b'-- Up-to-date: /home/user/Projects/ros2_ws/install/realsense2_camera_msgs/include/realsense2_camera_msgs/msg/detail/extrinsics__type_support.c\n'}
[0.344262] (realsense2_camera_msgs) StdoutLine: {'line': b'-- Up-to-date: /home/user/Projects/ros2_ws/install/realsense2_camera_msgs/include/realsense2_camera_msgs/msg/rosidl_typesupport_introspection_c__visibility_control.h\n'}
[0.344326] (realsense2_camera_msgs) StdoutLine: {'line': b'-- Up-to-date: /home/user/Projects/ros2_ws/install/realsense2_camera_msgs/lib/librealsense2_camera_msgs__rosidl_typesupport_introspection_c.so\n'}
[0.344379] (realsense2_camera_msgs) StdoutLine: {'line': b'-- Up-to-date: /home/user/Projects/ros2_ws/install/realsense2_camera_msgs/lib/librealsense2_camera_msgs__rosidl_typesupport_c.so\n'}
[0.344432] (realsense2_camera_msgs) StdoutLine: {'line': b'-- Up-to-date: /home/user/Projects/ros2_ws/install/realsense2_camera_msgs/include/realsense2_camera_msgs\n'}
[0.344485] (realsense2_camera_msgs) StdoutLine: {'line': b'-- Up-to-date: /home/user/Projects/ros2_ws/install/realsense2_camera_msgs/include/realsense2_camera_msgs/srv\n'}
[0.344537] (realsense2_camera_msgs) StdoutLine: {'line': b'-- Up-to-date: /home/user/Projects/ros2_ws/install/realsense2_camera_msgs/include/realsense2_camera_msgs/srv/device_info.hpp\n'}
[0.344594] (realsense2_camera_msgs) StdoutLine: {'line': b'-- Up-to-date: /home/user/Projects/ros2_ws/install/realsense2_camera_msgs/include/realsense2_camera_msgs/srv/detail\n'}
[0.344701] (realsense2_camera_msgs) StdoutLine: {'line': b'-- Up-to-date: /home/user/Projects/ros2_ws/install/realsense2_camera_msgs/include/realsense2_camera_msgs/srv/detail/device_info__struct.hpp\n'}
[0.344753] (realsense2_camera_msgs) StdoutLine: {'line': b'-- Up-to-date: /home/user/Projects/ros2_ws/install/realsense2_camera_msgs/include/realsense2_camera_msgs/srv/detail/device_info__builder.hpp\n'}
[0.344802] (realsense2_camera_msgs) StdoutLine: {'line': b'-- Up-to-date: /home/user/Projects/ros2_ws/install/realsense2_camera_msgs/include/realsense2_camera_msgs/srv/detail/device_info__traits.hpp\n'}
[0.344852] (realsense2_camera_msgs) StdoutLine: {'line': b'-- Up-to-date: /home/user/Projects/ros2_ws/install/realsense2_camera_msgs/include/realsense2_camera_msgs/msg\n'}
[0.344902] (realsense2_camera_msgs) StdoutLine: {'line': b'-- Up-to-date: /home/user/Projects/ros2_ws/install/realsense2_camera_msgs/include/realsense2_camera_msgs/msg/detail\n'}
[0.344953] (realsense2_camera_msgs) StdoutLine: {'line': b'-- Up-to-date: /home/user/Projects/ros2_ws/install/realsense2_camera_msgs/include/realsense2_camera_msgs/msg/detail/imu_info__struct.hpp\n'}
[0.345003] (realsense2_camera_msgs) StdoutLine: {'line': b'-- Up-to-date: /home/user/Projects/ros2_ws/install/realsense2_camera_msgs/include/realsense2_camera_msgs/msg/detail/metadata__struct.hpp\n'}
[0.345054] (realsense2_camera_msgs) StdoutLine: {'line': b'-- Up-to-date: /home/user/Projects/ros2_ws/install/realsense2_camera_msgs/include/realsense2_camera_msgs/msg/detail/extrinsics__struct.hpp\n'}
[0.345105] (realsense2_camera_msgs) StdoutLine: {'line': b'-- Up-to-date: /home/user/Projects/ros2_ws/install/realsense2_camera_msgs/include/realsense2_camera_msgs/msg/detail/imu_info__traits.hpp\n'}
[0.345155] (realsense2_camera_msgs) StdoutLine: {'line': b'-- Up-to-date: /home/user/Projects/ros2_ws/install/realsense2_camera_msgs/include/realsense2_camera_msgs/msg/detail/metadata__builder.hpp\n'}
[0.345205] (realsense2_camera_msgs) StdoutLine: {'line': b'-- Up-to-date: /home/user/Projects/ros2_ws/install/realsense2_camera_msgs/include/realsense2_camera_msgs/msg/detail/extrinsics__traits.hpp\n'}
[0.345262] (realsense2_camera_msgs) StdoutLine: {'line': b'-- Up-to-date: /home/user/Projects/ros2_ws/install/realsense2_camera_msgs/include/realsense2_camera_msgs/msg/detail/extrinsics__builder.hpp\n'}
[0.345317] (realsense2_camera_msgs) StdoutLine: {'line': b'-- Up-to-date: /home/user/Projects/ros2_ws/install/realsense2_camera_msgs/include/realsense2_camera_msgs/msg/detail/metadata__traits.hpp\n'}
[0.345367] (realsense2_camera_msgs) StdoutLine: {'line': b'-- Up-to-date: /home/user/Projects/ros2_ws/install/realsense2_camera_msgs/include/realsense2_camera_msgs/msg/detail/imu_info__builder.hpp\n'}
[0.345417] (realsense2_camera_msgs) StdoutLine: {'line': b'-- Up-to-date: /home/user/Projects/ros2_ws/install/realsense2_camera_msgs/include/realsense2_camera_msgs/msg/metadata.hpp\n'}
[0.345467] (realsense2_camera_msgs) StdoutLine: {'line': b'-- Up-to-date: /home/user/Projects/ros2_ws/install/realsense2_camera_msgs/include/realsense2_camera_msgs/msg/extrinsics.hpp\n'}
[0.345518] (realsense2_camera_msgs) StdoutLine: {'line': b'-- Up-to-date: /home/user/Projects/ros2_ws/install/realsense2_camera_msgs/include/realsense2_camera_msgs/msg/imu_info.hpp\n'}
[0.345569] (realsense2_camera_msgs) StdoutLine: {'line': b'-- Up-to-date: /home/user/Projects/ros2_ws/install/realsense2_camera_msgs/include/realsense2_camera_msgs\n'}
[0.345618] (realsense2_camera_msgs) StdoutLine: {'line': b'-- Up-to-date: /home/user/Projects/ros2_ws/install/realsense2_camera_msgs/include/realsense2_camera_msgs/srv\n'}
[0.345668] (realsense2_camera_msgs) StdoutLine: {'line': b'-- Up-to-date: /home/user/Projects/ros2_ws/install/realsense2_camera_msgs/include/realsense2_camera_msgs/srv/detail\n'}
[0.345718] (realsense2_camera_msgs) StdoutLine: {'line': b'-- Up-to-date: /home/user/Projects/ros2_ws/install/realsense2_camera_msgs/include/realsense2_camera_msgs/srv/detail/device_info__type_support.cpp\n'}
[0.345769] (realsense2_camera_msgs) StdoutLine: {'line': b'-- Up-to-date: /home/user/Projects/ros2_ws/install/realsense2_camera_msgs/include/realsense2_camera_msgs/srv/detail/device_info__rosidl_typesupport_introspection_cpp.hpp\n'}
[0.345822] (realsense2_camera_msgs) StdoutLine: {'line': b'-- Up-to-date: /home/user/Projects/ros2_ws/install/realsense2_camera_msgs/include/realsense2_camera_msgs/msg\n'}
[0.345876] (realsense2_camera_msgs) StdoutLine: {'line': b'-- Up-to-date: /home/user/Projects/ros2_ws/install/realsense2_camera_msgs/include/realsense2_camera_msgs/msg/detail\n'}
[0.345928] (realsense2_camera_msgs) StdoutLine: {'line': b'-- Up-to-date: /home/user/Projects/ros2_ws/install/realsense2_camera_msgs/include/realsense2_camera_msgs/msg/detail/extrinsics__type_support.cpp\n'}
[0.345980] (realsense2_camera_msgs) StdoutLine: {'line': b'-- Up-to-date: /home/user/Projects/ros2_ws/install/realsense2_camera_msgs/include/realsense2_camera_msgs/msg/detail/extrinsics__rosidl_typesupport_introspection_cpp.hpp\n'}
[0.346032] (realsense2_camera_msgs) StdoutLine: {'line': b'-- Up-to-date: /home/user/Projects/ros2_ws/install/realsense2_camera_msgs/include/realsense2_camera_msgs/msg/detail/metadata__rosidl_typesupport_introspection_cpp.hpp\n'}
[0.346083] (realsense2_camera_msgs) StdoutLine: {'line': b'-- Up-to-date: /home/user/Projects/ros2_ws/install/realsense2_camera_msgs/include/realsense2_camera_msgs/msg/detail/imu_info__rosidl_typesupport_introspection_cpp.hpp\n'}
[0.346161] (realsense2_camera_msgs) StdoutLine: {'line': b'-- Up-to-date: /home/user/Projects/ros2_ws/install/realsense2_camera_msgs/include/realsense2_camera_msgs/msg/detail/imu_info__type_support.cpp\n'}
[0.346234] (realsense2_camera_msgs) StdoutLine: {'line': b'-- Up-to-date: /home/user/Projects/ros2_ws/install/realsense2_camera_msgs/include/realsense2_camera_msgs/msg/detail/metadata__type_support.cpp\n'}
[0.346288] (realsense2_camera_msgs) StdoutLine: {'line': b'-- Up-to-date: /home/user/Projects/ros2_ws/install/realsense2_camera_msgs/lib/librealsense2_camera_msgs__rosidl_typesupport_introspection_cpp.so\n'}
[0.346340] (realsense2_camera_msgs) StdoutLine: {'line': b'-- Up-to-date: /home/user/Projects/ros2_ws/install/realsense2_camera_msgs/lib/librealsense2_camera_msgs__rosidl_typesupport_cpp.so\n'}
[0.346392] (realsense2_camera_msgs) StdoutLine: {'line': b'-- Up-to-date: /home/user/Projects/ros2_ws/install/realsense2_camera_msgs/share/realsense2_camera_msgs/environment/pythonpath.sh\n'}
[0.346448] (realsense2_camera_msgs) StdoutLine: {'line': b'-- Up-to-date: /home/user/Projects/ros2_ws/install/realsense2_camera_msgs/share/realsense2_camera_msgs/environment/pythonpath.dsv\n'}
[0.346499] (realsense2_camera_msgs) StdoutLine: {'line': b'-- Up-to-date: /home/user/Projects/ros2_ws/install/realsense2_camera_msgs/lib/python3.8/site-packages/realsense2_camera_msgs/__init__.py\n'}
[0.374522] (realsense2_camera_msgs) StdoutLine: {'line': b'-- Up-to-date: /home/user/Projects/ros2_ws/install/realsense2_camera_msgs/lib/python3.8/site-packages/realsense2_camera_msgs/msg\n'}
[0.374715] (realsense2_camera_msgs) StdoutLine: {'line': b'-- Up-to-date: /home/user/Projects/ros2_ws/install/realsense2_camera_msgs/lib/python3.8/site-packages/realsense2_camera_msgs/msg/_metadata_s.c\n'}
[0.374799] (realsense2_camera_msgs) StdoutLine: {'line': b'-- Up-to-date: /home/user/Projects/ros2_ws/install/realsense2_camera_msgs/lib/python3.8/site-packages/realsense2_camera_msgs/msg/_imu_info.py\n'}
[0.374855] (realsense2_camera_msgs) StdoutLine: {'line': b'-- Up-to-date: /home/user/Projects/ros2_ws/install/realsense2_camera_msgs/lib/python3.8/site-packages/realsense2_camera_msgs/msg/_extrinsics.py\n'}
[0.374908] (realsense2_camera_msgs) StdoutLine: {'line': b'-- Up-to-date: /home/user/Projects/ros2_ws/install/realsense2_camera_msgs/lib/python3.8/site-packages/realsense2_camera_msgs/msg/__init__.py\n'}
[0.374958] (realsense2_camera_msgs) StdoutLine: {'line': b'-- Up-to-date: /home/user/Projects/ros2_ws/install/realsense2_camera_msgs/lib/python3.8/site-packages/realsense2_camera_msgs/msg/_extrinsics_s.c\n'}
[0.375020] (realsense2_camera_msgs) StdoutLine: {'line': b'-- Up-to-date: /home/user/Projects/ros2_ws/install/realsense2_camera_msgs/lib/python3.8/site-packages/realsense2_camera_msgs/msg/_metadata.py\n'}
[0.375071] (realsense2_camera_msgs) StdoutLine: {'line': b'-- Up-to-date: /home/user/Projects/ros2_ws/install/realsense2_camera_msgs/lib/python3.8/site-packages/realsense2_camera_msgs/msg/_imu_info_s.c\n'}
[0.375162] (realsense2_camera_msgs) StdoutLine: {'line': b'-- Up-to-date: /home/user/Projects/ros2_ws/install/realsense2_camera_msgs/lib/python3.8/site-packages/realsense2_camera_msgs/srv\n'}
[0.375219] (realsense2_camera_msgs) StdoutLine: {'line': b'-- Up-to-date: /home/user/Projects/ros2_ws/install/realsense2_camera_msgs/lib/python3.8/site-packages/realsense2_camera_msgs/srv/_device_info_s.c\n'}
[0.375270] (realsense2_camera_msgs) StdoutLine: {'line': b'-- Up-to-date: /home/user/Projects/ros2_ws/install/realsense2_camera_msgs/lib/python3.8/site-packages/realsense2_camera_msgs/srv/__init__.py\n'}
[0.375343] (realsense2_camera_msgs) StdoutLine: {'line': b'-- Up-to-date: /home/user/Projects/ros2_ws/install/realsense2_camera_msgs/lib/python3.8/site-packages/realsense2_camera_msgs/srv/_device_info.py\n'}
[0.375415] (realsense2_camera_msgs) StdoutLine: {'line': b'-- Up-to-date: /home/user/Projects/ros2_ws/install/realsense2_camera_msgs/lib/python3.8/site-packages/realsense2_camera_msgs/realsense2_camera_msgs_s__rosidl_typesupport_fastrtps_c.cpython-38-x86_64-linux-gnu.so\n'}
[0.375855] (realsense2_camera_msgs) StdoutLine: {'line': b'-- Up-to-date: /home/user/Projects/ros2_ws/install/realsense2_camera_msgs/lib/python3.8/site-packages/realsense2_camera_msgs/realsense2_camera_msgs_s__rosidl_typesupport_introspection_c.cpython-38-x86_64-linux-gnu.so\n'}
[0.376530] (realsense2_camera_msgs) StdoutLine: {'line': b'-- Up-to-date: /home/user/Projects/ros2_ws/install/realsense2_camera_msgs/lib/python3.8/site-packages/realsense2_camera_msgs/realsense2_camera_msgs_s__rosidl_typesupport_c.cpython-38-x86_64-linux-gnu.so\n'}
[0.376996] (realsense2_camera_msgs) StdoutLine: {'line': b'-- Up-to-date: /home/user/Projects/ros2_ws/install/realsense2_camera_msgs/lib/librealsense2_camera_msgs__python.so\n'}
[0.377198] (realsense2_camera_msgs) StdoutLine: {'line': b'-- Up-to-date: /home/user/Projects/ros2_ws/install/realsense2_camera_msgs/share/realsense2_camera_msgs/msg/IMUInfo.idl\n'}
[0.377356] (realsense2_camera_msgs) StdoutLine: {'line': b'-- Up-to-date: /home/user/Projects/ros2_ws/install/realsense2_camera_msgs/share/realsense2_camera_msgs/msg/Extrinsics.idl\n'}
[0.377421] (realsense2_camera_msgs) StdoutLine: {'line': b'-- Up-to-date: /home/user/Projects/ros2_ws/install/realsense2_camera_msgs/share/realsense2_camera_msgs/msg/Metadata.idl\n'}
[0.377557] (realsense2_camera_msgs) StdoutLine: {'line': b'-- Up-to-date: /home/user/Projects/ros2_ws/install/realsense2_camera_msgs/share/realsense2_camera_msgs/srv/DeviceInfo.idl\n'}
[0.377644] (realsense2_camera_msgs) StdoutLine: {'line': b'-- Up-to-date: /home/user/Projects/ros2_ws/install/realsense2_camera_msgs/share/realsense2_camera_msgs/msg/IMUInfo.msg\n'}
[0.377745] (realsense2_camera_msgs) StdoutLine: {'line': b'-- Up-to-date: /home/user/Projects/ros2_ws/install/realsense2_camera_msgs/share/realsense2_camera_msgs/msg/Extrinsics.msg\n'}
[0.377824] (realsense2_camera_msgs) StdoutLine: {'line': b'-- Up-to-date: /home/user/Projects/ros2_ws/install/realsense2_camera_msgs/share/realsense2_camera_msgs/msg/Metadata.msg\n'}
[0.377904] (realsense2_camera_msgs) StdoutLine: {'line': b'-- Up-to-date: /home/user/Projects/ros2_ws/install/realsense2_camera_msgs/share/realsense2_camera_msgs/srv/DeviceInfo.srv\n'}
[0.377971] (realsense2_camera_msgs) StdoutLine: {'line': b'-- Up-to-date: /home/user/Projects/ros2_ws/install/realsense2_camera_msgs/share/realsense2_camera_msgs/srv/DeviceInfo_Request.msg\n'}
[0.378038] (realsense2_camera_msgs) StdoutLine: {'line': b'-- Up-to-date: /home/user/Projects/ros2_ws/install/realsense2_camera_msgs/share/realsense2_camera_msgs/srv/DeviceInfo_Response.msg\n'}
[0.378105] (realsense2_camera_msgs) StdoutLine: {'line': b'-- Up-to-date: /home/user/Projects/ros2_ws/install/realsense2_camera_msgs/share/ament_index/resource_index/package_run_dependencies/realsense2_camera_msgs\n'}
[0.378181] (realsense2_camera_msgs) StdoutLine: {'line': b'-- Up-to-date: /home/user/Projects/ros2_ws/install/realsense2_camera_msgs/share/ament_index/resource_index/parent_prefix_path/realsense2_camera_msgs\n'}
[0.378248] (realsense2_camera_msgs) StdoutLine: {'line': b'-- Up-to-date: /home/user/Projects/ros2_ws/install/realsense2_camera_msgs/share/realsense2_camera_msgs/environment/ament_prefix_path.sh\n'}
[0.378300] (realsense2_camera_msgs) StdoutLine: {'line': b'-- Up-to-date: /home/user/Projects/ros2_ws/install/realsense2_camera_msgs/share/realsense2_camera_msgs/environment/ament_prefix_path.dsv\n'}
[0.378351] (realsense2_camera_msgs) StdoutLine: {'line': b'-- Up-to-date: /home/user/Projects/ros2_ws/install/realsense2_camera_msgs/share/realsense2_camera_msgs/environment/path.sh\n'}
[0.378413] (realsense2_camera_msgs) StdoutLine: {'line': b'-- Up-to-date: /home/user/Projects/ros2_ws/install/realsense2_camera_msgs/share/realsense2_camera_msgs/environment/path.dsv\n'}
[0.378464] (realsense2_camera_msgs) StdoutLine: {'line': b'-- Up-to-date: /home/user/Projects/ros2_ws/install/realsense2_camera_msgs/share/realsense2_camera_msgs/local_setup.bash\n'}
[0.378514] (realsense2_camera_msgs) StdoutLine: {'line': b'-- Up-to-date: /home/user/Projects/ros2_ws/install/realsense2_camera_msgs/share/realsense2_camera_msgs/local_setup.sh\n'}
[0.378579] (realsense2_camera_msgs) StdoutLine: {'line': b'-- Up-to-date: /home/user/Projects/ros2_ws/install/realsense2_camera_msgs/share/realsense2_camera_msgs/local_setup.zsh\n'}
[0.378646] (realsense2_camera_msgs) StdoutLine: {'line': b'-- Up-to-date: /home/user/Projects/ros2_ws/install/realsense2_camera_msgs/share/realsense2_camera_msgs/local_setup.dsv\n'}
[0.378707] (realsense2_camera_msgs) StdoutLine: {'line': b'-- Installing: /home/user/Projects/ros2_ws/install/realsense2_camera_msgs/share/realsense2_camera_msgs/package.dsv\n'}
[0.378759] (realsense2_camera_msgs) StdoutLine: {'line': b'-- Up-to-date: /home/user/Projects/ros2_ws/install/realsense2_camera_msgs/share/ament_index/resource_index/packages/realsense2_camera_msgs\n'}
[0.378824] (realsense2_camera_msgs) StdoutLine: {'line': b'-- Up-to-date: /home/user/Projects/ros2_ws/install/realsense2_camera_msgs/share/realsense2_camera_msgs/cmake/realsense2_camera_msgs__rosidl_generator_cExport.cmake\n'}
[0.378894] (realsense2_camera_msgs) StdoutLine: {'line': b'-- Up-to-date: /home/user/Projects/ros2_ws/install/realsense2_camera_msgs/share/realsense2_camera_msgs/cmake/realsense2_camera_msgs__rosidl_generator_cExport-noconfig.cmake\n'}
[0.378945] (realsense2_camera_msgs) StdoutLine: {'line': b'-- Up-to-date: /home/user/Projects/ros2_ws/install/realsense2_camera_msgs/share/realsense2_camera_msgs/cmake/realsense2_camera_msgs__rosidl_typesupport_introspection_cExport.cmake\n'}
[0.378995] (realsense2_camera_msgs) StdoutLine: {'line': b'-- Up-to-date: /home/user/Projects/ros2_ws/install/realsense2_camera_msgs/share/realsense2_camera_msgs/cmake/realsense2_camera_msgs__rosidl_typesupport_introspection_cExport-noconfig.cmake\n'}
[0.379060] (realsense2_camera_msgs) StdoutLine: {'line': b'-- Up-to-date: /home/user/Projects/ros2_ws/install/realsense2_camera_msgs/share/realsense2_camera_msgs/cmake/realsense2_camera_msgs__rosidl_typesupport_cExport.cmake\n'}
[0.379126] (realsense2_camera_msgs) StdoutLine: {'line': b'-- Up-to-date: /home/user/Projects/ros2_ws/install/realsense2_camera_msgs/share/realsense2_camera_msgs/cmake/realsense2_camera_msgs__rosidl_typesupport_cExport-noconfig.cmake\n'}
[0.379260] (realsense2_camera_msgs) StdoutLine: {'line': b'-- Up-to-date: /home/user/Projects/ros2_ws/install/realsense2_camera_msgs/share/realsense2_camera_msgs/cmake/realsense2_camera_msgs__rosidl_generator_cppExport.cmake\n'}
[0.379446] (realsense2_camera_msgs) StdoutLine: {'line': b'-- Up-to-date: /home/user/Projects/ros2_ws/install/realsense2_camera_msgs/share/realsense2_camera_msgs/cmake/realsense2_camera_msgs__rosidl_typesupport_introspection_cppExport.cmake\n'}
[0.379561] (realsense2_camera_msgs) StdoutLine: {'line': b'-- Up-to-date: /home/user/Projects/ros2_ws/install/realsense2_camera_msgs/share/realsense2_camera_msgs/cmake/realsense2_camera_msgs__rosidl_typesupport_introspection_cppExport-noconfig.cmake\n'}
[0.379708] (realsense2_camera_msgs) StdoutLine: {'line': b'-- Up-to-date: /home/user/Projects/ros2_ws/install/realsense2_camera_msgs/share/realsense2_camera_msgs/cmake/realsense2_camera_msgs__rosidl_typesupport_cppExport.cmake\n'}
[0.379836] (realsense2_camera_msgs) StdoutLine: {'line': b'-- Up-to-date: /home/user/Projects/ros2_ws/install/realsense2_camera_msgs/share/realsense2_camera_msgs/cmake/realsense2_camera_msgs__rosidl_typesupport_cppExport-noconfig.cmake\n'}
[0.379913] (realsense2_camera_msgs) StdoutLine: {'line': b'-- Up-to-date: /home/user/Projects/ros2_ws/install/realsense2_camera_msgs/share/realsense2_camera_msgs/cmake/rosidl_cmake-extras.cmake\n'}
[0.379992] (realsense2_camera_msgs) StdoutLine: {'line': b'-- Up-to-date: /home/user/Projects/ros2_ws/install/realsense2_camera_msgs/share/realsense2_camera_msgs/cmake/ament_cmake_export_dependencies-extras.cmake\n'}
[0.380058] (realsense2_camera_msgs) StdoutLine: {'line': b'-- Up-to-date: /home/user/Projects/ros2_ws/install/realsense2_camera_msgs/share/realsense2_camera_msgs/cmake/ament_cmake_export_libraries-extras.cmake\n'}
[0.380125] (realsense2_camera_msgs) StdoutLine: {'line': b'-- Up-to-date: /home/user/Projects/ros2_ws/install/realsense2_camera_msgs/share/realsense2_camera_msgs/cmake/ament_cmake_export_targets-extras.cmake\n'}
[0.380229] (realsense2_camera_msgs) StdoutLine: {'line': b'-- Up-to-date: /home/user/Projects/ros2_ws/install/realsense2_camera_msgs/share/realsense2_camera_msgs/cmake/ament_cmake_export_include_directories-extras.cmake\n'}
[0.380309] (realsense2_camera_msgs) StdoutLine: {'line': b'-- Up-to-date: /home/user/Projects/ros2_ws/install/realsense2_camera_msgs/share/realsense2_camera_msgs/cmake/rosidl_cmake_export_typesupport_libraries-extras.cmake\n'}
[0.380365] (realsense2_camera_msgs) StdoutLine: {'line': b'-- Up-to-date: /home/user/Projects/ros2_ws/install/realsense2_camera_msgs/share/realsense2_camera_msgs/cmake/rosidl_cmake_export_typesupport_targets-extras.cmake\n'}
[0.380416] (realsense2_camera_msgs) StdoutLine: {'line': b'-- Up-to-date: /home/user/Projects/ros2_ws/install/realsense2_camera_msgs/share/realsense2_camera_msgs/cmake/realsense2_camera_msgsConfig.cmake\n'}
[0.380473] (realsense2_camera_msgs) StdoutLine: {'line': b'-- Up-to-date: /home/user/Projects/ros2_ws/install/realsense2_camera_msgs/share/realsense2_camera_msgs/cmake/realsense2_camera_msgsConfig-version.cmake\n'}
[0.380523] (realsense2_camera_msgs) StdoutLine: {'line': b'-- Up-to-date: /home/user/Projects/ros2_ws/install/realsense2_camera_msgs/share/realsense2_camera_msgs/package.xml\n'}
[0.382585] (realsense2_camera_msgs) CommandEnded: {'returncode': 0}
[0.399557] (-) TimerEvent: {}
[0.491109] (realsense2_camera_msgs) JobEnded: {'identifier': 'realsense2_camera_msgs', 'rc': 0}
[0.491648] (realsense2_camera) JobStarted: {'identifier': 'realsense2_camera'}
[0.496966] (realsense2_description) JobStarted: {'identifier': 'realsense2_description'}
[0.499618] (-) TimerEvent: {}
[0.503037] (realsense2_camera) JobProgress: {'identifier': 'realsense2_camera', 'progress': 'cmake'}
[0.503828] (realsense2_camera) JobProgress: {'identifier': 'realsense2_camera', 'progress': 'build'}
[0.504191] (realsense2_camera) Command: {'cmd': ['/usr/bin/cmake', '--build', '/home/user/Projects/ros2_ws/build/realsense2_camera', '--', '-j12', '-l12'], 'cwd': '/home/user/Projects/ros2_ws/build/realsense2_camera', 'env': OrderedDict([('HOSTNAME', 'GS65-Ubuntu'), ('SHLVL', '1'), ('LD_LIBRARY_PATH', '/home/user/Projects/ros2_ws/install/realsense2_camera_msgs/lib:/home/user/Projects/ros2_ws/install/realsense2_camera/lib:/opt/ros/foxy/opt/yaml_cpp_vendor/lib:/opt/ros/foxy/opt/rviz_ogre_vendor/lib:/opt/ros/foxy/lib/x86_64-linux-gnu:/opt/ros/foxy/lib'), ('HOME', '/home/user'), ('OLDPWD', '/home/user'), ('PYTHONUNBUFFERED', '1'), ('ROS_PYTHON_VERSION', '3'), ('_colcon_cd_root', '/home/user/Projects/dev_ws'), ('COLCON_PREFIX_PATH', '/home/user/Projects/ros2_ws/install'), ('ROS_DISTRO', 'foxy'), ('PROXIMITY', '1'), ('_', '/usr/bin/colcon'), ('ROS_VERSION', '2'), ('NVIDIA_DRIVER_CAPABILITIES', 'graphics'), ('TERM', 'xterm'), ('ROS_LOCALHOST_ONLY', '0'), ('QT_X11_NO_MITSHM', '1'), ('PATH', '/home/user/.local/bin:/opt/ros/foxy/bin:/home/user/bin:/usr/local/sbin:/usr/local/bin:/usr/sbin:/usr/bin:/sbin:/bin'), ('DISPLAY', ':1'), ('LANG', 'C.UTF-8'), ('LS_COLORS', ':di=1;33:ln=36'), ('AMENT_PREFIX_PATH', '/home/user/Projects/ros2_ws/install/realsense2_description:/home/user/Projects/ros2_ws/install/realsense2_camera:/home/user/Projects/ros2_ws/install/realsense2_camera_msgs:/home/user/Projects/ros2_ws/install/object_avoidance:/opt/ros/foxy'), ('DEFAULT_THROTTLE', '30'), ('AVOIDANCE_DISTANCE', '5'), ('PWD', '/home/user/Projects/ros2_ws/build/realsense2_camera'), ('END_NODE_ID', '140'), ('LC_ALL', 'C.UTF-8'), ('PYTHONPATH', '/home/user/Projects/ros2_ws/install/realsense2_camera_msgs/lib/python3.8/site-packages:/home/user/Projects/ros2_ws/install/object_avoidance/lib/python3.8/site-packages:/opt/ros/foxy/lib/python3.8/site-packages'), ('NVIDIA_VISIBLE_DEVICES', 'all'), ('COLCON', '1'), ('CMAKE_PREFIX_PATH', '/home/user/Projects/ros2_ws/install/realsense2_camera_msgs:/home/user/Projects/ros2_ws/install/realsense2_description:/home/user/Projects/ros2_ws/install/realsense2_camera:/home/user/Projects/ros2_ws/install/object_avoidance:/opt/ros/foxy'), ('AVOIDANCE_ANGLE', '20')]), 'shell': False}
[0.507838] (realsense2_description) JobProgress: {'identifier': 'realsense2_description', 'progress': 'cmake'}
[0.509630] (realsense2_description) JobProgress: {'identifier': 'realsense2_description', 'progress': 'build'}
[0.509818] (realsense2_description) Command: {'cmd': ['/usr/bin/cmake', '--build', '/home/user/Projects/ros2_ws/build/realsense2_description', '--', '-j12', '-l12'], 'cwd': '/home/user/Projects/ros2_ws/build/realsense2_description', 'env': OrderedDict([('HOSTNAME', 'GS65-Ubuntu'), ('SHLVL', '1'), ('LD_LIBRARY_PATH', '/home/user/Projects/ros2_ws/install/realsense2_camera_msgs/lib:/home/user/Projects/ros2_ws/install/realsense2_camera/lib:/opt/ros/foxy/opt/yaml_cpp_vendor/lib:/opt/ros/foxy/opt/rviz_ogre_vendor/lib:/opt/ros/foxy/lib/x86_64-linux-gnu:/opt/ros/foxy/lib'), ('HOME', '/home/user'), ('OLDPWD', '/home/user'), ('PYTHONUNBUFFERED', '1'), ('ROS_PYTHON_VERSION', '3'), ('_colcon_cd_root', '/home/user/Projects/dev_ws'), ('COLCON_PREFIX_PATH', '/home/user/Projects/ros2_ws/install'), ('ROS_DISTRO', 'foxy'), ('PROXIMITY', '1'), ('_', '/usr/bin/colcon'), ('ROS_VERSION', '2'), ('NVIDIA_DRIVER_CAPABILITIES', 'graphics'), ('TERM', 'xterm'), ('ROS_LOCALHOST_ONLY', '0'), ('QT_X11_NO_MITSHM', '1'), ('PATH', '/home/user/.local/bin:/opt/ros/foxy/bin:/home/user/bin:/usr/local/sbin:/usr/local/bin:/usr/sbin:/usr/bin:/sbin:/bin'), ('DISPLAY', ':1'), ('LANG', 'C.UTF-8'), ('LS_COLORS', ':di=1;33:ln=36'), ('AMENT_PREFIX_PATH', '/home/user/Projects/ros2_ws/install/realsense2_description:/home/user/Projects/ros2_ws/install/realsense2_camera:/home/user/Projects/ros2_ws/install/realsense2_camera_msgs:/home/user/Projects/ros2_ws/install/object_avoidance:/opt/ros/foxy'), ('DEFAULT_THROTTLE', '30'), ('AVOIDANCE_DISTANCE', '5'), ('PWD', '/home/user/Projects/ros2_ws/build/realsense2_description'), ('END_NODE_ID', '140'), ('LC_ALL', 'C.UTF-8'), ('PYTHONPATH', '/home/user/Projects/ros2_ws/install/realsense2_camera_msgs/lib/python3.8/site-packages:/home/user/Projects/ros2_ws/install/object_avoidance/lib/python3.8/site-packages:/opt/ros/foxy/lib/python3.8/site-packages'), ('NVIDIA_VISIBLE_DEVICES', 'all'), ('COLCON', '1'), ('CMAKE_PREFIX_PATH', '/home/user/Projects/ros2_ws/install/realsense2_camera_msgs:/home/user/Projects/ros2_ws/install/realsense2_description:/home/user/Projects/ros2_ws/install/realsense2_camera:/home/user/Projects/ros2_ws/install/object_avoidance:/opt/ros/foxy'), ('AVOIDANCE_ANGLE', '20')]), 'shell': False}
[0.536941] (object_avoidance) Command: {'cmd': ['/usr/bin/python3', 'setup.py', 'egg_info', '--egg-base', '../../build/object_avoidance', 'build', '--build-base', '/home/user/Projects/ros2_ws/build/object_avoidance/build', 'install', '--prefix', '/home/user/Projects/ros2_ws/install/object_avoidance', '--record', '/home/user/Projects/ros2_ws/build/object_avoidance/install.log', '--single-version-externally-managed'], 'cwd': '/home/user/Projects/ros2_ws/src/object_avoidance', 'env': {'HOSTNAME': 'GS65-Ubuntu', 'SHLVL': '1', 'LD_LIBRARY_PATH': '/home/user/Projects/ros2_ws/install/realsense2_camera/lib:/home/user/Projects/ros2_ws/install/realsense2_camera_msgs/lib:/opt/ros/foxy/opt/yaml_cpp_vendor/lib:/opt/ros/foxy/opt/rviz_ogre_vendor/lib:/opt/ros/foxy/lib/x86_64-linux-gnu:/opt/ros/foxy/lib', 'HOME': '/home/user', 'OLDPWD': '/home/user', 'PYTHONUNBUFFERED': '1', 'ROS_PYTHON_VERSION': '3', '_colcon_cd_root': '/home/user/Projects/dev_ws', 'COLCON_PREFIX_PATH': '/home/user/Projects/ros2_ws/install', 'ROS_DISTRO': 'foxy', 'PROXIMITY': '1', '_': '/usr/bin/colcon', 'ROS_VERSION': '2', 'NVIDIA_DRIVER_CAPABILITIES': 'graphics', 'TERM': 'xterm', 'ROS_LOCALHOST_ONLY': '0', 'QT_X11_NO_MITSHM': '1', 'PATH': '/home/user/.local/bin:/opt/ros/foxy/bin:/home/user/bin:/usr/local/sbin:/usr/local/bin:/usr/sbin:/usr/bin:/sbin:/bin', 'DISPLAY': ':1', 'LANG': 'C.UTF-8', 'LS_COLORS': ':di=1;33:ln=36', 'AMENT_PREFIX_PATH': '/home/user/Projects/ros2_ws/install/realsense2_description:/home/user/Projects/ros2_ws/install/realsense2_camera:/home/user/Projects/ros2_ws/install/realsense2_camera_msgs:/home/user/Projects/ros2_ws/install/object_avoidance:/opt/ros/foxy', 'DEFAULT_THROTTLE': '30', 'AVOIDANCE_DISTANCE': '5', 'PWD': '/home/user/Projects/ros2_ws/build/object_avoidance', 'END_NODE_ID': '140', 'LC_ALL': 'C.UTF-8', 'PYTHONPATH': '/home/user/Projects/ros2_ws/install/object_avoidance/lib/python3.8/site-packages:/home/user/Projects/ros2_ws/install/realsense2_camera_msgs/lib/python3.8/site-packages:/home/user/Projects/ros2_ws/install/object_avoidance/lib/python3.8/site-packages:/opt/ros/foxy/lib/python3.8/site-packages', 'NVIDIA_VISIBLE_DEVICES': 'all', 'COLCON': '1', 'CMAKE_PREFIX_PATH': '/home/user/Projects/ros2_ws/install/realsense2_description:/home/user/Projects/ros2_ws/install/realsense2_camera:/home/user/Projects/ros2_ws/install/realsense2_camera_msgs', 'AVOIDANCE_ANGLE': '20'}, 'shell': False}
[0.547238] (realsense2_description) CommandEnded: {'returncode': 0}
[0.565563] (realsense2_camera) StdoutLine: {'line': b'[ 12%] Built target realsense2_camera_node\n'}
[0.567792] (realsense2_description) JobProgress: {'identifier': 'realsense2_description', 'progress': 'install'}
[0.567978] (realsense2_description) Command: {'cmd': ['/usr/bin/cmake', '--install', '/home/user/Projects/ros2_ws/build/realsense2_description'], 'cwd': '/home/user/Projects/ros2_ws/build/realsense2_description', 'env': OrderedDict([('HOSTNAME', 'GS65-Ubuntu'), ('SHLVL', '1'), ('LD_LIBRARY_PATH', '/home/user/Projects/ros2_ws/install/realsense2_camera_msgs/lib:/home/user/Projects/ros2_ws/install/realsense2_camera/lib:/opt/ros/foxy/opt/yaml_cpp_vendor/lib:/opt/ros/foxy/opt/rviz_ogre_vendor/lib:/opt/ros/foxy/lib/x86_64-linux-gnu:/opt/ros/foxy/lib'), ('HOME', '/home/user'), ('OLDPWD', '/home/user'), ('PYTHONUNBUFFERED', '1'), ('ROS_PYTHON_VERSION', '3'), ('_colcon_cd_root', '/home/user/Projects/dev_ws'), ('COLCON_PREFIX_PATH', '/home/user/Projects/ros2_ws/install'), ('ROS_DISTRO', 'foxy'), ('PROXIMITY', '1'), ('_', '/usr/bin/colcon'), ('ROS_VERSION', '2'), ('NVIDIA_DRIVER_CAPABILITIES', 'graphics'), ('TERM', 'xterm'), ('ROS_LOCALHOST_ONLY', '0'), ('QT_X11_NO_MITSHM', '1'), ('PATH', '/home/user/.local/bin:/opt/ros/foxy/bin:/home/user/bin:/usr/local/sbin:/usr/local/bin:/usr/sbin:/usr/bin:/sbin:/bin'), ('DISPLAY', ':1'), ('LANG', 'C.UTF-8'), ('LS_COLORS', ':di=1;33:ln=36'), ('AMENT_PREFIX_PATH', '/home/user/Projects/ros2_ws/install/realsense2_description:/home/user/Projects/ros2_ws/install/realsense2_camera:/home/user/Projects/ros2_ws/install/realsense2_camera_msgs:/home/user/Projects/ros2_ws/install/object_avoidance:/opt/ros/foxy'), ('DEFAULT_THROTTLE', '30'), ('AVOIDANCE_DISTANCE', '5'), ('PWD', '/home/user/Projects/ros2_ws/build/realsense2_description'), ('END_NODE_ID', '140'), ('LC_ALL', 'C.UTF-8'), ('PYTHONPATH', '/home/user/Projects/ros2_ws/install/realsense2_camera_msgs/lib/python3.8/site-packages:/home/user/Projects/ros2_ws/install/object_avoidance/lib/python3.8/site-packages:/opt/ros/foxy/lib/python3.8/site-packages'), ('NVIDIA_VISIBLE_DEVICES', 'all'), ('COLCON', '1'), ('CMAKE_PREFIX_PATH', '/home/user/Projects/ros2_ws/install/realsense2_camera_msgs:/home/user/Projects/ros2_ws/install/realsense2_description:/home/user/Projects/ros2_ws/install/realsense2_camera:/home/user/Projects/ros2_ws/install/object_avoidance:/opt/ros/foxy'), ('AVOIDANCE_ANGLE', '20')]), 'shell': False}
[0.575767] (realsense2_description) StdoutLine: {'line': b'-- Install configuration: ""\n'}
[0.576178] (realsense2_description) StdoutLine: {'line': b'-- Up-to-date: /home/user/Projects/ros2_ws/install/realsense2_description/share/realsense2_description/launch\n'}
[0.576349] (realsense2_description) StdoutLine: {'line': b'-- Up-to-date: /home/user/Projects/ros2_ws/install/realsense2_description/share/realsense2_description/launch/view_model.launch.py\n'}
[0.576430] (realsense2_description) StdoutLine: {'line': b'-- Up-to-date: /home/user/Projects/ros2_ws/install/realsense2_description/share/realsense2_description/launch/launch_utils.py\n'}
[0.576507] (realsense2_description) StdoutLine: {'line': b'-- Up-to-date: /home/user/Projects/ros2_ws/install/realsense2_description/share/realsense2_description/meshes\n'}
[0.576593] (realsense2_description) StdoutLine: {'line': b'-- Up-to-date: /home/user/Projects/ros2_ws/install/realsense2_description/share/realsense2_description/meshes/d455.stl\n'}
[0.576711] (realsense2_description) StdoutLine: {'line': b'-- Up-to-date: /home/user/Projects/ros2_ws/install/realsense2_description/share/realsense2_description/meshes/plug.stl\n'}
[0.576832] (realsense2_description) StdoutLine: {'line': b'-- Up-to-date: /home/user/Projects/ros2_ws/install/realsense2_description/share/realsense2_description/meshes/d415.stl\n'}
[0.576921] (realsense2_description) StdoutLine: {'line': b'-- Up-to-date: /home/user/Projects/ros2_ws/install/realsense2_description/share/realsense2_description/meshes/l515.dae\n'}
[0.576996] (realsense2_description) StdoutLine: {'line': b'-- Up-to-date: /home/user/Projects/ros2_ws/install/realsense2_description/share/realsense2_description/meshes/d435.dae\n'}
[0.577057] (realsense2_description) StdoutLine: {'line': b'-- Up-to-date: /home/user/Projects/ros2_ws/install/realsense2_description/share/realsense2_description/meshes/plug_collision.stl\n'}
[0.577110] (realsense2_description) StdoutLine: {'line': b'-- Up-to-date: /home/user/Projects/ros2_ws/install/realsense2_description/share/realsense2_description/rviz\n'}
[0.577184] (realsense2_description) StdoutLine: {'line': b'-- Up-to-date: /home/user/Projects/ros2_ws/install/realsense2_description/share/realsense2_description/rviz/urdf.rviz\n'}
[0.577287] (realsense2_description) StdoutLine: {'line': b'-- Up-to-date: /home/user/Projects/ros2_ws/install/realsense2_description/share/realsense2_description/urdf\n'}
[0.577341] (realsense2_description) StdoutLine: {'line': b'-- Up-to-date: /home/user/Projects/ros2_ws/install/realsense2_description/share/realsense2_description/urdf/_d435i_imu_modules.urdf.xacro\n'}
[0.577394] (realsense2_description) StdoutLine: {'line': b'-- Up-to-date: /home/user/Projects/ros2_ws/install/realsense2_description/share/realsense2_description/urdf/_r430.urdf.xacro\n'}
[0.577446] (realsense2_description) StdoutLine: {'line': b'-- Up-to-date: /home/user/Projects/ros2_ws/install/realsense2_description/share/realsense2_description/urdf/_r410.urdf.xacro\n'}
[0.577503] (realsense2_description) StdoutLine: {'line': b'-- Up-to-date: /home/user/Projects/ros2_ws/install/realsense2_description/share/realsense2_description/urdf/_d455.urdf.xacro\n'}
[0.577556] (realsense2_description) StdoutLine: {'line': b'-- Up-to-date: /home/user/Projects/ros2_ws/install/realsense2_description/share/realsense2_description/urdf/test_d455_camera.urdf.xacro\n'}
[0.577608] (realsense2_description) StdoutLine: {'line': b'-- Up-to-date: /home/user/Projects/ros2_ws/install/realsense2_description/share/realsense2_description/urdf/test_d435_multiple_cameras.urdf.xacro\n'}
[0.577662] (realsense2_description) StdoutLine: {'line': b'-- Up-to-date: /home/user/Projects/ros2_ws/install/realsense2_description/share/realsense2_description/urdf/_d435i.urdf.xacro\n'}
[0.577715] (realsense2_description) StdoutLine: {'line': b'-- Up-to-date: /home/user/Projects/ros2_ws/install/realsense2_description/share/realsense2_description/urdf/test_d415_camera.urdf.xacro\n'}
[0.577767] (realsense2_description) StdoutLine: {'line': b'-- Up-to-date: /home/user/Projects/ros2_ws/install/realsense2_description/share/realsense2_description/urdf/_d415.urdf.xacro\n'}
[0.577820] (realsense2_description) StdoutLine: {'line': b'-- Up-to-date: /home/user/Projects/ros2_ws/install/realsense2_description/share/realsense2_description/urdf/test_d435_camera.urdf.xacro\n'}
[0.577872] (realsense2_description) StdoutLine: {'line': b'-- Up-to-date: /home/user/Projects/ros2_ws/install/realsense2_description/share/realsense2_description/urdf/_usb_plug.urdf.xacro\n'}
[0.577924] (realsense2_description) StdoutLine: {'line': b'-- Up-to-date: /home/user/Projects/ros2_ws/install/realsense2_description/share/realsense2_description/urdf/test_d435i_camera.urdf.xacro\n'}
[0.577976] (realsense2_description) StdoutLine: {'line': b'-- Up-to-date: /home/user/Projects/ros2_ws/install/realsense2_description/share/realsense2_description/urdf/test_l515_camera.urdf.xacro\n'}
[0.578028] (realsense2_description) StdoutLine: {'line': b'-- Up-to-date: /home/user/Projects/ros2_ws/install/realsense2_description/share/realsense2_description/urdf/test_r430_camera.urdf.xacro\n'}
[0.578153] (realsense2_description) StdoutLine: {'line': b'-- Up-to-date: /home/user/Projects/ros2_ws/install/realsense2_description/share/realsense2_description/urdf/_l515.urdf.xacro\n'}
[0.578265] (realsense2_description) StdoutLine: {'line': b'-- Up-to-date: /home/user/Projects/ros2_ws/install/realsense2_description/share/realsense2_description/urdf/test_r410_camera.urdf.xacro\n'}
[0.578325] (realsense2_description) StdoutLine: {'line': b'-- Up-to-date: /home/user/Projects/ros2_ws/install/realsense2_description/share/realsense2_description/urdf/_d435.urdf.xacro\n'}
[0.578434] (realsense2_description) StdoutLine: {'line': b'-- Up-to-date: /home/user/Projects/ros2_ws/install/realsense2_description/share/realsense2_description/urdf/_materials.urdf.xacro\n'}
[0.578494] (realsense2_description) StdoutLine: {'line': b'-- Up-to-date: /home/user/Projects/ros2_ws/install/realsense2_description/share/ament_index/resource_index/package_run_dependencies/realsense2_description\n'}
[0.578571] (realsense2_description) StdoutLine: {'line': b'-- Up-to-date: /home/user/Projects/ros2_ws/install/realsense2_description/share/ament_index/resource_index/parent_prefix_path/realsense2_description\n'}
[0.578729] (realsense2_description) StdoutLine: {'line': b'-- Up-to-date: /home/user/Projects/ros2_ws/install/realsense2_description/share/realsense2_description/environment/ament_prefix_path.sh\n'}
[0.578971] (realsense2_description) StdoutLine: {'line': b'-- Up-to-date: /home/user/Projects/ros2_ws/install/realsense2_description/share/realsense2_description/environment/ament_prefix_path.dsv\n'}
[0.579214] (realsense2_description) StdoutLine: {'line': b'-- Up-to-date: /home/user/Projects/ros2_ws/install/realsense2_description/share/realsense2_description/environment/path.sh\n'}
[0.580629] (realsense2_description) StdoutLine: {'line': b'-- Up-to-date: /home/user/Projects/ros2_ws/install/realsense2_description/share/realsense2_description/environment/path.dsv\n'}
[0.580735] (realsense2_description) StdoutLine: {'line': b'-- Up-to-date: /home/user/Projects/ros2_ws/install/realsense2_description/share/realsense2_description/local_setup.bash\n'}
[0.580844] (realsense2_description) StdoutLine: {'line': b'-- Up-to-date: /home/user/Projects/ros2_ws/install/realsense2_description/share/realsense2_description/local_setup.sh\n'}
[0.580934] (realsense2_description) StdoutLine: {'line': b'-- Up-to-date: /home/user/Projects/ros2_ws/install/realsense2_description/share/realsense2_description/local_setup.zsh\n'}
[0.581040] (realsense2_description) StdoutLine: {'line': b'-- Up-to-date: /home/user/Projects/ros2_ws/install/realsense2_description/share/realsense2_description/local_setup.dsv\n'}
[0.581146] (realsense2_description) StdoutLine: {'line': b'-- Installing: /home/user/Projects/ros2_ws/install/realsense2_description/share/realsense2_description/package.dsv\n'}
[0.581251] (realsense2_description) StdoutLine: {'line': b'-- Up-to-date: /home/user/Projects/ros2_ws/install/realsense2_description/share/ament_index/resource_index/packages/realsense2_description\n'}
[0.581353] (realsense2_description) StdoutLine: {'line': b'-- Up-to-date: /home/user/Projects/ros2_ws/install/realsense2_description/share/realsense2_description/cmake/realsense2_descriptionConfig.cmake\n'}
[0.581459] (realsense2_description) StdoutLine: {'line': b'-- Up-to-date: /home/user/Projects/ros2_ws/install/realsense2_description/share/realsense2_description/cmake/realsense2_descriptionConfig-version.cmake\n'}
[0.581556] (realsense2_description) StdoutLine: {'line': b'-- Up-to-date: /home/user/Projects/ros2_ws/install/realsense2_description/share/realsense2_description/package.xml\n'}
[0.581659] (realsense2_description) CommandEnded: {'returncode': 0}
[0.598676] (realsense2_camera) StdoutLine: {'line': b'[100%] Built target realsense2_camera\n'}
[0.599696] (-) TimerEvent: {}
[0.611785] (realsense2_description) JobEnded: {'identifier': 'realsense2_description', 'rc': 0}
[0.612740] (realsense2_camera) CommandEnded: {'returncode': 0}
[0.656610] (realsense2_camera) JobProgress: {'identifier': 'realsense2_camera', 'progress': 'install'}
[0.656970] (realsense2_camera) Command: {'cmd': ['/usr/bin/cmake', '--install', '/home/user/Projects/ros2_ws/build/realsense2_camera'], 'cwd': '/home/user/Projects/ros2_ws/build/realsense2_camera', 'env': OrderedDict([('HOSTNAME', 'GS65-Ubuntu'), ('SHLVL', '1'), ('LD_LIBRARY_PATH', '/home/user/Projects/ros2_ws/install/realsense2_camera_msgs/lib:/home/user/Projects/ros2_ws/install/realsense2_camera/lib:/opt/ros/foxy/opt/yaml_cpp_vendor/lib:/opt/ros/foxy/opt/rviz_ogre_vendor/lib:/opt/ros/foxy/lib/x86_64-linux-gnu:/opt/ros/foxy/lib'), ('HOME', '/home/user'), ('OLDPWD', '/home/user'), ('PYTHONUNBUFFERED', '1'), ('ROS_PYTHON_VERSION', '3'), ('_colcon_cd_root', '/home/user/Projects/dev_ws'), ('COLCON_PREFIX_PATH', '/home/user/Projects/ros2_ws/install'), ('ROS_DISTRO', 'foxy'), ('PROXIMITY', '1'), ('_', '/usr/bin/colcon'), ('ROS_VERSION', '2'), ('NVIDIA_DRIVER_CAPABILITIES', 'graphics'), ('TERM', 'xterm'), ('ROS_LOCALHOST_ONLY', '0'), ('QT_X11_NO_MITSHM', '1'), ('PATH', '/home/user/.local/bin:/opt/ros/foxy/bin:/home/user/bin:/usr/local/sbin:/usr/local/bin:/usr/sbin:/usr/bin:/sbin:/bin'), ('DISPLAY', ':1'), ('LANG', 'C.UTF-8'), ('LS_COLORS', ':di=1;33:ln=36'), ('AMENT_PREFIX_PATH', '/home/user/Projects/ros2_ws/install/realsense2_description:/home/user/Projects/ros2_ws/install/realsense2_camera:/home/user/Projects/ros2_ws/install/realsense2_camera_msgs:/home/user/Projects/ros2_ws/install/object_avoidance:/opt/ros/foxy'), ('DEFAULT_THROTTLE', '30'), ('AVOIDANCE_DISTANCE', '5'), ('PWD', '/home/user/Projects/ros2_ws/build/realsense2_camera'), ('END_NODE_ID', '140'), ('LC_ALL', 'C.UTF-8'), ('PYTHONPATH', '/home/user/Projects/ros2_ws/install/realsense2_camera_msgs/lib/python3.8/site-packages:/home/user/Projects/ros2_ws/install/object_avoidance/lib/python3.8/site-packages:/opt/ros/foxy/lib/python3.8/site-packages'), ('NVIDIA_VISIBLE_DEVICES', 'all'), ('COLCON', '1'), ('CMAKE_PREFIX_PATH', '/home/user/Projects/ros2_ws/install/realsense2_camera_msgs:/home/user/Projects/ros2_ws/install/realsense2_description:/home/user/Projects/ros2_ws/install/realsense2_camera:/home/user/Projects/ros2_ws/install/object_avoidance:/opt/ros/foxy'), ('AVOIDANCE_ANGLE', '20')]), 'shell': False}
[0.665958] (realsense2_camera) StdoutLine: {'line': b'-- Install configuration: "Release"\n'}
[0.666197] (realsense2_camera) StdoutLine: {'line': b'-- Up-to-date: /home/user/Projects/ros2_ws/install/realsense2_camera/lib/realsense2_camera/realsense2_camera_node\n'}
[0.666539] (realsense2_camera) StdoutLine: {'line': b'-- Up-to-date: /home/user/Projects/ros2_ws/install/realsense2_camera/lib/librealsense2_camera.so\n'}
[0.666747] (realsense2_camera) StdoutLine: {'line': b'-- Up-to-date: /home/user/Projects/ros2_ws/install/realsense2_camera/include\n'}
[0.666955] (realsense2_camera) StdoutLine: {'line': b'-- Up-to-date: /home/user/Projects/ros2_ws/install/realsense2_camera/include/ros_utils.h\n'}
[0.667068] (realsense2_camera) StdoutLine: {'line': b'-- Up-to-date: /home/user/Projects/ros2_ws/install/realsense2_camera/include/ros_param_backend.h\n'}
[0.667174] (realsense2_camera) StdoutLine: {'line': b'-- Up-to-date: /home/user/Projects/ros2_ws/install/realsense2_camera/include/realsense_node_factory.h\n'}
[0.667246] (realsense2_camera) StdoutLine: {'line': b'-- Up-to-date: /home/user/Projects/ros2_ws/install/realsense2_camera/include/base_realsense_node.h\n'}
[0.667314] (realsense2_camera) StdoutLine: {'line': b'-- Up-to-date: /home/user/Projects/ros2_ws/install/realsense2_camera/include/profile_manager.h\n'}
[0.667394] (realsense2_camera) StdoutLine: {'line': b'-- Up-to-date: /home/user/Projects/ros2_ws/install/realsense2_camera/include/constants.h\n'}
[0.667462] (realsense2_camera) StdoutLine: {'line': b'-- Up-to-date: /home/user/Projects/ros2_ws/install/realsense2_camera/include/sensor_params.h\n'}
[0.667531] (realsense2_camera) StdoutLine: {'line': b'-- Up-to-date: /home/user/Projects/ros2_ws/install/realsense2_camera/include/named_filter.h\n'}
[0.667598] (realsense2_camera) StdoutLine: {'line': b'-- Up-to-date: /home/user/Projects/ros2_ws/install/realsense2_camera/include/t265_realsense_node.h\n'}
[0.667656] (realsense2_camera) StdoutLine: {'line': b'-- Up-to-date: /home/user/Projects/ros2_ws/install/realsense2_camera/include/ros_sensor.h\n'}
[0.667717] (realsense2_camera) StdoutLine: {'line': b'-- Up-to-date: /home/user/Projects/ros2_ws/install/realsense2_camera/include/image_publisher.h\n'}
[0.667798] (realsense2_camera) StdoutLine: {'line': b'-- Up-to-date: /home/user/Projects/ros2_ws/install/realsense2_camera/include/dynamic_params.h\n'}
[0.667861] (realsense2_camera) StdoutLine: {'line': b'-- Up-to-date: /home/user/Projects/ros2_ws/install/realsense2_camera/share/realsense2_camera/launch\n'}
[0.667940] (realsense2_camera) StdoutLine: {'line': b'-- Up-to-date: /home/user/Projects/ros2_ws/install/realsense2_camera/share/realsense2_camera/launch/rs_intra_process_demo_launch.py\n'}
[0.668010] (realsense2_camera) StdoutLine: {'line': b'-- Up-to-date: /home/user/Projects/ros2_ws/install/realsense2_camera/share/realsense2_camera/launch/rs_multi_camera_launch.py\n'}
[0.668088] (realsense2_camera) StdoutLine: {'line': b'-- Up-to-date: /home/user/Projects/ros2_ws/install/realsense2_camera/share/realsense2_camera/launch/rs_d400_and_t265_launch.py\n'}
[0.668161] (realsense2_camera) StdoutLine: {'line': b'-- Up-to-date: /home/user/Projects/ros2_ws/install/realsense2_camera/share/realsense2_camera/launch/rs_launch.py\n'}
[0.668241] (realsense2_camera) StdoutLine: {'line': b'-- Up-to-date: /home/user/Projects/ros2_ws/install/realsense2_camera/share/realsense2_camera/launch/default.rviz\n'}
[0.668337] (realsense2_camera) StdoutLine: {'line': b'-- Up-to-date: /home/user/Projects/ros2_ws/install/realsense2_camera/share/realsense2_camera/environment/library_path.sh\n'}
[0.668405] (realsense2_camera) StdoutLine: {'line': b'-- Up-to-date: /home/user/Projects/ros2_ws/install/realsense2_camera/share/realsense2_camera/environment/library_path.dsv\n'}
[0.668457] (realsense2_camera) StdoutLine: {'line': b'-- Up-to-date: /home/user/Projects/ros2_ws/install/realsense2_camera/share/ament_index/resource_index/package_run_dependencies/realsense2_camera\n'}
[0.668508] (realsense2_camera) StdoutLine: {'line': b'-- Up-to-date: /home/user/Projects/ros2_ws/install/realsense2_camera/share/ament_index/resource_index/parent_prefix_path/realsense2_camera\n'}
[0.668560] (realsense2_camera) StdoutLine: {'line': b'-- Up-to-date: /home/user/Projects/ros2_ws/install/realsense2_camera/share/realsense2_camera/environment/ament_prefix_path.sh\n'}
[0.668611] (realsense2_camera) StdoutLine: {'line': b'-- Up-to-date: /home/user/Projects/ros2_ws/install/realsense2_camera/share/realsense2_camera/environment/ament_prefix_path.dsv\n'}
[0.668663] (realsense2_camera) StdoutLine: {'line': b'-- Up-to-date: /home/user/Projects/ros2_ws/install/realsense2_camera/share/realsense2_camera/environment/path.sh\n'}
[0.668714] (realsense2_camera) StdoutLine: {'line': b'-- Up-to-date: /home/user/Projects/ros2_ws/install/realsense2_camera/share/realsense2_camera/environment/path.dsv\n'}
[0.668766] (realsense2_camera) StdoutLine: {'line': b'-- Up-to-date: /home/user/Projects/ros2_ws/install/realsense2_camera/share/realsense2_camera/local_setup.bash\n'}
[0.668817] (realsense2_camera) StdoutLine: {'line': b'-- Up-to-date: /home/user/Projects/ros2_ws/install/realsense2_camera/share/realsense2_camera/local_setup.sh\n'}
[0.668867] (realsense2_camera) StdoutLine: {'line': b'-- Up-to-date: /home/user/Projects/ros2_ws/install/realsense2_camera/share/realsense2_camera/local_setup.zsh\n'}
[0.668917] (realsense2_camera) StdoutLine: {'line': b'-- Up-to-date: /home/user/Projects/ros2_ws/install/realsense2_camera/share/realsense2_camera/local_setup.dsv\n'}
[0.668967] (realsense2_camera) StdoutLine: {'line': b'-- Installing: /home/user/Projects/ros2_ws/install/realsense2_camera/share/realsense2_camera/package.dsv\n'}
[0.669017] (realsense2_camera) StdoutLine: {'line': b'-- Up-to-date: /home/user/Projects/ros2_ws/install/realsense2_camera/share/ament_index/resource_index/packages/realsense2_camera\n'}
[0.669068] (realsense2_camera) StdoutLine: {'line': b'-- Up-to-date: /home/user/Projects/ros2_ws/install/realsense2_camera/share/ament_index/resource_index/rclcpp_components/realsense2_camera\n'}
[0.669119] (realsense2_camera) StdoutLine: {'line': b'-- Up-to-date: /home/user/Projects/ros2_ws/install/realsense2_camera/share/realsense2_camera/cmake/ament_cmake_export_include_directories-extras.cmake\n'}
[0.669180] (realsense2_camera) StdoutLine: {'line': b'-- Up-to-date: /home/user/Projects/ros2_ws/install/realsense2_camera/share/realsense2_camera/cmake/ament_cmake_export_libraries-extras.cmake\n'}
[0.669235] (realsense2_camera) StdoutLine: {'line': b'-- Up-to-date: /home/user/Projects/ros2_ws/install/realsense2_camera/share/realsense2_camera/cmake/ament_cmake_export_dependencies-extras.cmake\n'}
[0.669295] (realsense2_camera) StdoutLine: {'line': b'-- Up-to-date: /home/user/Projects/ros2_ws/install/realsense2_camera/share/realsense2_camera/cmake/realsense2_cameraConfig.cmake\n'}
[0.669458] (realsense2_camera) StdoutLine: {'line': b'-- Up-to-date: /home/user/Projects/ros2_ws/install/realsense2_camera/share/realsense2_camera/cmake/realsense2_cameraConfig-version.cmake\n'}
[0.669520] (realsense2_camera) StdoutLine: {'line': b'-- Up-to-date: /home/user/Projects/ros2_ws/install/realsense2_camera/share/realsense2_camera/package.xml\n'}
[0.670196] (realsense2_camera) CommandEnded: {'returncode': 0}
[0.699815] (-) TimerEvent: {}
[0.713365] (object_avoidance) StdoutLine: {'line': b'running egg_info\n'}
[0.713795] (object_avoidance) StdoutLine: {'line': b'writing ../../build/object_avoidance/object_avoidance.egg-info/PKG-INFO\n'}
[0.714010] (object_avoidance) StdoutLine: {'line': b'writing dependency_links to ../../build/object_avoidance/object_avoidance.egg-info/dependency_links.txt\n'}
[0.714117] (object_avoidance) StdoutLine: {'line': b'writing entry points to ../../build/object_avoidance/object_avoidance.egg-info/entry_points.txt\n'}
[0.714229] (object_avoidance) StdoutLine: {'line': b'writing requirements to ../../build/object_avoidance/object_avoidance.egg-info/requires.txt\n'}
[0.714291] (object_avoidance) StdoutLine: {'line': b'writing top-level names to ../../build/object_avoidance/object_avoidance.egg-info/top_level.txt\n'}
[0.729438] (realsense2_camera) JobEnded: {'identifier': 'realsense2_camera', 'rc': 0}
[0.745298] (object_avoidance) StdoutLine: {'line': b"reading manifest file '../../build/object_avoidance/object_avoidance.egg-info/SOURCES.txt'\n"}
[0.745948] (object_avoidance) StdoutLine: {'line': b"writing manifest file '../../build/object_avoidance/object_avoidance.egg-info/SOURCES.txt'\n"}
[0.746072] (object_avoidance) StdoutLine: {'line': b'running build\n'}
[0.746137] (object_avoidance) StdoutLine: {'line': b'running build_py\n'}
[0.746227] (object_avoidance) StdoutLine: {'line': b'copying object_avoidance/object_detection.py -> /home/user/Projects/ros2_ws/build/object_avoidance/build/lib/object_avoidance\n'}
[0.746479] (object_avoidance) StdoutLine: {'line': b'running install\n'}
[0.747149] (object_avoidance) StdoutLine: {'line': b'running install_lib\n'}
[0.747890] (object_avoidance) StdoutLine: {'line': b'copying /home/user/Projects/ros2_ws/build/object_avoidance/build/lib/object_avoidance/object_detection.py -> /home/user/Projects/ros2_ws/install/object_avoidance/lib/python3.8/site-packages/object_avoidance\n'}
[0.748370] (object_avoidance) StdoutLine: {'line': b'byte-compiling /home/user/Projects/ros2_ws/install/object_avoidance/lib/python3.8/site-packages/object_avoidance/object_detection.py to object_detection.cpython-38.pyc\n'}
[0.750920] (object_avoidance) StdoutLine: {'line': b'running install_data\n'}
[0.751333] (object_avoidance) StdoutLine: {'line': b'running install_egg_info\n'}
[0.752554] (object_avoidance) StdoutLine: {'line': b"removing '/home/user/Projects/ros2_ws/install/object_avoidance/lib/python3.8/site-packages/object_avoidance-0.0.1-py3.8.egg-info' (and everything under it)\n"}
[0.752778] (object_avoidance) StdoutLine: {'line': b'Copying ../../build/object_avoidance/object_avoidance.egg-info to /home/user/Projects/ros2_ws/install/object_avoidance/lib/python3.8/site-packages/object_avoidance-0.0.1-py3.8.egg-info\n'}
[0.753532] (object_avoidance) StdoutLine: {'line': b'running install_scripts\n'}
[0.768024] (object_avoidance) StdoutLine: {'line': b'Installing object_detection script to /home/user/Projects/ros2_ws/install/object_avoidance/lib/object_avoidance\n'}
[0.768225] (object_avoidance) StdoutLine: {'line': b'Installing obstacle_avoidance script to /home/user/Projects/ros2_ws/install/object_avoidance/lib/object_avoidance\n'}
[0.768310] (object_avoidance) StdoutLine: {'line': b'Installing obstacle_brake script to /home/user/Projects/ros2_ws/install/object_avoidance/lib/object_avoidance\n'}
[0.768548] (object_avoidance) StdoutLine: {'line': b"writing list of installed files to '/home/user/Projects/ros2_ws/build/object_avoidance/install.log'\n"}
[0.785993] (object_avoidance) CommandEnded: {'returncode': 0}
[0.790983] (object_avoidance) JobEnded: {'identifier': 'object_avoidance', 'rc': 0}
[0.791516] (-) EventReactorShutdown: {}
