[0.000000] (-) TimerEvent: {}
[0.000537] (mm_interfaces) JobQueued: {'identifier': 'mm_interfaces', 'dependencies': OrderedDict()}
[0.000599] (pilot) JobQueued: {'identifier': 'pilot', 'dependencies': OrderedDict()}
[0.000626] (mm_interfaces) JobStarted: {'identifier': 'mm_interfaces'}
[0.009449] (pilot) JobStarted: {'identifier': 'pilot'}
[0.019371] (mm_interfaces) JobProgress: {'identifier': 'mm_interfaces', 'progress': 'cmake'}
[0.019716] (mm_interfaces) Command: {'cmd': ['/usr/bin/cmake', '/home/user/Projects/dev_ws/src/mm_interfaces', '-DCMAKE_INSTALL_PREFIX=/home/user/Projects/install/mm_interfaces'], 'cwd': '/home/user/Projects/build/mm_interfaces', 'env': OrderedDict([('HOSTNAME', 'janpc'), ('SHLVL', '1'), ('LD_LIBRARY_PATH', '/home/user/Projects/dev_ws/install/mm_interfaces/lib:/opt/ros/foxy/opt/yaml_cpp_vendor/lib:/opt/ros/foxy/opt/rviz_ogre_vendor/lib:/opt/ros/foxy/lib/x86_64-linux-gnu:/opt/ros/foxy/lib'), ('HOME', '/home/user'), ('OLDPWD', '/home/user'), ('PYTHONUNBUFFERED', '1'), ('ROS_PYTHON_VERSION', '3'), ('_colcon_cd_root', '/home/user/Projects/dev_ws'), ('COLCON_PREFIX_PATH', '/home/user/Projects/dev_ws/install'), ('ROS_DISTRO', 'foxy'), ('PROXIMITY', '1'), ('_', '/usr/bin/colcon'), ('ROS_VERSION', '2'), ('NVIDIA_DRIVER_CAPABILITIES', 'graphics'), ('TERM', 'xterm'), ('ROS_LOCALHOST_ONLY', '0'), ('PATH', '/home/user/.local/bin:/opt/ros/foxy/bin:/home/user/bin:/usr/local/sbin:/usr/local/bin:/usr/sbin:/usr/bin:/sbin:/bin'), ('LANG', 'C.UTF-8'), ('LS_COLORS', ':di=1;33:ln=36'), ('AMENT_PREFIX_PATH', '/home/user/Projects/dev_ws/install/pilot:/home/user/Projects/dev_ws/install/mm_interfaces:/opt/ros/foxy'), ('DEFAULT_THROTTLE', '5'), ('AVOIDANCE_DISTANCE', '5'), ('PWD', '/home/user/Projects/build/mm_interfaces'), ('END_NODE_ID', '140'), ('LC_ALL', 'C.UTF-8'), ('PYTHONPATH', '/home/user/Projects/dev_ws/install/pilot/lib/python3.8/site-packages:/home/user/Projects/dev_ws/install/mm_interfaces/lib/python3.8/site-packages:/opt/ros/foxy/lib/python3.8/site-packages'), ('NVIDIA_VISIBLE_DEVICES', 'all'), ('COLCON', '1'), ('CMAKE_PREFIX_PATH', '/home/user/Projects/dev_ws/install/mm_interfaces:/home/user/Projects/dev_ws/install/pilot:/opt/ros/foxy'), ('AVOIDANCE_ANGLE', '20')]), 'shell': False}
[0.077869] (mm_interfaces) StdoutLine: {'line': b'-- The C compiler identification is GNU 9.4.0\n'}
[0.099664] (-) TimerEvent: {}
[0.128456] (mm_interfaces) StdoutLine: {'line': b'-- The CXX compiler identification is GNU 9.4.0\n'}
[0.133061] (mm_interfaces) StdoutLine: {'line': b'-- Check for working C compiler: /usr/bin/cc\n'}
[0.193573] (mm_interfaces) StdoutLine: {'line': b'-- Check for working C compiler: /usr/bin/cc -- works\n'}
[0.194733] (mm_interfaces) StdoutLine: {'line': b'-- Detecting C compiler ABI info\n'}
[0.199775] (-) TimerEvent: {}
[0.257492] (mm_interfaces) StdoutLine: {'line': b'-- Detecting C compiler ABI info - done\n'}
[0.268641] (mm_interfaces) StdoutLine: {'line': b'-- Detecting C compile features\n'}
[0.269110] (mm_interfaces) StdoutLine: {'line': b'-- Detecting C compile features - done\n'}
[0.271572] (mm_interfaces) StdoutLine: {'line': b'-- Check for working CXX compiler: /usr/bin/c++\n'}
[0.299866] (-) TimerEvent: {}
[0.341597] (mm_interfaces) StdoutLine: {'line': b'-- Check for working CXX compiler: /usr/bin/c++ -- works\n'}
[0.342680] (mm_interfaces) StdoutLine: {'line': b'-- Detecting CXX compiler ABI info\n'}
[0.399969] (-) TimerEvent: {}
[0.415341] (mm_interfaces) StdoutLine: {'line': b'-- Detecting CXX compiler ABI info - done\n'}
[0.426726] (mm_interfaces) StdoutLine: {'line': b'-- Detecting CXX compile features\n'}
[0.427291] (mm_interfaces) StdoutLine: {'line': b'-- Detecting CXX compile features - done\n'}
[0.429755] (mm_interfaces) StdoutLine: {'line': b'-- Found ament_cmake: 0.9.9 (/opt/ros/foxy/share/ament_cmake/cmake)\n'}
[0.453387] (mm_interfaces) StdoutLine: {'line': b'-- Found PythonInterp: /usr/bin/python3 (found suitable version "3.8.10", minimum required is "3") \n'}
[0.453741] (mm_interfaces) StdoutLine: {'line': b'-- Using PYTHON_EXECUTABLE: /usr/bin/python3\n'}
[0.500093] (-) TimerEvent: {}
[0.600389] (-) TimerEvent: {}
[0.619492] (pilot) Command: {'cmd': ['/usr/bin/python3', 'setup.py', 'egg_info', '--egg-base', '../../../build/pilot', 'build', '--build-base', '/home/user/Projects/build/pilot/build', 'install', '--prefix', '/home/user/Projects/install/pilot', '--record', '/home/user/Projects/build/pilot/install.log', '--single-version-externally-managed'], 'cwd': '/home/user/Projects/dev_ws/src/pilot', 'env': {'HOSTNAME': 'janpc', 'SHLVL': '1', 'LD_LIBRARY_PATH': '/home/user/Projects/dev_ws/install/mm_interfaces/lib:/opt/ros/foxy/opt/yaml_cpp_vendor/lib:/opt/ros/foxy/opt/rviz_ogre_vendor/lib:/opt/ros/foxy/lib/x86_64-linux-gnu:/opt/ros/foxy/lib', 'HOME': '/home/user', 'OLDPWD': '/home/user', 'PYTHONUNBUFFERED': '1', 'ROS_PYTHON_VERSION': '3', '_colcon_cd_root': '/home/user/Projects/dev_ws', 'COLCON_PREFIX_PATH': '/home/user/Projects/dev_ws/install', 'ROS_DISTRO': 'foxy', 'PROXIMITY': '1', '_': '/usr/bin/colcon', 'ROS_VERSION': '2', 'NVIDIA_DRIVER_CAPABILITIES': 'graphics', 'TERM': 'xterm', 'ROS_LOCALHOST_ONLY': '0', 'PATH': '/home/user/.local/bin:/opt/ros/foxy/bin:/home/user/bin:/usr/local/sbin:/usr/local/bin:/usr/sbin:/usr/bin:/sbin:/bin', 'LANG': 'C.UTF-8', 'LS_COLORS': ':di=1;33:ln=36', 'AMENT_PREFIX_PATH': '/home/user/Projects/dev_ws/install/pilot:/home/user/Projects/dev_ws/install/mm_interfaces:/opt/ros/foxy', 'DEFAULT_THROTTLE': '5', 'AVOIDANCE_DISTANCE': '5', 'PWD': '/home/user/Projects/build/pilot', 'END_NODE_ID': '140', 'LC_ALL': 'C.UTF-8', 'PYTHONPATH': '/home/user/Projects/install/pilot/lib/python3.8/site-packages:/home/user/Projects/dev_ws/install/pilot/lib/python3.8/site-packages:/home/user/Projects/dev_ws/install/mm_interfaces/lib/python3.8/site-packages:/opt/ros/foxy/lib/python3.8/site-packages', 'NVIDIA_VISIBLE_DEVICES': 'all', 'COLCON': '1', 'CMAKE_PREFIX_PATH': '/home/user/Projects/dev_ws/install/mm_interfaces', 'AVOIDANCE_ANGLE': '20'}, 'shell': False}
[0.647969] (mm_interfaces) StdoutLine: {'line': b'-- Found ament_lint_auto: 0.9.6 (/opt/ros/foxy/share/ament_lint_auto/cmake)\n'}
[0.700505] (-) TimerEvent: {}
[0.721509] (mm_interfaces) StdoutLine: {'line': b'-- Found rosidl_default_generators: 1.0.1 (/opt/ros/foxy/share/rosidl_default_generators/cmake)\n'}
[0.724908] (mm_interfaces) StdoutLine: {'line': b'-- Using all available rosidl_typesupport_c: rosidl_typesupport_fastrtps_c;rosidl_typesupport_introspection_c\n'}
[0.734709] (mm_interfaces) StdoutLine: {'line': b'-- Found rosidl_adapter: 1.2.1 (/opt/ros/foxy/share/rosidl_adapter/cmake)\n'}
[0.800613] (-) TimerEvent: {}
[0.819468] (pilot) StdoutLine: {'line': b'running egg_info\n'}
[0.820005] (pilot) StdoutLine: {'line': b'creating ../../../build/pilot/pilot.egg-info\n'}
[0.820161] (pilot) StdoutLine: {'line': b'writing ../../../build/pilot/pilot.egg-info/PKG-INFO\n'}
[0.820385] (pilot) StdoutLine: {'line': b'writing dependency_links to ../../../build/pilot/pilot.egg-info/dependency_links.txt\n'}
[0.820519] (pilot) StdoutLine: {'line': b'writing entry points to ../../../build/pilot/pilot.egg-info/entry_points.txt\n'}
[0.820650] (pilot) StdoutLine: {'line': b'writing requirements to ../../../build/pilot/pilot.egg-info/requires.txt\n'}
[0.820726] (pilot) StdoutLine: {'line': b'writing top-level names to ../../../build/pilot/pilot.egg-info/top_level.txt\n'}
[0.822627] (pilot) StdoutLine: {'line': b"writing manifest file '../../../build/pilot/pilot.egg-info/SOURCES.txt'\n"}
[0.834627] (mm_interfaces) StdoutLine: {'line': b'-- Found OpenSSL: /usr/lib/x86_64-linux-gnu/libcrypto.so (found version "1.1.1f")  \n'}
[0.858484] (pilot) StdoutLine: {'line': b"reading manifest file '../../../build/pilot/pilot.egg-info/SOURCES.txt'\n"}
[0.859210] (pilot) StdoutLine: {'line': b"writing manifest file '../../../build/pilot/pilot.egg-info/SOURCES.txt'\n"}
[0.859361] (pilot) StdoutLine: {'line': b'running build\n'}
[0.859446] (pilot) StdoutLine: {'line': b'running build_py\n'}
[0.859605] (pilot) StdoutLine: {'line': b'creating /home/user/Projects/build/pilot/build\n'}
[0.859690] (pilot) StdoutLine: {'line': b'creating /home/user/Projects/build/pilot/build/lib\n'}
[0.859814] (pilot) StdoutLine: {'line': b'creating /home/user/Projects/build/pilot/build/lib/pilot\n'}
[0.859889] (pilot) StdoutLine: {'line': b'copying pilot/pilot_node_without_oa.py -> /home/user/Projects/build/pilot/build/lib/pilot\n'}
[0.859989] (pilot) StdoutLine: {'line': b'copying pilot/__init__.py -> /home/user/Projects/build/pilot/build/lib/pilot\n'}
[0.860068] (pilot) StdoutLine: {'line': b'copying pilot/pilot_node.py -> /home/user/Projects/build/pilot/build/lib/pilot\n'}
[0.860140] (pilot) StdoutLine: {'line': b'running install\n'}
[0.860680] (pilot) StdoutLine: {'line': b'running install_lib\n'}
[0.861598] (pilot) StdoutLine: {'line': b'creating /home/user/Projects/install/pilot/lib/python3.8/site-packages/pilot\n'}
[0.861726] (pilot) StdoutLine: {'line': b'copying /home/user/Projects/build/pilot/build/lib/pilot/pilot_node_without_oa.py -> /home/user/Projects/install/pilot/lib/python3.8/site-packages/pilot\n'}
[0.861836] (pilot) StdoutLine: {'line': b'copying /home/user/Projects/build/pilot/build/lib/pilot/__init__.py -> /home/user/Projects/install/pilot/lib/python3.8/site-packages/pilot\n'}
[0.861945] (pilot) StdoutLine: {'line': b'copying /home/user/Projects/build/pilot/build/lib/pilot/pilot_node.py -> /home/user/Projects/install/pilot/lib/python3.8/site-packages/pilot\n'}
[0.862385] (pilot) StdoutLine: {'line': b'byte-compiling /home/user/Projects/install/pilot/lib/python3.8/site-packages/pilot/pilot_node_without_oa.py to pilot_node_without_oa.cpython-38.pyc\n'}
[0.863743] (mm_interfaces) StdoutLine: {'line': b'-- Found FastRTPS: /opt/ros/foxy/include  \n'}
[0.863918] (pilot) StdoutLine: {'line': b'byte-compiling /home/user/Projects/install/pilot/lib/python3.8/site-packages/pilot/__init__.py to __init__.cpython-38.pyc\n'}
[0.864007] (pilot) StdoutLine: {'line': b'byte-compiling /home/user/Projects/install/pilot/lib/python3.8/site-packages/pilot/pilot_node.py to pilot_node.cpython-38.pyc\n'}
[0.864533] (pilot) StdoutLine: {'line': b'running install_data\n'}
[0.865037] (pilot) StdoutLine: {'line': b'creating /home/user/Projects/install/pilot/share/ament_index\n'}
[0.865182] (pilot) StdoutLine: {'line': b'creating /home/user/Projects/install/pilot/share/ament_index/resource_index\n'}
[0.865299] (pilot) StdoutLine: {'line': b'creating /home/user/Projects/install/pilot/share/ament_index/resource_index/packages\n'}
[0.865402] (pilot) StdoutLine: {'line': b'copying resource/pilot -> /home/user/Projects/install/pilot/share/ament_index/resource_index/packages\n'}
[0.865475] (pilot) StdoutLine: {'line': b'copying package.xml -> /home/user/Projects/install/pilot/share/pilot\n'}
[0.865544] (pilot) StdoutLine: {'line': b'running install_egg_info\n'}
[0.866829] (pilot) StdoutLine: {'line': b'Copying ../../../build/pilot/pilot.egg-info to /home/user/Projects/install/pilot/lib/python3.8/site-packages/pilot-0.0.0-py3.8.egg-info\n'}
[0.867666] (pilot) StdoutLine: {'line': b'running install_scripts\n'}
[0.884564] (pilot) StdoutLine: {'line': b'Installing pilot_node script to /home/user/Projects/install/pilot/lib/pilot\n'}
[0.884771] (pilot) StdoutLine: {'line': b'Installing pilot_node_without_oa script to /home/user/Projects/install/pilot/lib/pilot\n'}
[0.884957] (pilot) StdoutLine: {'line': b"writing list of installed files to '/home/user/Projects/build/pilot/install.log'\n"}
[0.900724] (-) TimerEvent: {}
[0.905461] (pilot) CommandEnded: {'returncode': 0}
[0.920188] (pilot) JobEnded: {'identifier': 'pilot', 'rc': 0}
[0.954342] (mm_interfaces) StdoutLine: {'line': b'-- Using all available rosidl_typesupport_cpp: rosidl_typesupport_fastrtps_cpp;rosidl_typesupport_introspection_cpp\n'}
[1.000881] (-) TimerEvent: {}
[1.001280] (mm_interfaces) StdoutLine: {'line': b'-- Found PythonInterp: /usr/bin/python3 (found version "3.8.10") \n'}
[1.063210] (mm_interfaces) StdoutLine: {'line': b'-- Found ament_cmake_ros: 0.9.2 (/opt/ros/foxy/share/ament_cmake_ros/cmake)\n'}
[1.101011] (-) TimerEvent: {}
[1.165416] (mm_interfaces) StdoutLine: {'line': b'-- Using all available rosidl_typesupport_c: rosidl_typesupport_fastrtps_c;rosidl_typesupport_introspection_c\n'}
[1.171721] (mm_interfaces) StdoutLine: {'line': b'-- Using all available rosidl_typesupport_cpp: rosidl_typesupport_fastrtps_cpp;rosidl_typesupport_introspection_cpp\n'}
[1.194418] (mm_interfaces) StdoutLine: {'line': b'-- Found PythonInterp: /usr/bin/python3 (found suitable version "3.8.10", minimum required is "3.5") \n'}
[1.195948] (mm_interfaces) StdoutLine: {'line': b'-- Found python_cmake_module: 0.8.1 (/opt/ros/foxy/share/python_cmake_module/cmake)\n'}
[1.201106] (-) TimerEvent: {}
[1.223697] (mm_interfaces) StdoutLine: {'line': b'-- Found PythonLibs: /usr/lib/x86_64-linux-gnu/libpython3.8.so (found suitable version "3.8.10", minimum required is "3.5") \n'}
[1.224142] (mm_interfaces) StdoutLine: {'line': b'-- Using PYTHON_EXECUTABLE: /usr/bin/python3\n'}
[1.224241] (mm_interfaces) StdoutLine: {'line': b'-- Using PYTHON_INCLUDE_DIRS: /usr/include/python3.8\n'}
[1.224315] (mm_interfaces) StdoutLine: {'line': b'-- Using PYTHON_LIBRARIES: /usr/lib/x86_64-linux-gnu/libpython3.8.so\n'}
[1.244735] (mm_interfaces) StdoutLine: {'line': b'-- Found PythonExtra: .so  \n'}
[1.285950] (mm_interfaces) StdoutLine: {'line': b"-- Added test 'copyright' to check source files copyright and LICENSE\n"}
[1.287394] (mm_interfaces) StdoutLine: {'line': b"-- Added test 'lint_cmake' to check CMake code style\n"}
[1.288241] (mm_interfaces) StdoutLine: {'line': b"-- Added test 'xmllint' to check XML markup files\n"}
[1.295301] (mm_interfaces) StdoutLine: {'line': b'-- Configuring done\n'}
[1.301264] (-) TimerEvent: {}
[1.321382] (mm_interfaces) StdoutLine: {'line': b'-- Generating done\n'}
[1.323842] (mm_interfaces) StdoutLine: {'line': b'-- Build files have been written to: /home/user/Projects/build/mm_interfaces\n'}
[1.331605] (mm_interfaces) CommandEnded: {'returncode': 0}
[1.332237] (mm_interfaces) JobProgress: {'identifier': 'mm_interfaces', 'progress': 'build'}
[1.334167] (mm_interfaces) Command: {'cmd': ['/usr/bin/cmake', '--build', '/home/user/Projects/build/mm_interfaces', '--', '-j8', '-l8'], 'cwd': '/home/user/Projects/build/mm_interfaces', 'env': OrderedDict([('HOSTNAME', 'janpc'), ('SHLVL', '1'), ('LD_LIBRARY_PATH', '/home/user/Projects/dev_ws/install/mm_interfaces/lib:/opt/ros/foxy/opt/yaml_cpp_vendor/lib:/opt/ros/foxy/opt/rviz_ogre_vendor/lib:/opt/ros/foxy/lib/x86_64-linux-gnu:/opt/ros/foxy/lib'), ('HOME', '/home/user'), ('OLDPWD', '/home/user'), ('PYTHONUNBUFFERED', '1'), ('ROS_PYTHON_VERSION', '3'), ('_colcon_cd_root', '/home/user/Projects/dev_ws'), ('COLCON_PREFIX_PATH', '/home/user/Projects/dev_ws/install'), ('ROS_DISTRO', 'foxy'), ('PROXIMITY', '1'), ('_', '/usr/bin/colcon'), ('ROS_VERSION', '2'), ('NVIDIA_DRIVER_CAPABILITIES', 'graphics'), ('TERM', 'xterm'), ('ROS_LOCALHOST_ONLY', '0'), ('PATH', '/home/user/.local/bin:/opt/ros/foxy/bin:/home/user/bin:/usr/local/sbin:/usr/local/bin:/usr/sbin:/usr/bin:/sbin:/bin'), ('LANG', 'C.UTF-8'), ('LS_COLORS', ':di=1;33:ln=36'), ('AMENT_PREFIX_PATH', '/home/user/Projects/dev_ws/install/pilot:/home/user/Projects/dev_ws/install/mm_interfaces:/opt/ros/foxy'), ('DEFAULT_THROTTLE', '5'), ('AVOIDANCE_DISTANCE', '5'), ('PWD', '/home/user/Projects/build/mm_interfaces'), ('END_NODE_ID', '140'), ('LC_ALL', 'C.UTF-8'), ('PYTHONPATH', '/home/user/Projects/dev_ws/install/pilot/lib/python3.8/site-packages:/home/user/Projects/dev_ws/install/mm_interfaces/lib/python3.8/site-packages:/opt/ros/foxy/lib/python3.8/site-packages'), ('NVIDIA_VISIBLE_DEVICES', 'all'), ('COLCON', '1'), ('CMAKE_PREFIX_PATH', '/home/user/Projects/dev_ws/install/mm_interfaces:/home/user/Projects/dev_ws/install/pilot:/opt/ros/foxy'), ('AVOIDANCE_ANGLE', '20')]), 'shell': False}
[1.372287] (mm_interfaces) StdoutLine: {'line': b'[  3%] \x1b[34m\x1b[1mGenerating C code for ROS interfaces\x1b[0m\n'}
[1.372536] (mm_interfaces) StdoutLine: {'line': b'\x1b[35m\x1b[1mScanning dependencies of target mm_interfaces__cpp\x1b[0m\n'}
[1.382595] (mm_interfaces) StdoutLine: {'line': b'[  6%] \x1b[34m\x1b[1mGenerating C++ code for ROS interfaces\x1b[0m\n'}
[1.401336] (-) TimerEvent: {}
[1.501609] (-) TimerEvent: {}
[1.601896] (-) TimerEvent: {}
[1.650763] (mm_interfaces) StdoutLine: {'line': b'\x1b[35m\x1b[1mScanning dependencies of target mm_interfaces__rosidl_generator_c\x1b[0m\n'}
[1.655835] (mm_interfaces) StdoutLine: {'line': b'[  6%] Built target mm_interfaces__cpp\n'}
[1.661127] (mm_interfaces) StdoutLine: {'line': b'[  9%] \x1b[32mBuilding C object CMakeFiles/mm_interfaces__rosidl_generator_c.dir/rosidl_generator_c/mm_interfaces/msg/detail/car_instructions__functions.c.o\x1b[0m\n'}
[1.666075] (mm_interfaces) StdoutLine: {'line': b'[ 19%] \x1b[34m\x1b[1mGenerating C++ introspection for ROS interfaces\x1b[0m\n'}
[1.666319] (mm_interfaces) StdoutLine: {'line': b'[ 19%] \x1b[34m\x1b[1mGenerating C++ type support dispatch for ROS interfaces\x1b[0m\n'}
[1.666453] (mm_interfaces) StdoutLine: {'line': b'[ 19%] \x1b[34m\x1b[1mGenerating C++ type support for eProsima Fast-RTPS\x1b[0m\n'}
[1.701996] (-) TimerEvent: {}
[1.702273] (mm_interfaces) StdoutLine: {'line': b'[ 22%] \x1b[32m\x1b[1mLinking C shared library libmm_interfaces__rosidl_generator_c.so\x1b[0m\n'}
[1.738637] (mm_interfaces) StdoutLine: {'line': b'[ 22%] Built target mm_interfaces__rosidl_generator_c\n'}
[1.750109] (mm_interfaces) StdoutLine: {'line': b'[ 25%] \x1b[34m\x1b[1mGenerating C introspection for ROS interfaces\x1b[0m\n'}
[1.754152] (mm_interfaces) StdoutLine: {'line': b'[ 29%] \x1b[34m\x1b[1mGenerating C type support dispatch for ROS interfaces\x1b[0m\n'}
[1.802108] (-) TimerEvent: {}
[1.902397] (-) TimerEvent: {}
[1.961278] (mm_interfaces) StdoutLine: {'line': b'\x1b[35m\x1b[1mScanning dependencies of target mm_interfaces__rosidl_typesupport_cpp\x1b[0m\n'}
[1.976488] (mm_interfaces) StdoutLine: {'line': b'[ 32%] \x1b[32mBuilding CXX object CMakeFiles/mm_interfaces__rosidl_typesupport_cpp.dir/rosidl_typesupport_cpp/mm_interfaces/msg/car_instructions__type_support.cpp.o\x1b[0m\n'}
[1.986767] (mm_interfaces) StdoutLine: {'line': b'\x1b[35m\x1b[1mScanning dependencies of target mm_interfaces__rosidl_typesupport_introspection_cpp\x1b[0m\n'}
[2.002490] (-) TimerEvent: {}
[2.003441] (mm_interfaces) StdoutLine: {'line': b'[ 35%] \x1b[32mBuilding CXX object CMakeFiles/mm_interfaces__rosidl_typesupport_introspection_cpp.dir/rosidl_typesupport_introspection_cpp/mm_interfaces/msg/detail/car_instructions__type_support.cpp.o\x1b[0m\n'}
[2.070431] (mm_interfaces) StdoutLine: {'line': b'\x1b[35m\x1b[1mScanning dependencies of target mm_interfaces__rosidl_typesupport_introspection_c\x1b[0m\n'}
[2.087308] (mm_interfaces) StdoutLine: {'line': b'[ 38%] \x1b[32mBuilding C object CMakeFiles/mm_interfaces__rosidl_typesupport_introspection_c.dir/rosidl_typesupport_introspection_c/mm_interfaces/msg/detail/car_instructions__type_support.c.o\x1b[0m\n'}
[2.095956] (mm_interfaces) StdoutLine: {'line': b'\x1b[35m\x1b[1mScanning dependencies of target mm_interfaces__rosidl_typesupport_fastrtps_cpp\x1b[0m\n'}
[2.102602] (-) TimerEvent: {}
[2.112978] (mm_interfaces) StdoutLine: {'line': b'[ 41%] \x1b[32mBuilding CXX object CMakeFiles/mm_interfaces__rosidl_typesupport_fastrtps_cpp.dir/rosidl_typesupport_fastrtps_cpp/mm_interfaces/msg/detail/dds_fastrtps/car_instructions__type_support.cpp.o\x1b[0m\n'}
[2.140539] (mm_interfaces) StdoutLine: {'line': b'[ 45%] \x1b[32m\x1b[1mLinking C shared library libmm_interfaces__rosidl_typesupport_introspection_c.so\x1b[0m\n'}
[2.164635] (mm_interfaces) StdoutLine: {'line': b'\x1b[35m\x1b[1mScanning dependencies of target mm_interfaces__rosidl_typesupport_c\x1b[0m\n'}
[2.180934] (mm_interfaces) StdoutLine: {'line': b'[ 45%] Built target mm_interfaces__rosidl_typesupport_introspection_c\n'}
[2.181542] (mm_interfaces) StdoutLine: {'line': b'[ 48%] \x1b[32mBuilding CXX object CMakeFiles/mm_interfaces__rosidl_typesupport_c.dir/rosidl_typesupport_c/mm_interfaces/msg/car_instructions__type_support.cpp.o\x1b[0m\n'}
[2.202696] (-) TimerEvent: {}
[2.214362] (mm_interfaces) StdoutLine: {'line': b'[ 51%] \x1b[32m\x1b[1mLinking CXX shared library libmm_interfaces__rosidl_typesupport_c.so\x1b[0m\n'}
[2.256544] (mm_interfaces) StdoutLine: {'line': b'[ 51%] Built target mm_interfaces__rosidl_typesupport_c\n'}
[2.293499] (mm_interfaces) StdoutLine: {'line': b'[ 54%] \x1b[32m\x1b[1mLinking CXX shared library libmm_interfaces__rosidl_typesupport_cpp.so\x1b[0m\n'}
[2.302809] (-) TimerEvent: {}
[2.332775] (mm_interfaces) StdoutLine: {'line': b'[ 54%] Built target mm_interfaces__rosidl_typesupport_cpp\n'}
[2.336607] (mm_interfaces) StdoutLine: {'line': b'[ 58%] \x1b[32m\x1b[1mLinking CXX shared library libmm_interfaces__rosidl_typesupport_introspection_cpp.so\x1b[0m\n'}
[2.402925] (-) TimerEvent: {}
[2.406796] (mm_interfaces) StdoutLine: {'line': b'[ 58%] Built target mm_interfaces__rosidl_typesupport_introspection_cpp\n'}
[2.503031] (-) TimerEvent: {}
[2.541485] (mm_interfaces) StdoutLine: {'line': b'[ 61%] \x1b[32m\x1b[1mLinking CXX shared library libmm_interfaces__rosidl_typesupport_fastrtps_cpp.so\x1b[0m\n'}
[2.603157] (-) TimerEvent: {}
[2.629345] (mm_interfaces) StdoutLine: {'line': b'[ 61%] Built target mm_interfaces__rosidl_typesupport_fastrtps_cpp\n'}
[2.640424] (mm_interfaces) StdoutLine: {'line': b'[ 64%] \x1b[34m\x1b[1mGenerating C type support for eProsima Fast-RTPS\x1b[0m\n'}
[2.703270] (-) TimerEvent: {}
[2.803540] (-) TimerEvent: {}
[2.897440] (mm_interfaces) StdoutLine: {'line': b'\x1b[35m\x1b[1mScanning dependencies of target mm_interfaces__rosidl_typesupport_fastrtps_c\x1b[0m\n'}
[2.903667] (-) TimerEvent: {}
[2.909214] (mm_interfaces) StdoutLine: {'line': b'[ 67%] \x1b[32mBuilding CXX object CMakeFiles/mm_interfaces__rosidl_typesupport_fastrtps_c.dir/rosidl_typesupport_fastrtps_c/mm_interfaces/msg/detail/car_instructions__type_support_c.cpp.o\x1b[0m\n'}
[3.003803] (-) TimerEvent: {}
[3.104117] (-) TimerEvent: {}
[3.204439] (-) TimerEvent: {}
[3.217059] (mm_interfaces) StdoutLine: {'line': b'[ 70%] \x1b[32m\x1b[1mLinking CXX shared library libmm_interfaces__rosidl_typesupport_fastrtps_c.so\x1b[0m\n'}
[3.299262] (mm_interfaces) StdoutLine: {'line': b'[ 70%] Built target mm_interfaces__rosidl_typesupport_fastrtps_c\n'}
[3.304539] (-) TimerEvent: {}
[3.309714] (mm_interfaces) StdoutLine: {'line': b'\x1b[35m\x1b[1mScanning dependencies of target mm_interfaces\x1b[0m\n'}
[3.320699] (mm_interfaces) StdoutLine: {'line': b'[ 70%] Built target mm_interfaces\n'}
[3.330492] (mm_interfaces) StdoutLine: {'line': b'\x1b[35m\x1b[1mScanning dependencies of target mm_interfaces__py\x1b[0m\n'}
[3.340340] (mm_interfaces) StdoutLine: {'line': b'[ 74%] \x1b[34m\x1b[1mGenerating Python code for ROS interfaces\x1b[0m\n'}
[3.404618] (-) TimerEvent: {}
[3.504912] (-) TimerEvent: {}
[3.605181] (-) TimerEvent: {}
[3.705536] (-) TimerEvent: {}
[3.805828] (-) TimerEvent: {}
[3.807198] (mm_interfaces) StdoutLine: {'line': b'[ 74%] Built target mm_interfaces__py\n'}
[3.817292] (mm_interfaces) StdoutLine: {'line': b'\x1b[35m\x1b[1mScanning dependencies of target mm_interfaces__python\x1b[0m\n'}
[3.835942] (mm_interfaces) StdoutLine: {'line': b'[ 77%] \x1b[32mBuilding C object CMakeFiles/mm_interfaces__python.dir/rosidl_generator_py/mm_interfaces/msg/_car_instructions_s.c.o\x1b[0m\n'}
[3.905945] (-) TimerEvent: {}
[3.922940] (mm_interfaces) StdoutLine: {'line': b'[ 80%] \x1b[32m\x1b[1mLinking C shared library rosidl_generator_py/mm_interfaces/libmm_interfaces__python.so\x1b[0m\n'}
[3.956432] (mm_interfaces) StdoutLine: {'line': b'[ 80%] Built target mm_interfaces__python\n'}
[3.965709] (mm_interfaces) StdoutLine: {'line': b'\x1b[35m\x1b[1mScanning dependencies of target mm_interfaces__rosidl_typesupport_c__pyext\x1b[0m\n'}
[3.965883] (mm_interfaces) StdoutLine: {'line': b'\x1b[35m\x1b[1mScanning dependencies of target mm_interfaces__rosidl_typesupport_introspection_c__pyext\x1b[0m\n'}
[3.965968] (mm_interfaces) StdoutLine: {'line': b'\x1b[35m\x1b[1mScanning dependencies of target mm_interfaces__rosidl_typesupport_fastrtps_c__pyext\x1b[0m\n'}
[3.983026] (mm_interfaces) StdoutLine: {'line': b'[ 83%] \x1b[32mBuilding C object CMakeFiles/mm_interfaces__rosidl_typesupport_c__pyext.dir/rosidl_generator_py/mm_interfaces/_mm_interfaces_s.ep.rosidl_typesupport_c.c.o\x1b[0m\n'}
[3.983941] (mm_interfaces) StdoutLine: {'line': b'[ 87%] \x1b[32mBuilding C object CMakeFiles/mm_interfaces__rosidl_typesupport_fastrtps_c__pyext.dir/rosidl_generator_py/mm_interfaces/_mm_interfaces_s.ep.rosidl_typesupport_fastrtps_c.c.o\x1b[0m\n'}
[3.984174] (mm_interfaces) StdoutLine: {'line': b'[ 90%] \x1b[32mBuilding C object CMakeFiles/mm_interfaces__rosidl_typesupport_introspection_c__pyext.dir/rosidl_generator_py/mm_interfaces/_mm_interfaces_s.ep.rosidl_typesupport_introspection_c.c.o\x1b[0m\n'}
[4.006086] (-) TimerEvent: {}
[4.062102] (mm_interfaces) StdoutLine: {'line': b'[ 93%] \x1b[32m\x1b[1mLinking C shared library rosidl_generator_py/mm_interfaces/mm_interfaces_s__rosidl_typesupport_c.cpython-38-x86_64-linux-gnu.so\x1b[0m\n'}
[4.065900] (mm_interfaces) StdoutLine: {'line': b'[ 96%] \x1b[32m\x1b[1mLinking C shared library rosidl_generator_py/mm_interfaces/mm_interfaces_s__rosidl_typesupport_introspection_c.cpython-38-x86_64-linux-gnu.so\x1b[0m\n'}
[4.066235] (mm_interfaces) StdoutLine: {'line': b'[100%] \x1b[32m\x1b[1mLinking CXX shared library rosidl_generator_py/mm_interfaces/mm_interfaces_s__rosidl_typesupport_fastrtps_c.cpython-38-x86_64-linux-gnu.so\x1b[0m\n'}
[4.094215] (mm_interfaces) StdoutLine: {'line': b'[100%] Built target mm_interfaces__rosidl_typesupport_c__pyext\n'}
[4.098952] (mm_interfaces) StdoutLine: {'line': b'[100%] Built target mm_interfaces__rosidl_typesupport_introspection_c__pyext\n'}
[4.106199] (-) TimerEvent: {}
[4.125300] (mm_interfaces) StdoutLine: {'line': b'[100%] Built target mm_interfaces__rosidl_typesupport_fastrtps_c__pyext\n'}
[4.135595] (mm_interfaces) CommandEnded: {'returncode': 0}
[4.176892] (mm_interfaces) JobProgress: {'identifier': 'mm_interfaces', 'progress': 'install'}
[4.188775] (mm_interfaces) Command: {'cmd': ['/usr/bin/cmake', '--install', '/home/user/Projects/build/mm_interfaces'], 'cwd': '/home/user/Projects/build/mm_interfaces', 'env': OrderedDict([('HOSTNAME', 'janpc'), ('SHLVL', '1'), ('LD_LIBRARY_PATH', '/home/user/Projects/dev_ws/install/mm_interfaces/lib:/opt/ros/foxy/opt/yaml_cpp_vendor/lib:/opt/ros/foxy/opt/rviz_ogre_vendor/lib:/opt/ros/foxy/lib/x86_64-linux-gnu:/opt/ros/foxy/lib'), ('HOME', '/home/user'), ('OLDPWD', '/home/user'), ('PYTHONUNBUFFERED', '1'), ('ROS_PYTHON_VERSION', '3'), ('_colcon_cd_root', '/home/user/Projects/dev_ws'), ('COLCON_PREFIX_PATH', '/home/user/Projects/dev_ws/install'), ('ROS_DISTRO', 'foxy'), ('PROXIMITY', '1'), ('_', '/usr/bin/colcon'), ('ROS_VERSION', '2'), ('NVIDIA_DRIVER_CAPABILITIES', 'graphics'), ('TERM', 'xterm'), ('ROS_LOCALHOST_ONLY', '0'), ('PATH', '/home/user/.local/bin:/opt/ros/foxy/bin:/home/user/bin:/usr/local/sbin:/usr/local/bin:/usr/sbin:/usr/bin:/sbin:/bin'), ('LANG', 'C.UTF-8'), ('LS_COLORS', ':di=1;33:ln=36'), ('AMENT_PREFIX_PATH', '/home/user/Projects/dev_ws/install/pilot:/home/user/Projects/dev_ws/install/mm_interfaces:/opt/ros/foxy'), ('DEFAULT_THROTTLE', '5'), ('AVOIDANCE_DISTANCE', '5'), ('PWD', '/home/user/Projects/build/mm_interfaces'), ('END_NODE_ID', '140'), ('LC_ALL', 'C.UTF-8'), ('PYTHONPATH', '/home/user/Projects/dev_ws/install/pilot/lib/python3.8/site-packages:/home/user/Projects/dev_ws/install/mm_interfaces/lib/python3.8/site-packages:/opt/ros/foxy/lib/python3.8/site-packages'), ('NVIDIA_VISIBLE_DEVICES', 'all'), ('COLCON', '1'), ('CMAKE_PREFIX_PATH', '/home/user/Projects/dev_ws/install/mm_interfaces:/home/user/Projects/dev_ws/install/pilot:/opt/ros/foxy'), ('AVOIDANCE_ANGLE', '20')]), 'shell': False}
[4.197355] (mm_interfaces) StdoutLine: {'line': b'-- Install configuration: ""\n'}
[4.197615] (mm_interfaces) StdoutLine: {'line': b'-- Installing: /home/user/Projects/install/mm_interfaces/share/ament_index/resource_index/rosidl_interfaces/mm_interfaces\n'}
[4.197845] (mm_interfaces) StdoutLine: {'line': b'-- Installing: /home/user/Projects/install/mm_interfaces/include/mm_interfaces\n'}
[4.197961] (mm_interfaces) StdoutLine: {'line': b'-- Installing: /home/user/Projects/install/mm_interfaces/include/mm_interfaces/msg\n'}
[4.198171] (mm_interfaces) StdoutLine: {'line': b'-- Installing: /home/user/Projects/install/mm_interfaces/include/mm_interfaces/msg/rosidl_generator_c__visibility_control.h\n'}
[4.198296] (mm_interfaces) StdoutLine: {'line': b'-- Installing: /home/user/Projects/install/mm_interfaces/include/mm_interfaces/msg/detail\n'}
[4.198379] (mm_interfaces) StdoutLine: {'line': b'-- Installing: /home/user/Projects/install/mm_interfaces/include/mm_interfaces/msg/detail/car_instructions__type_support.h\n'}
[4.198472] (mm_interfaces) StdoutLine: {'line': b'-- Installing: /home/user/Projects/install/mm_interfaces/include/mm_interfaces/msg/detail/car_instructions__functions.c\n'}
[4.198547] (mm_interfaces) StdoutLine: {'line': b'-- Installing: /home/user/Projects/install/mm_interfaces/include/mm_interfaces/msg/detail/car_instructions__struct.h\n'}
[4.198635] (mm_interfaces) StdoutLine: {'line': b'-- Installing: /home/user/Projects/install/mm_interfaces/include/mm_interfaces/msg/detail/car_instructions__functions.h\n'}
[4.198710] (mm_interfaces) StdoutLine: {'line': b'-- Installing: /home/user/Projects/install/mm_interfaces/include/mm_interfaces/msg/car_instructions.h\n'}
[4.198784] (mm_interfaces) StdoutLine: {'line': b'-- Installing: /home/user/Projects/install/mm_interfaces/share/mm_interfaces/environment/library_path.sh\n'}
[4.198861] (mm_interfaces) StdoutLine: {'line': b'-- Installing: /home/user/Projects/install/mm_interfaces/share/mm_interfaces/environment/library_path.dsv\n'}
[4.198955] (mm_interfaces) StdoutLine: {'line': b'-- Installing: /home/user/Projects/install/mm_interfaces/lib/libmm_interfaces__rosidl_generator_c.so\n'}
[4.199066] (mm_interfaces) StdoutLine: {'line': b'-- Set runtime path of "/home/user/Projects/install/mm_interfaces/lib/libmm_interfaces__rosidl_generator_c.so" to ""\n'}
[4.199162] (mm_interfaces) StdoutLine: {'line': b'-- Up-to-date: /home/user/Projects/install/mm_interfaces/include/mm_interfaces\n'}
[4.199254] (mm_interfaces) StdoutLine: {'line': b'-- Up-to-date: /home/user/Projects/install/mm_interfaces/include/mm_interfaces/msg\n'}
[4.199356] (mm_interfaces) StdoutLine: {'line': b'-- Installing: /home/user/Projects/install/mm_interfaces/include/mm_interfaces/msg/rosidl_typesupport_fastrtps_c__visibility_control.h\n'}
[4.199433] (mm_interfaces) StdoutLine: {'line': b'-- Up-to-date: /home/user/Projects/install/mm_interfaces/include/mm_interfaces/msg/detail\n'}
[4.199519] (mm_interfaces) StdoutLine: {'line': b'-- Installing: /home/user/Projects/install/mm_interfaces/include/mm_interfaces/msg/detail/car_instructions__rosidl_typesupport_fastrtps_c.h\n'}
[4.199594] (mm_interfaces) StdoutLine: {'line': b'-- Installing: /home/user/Projects/install/mm_interfaces/lib/libmm_interfaces__rosidl_typesupport_fastrtps_c.so\n'}
[4.199784] (mm_interfaces) StdoutLine: {'line': b'-- Set runtime path of "/home/user/Projects/install/mm_interfaces/lib/libmm_interfaces__rosidl_typesupport_fastrtps_c.so" to ""\n'}
[4.199923] (mm_interfaces) StdoutLine: {'line': b'-- Up-to-date: /home/user/Projects/install/mm_interfaces/include/mm_interfaces\n'}
[4.200031] (mm_interfaces) StdoutLine: {'line': b'-- Up-to-date: /home/user/Projects/install/mm_interfaces/include/mm_interfaces/msg\n'}
[4.200133] (mm_interfaces) StdoutLine: {'line': b'-- Installing: /home/user/Projects/install/mm_interfaces/include/mm_interfaces/msg/rosidl_typesupport_fastrtps_cpp__visibility_control.h\n'}
[4.200249] (mm_interfaces) StdoutLine: {'line': b'-- Up-to-date: /home/user/Projects/install/mm_interfaces/include/mm_interfaces/msg/detail\n'}
[4.200324] (mm_interfaces) StdoutLine: {'line': b'-- Installing: /home/user/Projects/install/mm_interfaces/include/mm_interfaces/msg/detail/dds_fastrtps\n'}
[4.200413] (mm_interfaces) StdoutLine: {'line': b'-- Installing: /home/user/Projects/install/mm_interfaces/include/mm_interfaces/msg/detail/car_instructions__rosidl_typesupport_fastrtps_cpp.hpp\n'}
[4.200488] (mm_interfaces) StdoutLine: {'line': b'-- Installing: /home/user/Projects/install/mm_interfaces/lib/libmm_interfaces__rosidl_typesupport_fastrtps_cpp.so\n'}
[4.200665] (mm_interfaces) StdoutLine: {'line': b'-- Set runtime path of "/home/user/Projects/install/mm_interfaces/lib/libmm_interfaces__rosidl_typesupport_fastrtps_cpp.so" to ""\n'}
[4.200769] (mm_interfaces) StdoutLine: {'line': b'-- Up-to-date: /home/user/Projects/install/mm_interfaces/include/mm_interfaces\n'}
[4.200883] (mm_interfaces) StdoutLine: {'line': b'-- Up-to-date: /home/user/Projects/install/mm_interfaces/include/mm_interfaces/msg\n'}
[4.200992] (mm_interfaces) StdoutLine: {'line': b'-- Installing: /home/user/Projects/install/mm_interfaces/include/mm_interfaces/msg/rosidl_typesupport_introspection_c__visibility_control.h\n'}
[4.201087] (mm_interfaces) StdoutLine: {'line': b'-- Up-to-date: /home/user/Projects/install/mm_interfaces/include/mm_interfaces/msg/detail\n'}
[4.201162] (mm_interfaces) StdoutLine: {'line': b'-- Installing: /home/user/Projects/install/mm_interfaces/include/mm_interfaces/msg/detail/car_instructions__type_support.c\n'}
[4.201251] (mm_interfaces) StdoutLine: {'line': b'-- Installing: /home/user/Projects/install/mm_interfaces/include/mm_interfaces/msg/detail/car_instructions__rosidl_typesupport_introspection_c.h\n'}
[4.201348] (mm_interfaces) StdoutLine: {'line': b'-- Installing: /home/user/Projects/install/mm_interfaces/lib/libmm_interfaces__rosidl_typesupport_introspection_c.so\n'}
[4.201515] (mm_interfaces) StdoutLine: {'line': b'-- Set runtime path of "/home/user/Projects/install/mm_interfaces/lib/libmm_interfaces__rosidl_typesupport_introspection_c.so" to ""\n'}
[4.201686] (mm_interfaces) StdoutLine: {'line': b'-- Installing: /home/user/Projects/install/mm_interfaces/lib/libmm_interfaces__rosidl_typesupport_c.so\n'}
[4.201943] (mm_interfaces) StdoutLine: {'line': b'-- Set runtime path of "/home/user/Projects/install/mm_interfaces/lib/libmm_interfaces__rosidl_typesupport_c.so" to ""\n'}
[4.202064] (mm_interfaces) StdoutLine: {'line': b'-- Up-to-date: /home/user/Projects/install/mm_interfaces/include/mm_interfaces\n'}
[4.202174] (mm_interfaces) StdoutLine: {'line': b'-- Up-to-date: /home/user/Projects/install/mm_interfaces/include/mm_interfaces/msg\n'}
[4.202266] (mm_interfaces) StdoutLine: {'line': b'-- Installing: /home/user/Projects/install/mm_interfaces/include/mm_interfaces/msg/car_instructions.hpp\n'}
[4.202357] (mm_interfaces) StdoutLine: {'line': b'-- Up-to-date: /home/user/Projects/install/mm_interfaces/include/mm_interfaces/msg/detail\n'}
[4.202433] (mm_interfaces) StdoutLine: {'line': b'-- Installing: /home/user/Projects/install/mm_interfaces/include/mm_interfaces/msg/detail/car_instructions__builder.hpp\n'}
[4.202552] (mm_interfaces) StdoutLine: {'line': b'-- Installing: /home/user/Projects/install/mm_interfaces/include/mm_interfaces/msg/detail/car_instructions__traits.hpp\n'}
[4.202644] (mm_interfaces) StdoutLine: {'line': b'-- Installing: /home/user/Projects/install/mm_interfaces/include/mm_interfaces/msg/detail/car_instructions__struct.hpp\n'}
[4.202735] (mm_interfaces) StdoutLine: {'line': b'-- Up-to-date: /home/user/Projects/install/mm_interfaces/include/mm_interfaces\n'}
[4.202811] (mm_interfaces) StdoutLine: {'line': b'-- Up-to-date: /home/user/Projects/install/mm_interfaces/include/mm_interfaces/msg\n'}
[4.202903] (mm_interfaces) StdoutLine: {'line': b'-- Up-to-date: /home/user/Projects/install/mm_interfaces/include/mm_interfaces/msg/detail\n'}
[4.202983] (mm_interfaces) StdoutLine: {'line': b'-- Installing: /home/user/Projects/install/mm_interfaces/include/mm_interfaces/msg/detail/car_instructions__rosidl_typesupport_introspection_cpp.hpp\n'}
[4.203059] (mm_interfaces) StdoutLine: {'line': b'-- Installing: /home/user/Projects/install/mm_interfaces/include/mm_interfaces/msg/detail/car_instructions__type_support.cpp\n'}
[4.203133] (mm_interfaces) StdoutLine: {'line': b'-- Installing: /home/user/Projects/install/mm_interfaces/lib/libmm_interfaces__rosidl_typesupport_introspection_cpp.so\n'}
[4.203224] (mm_interfaces) StdoutLine: {'line': b'-- Set runtime path of "/home/user/Projects/install/mm_interfaces/lib/libmm_interfaces__rosidl_typesupport_introspection_cpp.so" to ""\n'}
[4.203317] (mm_interfaces) StdoutLine: {'line': b'-- Installing: /home/user/Projects/install/mm_interfaces/lib/libmm_interfaces__rosidl_typesupport_cpp.so\n'}
[4.203550] (mm_interfaces) StdoutLine: {'line': b'-- Set runtime path of "/home/user/Projects/install/mm_interfaces/lib/libmm_interfaces__rosidl_typesupport_cpp.so" to ""\n'}
[4.203642] (mm_interfaces) StdoutLine: {'line': b'-- Installing: /home/user/Projects/install/mm_interfaces/share/mm_interfaces/environment/pythonpath.sh\n'}
[4.203764] (mm_interfaces) StdoutLine: {'line': b'-- Installing: /home/user/Projects/install/mm_interfaces/share/mm_interfaces/environment/pythonpath.dsv\n'}
[4.203942] (mm_interfaces) StdoutLine: {'line': b'-- Installing: /home/user/Projects/install/mm_interfaces/lib/python3.8/site-packages/mm_interfaces/__init__.py\n'}
[4.206300] (-) TimerEvent: {}
[4.234740] (mm_interfaces) StdoutLine: {'line': b"Compiling '/home/user/Projects/install/mm_interfaces/lib/python3.8/site-packages/mm_interfaces/__init__.py'...\n"}
[4.239215] (mm_interfaces) StdoutLine: {'line': b'-- Installing: /home/user/Projects/install/mm_interfaces/lib/python3.8/site-packages/mm_interfaces/msg\n'}
[4.239659] (mm_interfaces) StdoutLine: {'line': b'-- Installing: /home/user/Projects/install/mm_interfaces/lib/python3.8/site-packages/mm_interfaces/msg/__init__.py\n'}
[4.239744] (mm_interfaces) StdoutLine: {'line': b'-- Installing: /home/user/Projects/install/mm_interfaces/lib/python3.8/site-packages/mm_interfaces/msg/_car_instructions.py\n'}
[4.239833] (mm_interfaces) StdoutLine: {'line': b'-- Installing: /home/user/Projects/install/mm_interfaces/lib/python3.8/site-packages/mm_interfaces/msg/_car_instructions_s.c\n'}
[4.240054] (mm_interfaces) StdoutLine: {'line': b'-- Installing: /home/user/Projects/install/mm_interfaces/lib/python3.8/site-packages/mm_interfaces/mm_interfaces_s__rosidl_typesupport_fastrtps_c.cpython-38-x86_64-linux-gnu.so\n'}
[4.240368] (mm_interfaces) StdoutLine: {'line': b'-- Set runtime path of "/home/user/Projects/install/mm_interfaces/lib/python3.8/site-packages/mm_interfaces/mm_interfaces_s__rosidl_typesupport_fastrtps_c.cpython-38-x86_64-linux-gnu.so" to ""\n'}
[4.240520] (mm_interfaces) StdoutLine: {'line': b'-- Installing: /home/user/Projects/install/mm_interfaces/lib/python3.8/site-packages/mm_interfaces/mm_interfaces_s__rosidl_typesupport_introspection_c.cpython-38-x86_64-linux-gnu.so\n'}
[4.241092] (mm_interfaces) StdoutLine: {'line': b'-- Set runtime path of "/home/user/Projects/install/mm_interfaces/lib/python3.8/site-packages/mm_interfaces/mm_interfaces_s__rosidl_typesupport_introspection_c.cpython-38-x86_64-linux-gnu.so" to ""\n'}
[4.241331] (mm_interfaces) StdoutLine: {'line': b'-- Installing: /home/user/Projects/install/mm_interfaces/lib/python3.8/site-packages/mm_interfaces/mm_interfaces_s__rosidl_typesupport_c.cpython-38-x86_64-linux-gnu.so\n'}
[4.241730] (mm_interfaces) StdoutLine: {'line': b'-- Set runtime path of "/home/user/Projects/install/mm_interfaces/lib/python3.8/site-packages/mm_interfaces/mm_interfaces_s__rosidl_typesupport_c.cpython-38-x86_64-linux-gnu.so" to ""\n'}
[4.241909] (mm_interfaces) StdoutLine: {'line': b'-- Installing: /home/user/Projects/install/mm_interfaces/lib/libmm_interfaces__python.so\n'}
[4.242135] (mm_interfaces) StdoutLine: {'line': b'-- Set runtime path of "/home/user/Projects/install/mm_interfaces/lib/libmm_interfaces__python.so" to ""\n'}
[4.242307] (mm_interfaces) StdoutLine: {'line': b'-- Installing: /home/user/Projects/install/mm_interfaces/share/mm_interfaces/msg/CarInstructions.idl\n'}
[4.242457] (mm_interfaces) StdoutLine: {'line': b'-- Installing: /home/user/Projects/install/mm_interfaces/share/mm_interfaces/msg/CarInstructions.msg\n'}
[4.242575] (mm_interfaces) StdoutLine: {'line': b'-- Installing: /home/user/Projects/install/mm_interfaces/share/ament_index/resource_index/package_run_dependencies/mm_interfaces\n'}
[4.242717] (mm_interfaces) StdoutLine: {'line': b'-- Installing: /home/user/Projects/install/mm_interfaces/share/ament_index/resource_index/parent_prefix_path/mm_interfaces\n'}
[4.242889] (mm_interfaces) StdoutLine: {'line': b'-- Installing: /home/user/Projects/install/mm_interfaces/share/mm_interfaces/environment/ament_prefix_path.sh\n'}
[4.243029] (mm_interfaces) StdoutLine: {'line': b'-- Installing: /home/user/Projects/install/mm_interfaces/share/mm_interfaces/environment/ament_prefix_path.dsv\n'}
[4.243143] (mm_interfaces) StdoutLine: {'line': b'-- Installing: /home/user/Projects/install/mm_interfaces/share/mm_interfaces/environment/path.sh\n'}
[4.243273] (mm_interfaces) StdoutLine: {'line': b'-- Installing: /home/user/Projects/install/mm_interfaces/share/mm_interfaces/environment/path.dsv\n'}
[4.243395] (mm_interfaces) StdoutLine: {'line': b'-- Installing: /home/user/Projects/install/mm_interfaces/share/mm_interfaces/local_setup.bash\n'}
[4.243520] (mm_interfaces) StdoutLine: {'line': b'-- Installing: /home/user/Projects/install/mm_interfaces/share/mm_interfaces/local_setup.sh\n'}
[4.243654] (mm_interfaces) StdoutLine: {'line': b'-- Installing: /home/user/Projects/install/mm_interfaces/share/mm_interfaces/local_setup.zsh\n'}
[4.243759] (mm_interfaces) StdoutLine: {'line': b'-- Installing: /home/user/Projects/install/mm_interfaces/share/mm_interfaces/local_setup.dsv\n'}
[4.243869] (mm_interfaces) StdoutLine: {'line': b'-- Installing: /home/user/Projects/install/mm_interfaces/share/mm_interfaces/package.dsv\n'}
[4.244029] (mm_interfaces) StdoutLine: {'line': b'-- Installing: /home/user/Projects/install/mm_interfaces/share/ament_index/resource_index/packages/mm_interfaces\n'}
[4.244245] (mm_interfaces) StdoutLine: {'line': b'-- Installing: /home/user/Projects/install/mm_interfaces/share/mm_interfaces/cmake/mm_interfaces__rosidl_generator_cExport.cmake\n'}
[4.244382] (mm_interfaces) StdoutLine: {'line': b'-- Installing: /home/user/Projects/install/mm_interfaces/share/mm_interfaces/cmake/mm_interfaces__rosidl_generator_cExport-noconfig.cmake\n'}
[4.244538] (mm_interfaces) StdoutLine: {'line': b'-- Installing: /home/user/Projects/install/mm_interfaces/share/mm_interfaces/cmake/mm_interfaces__rosidl_typesupport_introspection_cExport.cmake\n'}
[4.244676] (mm_interfaces) StdoutLine: {'line': b'-- Installing: /home/user/Projects/install/mm_interfaces/share/mm_interfaces/cmake/mm_interfaces__rosidl_typesupport_introspection_cExport-noconfig.cmake\n'}
[4.244840] (mm_interfaces) StdoutLine: {'line': b'-- Installing: /home/user/Projects/install/mm_interfaces/share/mm_interfaces/cmake/mm_interfaces__rosidl_typesupport_cExport.cmake\n'}
[4.245068] (mm_interfaces) StdoutLine: {'line': b'-- Installing: /home/user/Projects/install/mm_interfaces/share/mm_interfaces/cmake/mm_interfaces__rosidl_typesupport_cExport-noconfig.cmake\n'}
[4.245213] (mm_interfaces) StdoutLine: {'line': b'-- Installing: /home/user/Projects/install/mm_interfaces/share/mm_interfaces/cmake/mm_interfaces__rosidl_generator_cppExport.cmake\n'}
[4.245429] (mm_interfaces) StdoutLine: {'line': b'-- Installing: /home/user/Projects/install/mm_interfaces/share/mm_interfaces/cmake/mm_interfaces__rosidl_typesupport_introspection_cppExport.cmake\n'}
[4.245586] (mm_interfaces) StdoutLine: {'line': b'-- Installing: /home/user/Projects/install/mm_interfaces/share/mm_interfaces/cmake/mm_interfaces__rosidl_typesupport_introspection_cppExport-noconfig.cmake\n'}
[4.245783] (mm_interfaces) StdoutLine: {'line': b'-- Installing: /home/user/Projects/install/mm_interfaces/share/mm_interfaces/cmake/mm_interfaces__rosidl_typesupport_cppExport.cmake\n'}
[4.245921] (mm_interfaces) StdoutLine: {'line': b'-- Installing: /home/user/Projects/install/mm_interfaces/share/mm_interfaces/cmake/mm_interfaces__rosidl_typesupport_cppExport-noconfig.cmake\n'}
[4.246044] (mm_interfaces) StdoutLine: {'line': b'-- Installing: /home/user/Projects/install/mm_interfaces/share/mm_interfaces/cmake/rosidl_cmake-extras.cmake\n'}
[4.246152] (mm_interfaces) StdoutLine: {'line': b'-- Installing: /home/user/Projects/install/mm_interfaces/share/mm_interfaces/cmake/ament_cmake_export_dependencies-extras.cmake\n'}
[4.246303] (mm_interfaces) StdoutLine: {'line': b'-- Installing: /home/user/Projects/install/mm_interfaces/share/mm_interfaces/cmake/ament_cmake_export_libraries-extras.cmake\n'}
[4.246409] (mm_interfaces) StdoutLine: {'line': b'-- Installing: /home/user/Projects/install/mm_interfaces/share/mm_interfaces/cmake/ament_cmake_export_targets-extras.cmake\n'}
[4.246557] (mm_interfaces) StdoutLine: {'line': b'-- Installing: /home/user/Projects/install/mm_interfaces/share/mm_interfaces/cmake/ament_cmake_export_include_directories-extras.cmake\n'}
[4.246665] (mm_interfaces) StdoutLine: {'line': b'-- Installing: /home/user/Projects/install/mm_interfaces/share/mm_interfaces/cmake/rosidl_cmake_export_typesupport_libraries-extras.cmake\n'}
[4.246782] (mm_interfaces) StdoutLine: {'line': b'-- Installing: /home/user/Projects/install/mm_interfaces/share/mm_interfaces/cmake/rosidl_cmake_export_typesupport_targets-extras.cmake\n'}
[4.246909] (mm_interfaces) StdoutLine: {'line': b'-- Installing: /home/user/Projects/install/mm_interfaces/share/mm_interfaces/cmake/mm_interfacesConfig.cmake\n'}
[4.247015] (mm_interfaces) StdoutLine: {'line': b'-- Installing: /home/user/Projects/install/mm_interfaces/share/mm_interfaces/cmake/mm_interfacesConfig-version.cmake\n'}
[4.247126] (mm_interfaces) StdoutLine: {'line': b'-- Installing: /home/user/Projects/install/mm_interfaces/share/mm_interfaces/package.xml\n'}
[4.248895] (mm_interfaces) CommandEnded: {'returncode': 0}
[4.306546] (mm_interfaces) JobEnded: {'identifier': 'mm_interfaces', 'rc': 0}
[4.307258] (-) TimerEvent: {}
[4.307389] (-) EventReactorShutdown: {}
