[1.565s] Invoking command in '/home/user/Projects/ros2_ws/src/object_avoidance': PYTHONPATH=/home/user/Projects/ros2_ws/install/object_avoidance/lib/python3.8/site-packages:${PYTHONPATH} /usr/bin/python3 setup.py egg_info --egg-base ../../build/object_avoidance build --build-base /home/user/Projects/ros2_ws/build/object_avoidance/build install --prefix /home/user/Projects/ros2_ws/install/object_avoidance --record /home/user/Projects/ros2_ws/build/object_avoidance/install.log --single-version-externally-managed
[2.321s] running egg_info
[2.378s] writing ../../build/object_avoidance/object_avoidance.egg-info/PKG-INFO
[2.424s] writing dependency_links to ../../build/object_avoidance/object_avoidance.egg-info/dependency_links.txt
[2.563s] writing entry points to ../../build/object_avoidance/object_avoidance.egg-info/entry_points.txt
[2.656s] writing requirements to ../../build/object_avoidance/object_avoidance.egg-info/requires.txt
[2.702s] writing top-level names to ../../build/object_avoidance/object_avoidance.egg-info/top_level.txt
[2.771s] reading manifest file '../../build/object_avoidance/object_avoidance.egg-info/SOURCES.txt'
[2.771s] writing manifest file '../../build/object_avoidance/object_avoidance.egg-info/SOURCES.txt'
[2.772s] running build
[2.772s] running build_py
[2.772s] copying object_avoidance/object_detection.py -> /home/user/Projects/ros2_ws/build/object_avoidance/build/lib/object_avoidance
[2.772s] running install
[2.772s] /usr/local/lib/python3.8/dist-packages/setuptools/command/install.py:34: SetuptoolsDeprecationWarning: setup.py install is deprecated. Use build and pip and other standards-based tools.
[2.772s]   warnings.warn(
[2.776s] running install_lib
[2.832s] copying /home/user/Projects/ros2_ws/build/object_avoidance/build/lib/object_avoidance/object_detection.py -> /home/user/Projects/ros2_ws/install/object_avoidance/lib/python3.8/site-packages/object_avoidance
[2.833s] byte-compiling /home/user/Projects/ros2_ws/install/object_avoidance/lib/python3.8/site-packages/object_avoidance/object_detection.py to object_detection.cpython-38.pyc
[2.834s] running install_data
[2.844s] running install_egg_info
[2.908s] removing '/home/user/Projects/ros2_ws/install/object_avoidance/lib/python3.8/site-packages/object_avoidance-0.0.4-py3.8.egg-info' (and everything under it)
[2.908s] Copying ../../build/object_avoidance/object_avoidance.egg-info to /home/user/Projects/ros2_ws/install/object_avoidance/lib/python3.8/site-packages/object_avoidance-0.0.4-py3.8.egg-info
[2.909s] running install_scripts
[3.008s] Installing object_detection script to /home/user/Projects/ros2_ws/install/object_avoidance/lib/object_avoidance
[3.008s] writing list of installed files to '/home/user/Projects/ros2_ws/build/object_avoidance/install.log'
[3.039s] Invoked command in '/home/user/Projects/ros2_ws/src/object_avoidance' returned '0': PYTHONPATH=/home/user/Projects/ros2_ws/install/object_avoidance/lib/python3.8/site-packages:${PYTHONPATH} /usr/bin/python3 setup.py egg_info --egg-base ../../build/object_avoidance build --build-base /home/user/Projects/ros2_ws/build/object_avoidance/build install --prefix /home/user/Projects/ros2_ws/install/object_avoidance --record /home/user/Projects/ros2_ws/build/object_avoidance/install.log --single-version-externally-managed
