[0.000000] (-) TimerEvent: {}
[0.000104] (object_avoidance) JobQueued: {'identifier': 'object_avoidance', 'dependencies': OrderedDict()}
[0.000133] (object_avoidance) JobStarted: {'identifier': 'object_avoidance'}
[0.099369] (-) TimerEvent: {}
[0.199699] (-) TimerEvent: {}
[0.299947] (-) TimerEvent: {}
[0.400193] (-) TimerEvent: {}
[0.500416] (-) TimerEvent: {}
[0.600673] (-) TimerEvent: {}
[0.700957] (-) TimerEvent: {}
[0.801268] (-) TimerEvent: {}
[0.901497] (-) TimerEvent: {}
[1.001716] (-) TimerEvent: {}
[1.101943] (-) TimerEvent: {}
[1.202170] (-) TimerEvent: {}
[1.302398] (-) TimerEvent: {}
[1.402627] (-) TimerEvent: {}
[1.502848] (-) TimerEvent: {}
[1.555166] (object_avoidance) Command: {'cmd': ['/usr/bin/python3', 'setup.py', 'egg_info', '--egg-base', '../../build/object_avoidance', 'build', '--build-base', '/home/user/Projects/ros2_ws/build/object_avoidance/build', 'install', '--prefix', '/home/user/Projects/ros2_ws/install/object_avoidance', '--record', '/home/user/Projects/ros2_ws/build/object_avoidance/install.log', '--single-version-externally-managed'], 'cwd': '/home/user/Projects/ros2_ws/src/object_avoidance', 'env': {'HOSTNAME': 'GS65-Ubuntu', 'SHLVL': '1', 'LD_LIBRARY_PATH': '/opt/ros/foxy/opt/yaml_cpp_vendor/lib:/opt/ros/foxy/opt/rviz_ogre_vendor/lib:/opt/ros/foxy/lib/x86_64-linux-gnu:/opt/ros/foxy/lib', 'HOME': '/home/user', 'OLDPWD': '/home/user/Projects/ros2_ws/model', 'PYTHONUNBUFFERED': '1', 'ROS_PYTHON_VERSION': '3', '_colcon_cd_root': '/home/user/Projects/dev_ws', 'COLCON_PREFIX_PATH': '/home/user/Projects/ros2_ws/install', 'ROS_DISTRO': 'foxy', 'PROXIMITY': '1', '_': '/usr/bin/colcon', 'ROS_VERSION': '2', 'NVIDIA_DRIVER_CAPABILITIES': 'graphics', 'TERM': 'xterm', 'ROS_LOCALHOST_ONLY': '0', 'QT_X11_NO_MITSHM': '1', 'PATH': '/home/user/.local/bin:/opt/ros/foxy/bin:/home/user/bin:/usr/local/sbin:/usr/local/bin:/usr/sbin:/usr/bin:/sbin:/bin', 'DISPLAY': ':1', 'LANG': 'C.UTF-8', 'LS_COLORS': ':di=1;33:ln=36', 'AMENT_PREFIX_PATH': '/home/user/Projects/ros2_ws/install/object_avoidance:/opt/ros/foxy', 'DEFAULT_THROTTLE': '30', 'AVOIDANCE_DISTANCE': '5', 'PWD': '/home/user/Projects/ros2_ws/build/object_avoidance', 'END_NODE_ID': '140', 'LC_ALL': 'C.UTF-8', 'PYTHONPATH': '/home/user/Projects/ros2_ws/install/object_avoidance/lib/python3.8/site-packages:/home/user/Projects/ros2_ws/install/object_avoidance/lib/python3.8/site-packages:/opt/ros/foxy/lib/python3.8/site-packages', 'NVIDIA_VISIBLE_DEVICES': 'all', 'COLCON': '1', 'AVOIDANCE_ANGLE': '20'}, 'shell': False}
[1.602971] (-) TimerEvent: {}
[1.703257] (-) TimerEvent: {}
[1.803485] (-) TimerEvent: {}
[1.903713] (-) TimerEvent: {}
[2.003942] (-) TimerEvent: {}
[2.104169] (-) TimerEvent: {}
[2.204396] (-) TimerEvent: {}
[2.304628] (-) TimerEvent: {}
[2.305010] (object_avoidance) StdoutLine: {'line': b'running egg_info\n'}
[2.360691] (object_avoidance) StdoutLine: {'line': b'writing ../../build/object_avoidance/object_avoidance.egg-info/PKG-INFO\n'}
[2.404737] (-) TimerEvent: {}
[2.406625] (object_avoidance) StdoutLine: {'line': b'writing dependency_links to ../../build/object_avoidance/object_avoidance.egg-info/dependency_links.txt\n'}
[2.504856] (-) TimerEvent: {}
[2.544741] (object_avoidance) StdoutLine: {'line': b'writing entry points to ../../build/object_avoidance/object_avoidance.egg-info/entry_points.txt\n'}
[2.604969] (-) TimerEvent: {}
[2.636511] (object_avoidance) StdoutLine: {'line': b'writing requirements to ../../build/object_avoidance/object_avoidance.egg-info/requires.txt\n'}
[2.682470] (object_avoidance) StdoutLine: {'line': b'writing top-level names to ../../build/object_avoidance/object_avoidance.egg-info/top_level.txt\n'}
[2.705076] (-) TimerEvent: {}
[2.750459] (object_avoidance) StdoutLine: {'line': b"reading manifest file '../../build/object_avoidance/object_avoidance.egg-info/SOURCES.txt'\n"}
[2.751235] (object_avoidance) StdoutLine: {'line': b"writing manifest file '../../build/object_avoidance/object_avoidance.egg-info/SOURCES.txt'\n"}
[2.751430] (object_avoidance) StdoutLine: {'line': b'running build\n'}
[2.751514] (object_avoidance) StdoutLine: {'line': b'running build_py\n'}
[2.751581] (object_avoidance) StdoutLine: {'line': b'copying object_avoidance/object_detection.py -> /home/user/Projects/ros2_ws/build/object_avoidance/build/lib/object_avoidance\n'}
[2.751746] (object_avoidance) StdoutLine: {'line': b'running install\n'}
[2.751914] (object_avoidance) StderrLine: {'line': b'/usr/local/lib/python3.8/dist-packages/setuptools/command/install.py:34: SetuptoolsDeprecationWarning: setup.py install is deprecated. Use build and pip and other standards-based tools.\n'}
[2.752004] (object_avoidance) StderrLine: {'line': b'  warnings.warn(\n'}
[2.756259] (object_avoidance) StdoutLine: {'line': b'running install_lib\n'}
[2.805150] (-) TimerEvent: {}
[2.812037] (object_avoidance) StdoutLine: {'line': b'copying /home/user/Projects/ros2_ws/build/object_avoidance/build/lib/object_avoidance/object_detection.py -> /home/user/Projects/ros2_ws/install/object_avoidance/lib/python3.8/site-packages/object_avoidance\n'}
[2.812541] (object_avoidance) StdoutLine: {'line': b'byte-compiling /home/user/Projects/ros2_ws/install/object_avoidance/lib/python3.8/site-packages/object_avoidance/object_detection.py to object_detection.cpython-38.pyc\n'}
[2.813303] (object_avoidance) StdoutLine: {'line': b'running install_data\n'}
[2.823216] (object_avoidance) StdoutLine: {'line': b'running install_egg_info\n'}
[2.886747] (object_avoidance) StdoutLine: {'line': b"removing '/home/user/Projects/ros2_ws/install/object_avoidance/lib/python3.8/site-packages/object_avoidance-0.0.4-py3.8.egg-info' (and everything under it)\n"}
[2.886996] (object_avoidance) StdoutLine: {'line': b'Copying ../../build/object_avoidance/object_avoidance.egg-info to /home/user/Projects/ros2_ws/install/object_avoidance/lib/python3.8/site-packages/object_avoidance-0.0.4-py3.8.egg-info\n'}
[2.887707] (object_avoidance) StdoutLine: {'line': b'running install_scripts\n'}
[2.905256] (-) TimerEvent: {}
[2.984778] (object_avoidance) StdoutLine: {'line': b'Installing object_detection script to /home/user/Projects/ros2_ws/install/object_avoidance/lib/object_avoidance\n'}
[2.985060] (object_avoidance) StdoutLine: {'line': b"writing list of installed files to '/home/user/Projects/ros2_ws/build/object_avoidance/install.log'\n"}
[3.005383] (-) TimerEvent: {}
[3.014786] (object_avoidance) CommandEnded: {'returncode': 0}
[3.025616] (object_avoidance) JobEnded: {'identifier': 'object_avoidance', 'rc': 0}
[3.026281] (-) EventReactorShutdown: {}
