[0.000000] (-) TimerEvent: {}
[0.000443] (object_avoidance) JobQueued: {'identifier': 'object_avoidance', 'dependencies': OrderedDict()}
[0.000499] (object_avoidance) JobStarted: {'identifier': 'object_avoidance'}
[0.099451] (-) TimerEvent: {}
[0.199791] (-) TimerEvent: {}
[0.300111] (-) TimerEvent: {}
[0.400431] (-) TimerEvent: {}
[0.500728] (-) TimerEvent: {}
[0.601023] (-) TimerEvent: {}
[0.701337] (-) TimerEvent: {}
[0.801680] (-) TimerEvent: {}
[0.902082] (-) TimerEvent: {}
[1.002372] (-) TimerEvent: {}
[1.102621] (-) TimerEvent: {}
[1.202885] (-) TimerEvent: {}
[1.303123] (-) TimerEvent: {}
[1.403389] (-) TimerEvent: {}
[1.503690] (-) TimerEvent: {}
[1.603989] (-) TimerEvent: {}
[1.656959] (object_avoidance) Command: {'cmd': ['/usr/bin/python3', 'setup.py', 'egg_info', '--egg-base', '../../build/object_avoidance', 'build', '--build-base', '/home/user/Projects/ros2_ws/build/object_avoidance/build', 'install', '--prefix', '/home/user/Projects/ros2_ws/install/object_avoidance', '--record', '/home/user/Projects/ros2_ws/build/object_avoidance/install.log', '--single-version-externally-managed'], 'cwd': '/home/user/Projects/ros2_ws/src/object_avoidance', 'env': {'HOSTNAME': 'janpc', 'SHLVL': '1', 'LD_LIBRARY_PATH': '/opt/ros/foxy/opt/yaml_cpp_vendor/lib:/opt/ros/foxy/opt/rviz_ogre_vendor/lib:/opt/ros/foxy/lib/x86_64-linux-gnu:/opt/ros/foxy/lib', 'HOME': '/home/user', 'OLDPWD': '/home/user', 'PYTHONUNBUFFERED': '1', 'ROS_PYTHON_VERSION': '3', '_colcon_cd_root': '/home/user/Projects/dev_ws', 'COLCON_PREFIX_PATH': '/home/user/Projects/ros2_ws/install', 'ROS_DISTRO': 'foxy', 'PROXIMITY': '1', '_': '/usr/bin/colcon', 'ROS_VERSION': '2', 'NVIDIA_DRIVER_CAPABILITIES': 'graphics', 'TERM': 'xterm', 'ROS_LOCALHOST_ONLY': '0', 'QT_X11_NO_MITSHM': '1', 'PATH': '/home/user/.local/bin:/opt/ros/foxy/bin:/home/user/bin:/usr/local/sbin:/usr/local/bin:/usr/sbin:/usr/bin:/sbin:/bin', 'DISPLAY': ':0', 'LANG': 'C.UTF-8', 'LS_COLORS': ':di=1;33:ln=36', 'AMENT_PREFIX_PATH': '/home/user/Projects/ros2_ws/install/object_avoidance:/opt/ros/foxy', 'DEFAULT_THROTTLE': '30', 'AVOIDANCE_DISTANCE': '5', 'PWD': '/home/user/Projects/ros2_ws/build/object_avoidance', 'END_NODE_ID': '140', 'LC_ALL': 'C.UTF-8', 'PYTHONPATH': '/home/user/Projects/ros2_ws/install/object_avoidance/lib/python3.8/site-packages:/home/user/Projects/ros2_ws/install/object_avoidance/lib/python3.8/site-packages:/opt/ros/foxy/lib/python3.8/site-packages', 'NVIDIA_VISIBLE_DEVICES': 'all', 'COLCON': '1', 'AVOIDANCE_ANGLE': '20'}, 'shell': False}
[1.704142] (-) TimerEvent: {}
[1.804431] (-) TimerEvent: {}
[1.904688] (-) TimerEvent: {}
[2.004931] (-) TimerEvent: {}
[2.105199] (-) TimerEvent: {}
[2.205468] (-) TimerEvent: {}
[2.305727] (-) TimerEvent: {}
[2.405998] (-) TimerEvent: {}
[2.449231] (object_avoidance) StdoutLine: {'line': b'running egg_info\n'}
[2.506080] (-) TimerEvent: {}
[2.506585] (object_avoidance) StdoutLine: {'line': b'writing ../../build/object_avoidance/object_avoidance.egg-info/PKG-INFO\n'}
[2.555336] (object_avoidance) StdoutLine: {'line': b'writing dependency_links to ../../build/object_avoidance/object_avoidance.egg-info/dependency_links.txt\n'}
[2.606190] (-) TimerEvent: {}
[2.699178] (object_avoidance) StdoutLine: {'line': b'writing entry points to ../../build/object_avoidance/object_avoidance.egg-info/entry_points.txt\n'}
[2.706308] (-) TimerEvent: {}
[2.795425] (object_avoidance) StdoutLine: {'line': b'writing requirements to ../../build/object_avoidance/object_avoidance.egg-info/requires.txt\n'}
[2.806416] (-) TimerEvent: {}
[2.843617] (object_avoidance) StdoutLine: {'line': b'writing top-level names to ../../build/object_avoidance/object_avoidance.egg-info/top_level.txt\n'}
[2.906534] (-) TimerEvent: {}
[2.913515] (object_avoidance) StdoutLine: {'line': b"reading manifest file '../../build/object_avoidance/object_avoidance.egg-info/SOURCES.txt'\n"}
[2.914331] (object_avoidance) StdoutLine: {'line': b"writing manifest file '../../build/object_avoidance/object_avoidance.egg-info/SOURCES.txt'\n"}
[2.914607] (object_avoidance) StdoutLine: {'line': b'running build\n'}
[2.914707] (object_avoidance) StdoutLine: {'line': b'running build_py\n'}
[2.914904] (object_avoidance) StdoutLine: {'line': b'running install\n'}
[2.915076] (object_avoidance) StderrLine: {'line': b'/usr/local/lib/python3.8/dist-packages/setuptools/command/install.py:34: SetuptoolsDeprecationWarning: setup.py install is deprecated. Use build and pip and other standards-based tools.\n'}
[2.915166] (object_avoidance) StderrLine: {'line': b'  warnings.warn(\n'}
[2.919798] (object_avoidance) StdoutLine: {'line': b'running install_lib\n'}
[2.978445] (object_avoidance) StdoutLine: {'line': b'running install_data\n'}
[2.988414] (object_avoidance) StdoutLine: {'line': b'running install_egg_info\n'}
[3.006659] (-) TimerEvent: {}
[3.057432] (object_avoidance) StdoutLine: {'line': b"removing '/home/user/Projects/ros2_ws/install/object_avoidance/lib/python3.8/site-packages/object_avoidance-0.0.4-py3.8.egg-info' (and everything under it)\n"}
[3.057804] (object_avoidance) StdoutLine: {'line': b'Copying ../../build/object_avoidance/object_avoidance.egg-info to /home/user/Projects/ros2_ws/install/object_avoidance/lib/python3.8/site-packages/object_avoidance-0.0.4-py3.8.egg-info\n'}
[3.058607] (object_avoidance) StdoutLine: {'line': b'running install_scripts\n'}
[3.106770] (-) TimerEvent: {}
[3.158809] (object_avoidance) StdoutLine: {'line': b'Installing object_detection script to /home/user/Projects/ros2_ws/install/object_avoidance/lib/object_avoidance\n'}
[3.159225] (object_avoidance) StdoutLine: {'line': b"writing list of installed files to '/home/user/Projects/ros2_ws/build/object_avoidance/install.log'\n"}
[3.198554] (object_avoidance) CommandEnded: {'returncode': 0}
[3.206891] (-) TimerEvent: {}
[3.212848] (object_avoidance) JobEnded: {'identifier': 'object_avoidance', 'rc': 0}
[3.213751] (-) EventReactorShutdown: {}
