[0.021s] Invoking command in '/home/user/Projects/build/mm_interfaces': CMAKE_PREFIX_PATH=${CMAKE_PREFIX_PATH}:/home/user/Projects/dev_ws/install/pilot:/home/user/Projects/install/pilot:/opt/ros/foxy /usr/bin/cmake /home/user/Projects/dev_ws/src/mm_interfaces -DCMAKE_INSTALL_PREFIX=/home/user/Projects/install/mm_interfaces
[0.077s] -- The C compiler identification is GNU 9.4.0
[0.127s] -- The CXX compiler identification is GNU 9.4.0
[0.131s] -- Check for working C compiler: /usr/bin/cc
[0.193s] -- Check for working C compiler: /usr/bin/cc -- works
[0.194s] -- Detecting C compiler ABI info
[0.258s] -- Detecting C compiler ABI info - done
[0.269s] -- Detecting C compile features
[0.269s] -- Detecting C compile features - done
[0.271s] -- Check for working CXX compiler: /usr/bin/c++
[0.345s] -- Check for working CXX compiler: /usr/bin/c++ -- works
[0.346s] -- Detecting CXX compiler ABI info
[0.419s] -- Detecting CXX compiler ABI info - done
[0.431s] -- Detecting CXX compile features
[0.432s] -- Detecting CXX compile features - done
[0.436s] -- Found ament_cmake: 0.9.9 (/opt/ros/foxy/share/ament_cmake/cmake)
[0.461s] -- Found PythonInterp: /usr/bin/python3 (found suitable version "3.8.10", minimum required is "3") 
[0.461s] -- Using PYTHON_EXECUTABLE: /usr/bin/python3
[0.669s] -- Found ament_lint_auto: 0.9.6 (/opt/ros/foxy/share/ament_lint_auto/cmake)
[0.747s] -- Found rosidl_default_generators: 1.0.1 (/opt/ros/foxy/share/rosidl_default_generators/cmake)
[0.751s] -- Using all available rosidl_typesupport_c: rosidl_typesupport_fastrtps_c;rosidl_typesupport_introspection_c
[0.759s] -- Found rosidl_adapter: 1.2.1 (/opt/ros/foxy/share/rosidl_adapter/cmake)
[0.870s] -- Found OpenSSL: /usr/lib/x86_64-linux-gnu/libcrypto.so (found version "1.1.1f")  
[0.901s] -- Found FastRTPS: /opt/ros/foxy/include  
[0.989s] -- Using all available rosidl_typesupport_cpp: rosidl_typesupport_fastrtps_cpp;rosidl_typesupport_introspection_cpp
[1.039s] -- Found PythonInterp: /usr/bin/python3 (found version "3.8.10") 
[1.101s] -- Found ament_cmake_ros: 0.9.2 (/opt/ros/foxy/share/ament_cmake_ros/cmake)
[1.206s] -- Using all available rosidl_typesupport_c: rosidl_typesupport_fastrtps_c;rosidl_typesupport_introspection_c
[1.212s] -- Using all available rosidl_typesupport_cpp: rosidl_typesupport_fastrtps_cpp;rosidl_typesupport_introspection_cpp
[1.235s] -- Found PythonInterp: /usr/bin/python3 (found suitable version "3.8.10", minimum required is "3.5") 
[1.240s] -- Found python_cmake_module: 0.8.1 (/opt/ros/foxy/share/python_cmake_module/cmake)
[1.265s] -- Found PythonLibs: /usr/lib/x86_64-linux-gnu/libpython3.8.so (found suitable version "3.8.10", minimum required is "3.5") 
[1.265s] -- Using PYTHON_EXECUTABLE: /usr/bin/python3
[1.265s] -- Using PYTHON_INCLUDE_DIRS: /usr/include/python3.8
[1.265s] -- Using PYTHON_LIBRARIES: /usr/lib/x86_64-linux-gnu/libpython3.8.so
[1.286s] -- Found PythonExtra: .so  
[1.328s] -- Added test 'copyright' to check source files copyright and LICENSE
[1.329s] -- Added test 'lint_cmake' to check CMake code style
[1.330s] -- Added test 'xmllint' to check XML markup files
[1.337s] -- Configuring done
[1.363s] -- Generating done
[1.366s] -- Build files have been written to: /home/user/Projects/build/mm_interfaces
[1.371s] Invoked command in '/home/user/Projects/build/mm_interfaces' returned '0': CMAKE_PREFIX_PATH=${CMAKE_PREFIX_PATH}:/home/user/Projects/dev_ws/install/pilot:/home/user/Projects/install/pilot:/opt/ros/foxy /usr/bin/cmake /home/user/Projects/dev_ws/src/mm_interfaces -DCMAKE_INSTALL_PREFIX=/home/user/Projects/install/mm_interfaces
[1.374s] Invoking command in '/home/user/Projects/build/mm_interfaces': CMAKE_PREFIX_PATH=${CMAKE_PREFIX_PATH}:/home/user/Projects/dev_ws/install/pilot:/home/user/Projects/install/pilot:/opt/ros/foxy /usr/bin/cmake --build /home/user/Projects/build/mm_interfaces -- -j8 -l8
[1.411s] [  3%] [34m[1mGenerating C code for ROS interfaces[0m
[1.411s] [35m[1mScanning dependencies of target mm_interfaces__cpp[0m
[1.421s] [  6%] [34m[1mGenerating C++ code for ROS interfaces[0m
[1.695s] [35m[1mScanning dependencies of target mm_interfaces__rosidl_generator_c[0m
[1.701s] [  6%] Built target mm_interfaces__cpp
[1.706s] [  9%] [32mBuilding C object CMakeFiles/mm_interfaces__rosidl_generator_c.dir/rosidl_generator_c/mm_interfaces/msg/detail/car_instructions__functions.c.o[0m
[1.712s] [ 19%] [34m[1mGenerating C++ introspection for ROS interfaces[0m
[1.713s] [ 19%] [34m[1mGenerating C++ type support dispatch for ROS interfaces[0m
[1.713s] [ 19%] [34m[1mGenerating C++ type support for eProsima Fast-RTPS[0m
[1.748s] [ 22%] [32m[1mLinking C shared library libmm_interfaces__rosidl_generator_c.so[0m
[1.785s] [ 22%] Built target mm_interfaces__rosidl_generator_c
[1.798s] [ 25%] [34m[1mGenerating C introspection for ROS interfaces[0m
[1.802s] [ 29%] [34m[1mGenerating C type support dispatch for ROS interfaces[0m
[2.023s] [35m[1mScanning dependencies of target mm_interfaces__rosidl_typesupport_cpp[0m
[2.037s] [ 32%] [32mBuilding CXX object CMakeFiles/mm_interfaces__rosidl_typesupport_cpp.dir/rosidl_typesupport_cpp/mm_interfaces/msg/car_instructions__type_support.cpp.o[0m
[2.061s] [35m[1mScanning dependencies of target mm_interfaces__rosidl_typesupport_fastrtps_cpp[0m
[2.079s] [ 35%] [32mBuilding CXX object CMakeFiles/mm_interfaces__rosidl_typesupport_fastrtps_cpp.dir/rosidl_typesupport_fastrtps_cpp/mm_interfaces/msg/detail/dds_fastrtps/car_instructions__type_support.cpp.o[0m
[2.135s] [35m[1mScanning dependencies of target mm_interfaces__rosidl_typesupport_introspection_c[0m
[2.149s] [ 38%] [32mBuilding C object CMakeFiles/mm_interfaces__rosidl_typesupport_introspection_c.dir/rosidl_typesupport_introspection_c/mm_interfaces/msg/detail/car_instructions__type_support.c.o[0m
[2.169s] [35m[1mScanning dependencies of target mm_interfaces__rosidl_typesupport_introspection_cpp[0m
[2.185s] [ 41%] [32m[1mLinking C shared library libmm_interfaces__rosidl_typesupport_introspection_c.so[0m
[2.189s] [ 45%] [32mBuilding CXX object CMakeFiles/mm_interfaces__rosidl_typesupport_introspection_cpp.dir/rosidl_typesupport_introspection_cpp/mm_interfaces/msg/detail/car_instructions__type_support.cpp.o[0m
[2.231s] [ 45%] Built target mm_interfaces__rosidl_typesupport_introspection_c
[2.235s] [35m[1mScanning dependencies of target mm_interfaces__rosidl_typesupport_c[0m
[2.248s] [ 48%] [32mBuilding CXX object CMakeFiles/mm_interfaces__rosidl_typesupport_c.dir/rosidl_typesupport_c/mm_interfaces/msg/car_instructions__type_support.cpp.o[0m
[2.280s] [ 51%] [32m[1mLinking CXX shared library libmm_interfaces__rosidl_typesupport_c.so[0m
[2.324s] [ 51%] Built target mm_interfaces__rosidl_typesupport_c
[2.373s] [ 54%] [32m[1mLinking CXX shared library libmm_interfaces__rosidl_typesupport_cpp.so[0m
[2.413s] [ 54%] Built target mm_interfaces__rosidl_typesupport_cpp
[2.497s] [ 58%] [32m[1mLinking CXX shared library libmm_interfaces__rosidl_typesupport_introspection_cpp.so[0m
[2.527s] [ 61%] [32m[1mLinking CXX shared library libmm_interfaces__rosidl_typesupport_fastrtps_cpp.so[0m
[2.571s] [ 61%] Built target mm_interfaces__rosidl_typesupport_introspection_cpp
[2.628s] [ 61%] Built target mm_interfaces__rosidl_typesupport_fastrtps_cpp
[2.640s] [ 64%] [34m[1mGenerating C type support for eProsima Fast-RTPS[0m
[2.911s] [35m[1mScanning dependencies of target mm_interfaces__rosidl_typesupport_fastrtps_c[0m
[2.923s] [ 67%] [32mBuilding CXX object CMakeFiles/mm_interfaces__rosidl_typesupport_fastrtps_c.dir/rosidl_typesupport_fastrtps_c/mm_interfaces/msg/detail/car_instructions__type_support_c.cpp.o[0m
[3.233s] [ 70%] [32m[1mLinking CXX shared library libmm_interfaces__rosidl_typesupport_fastrtps_c.so[0m
[3.315s] [ 70%] Built target mm_interfaces__rosidl_typesupport_fastrtps_c
[3.326s] [35m[1mScanning dependencies of target mm_interfaces[0m
[3.337s] [ 70%] Built target mm_interfaces
[3.348s] [35m[1mScanning dependencies of target mm_interfaces__py[0m
[3.359s] [ 74%] [34m[1mGenerating Python code for ROS interfaces[0m
[3.851s] [ 74%] Built target mm_interfaces__py
[3.861s] [35m[1mScanning dependencies of target mm_interfaces__python[0m
[3.880s] [ 77%] [32mBuilding C object CMakeFiles/mm_interfaces__python.dir/rosidl_generator_py/mm_interfaces/msg/_car_instructions_s.c.o[0m
[3.973s] [ 80%] [32m[1mLinking C shared library rosidl_generator_py/mm_interfaces/libmm_interfaces__python.so[0m
[4.007s] [ 80%] Built target mm_interfaces__python
[4.017s] [35m[1mScanning dependencies of target mm_interfaces__rosidl_typesupport_c__pyext[0m
[4.017s] [35m[1mScanning dependencies of target mm_interfaces__rosidl_typesupport_introspection_c__pyext[0m
[4.017s] [35m[1mScanning dependencies of target mm_interfaces__rosidl_typesupport_fastrtps_c__pyext[0m
[4.035s] [ 83%] [32mBuilding C object CMakeFiles/mm_interfaces__rosidl_typesupport_c__pyext.dir/rosidl_generator_py/mm_interfaces/_mm_interfaces_s.ep.rosidl_typesupport_c.c.o[0m
[4.036s] [ 90%] [32mBuilding C object CMakeFiles/mm_interfaces__rosidl_typesupport_fastrtps_c__pyext.dir/rosidl_generator_py/mm_interfaces/_mm_interfaces_s.ep.rosidl_typesupport_fastrtps_c.c.o[0m
[4.036s] [ 90%] [32mBuilding C object CMakeFiles/mm_interfaces__rosidl_typesupport_introspection_c__pyext.dir/rosidl_generator_py/mm_interfaces/_mm_interfaces_s.ep.rosidl_typesupport_introspection_c.c.o[0m
[4.114s] [ 93%] [32m[1mLinking C shared library rosidl_generator_py/mm_interfaces/mm_interfaces_s__rosidl_typesupport_c.cpython-38-x86_64-linux-gnu.so[0m
[4.116s] [ 96%] [32m[1mLinking C shared library rosidl_generator_py/mm_interfaces/mm_interfaces_s__rosidl_typesupport_introspection_c.cpython-38-x86_64-linux-gnu.so[0m
[4.123s] [100%] [32m[1mLinking CXX shared library rosidl_generator_py/mm_interfaces/mm_interfaces_s__rosidl_typesupport_fastrtps_c.cpython-38-x86_64-linux-gnu.so[0m
[4.148s] [100%] Built target mm_interfaces__rosidl_typesupport_c__pyext
[4.149s] [100%] Built target mm_interfaces__rosidl_typesupport_introspection_c__pyext
[4.184s] [100%] Built target mm_interfaces__rosidl_typesupport_fastrtps_c__pyext
[4.194s] Invoked command in '/home/user/Projects/build/mm_interfaces' returned '0': CMAKE_PREFIX_PATH=${CMAKE_PREFIX_PATH}:/home/user/Projects/dev_ws/install/pilot:/home/user/Projects/install/pilot:/opt/ros/foxy /usr/bin/cmake --build /home/user/Projects/build/mm_interfaces -- -j8 -l8
[4.246s] Invoking command in '/home/user/Projects/build/mm_interfaces': CMAKE_PREFIX_PATH=${CMAKE_PREFIX_PATH}:/home/user/Projects/dev_ws/install/pilot:/home/user/Projects/install/pilot:/opt/ros/foxy /usr/bin/cmake --install /home/user/Projects/build/mm_interfaces
[4.254s] -- Install configuration: ""
[4.254s] -- Installing: /home/user/Projects/install/mm_interfaces/share/ament_index/resource_index/rosidl_interfaces/mm_interfaces
[4.254s] -- Up-to-date: /home/user/Projects/install/mm_interfaces/include/mm_interfaces
[4.254s] -- Up-to-date: /home/user/Projects/install/mm_interfaces/include/mm_interfaces/msg
[4.255s] -- Installing: /home/user/Projects/install/mm_interfaces/include/mm_interfaces/msg/rosidl_generator_c__visibility_control.h
[4.255s] -- Up-to-date: /home/user/Projects/install/mm_interfaces/include/mm_interfaces/msg/detail
[4.255s] -- Installing: /home/user/Projects/install/mm_interfaces/include/mm_interfaces/msg/detail/car_instructions__type_support.h
[4.255s] -- Installing: /home/user/Projects/install/mm_interfaces/include/mm_interfaces/msg/detail/car_instructions__functions.c
[4.255s] -- Installing: /home/user/Projects/install/mm_interfaces/include/mm_interfaces/msg/detail/car_instructions__struct.h
[4.255s] -- Installing: /home/user/Projects/install/mm_interfaces/include/mm_interfaces/msg/detail/car_instructions__functions.h
[4.255s] -- Installing: /home/user/Projects/install/mm_interfaces/include/mm_interfaces/msg/car_instructions.h
[4.255s] -- Up-to-date: /home/user/Projects/install/mm_interfaces/share/mm_interfaces/environment/library_path.sh
[4.255s] -- Installing: /home/user/Projects/install/mm_interfaces/share/mm_interfaces/environment/library_path.dsv
[4.255s] -- Installing: /home/user/Projects/install/mm_interfaces/lib/libmm_interfaces__rosidl_generator_c.so
[4.256s] -- Set runtime path of "/home/user/Projects/install/mm_interfaces/lib/libmm_interfaces__rosidl_generator_c.so" to ""
[4.256s] -- Up-to-date: /home/user/Projects/install/mm_interfaces/include/mm_interfaces
[4.256s] -- Up-to-date: /home/user/Projects/install/mm_interfaces/include/mm_interfaces/msg
[4.256s] -- Installing: /home/user/Projects/install/mm_interfaces/include/mm_interfaces/msg/rosidl_typesupport_fastrtps_c__visibility_control.h
[4.256s] -- Up-to-date: /home/user/Projects/install/mm_interfaces/include/mm_interfaces/msg/detail
[4.256s] -- Installing: /home/user/Projects/install/mm_interfaces/include/mm_interfaces/msg/detail/car_instructions__rosidl_typesupport_fastrtps_c.h
[4.257s] -- Installing: /home/user/Projects/install/mm_interfaces/lib/libmm_interfaces__rosidl_typesupport_fastrtps_c.so
[4.257s] -- Set runtime path of "/home/user/Projects/install/mm_interfaces/lib/libmm_interfaces__rosidl_typesupport_fastrtps_c.so" to ""
[4.257s] -- Up-to-date: /home/user/Projects/install/mm_interfaces/include/mm_interfaces
[4.257s] -- Up-to-date: /home/user/Projects/install/mm_interfaces/include/mm_interfaces/msg
[4.257s] -- Installing: /home/user/Projects/install/mm_interfaces/include/mm_interfaces/msg/rosidl_typesupport_fastrtps_cpp__visibility_control.h
[4.257s] -- Up-to-date: /home/user/Projects/install/mm_interfaces/include/mm_interfaces/msg/detail
[4.257s] -- Up-to-date: /home/user/Projects/install/mm_interfaces/include/mm_interfaces/msg/detail/dds_fastrtps
[4.257s] -- Installing: /home/user/Projects/install/mm_interfaces/include/mm_interfaces/msg/detail/car_instructions__rosidl_typesupport_fastrtps_cpp.hpp
[4.257s] -- Installing: /home/user/Projects/install/mm_interfaces/lib/libmm_interfaces__rosidl_typesupport_fastrtps_cpp.so
[4.258s] -- Set runtime path of "/home/user/Projects/install/mm_interfaces/lib/libmm_interfaces__rosidl_typesupport_fastrtps_cpp.so" to ""
[4.258s] -- Up-to-date: /home/user/Projects/install/mm_interfaces/include/mm_interfaces
[4.258s] -- Up-to-date: /home/user/Projects/install/mm_interfaces/include/mm_interfaces/msg
[4.258s] -- Installing: /home/user/Projects/install/mm_interfaces/include/mm_interfaces/msg/rosidl_typesupport_introspection_c__visibility_control.h
[4.258s] -- Up-to-date: /home/user/Projects/install/mm_interfaces/include/mm_interfaces/msg/detail
[4.258s] -- Installing: /home/user/Projects/install/mm_interfaces/include/mm_interfaces/msg/detail/car_instructions__type_support.c
[4.258s] -- Installing: /home/user/Projects/install/mm_interfaces/include/mm_interfaces/msg/detail/car_instructions__rosidl_typesupport_introspection_c.h
[4.258s] -- Installing: /home/user/Projects/install/mm_interfaces/lib/libmm_interfaces__rosidl_typesupport_introspection_c.so
[4.259s] -- Set runtime path of "/home/user/Projects/install/mm_interfaces/lib/libmm_interfaces__rosidl_typesupport_introspection_c.so" to ""
[4.259s] -- Installing: /home/user/Projects/install/mm_interfaces/lib/libmm_interfaces__rosidl_typesupport_c.so
[4.259s] -- Set runtime path of "/home/user/Projects/install/mm_interfaces/lib/libmm_interfaces__rosidl_typesupport_c.so" to ""
[4.259s] -- Up-to-date: /home/user/Projects/install/mm_interfaces/include/mm_interfaces
[4.259s] -- Up-to-date: /home/user/Projects/install/mm_interfaces/include/mm_interfaces/msg
[4.259s] -- Installing: /home/user/Projects/install/mm_interfaces/include/mm_interfaces/msg/car_instructions.hpp
[4.260s] -- Up-to-date: /home/user/Projects/install/mm_interfaces/include/mm_interfaces/msg/detail
[4.260s] -- Installing: /home/user/Projects/install/mm_interfaces/include/mm_interfaces/msg/detail/car_instructions__builder.hpp
[4.260s] -- Installing: /home/user/Projects/install/mm_interfaces/include/mm_interfaces/msg/detail/car_instructions__traits.hpp
[4.260s] -- Installing: /home/user/Projects/install/mm_interfaces/include/mm_interfaces/msg/detail/car_instructions__struct.hpp
[4.260s] -- Up-to-date: /home/user/Projects/install/mm_interfaces/include/mm_interfaces
[4.260s] -- Up-to-date: /home/user/Projects/install/mm_interfaces/include/mm_interfaces/msg
[4.260s] -- Up-to-date: /home/user/Projects/install/mm_interfaces/include/mm_interfaces/msg/detail
[4.260s] -- Installing: /home/user/Projects/install/mm_interfaces/include/mm_interfaces/msg/detail/car_instructions__rosidl_typesupport_introspection_cpp.hpp
[4.260s] -- Installing: /home/user/Projects/install/mm_interfaces/include/mm_interfaces/msg/detail/car_instructions__type_support.cpp
[4.260s] -- Installing: /home/user/Projects/install/mm_interfaces/lib/libmm_interfaces__rosidl_typesupport_introspection_cpp.so
[4.261s] -- Set runtime path of "/home/user/Projects/install/mm_interfaces/lib/libmm_interfaces__rosidl_typesupport_introspection_cpp.so" to ""
[4.261s] -- Installing: /home/user/Projects/install/mm_interfaces/lib/libmm_interfaces__rosidl_typesupport_cpp.so
[4.261s] -- Set runtime path of "/home/user/Projects/install/mm_interfaces/lib/libmm_interfaces__rosidl_typesupport_cpp.so" to ""
[4.261s] -- Installing: /home/user/Projects/install/mm_interfaces/share/mm_interfaces/environment/pythonpath.sh
[4.261s] -- Installing: /home/user/Projects/install/mm_interfaces/share/mm_interfaces/environment/pythonpath.dsv
[4.262s] -- Installing: /home/user/Projects/install/mm_interfaces/lib/python3.8/site-packages/mm_interfaces/__init__.py
[4.292s] Compiling '/home/user/Projects/install/mm_interfaces/lib/python3.8/site-packages/mm_interfaces/__init__.py'...
[4.297s] -- Up-to-date: /home/user/Projects/install/mm_interfaces/lib/python3.8/site-packages/mm_interfaces/msg
[4.297s] -- Installing: /home/user/Projects/install/mm_interfaces/lib/python3.8/site-packages/mm_interfaces/msg/__init__.py
[4.297s] -- Installing: /home/user/Projects/install/mm_interfaces/lib/python3.8/site-packages/mm_interfaces/msg/_car_instructions.py
[4.297s] -- Installing: /home/user/Projects/install/mm_interfaces/lib/python3.8/site-packages/mm_interfaces/msg/_car_instructions_s.c
[4.298s] -- Installing: /home/user/Projects/install/mm_interfaces/lib/python3.8/site-packages/mm_interfaces/mm_interfaces_s__rosidl_typesupport_fastrtps_c.cpython-38-x86_64-linux-gnu.so
[4.298s] -- Set runtime path of "/home/user/Projects/install/mm_interfaces/lib/python3.8/site-packages/mm_interfaces/mm_interfaces_s__rosidl_typesupport_fastrtps_c.cpython-38-x86_64-linux-gnu.so" to ""
[4.299s] -- Installing: /home/user/Projects/install/mm_interfaces/lib/python3.8/site-packages/mm_interfaces/mm_interfaces_s__rosidl_typesupport_introspection_c.cpython-38-x86_64-linux-gnu.so
[4.299s] -- Set runtime path of "/home/user/Projects/install/mm_interfaces/lib/python3.8/site-packages/mm_interfaces/mm_interfaces_s__rosidl_typesupport_introspection_c.cpython-38-x86_64-linux-gnu.so" to ""
[4.299s] -- Installing: /home/user/Projects/install/mm_interfaces/lib/python3.8/site-packages/mm_interfaces/mm_interfaces_s__rosidl_typesupport_c.cpython-38-x86_64-linux-gnu.so
[4.300s] -- Set runtime path of "/home/user/Projects/install/mm_interfaces/lib/python3.8/site-packages/mm_interfaces/mm_interfaces_s__rosidl_typesupport_c.cpython-38-x86_64-linux-gnu.so" to ""
[4.300s] -- Installing: /home/user/Projects/install/mm_interfaces/lib/libmm_interfaces__python.so
[4.300s] -- Set runtime path of "/home/user/Projects/install/mm_interfaces/lib/libmm_interfaces__python.so" to ""
[4.300s] -- Installing: /home/user/Projects/install/mm_interfaces/share/mm_interfaces/msg/CarInstructions.idl
[4.301s] -- Up-to-date: /home/user/Projects/install/mm_interfaces/share/mm_interfaces/msg/CarInstructions.msg
[4.301s] -- Installing: /home/user/Projects/install/mm_interfaces/share/ament_index/resource_index/package_run_dependencies/mm_interfaces
[4.301s] -- Installing: /home/user/Projects/install/mm_interfaces/share/ament_index/resource_index/parent_prefix_path/mm_interfaces
[4.301s] -- Up-to-date: /home/user/Projects/install/mm_interfaces/share/mm_interfaces/environment/ament_prefix_path.sh
[4.301s] -- Installing: /home/user/Projects/install/mm_interfaces/share/mm_interfaces/environment/ament_prefix_path.dsv
[4.301s] -- Up-to-date: /home/user/Projects/install/mm_interfaces/share/mm_interfaces/environment/path.sh
[4.301s] -- Installing: /home/user/Projects/install/mm_interfaces/share/mm_interfaces/environment/path.dsv
[4.301s] -- Installing: /home/user/Projects/install/mm_interfaces/share/mm_interfaces/local_setup.bash
[4.302s] -- Installing: /home/user/Projects/install/mm_interfaces/share/mm_interfaces/local_setup.sh
[4.302s] -- Installing: /home/user/Projects/install/mm_interfaces/share/mm_interfaces/local_setup.zsh
[4.302s] -- Installing: /home/user/Projects/install/mm_interfaces/share/mm_interfaces/local_setup.dsv
[4.302s] -- Installing: /home/user/Projects/install/mm_interfaces/share/mm_interfaces/package.dsv
[4.302s] -- Installing: /home/user/Projects/install/mm_interfaces/share/ament_index/resource_index/packages/mm_interfaces
[4.302s] -- Installing: /home/user/Projects/install/mm_interfaces/share/mm_interfaces/cmake/mm_interfaces__rosidl_generator_cExport.cmake
[4.303s] -- Installing: /home/user/Projects/install/mm_interfaces/share/mm_interfaces/cmake/mm_interfaces__rosidl_generator_cExport-noconfig.cmake
[4.303s] -- Installing: /home/user/Projects/install/mm_interfaces/share/mm_interfaces/cmake/mm_interfaces__rosidl_typesupport_introspection_cExport.cmake
[4.303s] -- Installing: /home/user/Projects/install/mm_interfaces/share/mm_interfaces/cmake/mm_interfaces__rosidl_typesupport_introspection_cExport-noconfig.cmake
[4.303s] -- Installing: /home/user/Projects/install/mm_interfaces/share/mm_interfaces/cmake/mm_interfaces__rosidl_typesupport_cExport.cmake
[4.303s] -- Installing: /home/user/Projects/install/mm_interfaces/share/mm_interfaces/cmake/mm_interfaces__rosidl_typesupport_cExport-noconfig.cmake
[4.304s] -- Installing: /home/user/Projects/install/mm_interfaces/share/mm_interfaces/cmake/mm_interfaces__rosidl_generator_cppExport.cmake
[4.304s] -- Installing: /home/user/Projects/install/mm_interfaces/share/mm_interfaces/cmake/mm_interfaces__rosidl_typesupport_introspection_cppExport.cmake
[4.304s] -- Installing: /home/user/Projects/install/mm_interfaces/share/mm_interfaces/cmake/mm_interfaces__rosidl_typesupport_introspection_cppExport-noconfig.cmake
[4.305s] -- Installing: /home/user/Projects/install/mm_interfaces/share/mm_interfaces/cmake/mm_interfaces__rosidl_typesupport_cppExport.cmake
[4.305s] -- Installing: /home/user/Projects/install/mm_interfaces/share/mm_interfaces/cmake/mm_interfaces__rosidl_typesupport_cppExport-noconfig.cmake
[4.305s] -- Installing: /home/user/Projects/install/mm_interfaces/share/mm_interfaces/cmake/rosidl_cmake-extras.cmake
[4.305s] -- Installing: /home/user/Projects/install/mm_interfaces/share/mm_interfaces/cmake/ament_cmake_export_dependencies-extras.cmake
[4.306s] -- Installing: /home/user/Projects/install/mm_interfaces/share/mm_interfaces/cmake/ament_cmake_export_libraries-extras.cmake
[4.306s] -- Installing: /home/user/Projects/install/mm_interfaces/share/mm_interfaces/cmake/ament_cmake_export_targets-extras.cmake
[4.306s] -- Installing: /home/user/Projects/install/mm_interfaces/share/mm_interfaces/cmake/ament_cmake_export_include_directories-extras.cmake
[4.306s] -- Installing: /home/user/Projects/install/mm_interfaces/share/mm_interfaces/cmake/rosidl_cmake_export_typesupport_libraries-extras.cmake
[4.307s] -- Installing: /home/user/Projects/install/mm_interfaces/share/mm_interfaces/cmake/rosidl_cmake_export_typesupport_targets-extras.cmake
[4.307s] -- Installing: /home/user/Projects/install/mm_interfaces/share/mm_interfaces/cmake/mm_interfacesConfig.cmake
[4.307s] -- Installing: /home/user/Projects/install/mm_interfaces/share/mm_interfaces/cmake/mm_interfacesConfig-version.cmake
[4.307s] -- Up-to-date: /home/user/Projects/install/mm_interfaces/share/mm_interfaces/package.xml
[4.311s] Invoked command in '/home/user/Projects/build/mm_interfaces' returned '0': CMAKE_PREFIX_PATH=${CMAKE_PREFIX_PATH}:/home/user/Projects/dev_ws/install/pilot:/home/user/Projects/install/pilot:/opt/ros/foxy /usr/bin/cmake --install /home/user/Projects/build/mm_interfaces
