[0.000000] (-) TimerEvent: {}
[0.000406] (object_avoidance) JobQueued: {'identifier': 'object_avoidance', 'dependencies': OrderedDict()}
[0.001300] (object_avoidance) JobStarted: {'identifier': 'object_avoidance'}
[0.100104] (-) TimerEvent: {}
[0.200442] (-) TimerEvent: {}
[0.300681] (-) TimerEvent: {}
[0.400918] (-) TimerEvent: {}
[0.501147] (-) TimerEvent: {}
[0.601374] (-) TimerEvent: {}
[0.701647] (-) TimerEvent: {}
[0.801966] (-) TimerEvent: {}
[0.902197] (-) TimerEvent: {}
[1.002428] (-) TimerEvent: {}
[1.102658] (-) TimerEvent: {}
[1.202887] (-) TimerEvent: {}
[1.303115] (-) TimerEvent: {}
[1.403338] (-) TimerEvent: {}
[1.503558] (-) TimerEvent: {}
[1.550662] (object_avoidance) Command: {'cmd': ['/usr/bin/python3', 'setup.py', 'egg_info', '--egg-base', '../../build/object_avoidance', 'build', '--build-base', '/home/user/Projects/ros2_ws/build/object_avoidance/build', 'install', '--prefix', '/home/user/Projects/ros2_ws/install/object_avoidance', '--record', '/home/user/Projects/ros2_ws/build/object_avoidance/install.log', '--single-version-externally-managed'], 'cwd': '/home/user/Projects/ros2_ws/src/object_avoidance', 'env': {'HOSTNAME': 'GS65-Ubuntu', 'SHLVL': '1', 'LD_LIBRARY_PATH': '/opt/ros/foxy/opt/yaml_cpp_vendor/lib:/opt/ros/foxy/opt/rviz_ogre_vendor/lib:/opt/ros/foxy/lib/x86_64-linux-gnu:/opt/ros/foxy/lib', 'HOME': '/home/user', 'OLDPWD': '/home/user', 'PYTHONUNBUFFERED': '1', 'ROS_PYTHON_VERSION': '3', '_colcon_cd_root': '/home/user/Projects/dev_ws', 'COLCON_PREFIX_PATH': '/home/user/Projects/ros2_ws/install', 'ROS_DISTRO': 'foxy', 'PROXIMITY': '1', '_': '/usr/bin/colcon', 'ROS_VERSION': '2', 'NVIDIA_DRIVER_CAPABILITIES': 'graphics', 'TERM': 'xterm', 'ROS_LOCALHOST_ONLY': '0', 'QT_X11_NO_MITSHM': '1', 'PATH': '/home/user/.local/bin:/opt/ros/foxy/bin:/home/user/bin:/usr/local/sbin:/usr/local/bin:/usr/sbin:/usr/bin:/sbin:/bin', 'DISPLAY': ':1', 'LANG': 'C.UTF-8', 'LS_COLORS': ':di=1;33:ln=36', 'AMENT_PREFIX_PATH': '/home/user/Projects/ros2_ws/install/object_avoidance:/opt/ros/foxy', 'DEFAULT_THROTTLE': '30', 'AVOIDANCE_DISTANCE': '5', 'PWD': '/home/user/Projects/ros2_ws/build/object_avoidance', 'END_NODE_ID': '140', 'LC_ALL': 'C.UTF-8', 'PYTHONPATH': '/home/user/Projects/ros2_ws/install/object_avoidance/lib/python3.8/site-packages:/home/user/Projects/ros2_ws/install/object_avoidance/lib/python3.8/site-packages:/opt/ros/foxy/lib/python3.8/site-packages', 'NVIDIA_VISIBLE_DEVICES': 'all', 'COLCON': '1', 'AVOIDANCE_ANGLE': '20'}, 'shell': False}
[1.603722] (-) TimerEvent: {}
[1.703978] (-) TimerEvent: {}
[1.804198] (-) TimerEvent: {}
[1.904427] (-) TimerEvent: {}
[2.004624] (-) TimerEvent: {}
[2.104814] (-) TimerEvent: {}
[2.205008] (-) TimerEvent: {}
[2.305202] (-) TimerEvent: {}
[2.305569] (object_avoidance) StdoutLine: {'line': b'running egg_info\n'}
[2.361317] (object_avoidance) StdoutLine: {'line': b'writing ../../build/object_avoidance/object_avoidance.egg-info/PKG-INFO\n'}
[2.405308] (-) TimerEvent: {}
[2.407000] (object_avoidance) StdoutLine: {'line': b'writing dependency_links to ../../build/object_avoidance/object_avoidance.egg-info/dependency_links.txt\n'}
[2.505420] (-) TimerEvent: {}
[2.544124] (object_avoidance) StdoutLine: {'line': b'writing entry points to ../../build/object_avoidance/object_avoidance.egg-info/entry_points.txt\n'}
[2.605531] (-) TimerEvent: {}
[2.635456] (object_avoidance) StdoutLine: {'line': b'writing requirements to ../../build/object_avoidance/object_avoidance.egg-info/requires.txt\n'}
[2.681344] (object_avoidance) StdoutLine: {'line': b'writing top-level names to ../../build/object_avoidance/object_avoidance.egg-info/top_level.txt\n'}
[2.705640] (-) TimerEvent: {}
[2.749304] (object_avoidance) StdoutLine: {'line': b"reading manifest file '../../build/object_avoidance/object_avoidance.egg-info/SOURCES.txt'\n"}
[2.749984] (object_avoidance) StdoutLine: {'line': b"writing manifest file '../../build/object_avoidance/object_avoidance.egg-info/SOURCES.txt'\n"}
[2.750150] (object_avoidance) StdoutLine: {'line': b'running build\n'}
[2.750219] (object_avoidance) StdoutLine: {'line': b'running build_py\n'}
[2.750337] (object_avoidance) StdoutLine: {'line': b'copying object_avoidance/object_detection.py -> /home/user/Projects/ros2_ws/build/object_avoidance/build/lib/object_avoidance\n'}
[2.750474] (object_avoidance) StdoutLine: {'line': b'running install\n'}
[2.750666] (object_avoidance) StderrLine: {'line': b'/usr/local/lib/python3.8/dist-packages/setuptools/command/install.py:34: SetuptoolsDeprecationWarning: setup.py install is deprecated. Use build and pip and other standards-based tools.\n'}
[2.750768] (object_avoidance) StderrLine: {'line': b'  warnings.warn(\n'}
[2.754943] (object_avoidance) StdoutLine: {'line': b'running install_lib\n'}
[2.805748] (-) TimerEvent: {}
[2.810508] (object_avoidance) StdoutLine: {'line': b'copying /home/user/Projects/ros2_ws/build/object_avoidance/build/lib/object_avoidance/object_detection.py -> /home/user/Projects/ros2_ws/install/object_avoidance/lib/python3.8/site-packages/object_avoidance\n'}
[2.810968] (object_avoidance) StdoutLine: {'line': b'byte-compiling /home/user/Projects/ros2_ws/install/object_avoidance/lib/python3.8/site-packages/object_avoidance/object_detection.py to object_detection.cpython-38.pyc\n'}
[2.811864] (object_avoidance) StdoutLine: {'line': b'running install_data\n'}
[2.821677] (object_avoidance) StdoutLine: {'line': b'running install_egg_info\n'}
[2.885221] (object_avoidance) StdoutLine: {'line': b"removing '/home/user/Projects/ros2_ws/install/object_avoidance/lib/python3.8/site-packages/object_avoidance-0.0.4-py3.8.egg-info' (and everything under it)\n"}
[2.885431] (object_avoidance) StdoutLine: {'line': b'Copying ../../build/object_avoidance/object_avoidance.egg-info to /home/user/Projects/ros2_ws/install/object_avoidance/lib/python3.8/site-packages/object_avoidance-0.0.4-py3.8.egg-info\n'}
[2.886112] (object_avoidance) StdoutLine: {'line': b'running install_scripts\n'}
[2.905853] (-) TimerEvent: {}
[2.982956] (object_avoidance) StdoutLine: {'line': b'Installing object_detection script to /home/user/Projects/ros2_ws/install/object_avoidance/lib/object_avoidance\n'}
[2.983236] (object_avoidance) StdoutLine: {'line': b"writing list of installed files to '/home/user/Projects/ros2_ws/build/object_avoidance/install.log'\n"}
[3.005980] (-) TimerEvent: {}
[3.012899] (object_avoidance) CommandEnded: {'returncode': 0}
[3.022721] (object_avoidance) JobEnded: {'identifier': 'object_avoidance', 'rc': 0}
[3.023492] (-) EventReactorShutdown: {}
