[0.000000] (-) TimerEvent: {}
[0.000102] (object_avoidance) JobQueued: {'identifier': 'object_avoidance', 'dependencies': OrderedDict()}
[0.000409] (object_avoidance) JobStarted: {'identifier': 'object_avoidance'}
[0.099769] (-) TimerEvent: {}
[0.200130] (-) TimerEvent: {}
[0.300390] (-) TimerEvent: {}
[0.400638] (-) TimerEvent: {}
[0.500867] (-) TimerEvent: {}
[0.601100] (-) TimerEvent: {}
[0.701369] (-) TimerEvent: {}
[0.801671] (-) TimerEvent: {}
[0.901941] (-) TimerEvent: {}
[1.002176] (-) TimerEvent: {}
[1.102409] (-) TimerEvent: {}
[1.202638] (-) TimerEvent: {}
[1.302836] (-) TimerEvent: {}
[1.403218] (-) TimerEvent: {}
[1.503436] (-) TimerEvent: {}
[1.564944] (object_avoidance) Command: {'cmd': ['/usr/bin/python3', 'setup.py', 'egg_info', '--egg-base', '../../build/object_avoidance', 'build', '--build-base', '/home/user/Projects/ros2_ws/build/object_avoidance/build', 'install', '--prefix', '/home/user/Projects/ros2_ws/install/object_avoidance', '--record', '/home/user/Projects/ros2_ws/build/object_avoidance/install.log', '--single-version-externally-managed'], 'cwd': '/home/user/Projects/ros2_ws/src/object_avoidance', 'env': {'HOSTNAME': 'GS65-Ubuntu', 'SHLVL': '1', 'LD_LIBRARY_PATH': '/opt/ros/foxy/opt/yaml_cpp_vendor/lib:/opt/ros/foxy/opt/rviz_ogre_vendor/lib:/opt/ros/foxy/lib/x86_64-linux-gnu:/opt/ros/foxy/lib', 'HOME': '/home/user', 'OLDPWD': '/home/user', 'PYTHONUNBUFFERED': '1', 'ROS_PYTHON_VERSION': '3', '_colcon_cd_root': '/home/user/Projects/dev_ws', 'COLCON_PREFIX_PATH': '/home/user/Projects/ros2_ws/install', 'ROS_DISTRO': 'foxy', 'PROXIMITY': '1', '_': '/usr/bin/colcon', 'ROS_VERSION': '2', 'NVIDIA_DRIVER_CAPABILITIES': 'graphics', 'TERM': 'xterm', 'ROS_LOCALHOST_ONLY': '0', 'QT_X11_NO_MITSHM': '1', 'PATH': '/home/user/.local/bin:/opt/ros/foxy/bin:/home/user/bin:/usr/local/sbin:/usr/local/bin:/usr/sbin:/usr/bin:/sbin:/bin', 'DISPLAY': ':1', 'LANG': 'C.UTF-8', 'LS_COLORS': ':di=1;33:ln=36', 'AMENT_PREFIX_PATH': '/home/user/Projects/ros2_ws/install/object_avoidance:/opt/ros/foxy', 'DEFAULT_THROTTLE': '30', 'AVOIDANCE_DISTANCE': '5', 'PWD': '/home/user/Projects/ros2_ws/build/object_avoidance', 'END_NODE_ID': '140', 'LC_ALL': 'C.UTF-8', 'PYTHONPATH': '/home/user/Projects/ros2_ws/install/object_avoidance/lib/python3.8/site-packages:/home/user/Projects/ros2_ws/install/object_avoidance/lib/python3.8/site-packages:/opt/ros/foxy/lib/python3.8/site-packages', 'NVIDIA_VISIBLE_DEVICES': 'all', 'COLCON': '1', 'AVOIDANCE_ANGLE': '20'}, 'shell': False}
[1.603586] (-) TimerEvent: {}
[1.703881] (-) TimerEvent: {}
[1.804114] (-) TimerEvent: {}
[1.904348] (-) TimerEvent: {}
[2.004577] (-) TimerEvent: {}
[2.104835] (-) TimerEvent: {}
[2.205065] (-) TimerEvent: {}
[2.305295] (-) TimerEvent: {}
[2.321597] (object_avoidance) StdoutLine: {'line': b'running egg_info\n'}
[2.378170] (object_avoidance) StdoutLine: {'line': b'writing ../../build/object_avoidance/object_avoidance.egg-info/PKG-INFO\n'}
[2.405403] (-) TimerEvent: {}
[2.424394] (object_avoidance) StdoutLine: {'line': b'writing dependency_links to ../../build/object_avoidance/object_avoidance.egg-info/dependency_links.txt\n'}
[2.505518] (-) TimerEvent: {}
[2.563559] (object_avoidance) StdoutLine: {'line': b'writing entry points to ../../build/object_avoidance/object_avoidance.egg-info/entry_points.txt\n'}
[2.605630] (-) TimerEvent: {}
[2.656314] (object_avoidance) StdoutLine: {'line': b'writing requirements to ../../build/object_avoidance/object_avoidance.egg-info/requires.txt\n'}
[2.702576] (object_avoidance) StdoutLine: {'line': b'writing top-level names to ../../build/object_avoidance/object_avoidance.egg-info/top_level.txt\n'}
[2.705733] (-) TimerEvent: {}
[2.771048] (object_avoidance) StdoutLine: {'line': b"reading manifest file '../../build/object_avoidance/object_avoidance.egg-info/SOURCES.txt'\n"}
[2.771771] (object_avoidance) StdoutLine: {'line': b"writing manifest file '../../build/object_avoidance/object_avoidance.egg-info/SOURCES.txt'\n"}
[2.771958] (object_avoidance) StdoutLine: {'line': b'running build\n'}
[2.772041] (object_avoidance) StdoutLine: {'line': b'running build_py\n'}
[2.772107] (object_avoidance) StdoutLine: {'line': b'copying object_avoidance/object_detection.py -> /home/user/Projects/ros2_ws/build/object_avoidance/build/lib/object_avoidance\n'}
[2.772215] (object_avoidance) StdoutLine: {'line': b'running install\n'}
[2.772428] (object_avoidance) StderrLine: {'line': b'/usr/local/lib/python3.8/dist-packages/setuptools/command/install.py:34: SetuptoolsDeprecationWarning: setup.py install is deprecated. Use build and pip and other standards-based tools.\n'}
[2.772531] (object_avoidance) StderrLine: {'line': b'  warnings.warn(\n'}
[2.776736] (object_avoidance) StdoutLine: {'line': b'running install_lib\n'}
[2.805840] (-) TimerEvent: {}
[2.832795] (object_avoidance) StdoutLine: {'line': b'copying /home/user/Projects/ros2_ws/build/object_avoidance/build/lib/object_avoidance/object_detection.py -> /home/user/Projects/ros2_ws/install/object_avoidance/lib/python3.8/site-packages/object_avoidance\n'}
[2.833246] (object_avoidance) StdoutLine: {'line': b'byte-compiling /home/user/Projects/ros2_ws/install/object_avoidance/lib/python3.8/site-packages/object_avoidance/object_detection.py to object_detection.cpython-38.pyc\n'}
[2.834012] (object_avoidance) StdoutLine: {'line': b'running install_data\n'}
[2.844015] (object_avoidance) StdoutLine: {'line': b'running install_egg_info\n'}
[2.905956] (-) TimerEvent: {}
[2.908655] (object_avoidance) StdoutLine: {'line': b"removing '/home/user/Projects/ros2_ws/install/object_avoidance/lib/python3.8/site-packages/object_avoidance-0.0.4-py3.8.egg-info' (and everything under it)\n"}
[2.908860] (object_avoidance) StdoutLine: {'line': b'Copying ../../build/object_avoidance/object_avoidance.egg-info to /home/user/Projects/ros2_ws/install/object_avoidance/lib/python3.8/site-packages/object_avoidance-0.0.4-py3.8.egg-info\n'}
[2.909577] (object_avoidance) StdoutLine: {'line': b'running install_scripts\n'}
[3.006069] (-) TimerEvent: {}
[3.008034] (object_avoidance) StdoutLine: {'line': b'Installing object_detection script to /home/user/Projects/ros2_ws/install/object_avoidance/lib/object_avoidance\n'}
[3.008343] (object_avoidance) StdoutLine: {'line': b"writing list of installed files to '/home/user/Projects/ros2_ws/build/object_avoidance/install.log'\n"}
[3.038881] (object_avoidance) CommandEnded: {'returncode': 0}
[3.049671] (object_avoidance) JobEnded: {'identifier': 'object_avoidance', 'rc': 0}
[3.050539] (-) EventReactorShutdown: {}
