[0.000000] (-) TimerEvent: {}
[0.000748] (object_avoidance) JobQueued: {'identifier': 'object_avoidance', 'dependencies': OrderedDict()}
[0.001082] (object_avoidance) JobStarted: {'identifier': 'object_avoidance'}
[0.100122] (-) TimerEvent: {}
[0.200446] (-) TimerEvent: {}
[0.300720] (-) TimerEvent: {}
[0.400956] (-) TimerEvent: {}
[0.501186] (-) TimerEvent: {}
[0.601415] (-) TimerEvent: {}
[0.701696] (-) TimerEvent: {}
[0.802005] (-) TimerEvent: {}
[0.902238] (-) TimerEvent: {}
[1.002464] (-) TimerEvent: {}
[1.102695] (-) TimerEvent: {}
[1.202918] (-) TimerEvent: {}
[1.303144] (-) TimerEvent: {}
[1.403363] (-) TimerEvent: {}
[1.503600] (-) TimerEvent: {}
[1.530476] (object_avoidance) Command: {'cmd': ['/usr/bin/python3', 'setup.py', 'egg_info', '--egg-base', '../../build/object_avoidance', 'build', '--build-base', '/home/user/Projects/ros2_ws/build/object_avoidance/build', 'install', '--prefix', '/home/user/Projects/ros2_ws/install/object_avoidance', '--record', '/home/user/Projects/ros2_ws/build/object_avoidance/install.log', '--single-version-externally-managed'], 'cwd': '/home/user/Projects/ros2_ws/src/object_avoidance', 'env': {'HOSTNAME': 'GS65-Ubuntu', 'SHLVL': '1', 'LD_LIBRARY_PATH': '/opt/ros/foxy/opt/yaml_cpp_vendor/lib:/opt/ros/foxy/opt/rviz_ogre_vendor/lib:/opt/ros/foxy/lib/x86_64-linux-gnu:/opt/ros/foxy/lib', 'HOME': '/home/user', 'OLDPWD': '/home/user', 'PYTHONUNBUFFERED': '1', 'ROS_PYTHON_VERSION': '3', '_colcon_cd_root': '/home/user/Projects/dev_ws', 'COLCON_PREFIX_PATH': '/home/user/Projects/ros2_ws/install', 'ROS_DISTRO': 'foxy', 'PROXIMITY': '1', '_': '/usr/bin/colcon', 'ROS_VERSION': '2', 'NVIDIA_DRIVER_CAPABILITIES': 'graphics', 'TERM': 'xterm', 'ROS_LOCALHOST_ONLY': '0', 'QT_X11_NO_MITSHM': '1', 'PATH': '/home/user/.local/bin:/opt/ros/foxy/bin:/home/user/bin:/usr/local/sbin:/usr/local/bin:/usr/sbin:/usr/bin:/sbin:/bin', 'DISPLAY': ':1', 'LANG': 'C.UTF-8', 'LS_COLORS': ':di=1;33:ln=36', 'AMENT_PREFIX_PATH': '/home/user/Projects/ros2_ws/install/object_avoidance:/opt/ros/foxy', 'DEFAULT_THROTTLE': '30', 'AVOIDANCE_DISTANCE': '5', 'PWD': '/home/user/Projects/ros2_ws/build/object_avoidance', 'END_NODE_ID': '140', 'LC_ALL': 'C.UTF-8', 'PYTHONPATH': '/home/user/Projects/ros2_ws/install/object_avoidance/lib/python3.8/site-packages:/home/user/Projects/ros2_ws/install/object_avoidance/lib/python3.8/site-packages:/opt/ros/foxy/lib/python3.8/site-packages', 'NVIDIA_VISIBLE_DEVICES': 'all', 'COLCON': '1', 'AVOIDANCE_ANGLE': '20'}, 'shell': False}
[1.603729] (-) TimerEvent: {}
[1.704001] (-) TimerEvent: {}
[1.804317] (-) TimerEvent: {}
[1.904553] (-) TimerEvent: {}
[2.004814] (-) TimerEvent: {}
[2.105006] (-) TimerEvent: {}
[2.205257] (-) TimerEvent: {}
[2.286985] (object_avoidance) StdoutLine: {'line': b'running egg_info\n'}
[2.305328] (-) TimerEvent: {}
[2.343725] (object_avoidance) StdoutLine: {'line': b'writing ../../build/object_avoidance/object_avoidance.egg-info/PKG-INFO\n'}
[2.390583] (object_avoidance) StdoutLine: {'line': b'writing dependency_links to ../../build/object_avoidance/object_avoidance.egg-info/dependency_links.txt\n'}
[2.405415] (-) TimerEvent: {}
[2.505584] (-) TimerEvent: {}
[2.531287] (object_avoidance) StdoutLine: {'line': b'writing entry points to ../../build/object_avoidance/object_avoidance.egg-info/entry_points.txt\n'}
[2.605663] (-) TimerEvent: {}
[2.625271] (object_avoidance) StdoutLine: {'line': b'writing requirements to ../../build/object_avoidance/object_avoidance.egg-info/requires.txt\n'}
[2.672386] (object_avoidance) StdoutLine: {'line': b'writing top-level names to ../../build/object_avoidance/object_avoidance.egg-info/top_level.txt\n'}
[2.705762] (-) TimerEvent: {}
[2.740959] (object_avoidance) StdoutLine: {'line': b"reading manifest file '../../build/object_avoidance/object_avoidance.egg-info/SOURCES.txt'\n"}
[2.741659] (object_avoidance) StdoutLine: {'line': b"writing manifest file '../../build/object_avoidance/object_avoidance.egg-info/SOURCES.txt'\n"}
[2.741827] (object_avoidance) StdoutLine: {'line': b'running build\n'}
[2.741910] (object_avoidance) StdoutLine: {'line': b'running build_py\n'}
[2.741975] (object_avoidance) StdoutLine: {'line': b'copying object_avoidance/object_detection.py -> /home/user/Projects/ros2_ws/build/object_avoidance/build/lib/object_avoidance\n'}
[2.742137] (object_avoidance) StdoutLine: {'line': b'running install\n'}
[2.742298] (object_avoidance) StderrLine: {'line': b'/usr/local/lib/python3.8/dist-packages/setuptools/command/install.py:34: SetuptoolsDeprecationWarning: setup.py install is deprecated. Use build and pip and other standards-based tools.\n'}
[2.742388] (object_avoidance) StderrLine: {'line': b'  warnings.warn(\n'}
[2.746556] (object_avoidance) StdoutLine: {'line': b'running install_lib\n'}
[2.802576] (object_avoidance) StdoutLine: {'line': b'copying /home/user/Projects/ros2_ws/build/object_avoidance/build/lib/object_avoidance/object_detection.py -> /home/user/Projects/ros2_ws/install/object_avoidance/lib/python3.8/site-packages/object_avoidance\n'}
[2.803022] (object_avoidance) StdoutLine: {'line': b'byte-compiling /home/user/Projects/ros2_ws/install/object_avoidance/lib/python3.8/site-packages/object_avoidance/object_detection.py to object_detection.cpython-38.pyc\n'}
[2.803782] (object_avoidance) StdoutLine: {'line': b'running install_data\n'}
[2.805828] (-) TimerEvent: {}
[2.813622] (object_avoidance) StdoutLine: {'line': b'running install_egg_info\n'}
[2.878045] (object_avoidance) StdoutLine: {'line': b"removing '/home/user/Projects/ros2_ws/install/object_avoidance/lib/python3.8/site-packages/object_avoidance-0.0.4-py3.8.egg-info' (and everything under it)\n"}
[2.878260] (object_avoidance) StdoutLine: {'line': b'Copying ../../build/object_avoidance/object_avoidance.egg-info to /home/user/Projects/ros2_ws/install/object_avoidance/lib/python3.8/site-packages/object_avoidance-0.0.4-py3.8.egg-info\n'}
[2.878930] (object_avoidance) StdoutLine: {'line': b'running install_scripts\n'}
[2.905904] (-) TimerEvent: {}
[2.977089] (object_avoidance) StdoutLine: {'line': b'Installing object_detection script to /home/user/Projects/ros2_ws/install/object_avoidance/lib/object_avoidance\n'}
[2.977363] (object_avoidance) StdoutLine: {'line': b"writing list of installed files to '/home/user/Projects/ros2_ws/build/object_avoidance/install.log'\n"}
[3.005954] (object_avoidance) CommandEnded: {'returncode': 0}
[3.006215] (-) TimerEvent: {}
[3.015946] (object_avoidance) JobEnded: {'identifier': 'object_avoidance', 'rc': 0}
[3.016682] (-) EventReactorShutdown: {}
