[0.000000] (-) TimerEvent: {}
[0.000094] (object_avoidance) JobQueued: {'identifier': 'object_avoidance', 'dependencies': OrderedDict()}
[0.000124] (object_avoidance) JobStarted: {'identifier': 'object_avoidance'}
[0.099199] (-) TimerEvent: {}
[0.199519] (-) TimerEvent: {}
[0.299756] (-) TimerEvent: {}
[0.399992] (-) TimerEvent: {}
[0.500224] (-) TimerEvent: {}
[0.600457] (-) TimerEvent: {}
[0.700725] (-) TimerEvent: {}
[0.801031] (-) TimerEvent: {}
[0.901267] (-) TimerEvent: {}
[1.001465] (-) TimerEvent: {}
[1.101696] (-) TimerEvent: {}
[1.201923] (-) TimerEvent: {}
[1.302142] (-) TimerEvent: {}
[1.402372] (-) TimerEvent: {}
[1.502591] (-) TimerEvent: {}
[1.547584] (object_avoidance) Command: {'cmd': ['/usr/bin/python3', 'setup.py', 'egg_info', '--egg-base', '../../build/object_avoidance', 'build', '--build-base', '/home/user/Projects/ros2_ws/build/object_avoidance/build', 'install', '--prefix', '/home/user/Projects/ros2_ws/install/object_avoidance', '--record', '/home/user/Projects/ros2_ws/build/object_avoidance/install.log', '--single-version-externally-managed'], 'cwd': '/home/user/Projects/ros2_ws/src/object_avoidance', 'env': {'HOSTNAME': 'GS65-Ubuntu', 'SHLVL': '1', 'LD_LIBRARY_PATH': '/opt/ros/foxy/opt/yaml_cpp_vendor/lib:/opt/ros/foxy/opt/rviz_ogre_vendor/lib:/opt/ros/foxy/lib/x86_64-linux-gnu:/opt/ros/foxy/lib', 'HOME': '/home/user', 'OLDPWD': '/home/user', 'PYTHONUNBUFFERED': '1', 'ROS_PYTHON_VERSION': '3', '_colcon_cd_root': '/home/user/Projects/dev_ws', 'COLCON_PREFIX_PATH': '/home/user/Projects/ros2_ws/install', 'ROS_DISTRO': 'foxy', 'PROXIMITY': '1', '_': '/usr/bin/colcon', 'ROS_VERSION': '2', 'NVIDIA_DRIVER_CAPABILITIES': 'graphics', 'TERM': 'xterm', 'ROS_LOCALHOST_ONLY': '0', 'QT_X11_NO_MITSHM': '1', 'PATH': '/home/user/.local/bin:/opt/ros/foxy/bin:/home/user/bin:/usr/local/sbin:/usr/local/bin:/usr/sbin:/usr/bin:/sbin:/bin', 'DISPLAY': ':1', 'LANG': 'C.UTF-8', 'LS_COLORS': ':di=1;33:ln=36', 'AMENT_PREFIX_PATH': '/home/user/Projects/ros2_ws/install/object_avoidance:/opt/ros/foxy', 'DEFAULT_THROTTLE': '30', 'AVOIDANCE_DISTANCE': '5', 'PWD': '/home/user/Projects/ros2_ws/build/object_avoidance', 'END_NODE_ID': '140', 'LC_ALL': 'C.UTF-8', 'PYTHONPATH': '/home/user/Projects/ros2_ws/install/object_avoidance/lib/python3.8/site-packages:/home/user/Projects/ros2_ws/install/object_avoidance/lib/python3.8/site-packages:/opt/ros/foxy/lib/python3.8/site-packages', 'NVIDIA_VISIBLE_DEVICES': 'all', 'COLCON': '1', 'AVOIDANCE_ANGLE': '20'}, 'shell': False}
[1.602745] (-) TimerEvent: {}
[1.703042] (-) TimerEvent: {}
[1.803277] (-) TimerEvent: {}
[1.903506] (-) TimerEvent: {}
[2.003766] (-) TimerEvent: {}
[2.103996] (-) TimerEvent: {}
[2.204191] (-) TimerEvent: {}
[2.303368] (object_avoidance) StdoutLine: {'line': b'running egg_info\n'}
[2.304288] (-) TimerEvent: {}
[2.359727] (object_avoidance) StdoutLine: {'line': b'writing ../../build/object_avoidance/object_avoidance.egg-info/PKG-INFO\n'}
[2.404398] (-) TimerEvent: {}
[2.406196] (object_avoidance) StdoutLine: {'line': b'writing dependency_links to ../../build/object_avoidance/object_avoidance.egg-info/dependency_links.txt\n'}
[2.504510] (-) TimerEvent: {}
[2.545184] (object_avoidance) StdoutLine: {'line': b'writing entry points to ../../build/object_avoidance/object_avoidance.egg-info/entry_points.txt\n'}
[2.604626] (-) TimerEvent: {}
[2.637743] (object_avoidance) StdoutLine: {'line': b'writing requirements to ../../build/object_avoidance/object_avoidance.egg-info/requires.txt\n'}
[2.684679] (object_avoidance) StdoutLine: {'line': b'writing top-level names to ../../build/object_avoidance/object_avoidance.egg-info/top_level.txt\n'}
[2.704708] (-) TimerEvent: {}
[2.752820] (object_avoidance) StdoutLine: {'line': b"reading manifest file '../../build/object_avoidance/object_avoidance.egg-info/SOURCES.txt'\n"}
[2.753552] (object_avoidance) StdoutLine: {'line': b"writing manifest file '../../build/object_avoidance/object_avoidance.egg-info/SOURCES.txt'\n"}
[2.753730] (object_avoidance) StdoutLine: {'line': b'running build\n'}
[2.753811] (object_avoidance) StdoutLine: {'line': b'running build_py\n'}
[2.753924] (object_avoidance) StdoutLine: {'line': b'copying object_avoidance/object_detection.py -> /home/user/Projects/ros2_ws/build/object_avoidance/build/lib/object_avoidance\n'}
[2.754071] (object_avoidance) StdoutLine: {'line': b'running install\n'}
[2.754269] (object_avoidance) StderrLine: {'line': b'/usr/local/lib/python3.8/dist-packages/setuptools/command/install.py:34: SetuptoolsDeprecationWarning: setup.py install is deprecated. Use build and pip and other standards-based tools.\n'}
[2.754370] (object_avoidance) StderrLine: {'line': b'  warnings.warn(\n'}
[2.758438] (object_avoidance) StdoutLine: {'line': b'running install_lib\n'}
[2.804810] (-) TimerEvent: {}
[2.814248] (object_avoidance) StdoutLine: {'line': b'copying /home/user/Projects/ros2_ws/build/object_avoidance/build/lib/object_avoidance/object_detection.py -> /home/user/Projects/ros2_ws/install/object_avoidance/lib/python3.8/site-packages/object_avoidance\n'}
[2.814696] (object_avoidance) StdoutLine: {'line': b'byte-compiling /home/user/Projects/ros2_ws/install/object_avoidance/lib/python3.8/site-packages/object_avoidance/object_detection.py to object_detection.cpython-38.pyc\n'}
[2.815462] (object_avoidance) StdoutLine: {'line': b'running install_data\n'}
[2.825120] (object_avoidance) StdoutLine: {'line': b'running install_egg_info\n'}
[2.889633] (object_avoidance) StdoutLine: {'line': b"removing '/home/user/Projects/ros2_ws/install/object_avoidance/lib/python3.8/site-packages/object_avoidance-0.0.4-py3.8.egg-info' (and everything under it)\n"}
[2.889911] (object_avoidance) StdoutLine: {'line': b'Copying ../../build/object_avoidance/object_avoidance.egg-info to /home/user/Projects/ros2_ws/install/object_avoidance/lib/python3.8/site-packages/object_avoidance-0.0.4-py3.8.egg-info\n'}
[2.890610] (object_avoidance) StdoutLine: {'line': b'running install_scripts\n'}
[2.904915] (-) TimerEvent: {}
[2.987652] (object_avoidance) StdoutLine: {'line': b'Installing object_detection script to /home/user/Projects/ros2_ws/install/object_avoidance/lib/object_avoidance\n'}
[2.987931] (object_avoidance) StdoutLine: {'line': b"writing list of installed files to '/home/user/Projects/ros2_ws/build/object_avoidance/install.log'\n"}
[3.005042] (-) TimerEvent: {}
[3.017300] (object_avoidance) CommandEnded: {'returncode': 0}
[3.027921] (object_avoidance) JobEnded: {'identifier': 'object_avoidance', 'rc': 0}
[3.028679] (-) EventReactorShutdown: {}
