[0.577s] Invoking command in '/home/user/Projects/ros2_ws/src/object_avoidance': PYTHONPATH=/home/user/Projects/ros2_ws/install/object_avoidance/lib/python3.8/site-packages:${PYTHONPATH} /usr/bin/python3 setup.py egg_info --egg-base ../../build/object_avoidance build --build-base /home/user/Projects/ros2_ws/build/object_avoidance/build install --prefix /home/user/Projects/ros2_ws/install/object_avoidance --record /home/user/Projects/ros2_ws/build/object_avoidance/install.log --single-version-externally-managed
[0.740s] running egg_info
[0.740s] writing ../../build/object_avoidance/object_avoidance.egg-info/PKG-INFO
[0.741s] writing dependency_links to ../../build/object_avoidance/object_avoidance.egg-info/dependency_links.txt
[0.741s] writing entry points to ../../build/object_avoidance/object_avoidance.egg-info/entry_points.txt
[0.741s] writing requirements to ../../build/object_avoidance/object_avoidance.egg-info/requires.txt
[0.741s] writing top-level names to ../../build/object_avoidance/object_avoidance.egg-info/top_level.txt
[0.771s] reading manifest file '../../build/object_avoidance/object_avoidance.egg-info/SOURCES.txt'
[0.772s] writing manifest file '../../build/object_avoidance/object_avoidance.egg-info/SOURCES.txt'
[0.772s] running build
[0.772s] running build_py
[0.773s] copying object_avoidance/object_detection.py -> /home/user/Projects/ros2_ws/build/object_avoidance/build/lib/object_avoidance
[0.773s] copying object_avoidance/obstacle_avoidance.py -> /home/user/Projects/ros2_ws/build/object_avoidance/build/lib/object_avoidance
[0.773s] running install
[0.773s] running install_lib
[0.774s] copying /home/user/Projects/ros2_ws/build/object_avoidance/build/lib/object_avoidance/object_detection.py -> /home/user/Projects/ros2_ws/install/object_avoidance/lib/python3.8/site-packages/object_avoidance
[0.774s] copying /home/user/Projects/ros2_ws/build/object_avoidance/build/lib/object_avoidance/obstacle_avoidance.py -> /home/user/Projects/ros2_ws/install/object_avoidance/lib/python3.8/site-packages/object_avoidance
[0.775s] byte-compiling /home/user/Projects/ros2_ws/install/object_avoidance/lib/python3.8/site-packages/object_avoidance/object_detection.py to object_detection.cpython-38.pyc
[0.776s] Sorry: IndentationError: unindent does not match any outer indentation level (object_detection.py, line 55)
[0.776s] byte-compiling /home/user/Projects/ros2_ws/install/object_avoidance/lib/python3.8/site-packages/object_avoidance/obstacle_avoidance.py to obstacle_avoidance.cpython-38.pyc
[0.777s] running install_data
[0.778s] running install_egg_info
[0.779s] removing '/home/user/Projects/ros2_ws/install/object_avoidance/lib/python3.8/site-packages/object_avoidance-0.0.1-py3.8.egg-info' (and everything under it)
[0.779s] Copying ../../build/object_avoidance/object_avoidance.egg-info to /home/user/Projects/ros2_ws/install/object_avoidance/lib/python3.8/site-packages/object_avoidance-0.0.1-py3.8.egg-info
[0.780s] running install_scripts
[0.794s] Installing object_detection script to /home/user/Projects/ros2_ws/install/object_avoidance/lib/object_avoidance
[0.794s] Installing obstacle_avoidance script to /home/user/Projects/ros2_ws/install/object_avoidance/lib/object_avoidance
[0.794s] Installing obstacle_brake script to /home/user/Projects/ros2_ws/install/object_avoidance/lib/object_avoidance
[0.794s] writing list of installed files to '/home/user/Projects/ros2_ws/build/object_avoidance/install.log'
[0.811s] Invoked command in '/home/user/Projects/ros2_ws/src/object_avoidance' returned '0': PYTHONPATH=/home/user/Projects/ros2_ws/install/object_avoidance/lib/python3.8/site-packages:${PYTHONPATH} /usr/bin/python3 setup.py egg_info --egg-base ../../build/object_avoidance build --build-base /home/user/Projects/ros2_ws/build/object_avoidance/build install --prefix /home/user/Projects/ros2_ws/install/object_avoidance --record /home/user/Projects/ros2_ws/build/object_avoidance/install.log --single-version-externally-managed
