[0.000000] (-) TimerEvent: {}
[0.000295] (object_avoidance) JobQueued: {'identifier': 'object_avoidance', 'dependencies': OrderedDict()}
[0.000846] (object_avoidance) JobStarted: {'identifier': 'object_avoidance'}
[0.100112] (-) TimerEvent: {}
[0.200444] (-) TimerEvent: {}
[0.300682] (-) TimerEvent: {}
[0.400917] (-) TimerEvent: {}
[0.501147] (-) TimerEvent: {}
[0.601374] (-) TimerEvent: {}
[0.701653] (-) TimerEvent: {}
[0.801954] (-) TimerEvent: {}
[0.902183] (-) TimerEvent: {}
[1.002411] (-) TimerEvent: {}
[1.102645] (-) TimerEvent: {}
[1.202875] (-) TimerEvent: {}
[1.303109] (-) TimerEvent: {}
[1.403394] (-) TimerEvent: {}
[1.503610] (-) TimerEvent: {}
[1.548762] (object_avoidance) Command: {'cmd': ['/usr/bin/python3', 'setup.py', 'egg_info', '--egg-base', '../../build/object_avoidance', 'build', '--build-base', '/home/user/Projects/ros2_ws/build/object_avoidance/build', 'install', '--prefix', '/home/user/Projects/ros2_ws/install/object_avoidance', '--record', '/home/user/Projects/ros2_ws/build/object_avoidance/install.log', '--single-version-externally-managed'], 'cwd': '/home/user/Projects/ros2_ws/src/object_avoidance', 'env': {'HOSTNAME': 'GS65-Ubuntu', 'SHLVL': '1', 'LD_LIBRARY_PATH': '/opt/ros/foxy/opt/yaml_cpp_vendor/lib:/opt/ros/foxy/opt/rviz_ogre_vendor/lib:/opt/ros/foxy/lib/x86_64-linux-gnu:/opt/ros/foxy/lib', 'HOME': '/home/user', 'OLDPWD': '/home/user', 'PYTHONUNBUFFERED': '1', 'ROS_PYTHON_VERSION': '3', '_colcon_cd_root': '/home/user/Projects/dev_ws', 'COLCON_PREFIX_PATH': '/home/user/Projects/ros2_ws/install', 'ROS_DISTRO': 'foxy', 'PROXIMITY': '1', '_': '/usr/bin/colcon', 'ROS_VERSION': '2', 'NVIDIA_DRIVER_CAPABILITIES': 'graphics', 'TERM': 'xterm', 'ROS_LOCALHOST_ONLY': '0', 'QT_X11_NO_MITSHM': '1', 'PATH': '/home/user/.local/bin:/opt/ros/foxy/bin:/home/user/bin:/usr/local/sbin:/usr/local/bin:/usr/sbin:/usr/bin:/sbin:/bin', 'DISPLAY': ':1', 'LANG': 'C.UTF-8', 'LS_COLORS': ':di=1;33:ln=36', 'AMENT_PREFIX_PATH': '/home/user/Projects/ros2_ws/install/object_avoidance:/opt/ros/foxy', 'DEFAULT_THROTTLE': '30', 'AVOIDANCE_DISTANCE': '5', 'PWD': '/home/user/Projects/ros2_ws/build/object_avoidance', 'END_NODE_ID': '140', 'LC_ALL': 'C.UTF-8', 'PYTHONPATH': '/home/user/Projects/ros2_ws/install/object_avoidance/lib/python3.8/site-packages:/home/user/Projects/ros2_ws/install/object_avoidance/lib/python3.8/site-packages:/opt/ros/foxy/lib/python3.8/site-packages', 'NVIDIA_VISIBLE_DEVICES': 'all', 'COLCON': '1', 'AVOIDANCE_ANGLE': '20'}, 'shell': False}
[1.603764] (-) TimerEvent: {}
[1.704060] (-) TimerEvent: {}
[1.804288] (-) TimerEvent: {}
[1.904516] (-) TimerEvent: {}
[2.004712] (-) TimerEvent: {}
[2.104959] (-) TimerEvent: {}
[2.205176] (-) TimerEvent: {}
[2.291947] (object_avoidance) StdoutLine: {'line': b'running egg_info\n'}
[2.305282] (-) TimerEvent: {}
[2.347213] (object_avoidance) StdoutLine: {'line': b'writing ../../build/object_avoidance/object_avoidance.egg-info/PKG-INFO\n'}
[2.392228] (object_avoidance) StdoutLine: {'line': b'writing dependency_links to ../../build/object_avoidance/object_avoidance.egg-info/dependency_links.txt\n'}
[2.405383] (-) TimerEvent: {}
[2.505587] (-) TimerEvent: {}
[2.529354] (object_avoidance) StdoutLine: {'line': b'writing entry points to ../../build/object_avoidance/object_avoidance.egg-info/entry_points.txt\n'}
[2.605694] (-) TimerEvent: {}
[2.618947] (object_avoidance) StdoutLine: {'line': b'writing requirements to ../../build/object_avoidance/object_avoidance.egg-info/requires.txt\n'}
[2.663827] (object_avoidance) StdoutLine: {'line': b'writing top-level names to ../../build/object_avoidance/object_avoidance.egg-info/top_level.txt\n'}
[2.705816] (-) TimerEvent: {}
[2.730257] (object_avoidance) StdoutLine: {'line': b"reading manifest file '../../build/object_avoidance/object_avoidance.egg-info/SOURCES.txt'\n"}
[2.730974] (object_avoidance) StdoutLine: {'line': b"writing manifest file '../../build/object_avoidance/object_avoidance.egg-info/SOURCES.txt'\n"}
[2.731145] (object_avoidance) StdoutLine: {'line': b'running build\n'}
[2.731227] (object_avoidance) StdoutLine: {'line': b'running build_py\n'}
[2.731293] (object_avoidance) StdoutLine: {'line': b'copying object_avoidance/object_detection.py -> /home/user/Projects/ros2_ws/build/object_avoidance/build/lib/object_avoidance\n'}
[2.731447] (object_avoidance) StdoutLine: {'line': b'running install\n'}
[2.731628] (object_avoidance) StderrLine: {'line': b'/usr/local/lib/python3.8/dist-packages/setuptools/command/install.py:34: SetuptoolsDeprecationWarning: setup.py install is deprecated. Use build and pip and other standards-based tools.\n'}
[2.731734] (object_avoidance) StderrLine: {'line': b'  warnings.warn(\n'}
[2.735938] (object_avoidance) StdoutLine: {'line': b'running install_lib\n'}
[2.790444] (object_avoidance) StdoutLine: {'line': b'copying /home/user/Projects/ros2_ws/build/object_avoidance/build/lib/object_avoidance/object_detection.py -> /home/user/Projects/ros2_ws/install/object_avoidance/lib/python3.8/site-packages/object_avoidance\n'}
[2.790902] (object_avoidance) StdoutLine: {'line': b'byte-compiling /home/user/Projects/ros2_ws/install/object_avoidance/lib/python3.8/site-packages/object_avoidance/object_detection.py to object_detection.cpython-38.pyc\n'}
[2.791727] (object_avoidance) StdoutLine: {'line': b'running install_data\n'}
[2.801391] (object_avoidance) StdoutLine: {'line': b'running install_egg_info\n'}
[2.805913] (-) TimerEvent: {}
[2.864416] (object_avoidance) StdoutLine: {'line': b"removing '/home/user/Projects/ros2_ws/install/object_avoidance/lib/python3.8/site-packages/object_avoidance-0.0.4-py3.8.egg-info' (and everything under it)\n"}
[2.864618] (object_avoidance) StdoutLine: {'line': b'Copying ../../build/object_avoidance/object_avoidance.egg-info to /home/user/Projects/ros2_ws/install/object_avoidance/lib/python3.8/site-packages/object_avoidance-0.0.4-py3.8.egg-info\n'}
[2.865318] (object_avoidance) StdoutLine: {'line': b'running install_scripts\n'}
[2.906024] (-) TimerEvent: {}
[2.960841] (object_avoidance) StdoutLine: {'line': b'Installing object_detection script to /home/user/Projects/ros2_ws/install/object_avoidance/lib/object_avoidance\n'}
[2.961197] (object_avoidance) StdoutLine: {'line': b"writing list of installed files to '/home/user/Projects/ros2_ws/build/object_avoidance/install.log'\n"}
[2.990624] (object_avoidance) CommandEnded: {'returncode': 0}
[3.000275] (object_avoidance) JobEnded: {'identifier': 'object_avoidance', 'rc': 0}
[3.000994] (-) EventReactorShutdown: {}
