[0.000000] (-) TimerEvent: {}
[0.000574] (object_avoidance) JobQueued: {'identifier': 'object_avoidance', 'dependencies': OrderedDict()}
[0.000611] (realsense2_camera_msgs) JobQueued: {'identifier': 'realsense2_camera_msgs', 'dependencies': OrderedDict()}
[0.000789] (realsense2_camera) JobQueued: {'identifier': 'realsense2_camera', 'dependencies': OrderedDict([('realsense2_camera_msgs', '/home/user/Projects/ros2_ws/install/realsense2_camera_msgs')])}
[0.000904] (realsense2_description) JobQueued: {'identifier': 'realsense2_description', 'dependencies': OrderedDict([('realsense2_camera_msgs', '/home/user/Projects/ros2_ws/install/realsense2_camera_msgs')])}
[0.001067] (realsense2_camera_msgs) JobStarted: {'identifier': 'realsense2_camera_msgs'}
[0.009224] (object_avoidance) JobStarted: {'identifier': 'object_avoidance'}
[0.017348] (realsense2_camera_msgs) JobProgress: {'identifier': 'realsense2_camera_msgs', 'progress': 'cmake'}
[0.018646] (realsense2_camera_msgs) JobProgress: {'identifier': 'realsense2_camera_msgs', 'progress': 'build'}
[0.018822] (realsense2_camera_msgs) Command: {'cmd': ['/usr/bin/cmake', '--build', '/home/user/Projects/ros2_ws/build/realsense2_camera_msgs', '--', '-j12', '-l12'], 'cwd': '/home/user/Projects/ros2_ws/build/realsense2_camera_msgs', 'env': OrderedDict([('HOSTNAME', 'GS65-Ubuntu'), ('SHLVL', '1'), ('LD_LIBRARY_PATH', '/home/user/Projects/ros2_ws/install/realsense2_camera/lib:/home/user/Projects/ros2_ws/install/realsense2_camera_msgs/lib:/opt/ros/foxy/opt/yaml_cpp_vendor/lib:/opt/ros/foxy/opt/rviz_ogre_vendor/lib:/opt/ros/foxy/lib/x86_64-linux-gnu:/opt/ros/foxy/lib'), ('HOME', '/home/user'), ('OLDPWD', '/home/user'), ('PYTHONUNBUFFERED', '1'), ('ROS_PYTHON_VERSION', '3'), ('_colcon_cd_root', '/home/user/Projects/dev_ws'), ('COLCON_PREFIX_PATH', '/home/user/Projects/ros2_ws/install'), ('ROS_DISTRO', 'foxy'), ('PROXIMITY', '1'), ('_', '/usr/bin/colcon'), ('ROS_VERSION', '2'), ('NVIDIA_DRIVER_CAPABILITIES', 'graphics'), ('TERM', 'xterm'), ('ROS_LOCALHOST_ONLY', '0'), ('QT_X11_NO_MITSHM', '1'), ('PATH', '/home/user/.local/bin:/opt/ros/foxy/bin:/home/user/bin:/usr/local/sbin:/usr/local/bin:/usr/sbin:/usr/bin:/sbin:/bin'), ('DISPLAY', ':1'), ('LANG', 'C.UTF-8'), ('LS_COLORS', ':di=1;33:ln=36'), ('AMENT_PREFIX_PATH', '/home/user/Projects/ros2_ws/install/realsense2_description:/home/user/Projects/ros2_ws/install/realsense2_camera:/home/user/Projects/ros2_ws/install/realsense2_camera_msgs:/home/user/Projects/ros2_ws/install/object_avoidance:/opt/ros/foxy'), ('DEFAULT_THROTTLE', '30'), ('AVOIDANCE_DISTANCE', '5'), ('PWD', '/home/user/Projects/ros2_ws/build/realsense2_camera_msgs'), ('END_NODE_ID', '140'), ('LC_ALL', 'C.UTF-8'), ('PYTHONPATH', '/home/user/Projects/ros2_ws/install/realsense2_camera_msgs/lib/python3.8/site-packages:/home/user/Projects/ros2_ws/install/object_avoidance/lib/python3.8/site-packages:/opt/ros/foxy/lib/python3.8/site-packages'), ('NVIDIA_VISIBLE_DEVICES', 'all'), ('COLCON', '1'), ('CMAKE_PREFIX_PATH', '/home/user/Projects/ros2_ws/install/realsense2_description:/home/user/Projects/ros2_ws/install/realsense2_camera:/home/user/Projects/ros2_ws/install/realsense2_camera_msgs:/home/user/Projects/ros2_ws/install/object_avoidance:/opt/ros/foxy'), ('AVOIDANCE_ANGLE', '20')]), 'shell': False}
[0.072745] (realsense2_camera_msgs) StdoutLine: {'line': b'[  1%] Built target realsense2_camera_msgs__cpp\n'}
[0.073505] (realsense2_camera_msgs) StdoutLine: {'line': b'[ 12%] Built target realsense2_camera_msgs__rosidl_generator_c\n'}
[0.095963] (realsense2_camera_msgs) StdoutLine: {'line': b'[ 56%] Built target realsense2_camera_msgs__rosidl_typesupport_cpp\n'}
[0.096174] (realsense2_camera_msgs) StdoutLine: {'line': b'[ 56%] Built target realsense2_camera_msgs__rosidl_typesupport_introspection_cpp\n'}
[0.096306] (realsense2_camera_msgs) StdoutLine: {'line': b'[ 56%] Built target realsense2_camera_msgs__rosidl_typesupport_introspection_c\n'}
[0.096419] (realsense2_camera_msgs) StdoutLine: {'line': b'[ 56%] Built target realsense2_camera_msgs__rosidl_typesupport_c\n'}
[0.099771] (realsense2_camera_msgs) StdoutLine: {'line': b'[ 67%] Built target realsense2_camera_msgs__rosidl_typesupport_fastrtps_cpp\n'}
[0.099937] (-) TimerEvent: {}
[0.126521] (realsense2_camera_msgs) StdoutLine: {'line': b'[ 78%] Built target realsense2_camera_msgs__rosidl_typesupport_fastrtps_c\n'}
[0.145873] (realsense2_camera_msgs) StdoutLine: {'line': b'[ 78%] Built target realsense2_camera_msgs\n'}
[0.165703] (realsense2_camera_msgs) StdoutLine: {'line': b'[ 80%] Built target realsense2_camera_msgs__py\n'}
[0.192451] (realsense2_camera_msgs) StdoutLine: {'line': b'[ 89%] Built target realsense2_camera_msgs__python\n'}
[0.200029] (-) TimerEvent: {}
[0.218541] (realsense2_camera_msgs) StdoutLine: {'line': b'[ 96%] Built target realsense2_camera_msgs__rosidl_typesupport_introspection_c__pyext\n'}
[0.218802] (realsense2_camera_msgs) StdoutLine: {'line': b'[ 96%] Built target realsense2_camera_msgs__rosidl_typesupport_fastrtps_c__pyext\n'}
[0.218967] (realsense2_camera_msgs) StdoutLine: {'line': b'[100%] Built target realsense2_camera_msgs__rosidl_typesupport_c__pyext\n'}
[0.229548] (realsense2_camera_msgs) CommandEnded: {'returncode': 0}
[0.300175] (-) TimerEvent: {}
[0.315921] (realsense2_camera_msgs) JobProgress: {'identifier': 'realsense2_camera_msgs', 'progress': 'install'}
[0.325692] (realsense2_camera_msgs) Command: {'cmd': ['/usr/bin/cmake', '--install', '/home/user/Projects/ros2_ws/build/realsense2_camera_msgs'], 'cwd': '/home/user/Projects/ros2_ws/build/realsense2_camera_msgs', 'env': OrderedDict([('HOSTNAME', 'GS65-Ubuntu'), ('SHLVL', '1'), ('LD_LIBRARY_PATH', '/home/user/Projects/ros2_ws/install/realsense2_camera/lib:/home/user/Projects/ros2_ws/install/realsense2_camera_msgs/lib:/opt/ros/foxy/opt/yaml_cpp_vendor/lib:/opt/ros/foxy/opt/rviz_ogre_vendor/lib:/opt/ros/foxy/lib/x86_64-linux-gnu:/opt/ros/foxy/lib'), ('HOME', '/home/user'), ('OLDPWD', '/home/user'), ('PYTHONUNBUFFERED', '1'), ('ROS_PYTHON_VERSION', '3'), ('_colcon_cd_root', '/home/user/Projects/dev_ws'), ('COLCON_PREFIX_PATH', '/home/user/Projects/ros2_ws/install'), ('ROS_DISTRO', 'foxy'), ('PROXIMITY', '1'), ('_', '/usr/bin/colcon'), ('ROS_VERSION', '2'), ('NVIDIA_DRIVER_CAPABILITIES', 'graphics'), ('TERM', 'xterm'), ('ROS_LOCALHOST_ONLY', '0'), ('QT_X11_NO_MITSHM', '1'), ('PATH', '/home/user/.local/bin:/opt/ros/foxy/bin:/home/user/bin:/usr/local/sbin:/usr/local/bin:/usr/sbin:/usr/bin:/sbin:/bin'), ('DISPLAY', ':1'), ('LANG', 'C.UTF-8'), ('LS_COLORS', ':di=1;33:ln=36'), ('AMENT_PREFIX_PATH', '/home/user/Projects/ros2_ws/install/realsense2_description:/home/user/Projects/ros2_ws/install/realsense2_camera:/home/user/Projects/ros2_ws/install/realsense2_camera_msgs:/home/user/Projects/ros2_ws/install/object_avoidance:/opt/ros/foxy'), ('DEFAULT_THROTTLE', '30'), ('AVOIDANCE_DISTANCE', '5'), ('PWD', '/home/user/Projects/ros2_ws/build/realsense2_camera_msgs'), ('END_NODE_ID', '140'), ('LC_ALL', 'C.UTF-8'), ('PYTHONPATH', '/home/user/Projects/ros2_ws/install/realsense2_camera_msgs/lib/python3.8/site-packages:/home/user/Projects/ros2_ws/install/object_avoidance/lib/python3.8/site-packages:/opt/ros/foxy/lib/python3.8/site-packages'), ('NVIDIA_VISIBLE_DEVICES', 'all'), ('COLCON', '1'), ('CMAKE_PREFIX_PATH', '/home/user/Projects/ros2_ws/install/realsense2_description:/home/user/Projects/ros2_ws/install/realsense2_camera:/home/user/Projects/ros2_ws/install/realsense2_camera_msgs:/home/user/Projects/ros2_ws/install/object_avoidance:/opt/ros/foxy'), ('AVOIDANCE_ANGLE', '20')]), 'shell': False}
[0.335177] (realsense2_camera_msgs) StdoutLine: {'line': b'-- Install configuration: ""\n'}
[0.335573] (realsense2_camera_msgs) StdoutLine: {'line': b'-- Up-to-date: /home/user/Projects/ros2_ws/install/realsense2_camera_msgs/share/ament_index/resource_index/rosidl_interfaces/realsense2_camera_msgs\n'}
[0.335704] (realsense2_camera_msgs) StdoutLine: {'line': b'-- Up-to-date: /home/user/Projects/ros2_ws/install/realsense2_camera_msgs/include/realsense2_camera_msgs\n'}
[0.335796] (realsense2_camera_msgs) StdoutLine: {'line': b'-- Up-to-date: /home/user/Projects/ros2_ws/install/realsense2_camera_msgs/include/realsense2_camera_msgs/srv\n'}
[0.335868] (realsense2_camera_msgs) StdoutLine: {'line': b'-- Up-to-date: /home/user/Projects/ros2_ws/install/realsense2_camera_msgs/include/realsense2_camera_msgs/srv/detail\n'}
[0.335924] (realsense2_camera_msgs) StdoutLine: {'line': b'-- Up-to-date: /home/user/Projects/ros2_ws/install/realsense2_camera_msgs/include/realsense2_camera_msgs/srv/detail/device_info__struct.h\n'}
[0.336000] (realsense2_camera_msgs) StdoutLine: {'line': b'-- Up-to-date: /home/user/Projects/ros2_ws/install/realsense2_camera_msgs/include/realsense2_camera_msgs/srv/detail/device_info__type_support.h\n'}
[0.336055] (realsense2_camera_msgs) StdoutLine: {'line': b'-- Up-to-date: /home/user/Projects/ros2_ws/install/realsense2_camera_msgs/include/realsense2_camera_msgs/srv/detail/device_info__functions.h\n'}
[0.336109] (realsense2_camera_msgs) StdoutLine: {'line': b'-- Up-to-date: /home/user/Projects/ros2_ws/install/realsense2_camera_msgs/include/realsense2_camera_msgs/srv/detail/device_info__functions.c\n'}
[0.336179] (realsense2_camera_msgs) StdoutLine: {'line': b'-- Up-to-date: /home/user/Projects/ros2_ws/install/realsense2_camera_msgs/include/realsense2_camera_msgs/srv/device_info.h\n'}
[0.336234] (realsense2_camera_msgs) StdoutLine: {'line': b'-- Up-to-date: /home/user/Projects/ros2_ws/install/realsense2_camera_msgs/include/realsense2_camera_msgs/msg\n'}
[0.336288] (realsense2_camera_msgs) StdoutLine: {'line': b'-- Up-to-date: /home/user/Projects/ros2_ws/install/realsense2_camera_msgs/include/realsense2_camera_msgs/msg/detail\n'}
[0.336343] (realsense2_camera_msgs) StdoutLine: {'line': b'-- Up-to-date: /home/user/Projects/ros2_ws/install/realsense2_camera_msgs/include/realsense2_camera_msgs/msg/detail/extrinsics__functions.h\n'}
[0.336401] (realsense2_camera_msgs) StdoutLine: {'line': b'-- Up-to-date: /home/user/Projects/ros2_ws/install/realsense2_camera_msgs/include/realsense2_camera_msgs/msg/detail/extrinsics__functions.c\n'}
[0.336458] (realsense2_camera_msgs) StdoutLine: {'line': b'-- Up-to-date: /home/user/Projects/ros2_ws/install/realsense2_camera_msgs/include/realsense2_camera_msgs/msg/detail/imu_info__functions.h\n'}
[0.336539] (realsense2_camera_msgs) StdoutLine: {'line': b'-- Up-to-date: /home/user/Projects/ros2_ws/install/realsense2_camera_msgs/include/realsense2_camera_msgs/msg/detail/imu_info__struct.h\n'}
[0.336596] (realsense2_camera_msgs) StdoutLine: {'line': b'-- Up-to-date: /home/user/Projects/ros2_ws/install/realsense2_camera_msgs/include/realsense2_camera_msgs/msg/detail/metadata__type_support.h\n'}
[0.336658] (realsense2_camera_msgs) StdoutLine: {'line': b'-- Up-to-date: /home/user/Projects/ros2_ws/install/realsense2_camera_msgs/include/realsense2_camera_msgs/msg/detail/metadata__functions.c\n'}
[0.336773] (realsense2_camera_msgs) StdoutLine: {'line': b'-- Up-to-date: /home/user/Projects/ros2_ws/install/realsense2_camera_msgs/include/realsense2_camera_msgs/msg/detail/imu_info__type_support.h\n'}
[0.336843] (realsense2_camera_msgs) StdoutLine: {'line': b'-- Up-to-date: /home/user/Projects/ros2_ws/install/realsense2_camera_msgs/include/realsense2_camera_msgs/msg/detail/metadata__struct.h\n'}
[0.336897] (realsense2_camera_msgs) StdoutLine: {'line': b'-- Up-to-date: /home/user/Projects/ros2_ws/install/realsense2_camera_msgs/include/realsense2_camera_msgs/msg/detail/extrinsics__struct.h\n'}
[0.336951] (realsense2_camera_msgs) StdoutLine: {'line': b'-- Up-to-date: /home/user/Projects/ros2_ws/install/realsense2_camera_msgs/include/realsense2_camera_msgs/msg/detail/metadata__functions.h\n'}
[0.337005] (realsense2_camera_msgs) StdoutLine: {'line': b'-- Up-to-date: /home/user/Projects/ros2_ws/install/realsense2_camera_msgs/include/realsense2_camera_msgs/msg/detail/imu_info__functions.c\n'}
[0.337086] (realsense2_camera_msgs) StdoutLine: {'line': b'-- Up-to-date: /home/user/Projects/ros2_ws/install/realsense2_camera_msgs/include/realsense2_camera_msgs/msg/detail/extrinsics__type_support.h\n'}
[0.337192] (realsense2_camera_msgs) StdoutLine: {'line': b'-- Up-to-date: /home/user/Projects/ros2_ws/install/realsense2_camera_msgs/include/realsense2_camera_msgs/msg/metadata.h\n'}
[0.337296] (realsense2_camera_msgs) StdoutLine: {'line': b'-- Up-to-date: /home/user/Projects/ros2_ws/install/realsense2_camera_msgs/include/realsense2_camera_msgs/msg/extrinsics.h\n'}
[0.337378] (realsense2_camera_msgs) StdoutLine: {'line': b'-- Up-to-date: /home/user/Projects/ros2_ws/install/realsense2_camera_msgs/include/realsense2_camera_msgs/msg/imu_info.h\n'}
[0.337433] (realsense2_camera_msgs) StdoutLine: {'line': b'-- Up-to-date: /home/user/Projects/ros2_ws/install/realsense2_camera_msgs/include/realsense2_camera_msgs/msg/rosidl_generator_c__visibility_control.h\n'}
[0.337487] (realsense2_camera_msgs) StdoutLine: {'line': b'-- Up-to-date: /home/user/Projects/ros2_ws/install/realsense2_camera_msgs/share/realsense2_camera_msgs/environment/library_path.sh\n'}
[0.337556] (realsense2_camera_msgs) StdoutLine: {'line': b'-- Up-to-date: /home/user/Projects/ros2_ws/install/realsense2_camera_msgs/share/realsense2_camera_msgs/environment/library_path.dsv\n'}
[0.337612] (realsense2_camera_msgs) StdoutLine: {'line': b'-- Up-to-date: /home/user/Projects/ros2_ws/install/realsense2_camera_msgs/lib/librealsense2_camera_msgs__rosidl_generator_c.so\n'}
[0.337666] (realsense2_camera_msgs) StdoutLine: {'line': b'-- Up-to-date: /home/user/Projects/ros2_ws/install/realsense2_camera_msgs/include/realsense2_camera_msgs\n'}
[0.337720] (realsense2_camera_msgs) StdoutLine: {'line': b'-- Up-to-date: /home/user/Projects/ros2_ws/install/realsense2_camera_msgs/include/realsense2_camera_msgs/srv\n'}
[0.337789] (realsense2_camera_msgs) StdoutLine: {'line': b'-- Up-to-date: /home/user/Projects/ros2_ws/install/realsense2_camera_msgs/include/realsense2_camera_msgs/srv/detail\n'}
[0.337887] (realsense2_camera_msgs) StdoutLine: {'line': b'-- Up-to-date: /home/user/Projects/ros2_ws/install/realsense2_camera_msgs/include/realsense2_camera_msgs/srv/detail/device_info__rosidl_typesupport_fastrtps_c.h\n'}
[0.337987] (realsense2_camera_msgs) StdoutLine: {'line': b'-- Up-to-date: /home/user/Projects/ros2_ws/install/realsense2_camera_msgs/include/realsense2_camera_msgs/msg\n'}
[0.338098] (realsense2_camera_msgs) StdoutLine: {'line': b'-- Up-to-date: /home/user/Projects/ros2_ws/install/realsense2_camera_msgs/include/realsense2_camera_msgs/msg/detail\n'}
[0.338155] (realsense2_camera_msgs) StdoutLine: {'line': b'-- Up-to-date: /home/user/Projects/ros2_ws/install/realsense2_camera_msgs/include/realsense2_camera_msgs/msg/detail/imu_info__rosidl_typesupport_fastrtps_c.h\n'}
[0.338210] (realsense2_camera_msgs) StdoutLine: {'line': b'-- Up-to-date: /home/user/Projects/ros2_ws/install/realsense2_camera_msgs/include/realsense2_camera_msgs/msg/detail/extrinsics__rosidl_typesupport_fastrtps_c.h\n'}
[0.338264] (realsense2_camera_msgs) StdoutLine: {'line': b'-- Up-to-date: /home/user/Projects/ros2_ws/install/realsense2_camera_msgs/include/realsense2_camera_msgs/msg/detail/metadata__rosidl_typesupport_fastrtps_c.h\n'}
[0.338325] (realsense2_camera_msgs) StdoutLine: {'line': b'-- Up-to-date: /home/user/Projects/ros2_ws/install/realsense2_camera_msgs/include/realsense2_camera_msgs/msg/rosidl_typesupport_fastrtps_c__visibility_control.h\n'}
[0.338405] (realsense2_camera_msgs) StdoutLine: {'line': b'-- Up-to-date: /home/user/Projects/ros2_ws/install/realsense2_camera_msgs/lib/librealsense2_camera_msgs__rosidl_typesupport_fastrtps_c.so\n'}
[0.338458] (realsense2_camera_msgs) StdoutLine: {'line': b'-- Up-to-date: /home/user/Projects/ros2_ws/install/realsense2_camera_msgs/include/realsense2_camera_msgs\n'}
[0.338512] (realsense2_camera_msgs) StdoutLine: {'line': b'-- Up-to-date: /home/user/Projects/ros2_ws/install/realsense2_camera_msgs/include/realsense2_camera_msgs/srv\n'}
[0.338566] (realsense2_camera_msgs) StdoutLine: {'line': b'-- Up-to-date: /home/user/Projects/ros2_ws/install/realsense2_camera_msgs/include/realsense2_camera_msgs/srv/detail\n'}
[0.338619] (realsense2_camera_msgs) StdoutLine: {'line': b'-- Up-to-date: /home/user/Projects/ros2_ws/install/realsense2_camera_msgs/include/realsense2_camera_msgs/srv/detail/dds_fastrtps\n'}
[0.338694] (realsense2_camera_msgs) StdoutLine: {'line': b'-- Up-to-date: /home/user/Projects/ros2_ws/install/realsense2_camera_msgs/include/realsense2_camera_msgs/srv/detail/device_info__rosidl_typesupport_fastrtps_cpp.hpp\n'}
[0.338749] (realsense2_camera_msgs) StdoutLine: {'line': b'-- Up-to-date: /home/user/Projects/ros2_ws/install/realsense2_camera_msgs/include/realsense2_camera_msgs/msg\n'}
[0.338802] (realsense2_camera_msgs) StdoutLine: {'line': b'-- Up-to-date: /home/user/Projects/ros2_ws/install/realsense2_camera_msgs/include/realsense2_camera_msgs/msg/detail\n'}
[0.338875] (realsense2_camera_msgs) StdoutLine: {'line': b'-- Up-to-date: /home/user/Projects/ros2_ws/install/realsense2_camera_msgs/include/realsense2_camera_msgs/msg/detail/imu_info__rosidl_typesupport_fastrtps_cpp.hpp\n'}
[0.338976] (realsense2_camera_msgs) StdoutLine: {'line': b'-- Up-to-date: /home/user/Projects/ros2_ws/install/realsense2_camera_msgs/include/realsense2_camera_msgs/msg/detail/dds_fastrtps\n'}
[0.339069] (realsense2_camera_msgs) StdoutLine: {'line': b'-- Up-to-date: /home/user/Projects/ros2_ws/install/realsense2_camera_msgs/include/realsense2_camera_msgs/msg/detail/extrinsics__rosidl_typesupport_fastrtps_cpp.hpp\n'}
[0.339173] (realsense2_camera_msgs) StdoutLine: {'line': b'-- Up-to-date: /home/user/Projects/ros2_ws/install/realsense2_camera_msgs/include/realsense2_camera_msgs/msg/detail/metadata__rosidl_typesupport_fastrtps_cpp.hpp\n'}
[0.339278] (realsense2_camera_msgs) StdoutLine: {'line': b'-- Up-to-date: /home/user/Projects/ros2_ws/install/realsense2_camera_msgs/include/realsense2_camera_msgs/msg/rosidl_typesupport_fastrtps_cpp__visibility_control.h\n'}
[0.339361] (realsense2_camera_msgs) StdoutLine: {'line': b'-- Up-to-date: /home/user/Projects/ros2_ws/install/realsense2_camera_msgs/lib/librealsense2_camera_msgs__rosidl_typesupport_fastrtps_cpp.so\n'}
[0.339470] (realsense2_camera_msgs) StdoutLine: {'line': b'-- Up-to-date: /home/user/Projects/ros2_ws/install/realsense2_camera_msgs/include/realsense2_camera_msgs\n'}
[0.339583] (realsense2_camera_msgs) StdoutLine: {'line': b'-- Up-to-date: /home/user/Projects/ros2_ws/install/realsense2_camera_msgs/include/realsense2_camera_msgs/srv\n'}
[0.339673] (realsense2_camera_msgs) StdoutLine: {'line': b'-- Up-to-date: /home/user/Projects/ros2_ws/install/realsense2_camera_msgs/include/realsense2_camera_msgs/srv/detail\n'}
[0.339731] (realsense2_camera_msgs) StdoutLine: {'line': b'-- Up-to-date: /home/user/Projects/ros2_ws/install/realsense2_camera_msgs/include/realsense2_camera_msgs/srv/detail/device_info__rosidl_typesupport_introspection_c.h\n'}
[0.339798] (realsense2_camera_msgs) StdoutLine: {'line': b'-- Up-to-date: /home/user/Projects/ros2_ws/install/realsense2_camera_msgs/include/realsense2_camera_msgs/srv/detail/device_info__type_support.c\n'}
[0.339853] (realsense2_camera_msgs) StdoutLine: {'line': b'-- Up-to-date: /home/user/Projects/ros2_ws/install/realsense2_camera_msgs/include/realsense2_camera_msgs/msg\n'}
[0.339925] (realsense2_camera_msgs) StdoutLine: {'line': b'-- Up-to-date: /home/user/Projects/ros2_ws/install/realsense2_camera_msgs/include/realsense2_camera_msgs/msg/detail\n'}
[0.339980] (realsense2_camera_msgs) StdoutLine: {'line': b'-- Up-to-date: /home/user/Projects/ros2_ws/install/realsense2_camera_msgs/include/realsense2_camera_msgs/msg/detail/imu_info__type_support.c\n'}
[0.340034] (realsense2_camera_msgs) StdoutLine: {'line': b'-- Up-to-date: /home/user/Projects/ros2_ws/install/realsense2_camera_msgs/include/realsense2_camera_msgs/msg/detail/metadata__type_support.c\n'}
[0.340088] (realsense2_camera_msgs) StdoutLine: {'line': b'-- Up-to-date: /home/user/Projects/ros2_ws/install/realsense2_camera_msgs/include/realsense2_camera_msgs/msg/detail/imu_info__rosidl_typesupport_introspection_c.h\n'}
[0.340142] (realsense2_camera_msgs) StdoutLine: {'line': b'-- Up-to-date: /home/user/Projects/ros2_ws/install/realsense2_camera_msgs/include/realsense2_camera_msgs/msg/detail/extrinsics__rosidl_typesupport_introspection_c.h\n'}
[0.340196] (realsense2_camera_msgs) StdoutLine: {'line': b'-- Up-to-date: /home/user/Projects/ros2_ws/install/realsense2_camera_msgs/include/realsense2_camera_msgs/msg/detail/metadata__rosidl_typesupport_introspection_c.h\n'}
[0.340259] (realsense2_camera_msgs) StdoutLine: {'line': b'-- Up-to-date: /home/user/Projects/ros2_ws/install/realsense2_camera_msgs/include/realsense2_camera_msgs/msg/detail/extrinsics__type_support.c\n'}
[0.340332] (realsense2_camera_msgs) StdoutLine: {'line': b'-- Up-to-date: /home/user/Projects/ros2_ws/install/realsense2_camera_msgs/include/realsense2_camera_msgs/msg/rosidl_typesupport_introspection_c__visibility_control.h\n'}
[0.340387] (realsense2_camera_msgs) StdoutLine: {'line': b'-- Up-to-date: /home/user/Projects/ros2_ws/install/realsense2_camera_msgs/lib/librealsense2_camera_msgs__rosidl_typesupport_introspection_c.so\n'}
[0.340441] (realsense2_camera_msgs) StdoutLine: {'line': b'-- Up-to-date: /home/user/Projects/ros2_ws/install/realsense2_camera_msgs/lib/librealsense2_camera_msgs__rosidl_typesupport_c.so\n'}
[0.340519] (realsense2_camera_msgs) StdoutLine: {'line': b'-- Up-to-date: /home/user/Projects/ros2_ws/install/realsense2_camera_msgs/include/realsense2_camera_msgs\n'}
[0.340609] (realsense2_camera_msgs) StdoutLine: {'line': b'-- Up-to-date: /home/user/Projects/ros2_ws/install/realsense2_camera_msgs/include/realsense2_camera_msgs/srv\n'}
[0.340663] (realsense2_camera_msgs) StdoutLine: {'line': b'-- Up-to-date: /home/user/Projects/ros2_ws/install/realsense2_camera_msgs/include/realsense2_camera_msgs/srv/device_info.hpp\n'}
[0.340721] (realsense2_camera_msgs) StdoutLine: {'line': b'-- Up-to-date: /home/user/Projects/ros2_ws/install/realsense2_camera_msgs/include/realsense2_camera_msgs/srv/detail\n'}
[0.340775] (realsense2_camera_msgs) StdoutLine: {'line': b'-- Up-to-date: /home/user/Projects/ros2_ws/install/realsense2_camera_msgs/include/realsense2_camera_msgs/srv/detail/device_info__struct.hpp\n'}
[0.340828] (realsense2_camera_msgs) StdoutLine: {'line': b'-- Up-to-date: /home/user/Projects/ros2_ws/install/realsense2_camera_msgs/include/realsense2_camera_msgs/srv/detail/device_info__builder.hpp\n'}
[0.340881] (realsense2_camera_msgs) StdoutLine: {'line': b'-- Up-to-date: /home/user/Projects/ros2_ws/install/realsense2_camera_msgs/include/realsense2_camera_msgs/srv/detail/device_info__traits.hpp\n'}
[0.340934] (realsense2_camera_msgs) StdoutLine: {'line': b'-- Up-to-date: /home/user/Projects/ros2_ws/install/realsense2_camera_msgs/include/realsense2_camera_msgs/msg\n'}
[0.340988] (realsense2_camera_msgs) StdoutLine: {'line': b'-- Up-to-date: /home/user/Projects/ros2_ws/install/realsense2_camera_msgs/include/realsense2_camera_msgs/msg/detail\n'}
[0.341042] (realsense2_camera_msgs) StdoutLine: {'line': b'-- Up-to-date: /home/user/Projects/ros2_ws/install/realsense2_camera_msgs/include/realsense2_camera_msgs/msg/detail/imu_info__struct.hpp\n'}
[0.341096] (realsense2_camera_msgs) StdoutLine: {'line': b'-- Up-to-date: /home/user/Projects/ros2_ws/install/realsense2_camera_msgs/include/realsense2_camera_msgs/msg/detail/metadata__struct.hpp\n'}
[0.341149] (realsense2_camera_msgs) StdoutLine: {'line': b'-- Up-to-date: /home/user/Projects/ros2_ws/install/realsense2_camera_msgs/include/realsense2_camera_msgs/msg/detail/extrinsics__struct.hpp\n'}
[0.341202] (realsense2_camera_msgs) StdoutLine: {'line': b'-- Up-to-date: /home/user/Projects/ros2_ws/install/realsense2_camera_msgs/include/realsense2_camera_msgs/msg/detail/imu_info__traits.hpp\n'}
[0.341255] (realsense2_camera_msgs) StdoutLine: {'line': b'-- Up-to-date: /home/user/Projects/ros2_ws/install/realsense2_camera_msgs/include/realsense2_camera_msgs/msg/detail/metadata__builder.hpp\n'}
[0.341308] (realsense2_camera_msgs) StdoutLine: {'line': b'-- Up-to-date: /home/user/Projects/ros2_ws/install/realsense2_camera_msgs/include/realsense2_camera_msgs/msg/detail/extrinsics__traits.hpp\n'}
[0.341368] (realsense2_camera_msgs) StdoutLine: {'line': b'-- Up-to-date: /home/user/Projects/ros2_ws/install/realsense2_camera_msgs/include/realsense2_camera_msgs/msg/detail/extrinsics__builder.hpp\n'}
[0.341426] (realsense2_camera_msgs) StdoutLine: {'line': b'-- Up-to-date: /home/user/Projects/ros2_ws/install/realsense2_camera_msgs/include/realsense2_camera_msgs/msg/detail/metadata__traits.hpp\n'}
[0.341480] (realsense2_camera_msgs) StdoutLine: {'line': b'-- Up-to-date: /home/user/Projects/ros2_ws/install/realsense2_camera_msgs/include/realsense2_camera_msgs/msg/detail/imu_info__builder.hpp\n'}
[0.341533] (realsense2_camera_msgs) StdoutLine: {'line': b'-- Up-to-date: /home/user/Projects/ros2_ws/install/realsense2_camera_msgs/include/realsense2_camera_msgs/msg/metadata.hpp\n'}
[0.341586] (realsense2_camera_msgs) StdoutLine: {'line': b'-- Up-to-date: /home/user/Projects/ros2_ws/install/realsense2_camera_msgs/include/realsense2_camera_msgs/msg/extrinsics.hpp\n'}
[0.341639] (realsense2_camera_msgs) StdoutLine: {'line': b'-- Up-to-date: /home/user/Projects/ros2_ws/install/realsense2_camera_msgs/include/realsense2_camera_msgs/msg/imu_info.hpp\n'}
[0.341691] (realsense2_camera_msgs) StdoutLine: {'line': b'-- Up-to-date: /home/user/Projects/ros2_ws/install/realsense2_camera_msgs/include/realsense2_camera_msgs\n'}
[0.341744] (realsense2_camera_msgs) StdoutLine: {'line': b'-- Up-to-date: /home/user/Projects/ros2_ws/install/realsense2_camera_msgs/include/realsense2_camera_msgs/srv\n'}
[0.341797] (realsense2_camera_msgs) StdoutLine: {'line': b'-- Up-to-date: /home/user/Projects/ros2_ws/install/realsense2_camera_msgs/include/realsense2_camera_msgs/srv/detail\n'}
[0.341850] (realsense2_camera_msgs) StdoutLine: {'line': b'-- Up-to-date: /home/user/Projects/ros2_ws/install/realsense2_camera_msgs/include/realsense2_camera_msgs/srv/detail/device_info__type_support.cpp\n'}
[0.341909] (realsense2_camera_msgs) StdoutLine: {'line': b'-- Up-to-date: /home/user/Projects/ros2_ws/install/realsense2_camera_msgs/include/realsense2_camera_msgs/srv/detail/device_info__rosidl_typesupport_introspection_cpp.hpp\n'}
[0.341965] (realsense2_camera_msgs) StdoutLine: {'line': b'-- Up-to-date: /home/user/Projects/ros2_ws/install/realsense2_camera_msgs/include/realsense2_camera_msgs/msg\n'}
[0.342021] (realsense2_camera_msgs) StdoutLine: {'line': b'-- Up-to-date: /home/user/Projects/ros2_ws/install/realsense2_camera_msgs/include/realsense2_camera_msgs/msg/detail\n'}
[0.342074] (realsense2_camera_msgs) StdoutLine: {'line': b'-- Up-to-date: /home/user/Projects/ros2_ws/install/realsense2_camera_msgs/include/realsense2_camera_msgs/msg/detail/extrinsics__type_support.cpp\n'}
[0.342127] (realsense2_camera_msgs) StdoutLine: {'line': b'-- Up-to-date: /home/user/Projects/ros2_ws/install/realsense2_camera_msgs/include/realsense2_camera_msgs/msg/detail/extrinsics__rosidl_typesupport_introspection_cpp.hpp\n'}
[0.342180] (realsense2_camera_msgs) StdoutLine: {'line': b'-- Up-to-date: /home/user/Projects/ros2_ws/install/realsense2_camera_msgs/include/realsense2_camera_msgs/msg/detail/metadata__rosidl_typesupport_introspection_cpp.hpp\n'}
[0.342234] (realsense2_camera_msgs) StdoutLine: {'line': b'-- Up-to-date: /home/user/Projects/ros2_ws/install/realsense2_camera_msgs/include/realsense2_camera_msgs/msg/detail/imu_info__rosidl_typesupport_introspection_cpp.hpp\n'}
[0.342293] (realsense2_camera_msgs) StdoutLine: {'line': b'-- Up-to-date: /home/user/Projects/ros2_ws/install/realsense2_camera_msgs/include/realsense2_camera_msgs/msg/detail/imu_info__type_support.cpp\n'}
[0.342348] (realsense2_camera_msgs) StdoutLine: {'line': b'-- Up-to-date: /home/user/Projects/ros2_ws/install/realsense2_camera_msgs/include/realsense2_camera_msgs/msg/detail/metadata__type_support.cpp\n'}
[0.342401] (realsense2_camera_msgs) StdoutLine: {'line': b'-- Up-to-date: /home/user/Projects/ros2_ws/install/realsense2_camera_msgs/lib/librealsense2_camera_msgs__rosidl_typesupport_introspection_cpp.so\n'}
[0.342454] (realsense2_camera_msgs) StdoutLine: {'line': b'-- Up-to-date: /home/user/Projects/ros2_ws/install/realsense2_camera_msgs/lib/librealsense2_camera_msgs__rosidl_typesupport_cpp.so\n'}
[0.342506] (realsense2_camera_msgs) StdoutLine: {'line': b'-- Up-to-date: /home/user/Projects/ros2_ws/install/realsense2_camera_msgs/share/realsense2_camera_msgs/environment/pythonpath.sh\n'}
[0.342562] (realsense2_camera_msgs) StdoutLine: {'line': b'-- Up-to-date: /home/user/Projects/ros2_ws/install/realsense2_camera_msgs/share/realsense2_camera_msgs/environment/pythonpath.dsv\n'}
[0.342615] (realsense2_camera_msgs) StdoutLine: {'line': b'-- Up-to-date: /home/user/Projects/ros2_ws/install/realsense2_camera_msgs/lib/python3.8/site-packages/realsense2_camera_msgs/__init__.py\n'}
[0.369670] (realsense2_camera_msgs) StdoutLine: {'line': b'-- Up-to-date: /home/user/Projects/ros2_ws/install/realsense2_camera_msgs/lib/python3.8/site-packages/realsense2_camera_msgs/msg\n'}
[0.369814] (realsense2_camera_msgs) StdoutLine: {'line': b'-- Up-to-date: /home/user/Projects/ros2_ws/install/realsense2_camera_msgs/lib/python3.8/site-packages/realsense2_camera_msgs/msg/_metadata_s.c\n'}
[0.369968] (realsense2_camera_msgs) StdoutLine: {'line': b'-- Up-to-date: /home/user/Projects/ros2_ws/install/realsense2_camera_msgs/lib/python3.8/site-packages/realsense2_camera_msgs/msg/_imu_info.py\n'}
[0.370032] (realsense2_camera_msgs) StdoutLine: {'line': b'-- Up-to-date: /home/user/Projects/ros2_ws/install/realsense2_camera_msgs/lib/python3.8/site-packages/realsense2_camera_msgs/msg/_extrinsics.py\n'}
[0.370090] (realsense2_camera_msgs) StdoutLine: {'line': b'-- Up-to-date: /home/user/Projects/ros2_ws/install/realsense2_camera_msgs/lib/python3.8/site-packages/realsense2_camera_msgs/msg/__init__.py\n'}
[0.370147] (realsense2_camera_msgs) StdoutLine: {'line': b'-- Up-to-date: /home/user/Projects/ros2_ws/install/realsense2_camera_msgs/lib/python3.8/site-packages/realsense2_camera_msgs/msg/_extrinsics_s.c\n'}
[0.370215] (realsense2_camera_msgs) StdoutLine: {'line': b'-- Up-to-date: /home/user/Projects/ros2_ws/install/realsense2_camera_msgs/lib/python3.8/site-packages/realsense2_camera_msgs/msg/_metadata.py\n'}
[0.370343] (realsense2_camera_msgs) StdoutLine: {'line': b'-- Up-to-date: /home/user/Projects/ros2_ws/install/realsense2_camera_msgs/lib/python3.8/site-packages/realsense2_camera_msgs/msg/_imu_info_s.c\n'}
[0.370426] (realsense2_camera_msgs) StdoutLine: {'line': b'-- Up-to-date: /home/user/Projects/ros2_ws/install/realsense2_camera_msgs/lib/python3.8/site-packages/realsense2_camera_msgs/srv\n'}
[0.370485] (realsense2_camera_msgs) StdoutLine: {'line': b'-- Up-to-date: /home/user/Projects/ros2_ws/install/realsense2_camera_msgs/lib/python3.8/site-packages/realsense2_camera_msgs/srv/_device_info_s.c\n'}
[0.370543] (realsense2_camera_msgs) StdoutLine: {'line': b'-- Up-to-date: /home/user/Projects/ros2_ws/install/realsense2_camera_msgs/lib/python3.8/site-packages/realsense2_camera_msgs/srv/__init__.py\n'}
[0.370597] (realsense2_camera_msgs) StdoutLine: {'line': b'-- Up-to-date: /home/user/Projects/ros2_ws/install/realsense2_camera_msgs/lib/python3.8/site-packages/realsense2_camera_msgs/srv/_device_info.py\n'}
[0.370651] (realsense2_camera_msgs) StdoutLine: {'line': b'-- Up-to-date: /home/user/Projects/ros2_ws/install/realsense2_camera_msgs/lib/python3.8/site-packages/realsense2_camera_msgs/realsense2_camera_msgs_s__rosidl_typesupport_fastrtps_c.cpython-38-x86_64-linux-gnu.so\n'}
[0.370956] (realsense2_camera_msgs) StdoutLine: {'line': b'-- Up-to-date: /home/user/Projects/ros2_ws/install/realsense2_camera_msgs/lib/python3.8/site-packages/realsense2_camera_msgs/realsense2_camera_msgs_s__rosidl_typesupport_introspection_c.cpython-38-x86_64-linux-gnu.so\n'}
[0.371582] (realsense2_camera_msgs) StdoutLine: {'line': b'-- Up-to-date: /home/user/Projects/ros2_ws/install/realsense2_camera_msgs/lib/python3.8/site-packages/realsense2_camera_msgs/realsense2_camera_msgs_s__rosidl_typesupport_c.cpython-38-x86_64-linux-gnu.so\n'}
[0.372114] (realsense2_camera_msgs) StdoutLine: {'line': b'-- Up-to-date: /home/user/Projects/ros2_ws/install/realsense2_camera_msgs/lib/librealsense2_camera_msgs__python.so\n'}
[0.372309] (realsense2_camera_msgs) StdoutLine: {'line': b'-- Up-to-date: /home/user/Projects/ros2_ws/install/realsense2_camera_msgs/share/realsense2_camera_msgs/msg/IMUInfo.idl\n'}
[0.372386] (realsense2_camera_msgs) StdoutLine: {'line': b'-- Up-to-date: /home/user/Projects/ros2_ws/install/realsense2_camera_msgs/share/realsense2_camera_msgs/msg/Extrinsics.idl\n'}
[0.372477] (realsense2_camera_msgs) StdoutLine: {'line': b'-- Up-to-date: /home/user/Projects/ros2_ws/install/realsense2_camera_msgs/share/realsense2_camera_msgs/msg/Metadata.idl\n'}
[0.372572] (realsense2_camera_msgs) StdoutLine: {'line': b'-- Up-to-date: /home/user/Projects/ros2_ws/install/realsense2_camera_msgs/share/realsense2_camera_msgs/srv/DeviceInfo.idl\n'}
[0.372671] (realsense2_camera_msgs) StdoutLine: {'line': b'-- Up-to-date: /home/user/Projects/ros2_ws/install/realsense2_camera_msgs/share/realsense2_camera_msgs/msg/IMUInfo.msg\n'}
[0.372744] (realsense2_camera_msgs) StdoutLine: {'line': b'-- Up-to-date: /home/user/Projects/ros2_ws/install/realsense2_camera_msgs/share/realsense2_camera_msgs/msg/Extrinsics.msg\n'}
[0.372867] (realsense2_camera_msgs) StdoutLine: {'line': b'-- Up-to-date: /home/user/Projects/ros2_ws/install/realsense2_camera_msgs/share/realsense2_camera_msgs/msg/Metadata.msg\n'}
[0.373037] (realsense2_camera_msgs) StdoutLine: {'line': b'-- Up-to-date: /home/user/Projects/ros2_ws/install/realsense2_camera_msgs/share/realsense2_camera_msgs/srv/DeviceInfo.srv\n'}
[0.373135] (realsense2_camera_msgs) StdoutLine: {'line': b'-- Up-to-date: /home/user/Projects/ros2_ws/install/realsense2_camera_msgs/share/realsense2_camera_msgs/srv/DeviceInfo_Request.msg\n'}
[0.373226] (realsense2_camera_msgs) StdoutLine: {'line': b'-- Up-to-date: /home/user/Projects/ros2_ws/install/realsense2_camera_msgs/share/realsense2_camera_msgs/srv/DeviceInfo_Response.msg\n'}
[0.373310] (realsense2_camera_msgs) StdoutLine: {'line': b'-- Up-to-date: /home/user/Projects/ros2_ws/install/realsense2_camera_msgs/share/ament_index/resource_index/package_run_dependencies/realsense2_camera_msgs\n'}
[0.373366] (realsense2_camera_msgs) StdoutLine: {'line': b'-- Up-to-date: /home/user/Projects/ros2_ws/install/realsense2_camera_msgs/share/ament_index/resource_index/parent_prefix_path/realsense2_camera_msgs\n'}
[0.373421] (realsense2_camera_msgs) StdoutLine: {'line': b'-- Up-to-date: /home/user/Projects/ros2_ws/install/realsense2_camera_msgs/share/realsense2_camera_msgs/environment/ament_prefix_path.sh\n'}
[0.373487] (realsense2_camera_msgs) StdoutLine: {'line': b'-- Up-to-date: /home/user/Projects/ros2_ws/install/realsense2_camera_msgs/share/realsense2_camera_msgs/environment/ament_prefix_path.dsv\n'}
[0.373543] (realsense2_camera_msgs) StdoutLine: {'line': b'-- Up-to-date: /home/user/Projects/ros2_ws/install/realsense2_camera_msgs/share/realsense2_camera_msgs/environment/path.sh\n'}
[0.373597] (realsense2_camera_msgs) StdoutLine: {'line': b'-- Up-to-date: /home/user/Projects/ros2_ws/install/realsense2_camera_msgs/share/realsense2_camera_msgs/environment/path.dsv\n'}
[0.373663] (realsense2_camera_msgs) StdoutLine: {'line': b'-- Up-to-date: /home/user/Projects/ros2_ws/install/realsense2_camera_msgs/share/realsense2_camera_msgs/local_setup.bash\n'}
[0.373734] (realsense2_camera_msgs) StdoutLine: {'line': b'-- Up-to-date: /home/user/Projects/ros2_ws/install/realsense2_camera_msgs/share/realsense2_camera_msgs/local_setup.sh\n'}
[0.373790] (realsense2_camera_msgs) StdoutLine: {'line': b'-- Up-to-date: /home/user/Projects/ros2_ws/install/realsense2_camera_msgs/share/realsense2_camera_msgs/local_setup.zsh\n'}
[0.373845] (realsense2_camera_msgs) StdoutLine: {'line': b'-- Up-to-date: /home/user/Projects/ros2_ws/install/realsense2_camera_msgs/share/realsense2_camera_msgs/local_setup.dsv\n'}
[0.373915] (realsense2_camera_msgs) StdoutLine: {'line': b'-- Installing: /home/user/Projects/ros2_ws/install/realsense2_camera_msgs/share/realsense2_camera_msgs/package.dsv\n'}
[0.373985] (realsense2_camera_msgs) StdoutLine: {'line': b'-- Up-to-date: /home/user/Projects/ros2_ws/install/realsense2_camera_msgs/share/ament_index/resource_index/packages/realsense2_camera_msgs\n'}
[0.374039] (realsense2_camera_msgs) StdoutLine: {'line': b'-- Up-to-date: /home/user/Projects/ros2_ws/install/realsense2_camera_msgs/share/realsense2_camera_msgs/cmake/realsense2_camera_msgs__rosidl_generator_cExport.cmake\n'}
[0.374113] (realsense2_camera_msgs) StdoutLine: {'line': b'-- Up-to-date: /home/user/Projects/ros2_ws/install/realsense2_camera_msgs/share/realsense2_camera_msgs/cmake/realsense2_camera_msgs__rosidl_generator_cExport-noconfig.cmake\n'}
[0.374184] (realsense2_camera_msgs) StdoutLine: {'line': b'-- Up-to-date: /home/user/Projects/ros2_ws/install/realsense2_camera_msgs/share/realsense2_camera_msgs/cmake/realsense2_camera_msgs__rosidl_typesupport_introspection_cExport.cmake\n'}
[0.374239] (realsense2_camera_msgs) StdoutLine: {'line': b'-- Up-to-date: /home/user/Projects/ros2_ws/install/realsense2_camera_msgs/share/realsense2_camera_msgs/cmake/realsense2_camera_msgs__rosidl_typesupport_introspection_cExport-noconfig.cmake\n'}
[0.374295] (realsense2_camera_msgs) StdoutLine: {'line': b'-- Up-to-date: /home/user/Projects/ros2_ws/install/realsense2_camera_msgs/share/realsense2_camera_msgs/cmake/realsense2_camera_msgs__rosidl_typesupport_cExport.cmake\n'}
[0.374373] (realsense2_camera_msgs) StdoutLine: {'line': b'-- Up-to-date: /home/user/Projects/ros2_ws/install/realsense2_camera_msgs/share/realsense2_camera_msgs/cmake/realsense2_camera_msgs__rosidl_typesupport_cExport-noconfig.cmake\n'}
[0.374428] (realsense2_camera_msgs) StdoutLine: {'line': b'-- Up-to-date: /home/user/Projects/ros2_ws/install/realsense2_camera_msgs/share/realsense2_camera_msgs/cmake/realsense2_camera_msgs__rosidl_generator_cppExport.cmake\n'}
[0.374600] (realsense2_camera_msgs) StdoutLine: {'line': b'-- Up-to-date: /home/user/Projects/ros2_ws/install/realsense2_camera_msgs/share/realsense2_camera_msgs/cmake/realsense2_camera_msgs__rosidl_typesupport_introspection_cppExport.cmake\n'}
[0.374698] (realsense2_camera_msgs) StdoutLine: {'line': b'-- Up-to-date: /home/user/Projects/ros2_ws/install/realsense2_camera_msgs/share/realsense2_camera_msgs/cmake/realsense2_camera_msgs__rosidl_typesupport_introspection_cppExport-noconfig.cmake\n'}
[0.374841] (realsense2_camera_msgs) StdoutLine: {'line': b'-- Up-to-date: /home/user/Projects/ros2_ws/install/realsense2_camera_msgs/share/realsense2_camera_msgs/cmake/realsense2_camera_msgs__rosidl_typesupport_cppExport.cmake\n'}
[0.374921] (realsense2_camera_msgs) StdoutLine: {'line': b'-- Up-to-date: /home/user/Projects/ros2_ws/install/realsense2_camera_msgs/share/realsense2_camera_msgs/cmake/realsense2_camera_msgs__rosidl_typesupport_cppExport-noconfig.cmake\n'}
[0.375001] (realsense2_camera_msgs) StdoutLine: {'line': b'-- Up-to-date: /home/user/Projects/ros2_ws/install/realsense2_camera_msgs/share/realsense2_camera_msgs/cmake/rosidl_cmake-extras.cmake\n'}
[0.375088] (realsense2_camera_msgs) StdoutLine: {'line': b'-- Up-to-date: /home/user/Projects/ros2_ws/install/realsense2_camera_msgs/share/realsense2_camera_msgs/cmake/ament_cmake_export_dependencies-extras.cmake\n'}
[0.375166] (realsense2_camera_msgs) StdoutLine: {'line': b'-- Up-to-date: /home/user/Projects/ros2_ws/install/realsense2_camera_msgs/share/realsense2_camera_msgs/cmake/ament_cmake_export_libraries-extras.cmake\n'}
[0.375253] (realsense2_camera_msgs) StdoutLine: {'line': b'-- Up-to-date: /home/user/Projects/ros2_ws/install/realsense2_camera_msgs/share/realsense2_camera_msgs/cmake/ament_cmake_export_targets-extras.cmake\n'}
[0.375326] (realsense2_camera_msgs) StdoutLine: {'line': b'-- Up-to-date: /home/user/Projects/ros2_ws/install/realsense2_camera_msgs/share/realsense2_camera_msgs/cmake/ament_cmake_export_include_directories-extras.cmake\n'}
[0.375416] (realsense2_camera_msgs) StdoutLine: {'line': b'-- Up-to-date: /home/user/Projects/ros2_ws/install/realsense2_camera_msgs/share/realsense2_camera_msgs/cmake/rosidl_cmake_export_typesupport_libraries-extras.cmake\n'}
[0.375472] (realsense2_camera_msgs) StdoutLine: {'line': b'-- Up-to-date: /home/user/Projects/ros2_ws/install/realsense2_camera_msgs/share/realsense2_camera_msgs/cmake/rosidl_cmake_export_typesupport_targets-extras.cmake\n'}
[0.375526] (realsense2_camera_msgs) StdoutLine: {'line': b'-- Up-to-date: /home/user/Projects/ros2_ws/install/realsense2_camera_msgs/share/realsense2_camera_msgs/cmake/realsense2_camera_msgsConfig.cmake\n'}
[0.375586] (realsense2_camera_msgs) StdoutLine: {'line': b'-- Up-to-date: /home/user/Projects/ros2_ws/install/realsense2_camera_msgs/share/realsense2_camera_msgs/cmake/realsense2_camera_msgsConfig-version.cmake\n'}
[0.375641] (realsense2_camera_msgs) StdoutLine: {'line': b'-- Up-to-date: /home/user/Projects/ros2_ws/install/realsense2_camera_msgs/share/realsense2_camera_msgs/package.xml\n'}
[0.377477] (realsense2_camera_msgs) CommandEnded: {'returncode': 0}
[0.400303] (-) TimerEvent: {}
[0.484263] (realsense2_camera_msgs) JobEnded: {'identifier': 'realsense2_camera_msgs', 'rc': 0}
[0.485572] (realsense2_camera) JobStarted: {'identifier': 'realsense2_camera'}
[0.489568] (realsense2_description) JobStarted: {'identifier': 'realsense2_description'}
[0.496843] (realsense2_camera) JobProgress: {'identifier': 'realsense2_camera', 'progress': 'cmake'}
[0.497558] (realsense2_camera) JobProgress: {'identifier': 'realsense2_camera', 'progress': 'build'}
[0.499099] (realsense2_camera) Command: {'cmd': ['/usr/bin/cmake', '--build', '/home/user/Projects/ros2_ws/build/realsense2_camera', '--', '-j12', '-l12'], 'cwd': '/home/user/Projects/ros2_ws/build/realsense2_camera', 'env': OrderedDict([('HOSTNAME', 'GS65-Ubuntu'), ('SHLVL', '1'), ('LD_LIBRARY_PATH', '/home/user/Projects/ros2_ws/install/realsense2_camera_msgs/lib:/home/user/Projects/ros2_ws/install/realsense2_camera/lib:/opt/ros/foxy/opt/yaml_cpp_vendor/lib:/opt/ros/foxy/opt/rviz_ogre_vendor/lib:/opt/ros/foxy/lib/x86_64-linux-gnu:/opt/ros/foxy/lib'), ('HOME', '/home/user'), ('OLDPWD', '/home/user'), ('PYTHONUNBUFFERED', '1'), ('ROS_PYTHON_VERSION', '3'), ('_colcon_cd_root', '/home/user/Projects/dev_ws'), ('COLCON_PREFIX_PATH', '/home/user/Projects/ros2_ws/install'), ('ROS_DISTRO', 'foxy'), ('PROXIMITY', '1'), ('_', '/usr/bin/colcon'), ('ROS_VERSION', '2'), ('NVIDIA_DRIVER_CAPABILITIES', 'graphics'), ('TERM', 'xterm'), ('ROS_LOCALHOST_ONLY', '0'), ('QT_X11_NO_MITSHM', '1'), ('PATH', '/home/user/.local/bin:/opt/ros/foxy/bin:/home/user/bin:/usr/local/sbin:/usr/local/bin:/usr/sbin:/usr/bin:/sbin:/bin'), ('DISPLAY', ':1'), ('LANG', 'C.UTF-8'), ('LS_COLORS', ':di=1;33:ln=36'), ('AMENT_PREFIX_PATH', '/home/user/Projects/ros2_ws/install/realsense2_description:/home/user/Projects/ros2_ws/install/realsense2_camera:/home/user/Projects/ros2_ws/install/realsense2_camera_msgs:/home/user/Projects/ros2_ws/install/object_avoidance:/opt/ros/foxy'), ('DEFAULT_THROTTLE', '30'), ('AVOIDANCE_DISTANCE', '5'), ('PWD', '/home/user/Projects/ros2_ws/build/realsense2_camera'), ('END_NODE_ID', '140'), ('LC_ALL', 'C.UTF-8'), ('PYTHONPATH', '/home/user/Projects/ros2_ws/install/realsense2_camera_msgs/lib/python3.8/site-packages:/home/user/Projects/ros2_ws/install/object_avoidance/lib/python3.8/site-packages:/opt/ros/foxy/lib/python3.8/site-packages'), ('NVIDIA_VISIBLE_DEVICES', 'all'), ('COLCON', '1'), ('CMAKE_PREFIX_PATH', '/home/user/Projects/ros2_ws/install/realsense2_camera_msgs:/home/user/Projects/ros2_ws/install/realsense2_description:/home/user/Projects/ros2_ws/install/realsense2_camera:/home/user/Projects/ros2_ws/install/object_avoidance:/opt/ros/foxy'), ('AVOIDANCE_ANGLE', '20')]), 'shell': False}
[0.501346] (-) TimerEvent: {}
[0.501777] (realsense2_description) JobProgress: {'identifier': 'realsense2_description', 'progress': 'cmake'}
[0.502361] (realsense2_description) JobProgress: {'identifier': 'realsense2_description', 'progress': 'build'}
[0.502545] (realsense2_description) Command: {'cmd': ['/usr/bin/cmake', '--build', '/home/user/Projects/ros2_ws/build/realsense2_description', '--', '-j12', '-l12'], 'cwd': '/home/user/Projects/ros2_ws/build/realsense2_description', 'env': OrderedDict([('HOSTNAME', 'GS65-Ubuntu'), ('SHLVL', '1'), ('LD_LIBRARY_PATH', '/home/user/Projects/ros2_ws/install/realsense2_camera_msgs/lib:/home/user/Projects/ros2_ws/install/realsense2_camera/lib:/opt/ros/foxy/opt/yaml_cpp_vendor/lib:/opt/ros/foxy/opt/rviz_ogre_vendor/lib:/opt/ros/foxy/lib/x86_64-linux-gnu:/opt/ros/foxy/lib'), ('HOME', '/home/user'), ('OLDPWD', '/home/user'), ('PYTHONUNBUFFERED', '1'), ('ROS_PYTHON_VERSION', '3'), ('_colcon_cd_root', '/home/user/Projects/dev_ws'), ('COLCON_PREFIX_PATH', '/home/user/Projects/ros2_ws/install'), ('ROS_DISTRO', 'foxy'), ('PROXIMITY', '1'), ('_', '/usr/bin/colcon'), ('ROS_VERSION', '2'), ('NVIDIA_DRIVER_CAPABILITIES', 'graphics'), ('TERM', 'xterm'), ('ROS_LOCALHOST_ONLY', '0'), ('QT_X11_NO_MITSHM', '1'), ('PATH', '/home/user/.local/bin:/opt/ros/foxy/bin:/home/user/bin:/usr/local/sbin:/usr/local/bin:/usr/sbin:/usr/bin:/sbin:/bin'), ('DISPLAY', ':1'), ('LANG', 'C.UTF-8'), ('LS_COLORS', ':di=1;33:ln=36'), ('AMENT_PREFIX_PATH', '/home/user/Projects/ros2_ws/install/realsense2_description:/home/user/Projects/ros2_ws/install/realsense2_camera:/home/user/Projects/ros2_ws/install/realsense2_camera_msgs:/home/user/Projects/ros2_ws/install/object_avoidance:/opt/ros/foxy'), ('DEFAULT_THROTTLE', '30'), ('AVOIDANCE_DISTANCE', '5'), ('PWD', '/home/user/Projects/ros2_ws/build/realsense2_description'), ('END_NODE_ID', '140'), ('LC_ALL', 'C.UTF-8'), ('PYTHONPATH', '/home/user/Projects/ros2_ws/install/realsense2_camera_msgs/lib/python3.8/site-packages:/home/user/Projects/ros2_ws/install/object_avoidance/lib/python3.8/site-packages:/opt/ros/foxy/lib/python3.8/site-packages'), ('NVIDIA_VISIBLE_DEVICES', 'all'), ('COLCON', '1'), ('CMAKE_PREFIX_PATH', '/home/user/Projects/ros2_ws/install/realsense2_camera_msgs:/home/user/Projects/ros2_ws/install/realsense2_description:/home/user/Projects/ros2_ws/install/realsense2_camera:/home/user/Projects/ros2_ws/install/object_avoidance:/opt/ros/foxy'), ('AVOIDANCE_ANGLE', '20')]), 'shell': False}
[0.536062] (object_avoidance) Command: {'cmd': ['/usr/bin/python3', 'setup.py', 'egg_info', '--egg-base', '../../build/object_avoidance', 'build', '--build-base', '/home/user/Projects/ros2_ws/build/object_avoidance/build', 'install', '--prefix', '/home/user/Projects/ros2_ws/install/object_avoidance', '--record', '/home/user/Projects/ros2_ws/build/object_avoidance/install.log', '--single-version-externally-managed'], 'cwd': '/home/user/Projects/ros2_ws/src/object_avoidance', 'env': {'HOSTNAME': 'GS65-Ubuntu', 'SHLVL': '1', 'LD_LIBRARY_PATH': '/home/user/Projects/ros2_ws/install/realsense2_camera/lib:/home/user/Projects/ros2_ws/install/realsense2_camera_msgs/lib:/opt/ros/foxy/opt/yaml_cpp_vendor/lib:/opt/ros/foxy/opt/rviz_ogre_vendor/lib:/opt/ros/foxy/lib/x86_64-linux-gnu:/opt/ros/foxy/lib', 'HOME': '/home/user', 'OLDPWD': '/home/user', 'PYTHONUNBUFFERED': '1', 'ROS_PYTHON_VERSION': '3', '_colcon_cd_root': '/home/user/Projects/dev_ws', 'COLCON_PREFIX_PATH': '/home/user/Projects/ros2_ws/install', 'ROS_DISTRO': 'foxy', 'PROXIMITY': '1', '_': '/usr/bin/colcon', 'ROS_VERSION': '2', 'NVIDIA_DRIVER_CAPABILITIES': 'graphics', 'TERM': 'xterm', 'ROS_LOCALHOST_ONLY': '0', 'QT_X11_NO_MITSHM': '1', 'PATH': '/home/user/.local/bin:/opt/ros/foxy/bin:/home/user/bin:/usr/local/sbin:/usr/local/bin:/usr/sbin:/usr/bin:/sbin:/bin', 'DISPLAY': ':1', 'LANG': 'C.UTF-8', 'LS_COLORS': ':di=1;33:ln=36', 'AMENT_PREFIX_PATH': '/home/user/Projects/ros2_ws/install/realsense2_description:/home/user/Projects/ros2_ws/install/realsense2_camera:/home/user/Projects/ros2_ws/install/realsense2_camera_msgs:/home/user/Projects/ros2_ws/install/object_avoidance:/opt/ros/foxy', 'DEFAULT_THROTTLE': '30', 'AVOIDANCE_DISTANCE': '5', 'PWD': '/home/user/Projects/ros2_ws/build/object_avoidance', 'END_NODE_ID': '140', 'LC_ALL': 'C.UTF-8', 'PYTHONPATH': '/home/user/Projects/ros2_ws/install/object_avoidance/lib/python3.8/site-packages:/home/user/Projects/ros2_ws/install/realsense2_camera_msgs/lib/python3.8/site-packages:/home/user/Projects/ros2_ws/install/object_avoidance/lib/python3.8/site-packages:/opt/ros/foxy/lib/python3.8/site-packages', 'NVIDIA_VISIBLE_DEVICES': 'all', 'COLCON': '1', 'CMAKE_PREFIX_PATH': '/home/user/Projects/ros2_ws/install/realsense2_description:/home/user/Projects/ros2_ws/install/realsense2_camera:/home/user/Projects/ros2_ws/install/realsense2_camera_msgs', 'AVOIDANCE_ANGLE': '20'}, 'shell': False}
[0.541681] (realsense2_description) CommandEnded: {'returncode': 0}
[0.558506] (realsense2_camera) StdoutLine: {'line': b'[ 12%] Built target realsense2_camera_node\n'}
[0.561469] (realsense2_description) JobProgress: {'identifier': 'realsense2_description', 'progress': 'install'}
[0.562673] (realsense2_description) Command: {'cmd': ['/usr/bin/cmake', '--install', '/home/user/Projects/ros2_ws/build/realsense2_description'], 'cwd': '/home/user/Projects/ros2_ws/build/realsense2_description', 'env': OrderedDict([('HOSTNAME', 'GS65-Ubuntu'), ('SHLVL', '1'), ('LD_LIBRARY_PATH', '/home/user/Projects/ros2_ws/install/realsense2_camera_msgs/lib:/home/user/Projects/ros2_ws/install/realsense2_camera/lib:/opt/ros/foxy/opt/yaml_cpp_vendor/lib:/opt/ros/foxy/opt/rviz_ogre_vendor/lib:/opt/ros/foxy/lib/x86_64-linux-gnu:/opt/ros/foxy/lib'), ('HOME', '/home/user'), ('OLDPWD', '/home/user'), ('PYTHONUNBUFFERED', '1'), ('ROS_PYTHON_VERSION', '3'), ('_colcon_cd_root', '/home/user/Projects/dev_ws'), ('COLCON_PREFIX_PATH', '/home/user/Projects/ros2_ws/install'), ('ROS_DISTRO', 'foxy'), ('PROXIMITY', '1'), ('_', '/usr/bin/colcon'), ('ROS_VERSION', '2'), ('NVIDIA_DRIVER_CAPABILITIES', 'graphics'), ('TERM', 'xterm'), ('ROS_LOCALHOST_ONLY', '0'), ('QT_X11_NO_MITSHM', '1'), ('PATH', '/home/user/.local/bin:/opt/ros/foxy/bin:/home/user/bin:/usr/local/sbin:/usr/local/bin:/usr/sbin:/usr/bin:/sbin:/bin'), ('DISPLAY', ':1'), ('LANG', 'C.UTF-8'), ('LS_COLORS', ':di=1;33:ln=36'), ('AMENT_PREFIX_PATH', '/home/user/Projects/ros2_ws/install/realsense2_description:/home/user/Projects/ros2_ws/install/realsense2_camera:/home/user/Projects/ros2_ws/install/realsense2_camera_msgs:/home/user/Projects/ros2_ws/install/object_avoidance:/opt/ros/foxy'), ('DEFAULT_THROTTLE', '30'), ('AVOIDANCE_DISTANCE', '5'), ('PWD', '/home/user/Projects/ros2_ws/build/realsense2_description'), ('END_NODE_ID', '140'), ('LC_ALL', 'C.UTF-8'), ('PYTHONPATH', '/home/user/Projects/ros2_ws/install/realsense2_camera_msgs/lib/python3.8/site-packages:/home/user/Projects/ros2_ws/install/object_avoidance/lib/python3.8/site-packages:/opt/ros/foxy/lib/python3.8/site-packages'), ('NVIDIA_VISIBLE_DEVICES', 'all'), ('COLCON', '1'), ('CMAKE_PREFIX_PATH', '/home/user/Projects/ros2_ws/install/realsense2_camera_msgs:/home/user/Projects/ros2_ws/install/realsense2_description:/home/user/Projects/ros2_ws/install/realsense2_camera:/home/user/Projects/ros2_ws/install/object_avoidance:/opt/ros/foxy'), ('AVOIDANCE_ANGLE', '20')]), 'shell': False}
[0.570233] (realsense2_description) StdoutLine: {'line': b'-- Install configuration: ""\n'}
[0.570599] (realsense2_description) StdoutLine: {'line': b'-- Up-to-date: /home/user/Projects/ros2_ws/install/realsense2_description/share/realsense2_description/launch\n'}
[0.570758] (realsense2_description) StdoutLine: {'line': b'-- Up-to-date: /home/user/Projects/ros2_ws/install/realsense2_description/share/realsense2_description/launch/view_model.launch.py\n'}
[0.570870] (realsense2_description) StdoutLine: {'line': b'-- Up-to-date: /home/user/Projects/ros2_ws/install/realsense2_description/share/realsense2_description/launch/launch_utils.py\n'}
[0.570966] (realsense2_description) StdoutLine: {'line': b'-- Up-to-date: /home/user/Projects/ros2_ws/install/realsense2_description/share/realsense2_description/meshes\n'}
[0.571042] (realsense2_description) StdoutLine: {'line': b'-- Up-to-date: /home/user/Projects/ros2_ws/install/realsense2_description/share/realsense2_description/meshes/d455.stl\n'}
[0.571118] (realsense2_description) StdoutLine: {'line': b'-- Up-to-date: /home/user/Projects/ros2_ws/install/realsense2_description/share/realsense2_description/meshes/plug.stl\n'}
[0.571227] (realsense2_description) StdoutLine: {'line': b'-- Up-to-date: /home/user/Projects/ros2_ws/install/realsense2_description/share/realsense2_description/meshes/d415.stl\n'}
[0.571319] (realsense2_description) StdoutLine: {'line': b'-- Up-to-date: /home/user/Projects/ros2_ws/install/realsense2_description/share/realsense2_description/meshes/l515.dae\n'}
[0.571393] (realsense2_description) StdoutLine: {'line': b'-- Up-to-date: /home/user/Projects/ros2_ws/install/realsense2_description/share/realsense2_description/meshes/d435.dae\n'}
[0.571467] (realsense2_description) StdoutLine: {'line': b'-- Up-to-date: /home/user/Projects/ros2_ws/install/realsense2_description/share/realsense2_description/meshes/plug_collision.stl\n'}
[0.571520] (realsense2_description) StdoutLine: {'line': b'-- Up-to-date: /home/user/Projects/ros2_ws/install/realsense2_description/share/realsense2_description/rviz\n'}
[0.571594] (realsense2_description) StdoutLine: {'line': b'-- Up-to-date: /home/user/Projects/ros2_ws/install/realsense2_description/share/realsense2_description/rviz/urdf.rviz\n'}
[0.571687] (realsense2_description) StdoutLine: {'line': b'-- Up-to-date: /home/user/Projects/ros2_ws/install/realsense2_description/share/realsense2_description/urdf\n'}
[0.571769] (realsense2_description) StdoutLine: {'line': b'-- Up-to-date: /home/user/Projects/ros2_ws/install/realsense2_description/share/realsense2_description/urdf/_d435i_imu_modules.urdf.xacro\n'}
[0.571827] (realsense2_description) StdoutLine: {'line': b'-- Up-to-date: /home/user/Projects/ros2_ws/install/realsense2_description/share/realsense2_description/urdf/_r430.urdf.xacro\n'}
[0.571881] (realsense2_description) StdoutLine: {'line': b'-- Up-to-date: /home/user/Projects/ros2_ws/install/realsense2_description/share/realsense2_description/urdf/_r410.urdf.xacro\n'}
[0.571944] (realsense2_description) StdoutLine: {'line': b'-- Up-to-date: /home/user/Projects/ros2_ws/install/realsense2_description/share/realsense2_description/urdf/_d455.urdf.xacro\n'}
[0.571997] (realsense2_description) StdoutLine: {'line': b'-- Up-to-date: /home/user/Projects/ros2_ws/install/realsense2_description/share/realsense2_description/urdf/test_d455_camera.urdf.xacro\n'}
[0.572050] (realsense2_description) StdoutLine: {'line': b'-- Up-to-date: /home/user/Projects/ros2_ws/install/realsense2_description/share/realsense2_description/urdf/test_d435_multiple_cameras.urdf.xacro\n'}
[0.572102] (realsense2_description) StdoutLine: {'line': b'-- Up-to-date: /home/user/Projects/ros2_ws/install/realsense2_description/share/realsense2_description/urdf/_d435i.urdf.xacro\n'}
[0.572155] (realsense2_description) StdoutLine: {'line': b'-- Up-to-date: /home/user/Projects/ros2_ws/install/realsense2_description/share/realsense2_description/urdf/test_d415_camera.urdf.xacro\n'}
[0.572207] (realsense2_description) StdoutLine: {'line': b'-- Up-to-date: /home/user/Projects/ros2_ws/install/realsense2_description/share/realsense2_description/urdf/_d415.urdf.xacro\n'}
[0.572260] (realsense2_description) StdoutLine: {'line': b'-- Up-to-date: /home/user/Projects/ros2_ws/install/realsense2_description/share/realsense2_description/urdf/test_d435_camera.urdf.xacro\n'}
[0.572312] (realsense2_description) StdoutLine: {'line': b'-- Up-to-date: /home/user/Projects/ros2_ws/install/realsense2_description/share/realsense2_description/urdf/_usb_plug.urdf.xacro\n'}
[0.572364] (realsense2_description) StdoutLine: {'line': b'-- Up-to-date: /home/user/Projects/ros2_ws/install/realsense2_description/share/realsense2_description/urdf/test_d435i_camera.urdf.xacro\n'}
[0.572416] (realsense2_description) StdoutLine: {'line': b'-- Up-to-date: /home/user/Projects/ros2_ws/install/realsense2_description/share/realsense2_description/urdf/test_l515_camera.urdf.xacro\n'}
[0.572468] (realsense2_description) StdoutLine: {'line': b'-- Up-to-date: /home/user/Projects/ros2_ws/install/realsense2_description/share/realsense2_description/urdf/test_r430_camera.urdf.xacro\n'}
[0.572519] (realsense2_description) StdoutLine: {'line': b'-- Up-to-date: /home/user/Projects/ros2_ws/install/realsense2_description/share/realsense2_description/urdf/_l515.urdf.xacro\n'}
[0.572612] (realsense2_description) StdoutLine: {'line': b'-- Up-to-date: /home/user/Projects/ros2_ws/install/realsense2_description/share/realsense2_description/urdf/test_r410_camera.urdf.xacro\n'}
[0.572771] (realsense2_description) StdoutLine: {'line': b'-- Up-to-date: /home/user/Projects/ros2_ws/install/realsense2_description/share/realsense2_description/urdf/_d435.urdf.xacro\n'}
[0.572887] (realsense2_description) StdoutLine: {'line': b'-- Up-to-date: /home/user/Projects/ros2_ws/install/realsense2_description/share/realsense2_description/urdf/_materials.urdf.xacro\n'}
[0.572943] (realsense2_description) StdoutLine: {'line': b'-- Up-to-date: /home/user/Projects/ros2_ws/install/realsense2_description/share/ament_index/resource_index/package_run_dependencies/realsense2_description\n'}
[0.573140] (realsense2_description) StdoutLine: {'line': b'-- Up-to-date: /home/user/Projects/ros2_ws/install/realsense2_description/share/ament_index/resource_index/parent_prefix_path/realsense2_description\n'}
[0.573434] (realsense2_description) StdoutLine: {'line': b'-- Up-to-date: /home/user/Projects/ros2_ws/install/realsense2_description/share/realsense2_description/environment/ament_prefix_path.sh\n'}
[0.574982] (realsense2_description) StdoutLine: {'line': b'-- Up-to-date: /home/user/Projects/ros2_ws/install/realsense2_description/share/realsense2_description/environment/ament_prefix_path.dsv\n'}
[0.575105] (realsense2_description) StdoutLine: {'line': b'-- Up-to-date: /home/user/Projects/ros2_ws/install/realsense2_description/share/realsense2_description/environment/path.sh\n'}
[0.575198] (realsense2_description) StdoutLine: {'line': b'-- Up-to-date: /home/user/Projects/ros2_ws/install/realsense2_description/share/realsense2_description/environment/path.dsv\n'}
[0.575301] (realsense2_description) StdoutLine: {'line': b'-- Up-to-date: /home/user/Projects/ros2_ws/install/realsense2_description/share/realsense2_description/local_setup.bash\n'}
[0.575381] (realsense2_description) StdoutLine: {'line': b'-- Up-to-date: /home/user/Projects/ros2_ws/install/realsense2_description/share/realsense2_description/local_setup.sh\n'}
[0.575499] (realsense2_description) StdoutLine: {'line': b'-- Up-to-date: /home/user/Projects/ros2_ws/install/realsense2_description/share/realsense2_description/local_setup.zsh\n'}
[0.575605] (realsense2_description) StdoutLine: {'line': b'-- Up-to-date: /home/user/Projects/ros2_ws/install/realsense2_description/share/realsense2_description/local_setup.dsv\n'}
[0.575710] (realsense2_description) StdoutLine: {'line': b'-- Installing: /home/user/Projects/ros2_ws/install/realsense2_description/share/realsense2_description/package.dsv\n'}
[0.575845] (realsense2_description) StdoutLine: {'line': b'-- Up-to-date: /home/user/Projects/ros2_ws/install/realsense2_description/share/ament_index/resource_index/packages/realsense2_description\n'}
[0.575948] (realsense2_description) StdoutLine: {'line': b'-- Up-to-date: /home/user/Projects/ros2_ws/install/realsense2_description/share/realsense2_description/cmake/realsense2_descriptionConfig.cmake\n'}
[0.576047] (realsense2_description) StdoutLine: {'line': b'-- Up-to-date: /home/user/Projects/ros2_ws/install/realsense2_description/share/realsense2_description/cmake/realsense2_descriptionConfig-version.cmake\n'}
[0.576145] (realsense2_description) StdoutLine: {'line': b'-- Up-to-date: /home/user/Projects/ros2_ws/install/realsense2_description/share/realsense2_description/package.xml\n'}
[0.576230] (realsense2_description) CommandEnded: {'returncode': 0}
[0.591923] (realsense2_camera) StdoutLine: {'line': b'[100%] Built target realsense2_camera\n'}
[0.601471] (-) TimerEvent: {}
[0.605803] (realsense2_description) JobEnded: {'identifier': 'realsense2_description', 'rc': 0}
[0.606725] (realsense2_camera) CommandEnded: {'returncode': 0}
[0.650385] (realsense2_camera) JobProgress: {'identifier': 'realsense2_camera', 'progress': 'install'}
[0.651671] (realsense2_camera) Command: {'cmd': ['/usr/bin/cmake', '--install', '/home/user/Projects/ros2_ws/build/realsense2_camera'], 'cwd': '/home/user/Projects/ros2_ws/build/realsense2_camera', 'env': OrderedDict([('HOSTNAME', 'GS65-Ubuntu'), ('SHLVL', '1'), ('LD_LIBRARY_PATH', '/home/user/Projects/ros2_ws/install/realsense2_camera_msgs/lib:/home/user/Projects/ros2_ws/install/realsense2_camera/lib:/opt/ros/foxy/opt/yaml_cpp_vendor/lib:/opt/ros/foxy/opt/rviz_ogre_vendor/lib:/opt/ros/foxy/lib/x86_64-linux-gnu:/opt/ros/foxy/lib'), ('HOME', '/home/user'), ('OLDPWD', '/home/user'), ('PYTHONUNBUFFERED', '1'), ('ROS_PYTHON_VERSION', '3'), ('_colcon_cd_root', '/home/user/Projects/dev_ws'), ('COLCON_PREFIX_PATH', '/home/user/Projects/ros2_ws/install'), ('ROS_DISTRO', 'foxy'), ('PROXIMITY', '1'), ('_', '/usr/bin/colcon'), ('ROS_VERSION', '2'), ('NVIDIA_DRIVER_CAPABILITIES', 'graphics'), ('TERM', 'xterm'), ('ROS_LOCALHOST_ONLY', '0'), ('QT_X11_NO_MITSHM', '1'), ('PATH', '/home/user/.local/bin:/opt/ros/foxy/bin:/home/user/bin:/usr/local/sbin:/usr/local/bin:/usr/sbin:/usr/bin:/sbin:/bin'), ('DISPLAY', ':1'), ('LANG', 'C.UTF-8'), ('LS_COLORS', ':di=1;33:ln=36'), ('AMENT_PREFIX_PATH', '/home/user/Projects/ros2_ws/install/realsense2_description:/home/user/Projects/ros2_ws/install/realsense2_camera:/home/user/Projects/ros2_ws/install/realsense2_camera_msgs:/home/user/Projects/ros2_ws/install/object_avoidance:/opt/ros/foxy'), ('DEFAULT_THROTTLE', '30'), ('AVOIDANCE_DISTANCE', '5'), ('PWD', '/home/user/Projects/ros2_ws/build/realsense2_camera'), ('END_NODE_ID', '140'), ('LC_ALL', 'C.UTF-8'), ('PYTHONPATH', '/home/user/Projects/ros2_ws/install/realsense2_camera_msgs/lib/python3.8/site-packages:/home/user/Projects/ros2_ws/install/object_avoidance/lib/python3.8/site-packages:/opt/ros/foxy/lib/python3.8/site-packages'), ('NVIDIA_VISIBLE_DEVICES', 'all'), ('COLCON', '1'), ('CMAKE_PREFIX_PATH', '/home/user/Projects/ros2_ws/install/realsense2_camera_msgs:/home/user/Projects/ros2_ws/install/realsense2_description:/home/user/Projects/ros2_ws/install/realsense2_camera:/home/user/Projects/ros2_ws/install/object_avoidance:/opt/ros/foxy'), ('AVOIDANCE_ANGLE', '20')]), 'shell': False}
[0.659591] (realsense2_camera) StdoutLine: {'line': b'-- Install configuration: "Release"\n'}
[0.659799] (realsense2_camera) StdoutLine: {'line': b'-- Up-to-date: /home/user/Projects/ros2_ws/install/realsense2_camera/lib/realsense2_camera/realsense2_camera_node\n'}
[0.660184] (realsense2_camera) StdoutLine: {'line': b'-- Up-to-date: /home/user/Projects/ros2_ws/install/realsense2_camera/lib/librealsense2_camera.so\n'}
[0.660385] (realsense2_camera) StdoutLine: {'line': b'-- Up-to-date: /home/user/Projects/ros2_ws/install/realsense2_camera/include\n'}
[0.660592] (realsense2_camera) StdoutLine: {'line': b'-- Up-to-date: /home/user/Projects/ros2_ws/install/realsense2_camera/include/ros_utils.h\n'}
[0.660743] (realsense2_camera) StdoutLine: {'line': b'-- Up-to-date: /home/user/Projects/ros2_ws/install/realsense2_camera/include/ros_param_backend.h\n'}
[0.660856] (realsense2_camera) StdoutLine: {'line': b'-- Up-to-date: /home/user/Projects/ros2_ws/install/realsense2_camera/include/realsense_node_factory.h\n'}
[0.660960] (realsense2_camera) StdoutLine: {'line': b'-- Up-to-date: /home/user/Projects/ros2_ws/install/realsense2_camera/include/base_realsense_node.h\n'}
[0.661070] (realsense2_camera) StdoutLine: {'line': b'-- Up-to-date: /home/user/Projects/ros2_ws/install/realsense2_camera/include/profile_manager.h\n'}
[0.661173] (realsense2_camera) StdoutLine: {'line': b'-- Up-to-date: /home/user/Projects/ros2_ws/install/realsense2_camera/include/constants.h\n'}
[0.661300] (realsense2_camera) StdoutLine: {'line': b'-- Up-to-date: /home/user/Projects/ros2_ws/install/realsense2_camera/include/sensor_params.h\n'}
[0.661397] (realsense2_camera) StdoutLine: {'line': b'-- Up-to-date: /home/user/Projects/ros2_ws/install/realsense2_camera/include/named_filter.h\n'}
[0.661454] (realsense2_camera) StdoutLine: {'line': b'-- Up-to-date: /home/user/Projects/ros2_ws/install/realsense2_camera/include/t265_realsense_node.h\n'}
[0.661508] (realsense2_camera) StdoutLine: {'line': b'-- Up-to-date: /home/user/Projects/ros2_ws/install/realsense2_camera/include/ros_sensor.h\n'}
[0.661597] (realsense2_camera) StdoutLine: {'line': b'-- Up-to-date: /home/user/Projects/ros2_ws/install/realsense2_camera/include/image_publisher.h\n'}
[0.661725] (realsense2_camera) StdoutLine: {'line': b'-- Up-to-date: /home/user/Projects/ros2_ws/install/realsense2_camera/include/dynamic_params.h\n'}
[0.661846] (realsense2_camera) StdoutLine: {'line': b'-- Up-to-date: /home/user/Projects/ros2_ws/install/realsense2_camera/share/realsense2_camera/launch\n'}
[0.661929] (realsense2_camera) StdoutLine: {'line': b'-- Up-to-date: /home/user/Projects/ros2_ws/install/realsense2_camera/share/realsense2_camera/launch/rs_intra_process_demo_launch.py\n'}
[0.661986] (realsense2_camera) StdoutLine: {'line': b'-- Up-to-date: /home/user/Projects/ros2_ws/install/realsense2_camera/share/realsense2_camera/launch/rs_multi_camera_launch.py\n'}
[0.662045] (realsense2_camera) StdoutLine: {'line': b'-- Up-to-date: /home/user/Projects/ros2_ws/install/realsense2_camera/share/realsense2_camera/launch/rs_d400_and_t265_launch.py\n'}
[0.662100] (realsense2_camera) StdoutLine: {'line': b'-- Up-to-date: /home/user/Projects/ros2_ws/install/realsense2_camera/share/realsense2_camera/launch/rs_launch.py\n'}
[0.662154] (realsense2_camera) StdoutLine: {'line': b'-- Up-to-date: /home/user/Projects/ros2_ws/install/realsense2_camera/share/realsense2_camera/launch/default.rviz\n'}
[0.662208] (realsense2_camera) StdoutLine: {'line': b'-- Up-to-date: /home/user/Projects/ros2_ws/install/realsense2_camera/share/realsense2_camera/environment/library_path.sh\n'}
[0.662262] (realsense2_camera) StdoutLine: {'line': b'-- Up-to-date: /home/user/Projects/ros2_ws/install/realsense2_camera/share/realsense2_camera/environment/library_path.dsv\n'}
[0.662316] (realsense2_camera) StdoutLine: {'line': b'-- Up-to-date: /home/user/Projects/ros2_ws/install/realsense2_camera/share/ament_index/resource_index/package_run_dependencies/realsense2_camera\n'}
[0.662372] (realsense2_camera) StdoutLine: {'line': b'-- Up-to-date: /home/user/Projects/ros2_ws/install/realsense2_camera/share/ament_index/resource_index/parent_prefix_path/realsense2_camera\n'}
[0.662425] (realsense2_camera) StdoutLine: {'line': b'-- Up-to-date: /home/user/Projects/ros2_ws/install/realsense2_camera/share/realsense2_camera/environment/ament_prefix_path.sh\n'}
[0.662478] (realsense2_camera) StdoutLine: {'line': b'-- Up-to-date: /home/user/Projects/ros2_ws/install/realsense2_camera/share/realsense2_camera/environment/ament_prefix_path.dsv\n'}
[0.662532] (realsense2_camera) StdoutLine: {'line': b'-- Up-to-date: /home/user/Projects/ros2_ws/install/realsense2_camera/share/realsense2_camera/environment/path.sh\n'}
[0.662585] (realsense2_camera) StdoutLine: {'line': b'-- Up-to-date: /home/user/Projects/ros2_ws/install/realsense2_camera/share/realsense2_camera/environment/path.dsv\n'}
[0.662638] (realsense2_camera) StdoutLine: {'line': b'-- Up-to-date: /home/user/Projects/ros2_ws/install/realsense2_camera/share/realsense2_camera/local_setup.bash\n'}
[0.662691] (realsense2_camera) StdoutLine: {'line': b'-- Up-to-date: /home/user/Projects/ros2_ws/install/realsense2_camera/share/realsense2_camera/local_setup.sh\n'}
[0.662785] (realsense2_camera) StdoutLine: {'line': b'-- Up-to-date: /home/user/Projects/ros2_ws/install/realsense2_camera/share/realsense2_camera/local_setup.zsh\n'}
[0.663014] (realsense2_camera) StdoutLine: {'line': b'-- Up-to-date: /home/user/Projects/ros2_ws/install/realsense2_camera/share/realsense2_camera/local_setup.dsv\n'}
[0.663125] (realsense2_camera) StdoutLine: {'line': b'-- Installing: /home/user/Projects/ros2_ws/install/realsense2_camera/share/realsense2_camera/package.dsv\n'}
[0.663183] (realsense2_camera) StdoutLine: {'line': b'-- Up-to-date: /home/user/Projects/ros2_ws/install/realsense2_camera/share/ament_index/resource_index/packages/realsense2_camera\n'}
[0.663494] (realsense2_camera) StdoutLine: {'line': b'-- Up-to-date: /home/user/Projects/ros2_ws/install/realsense2_camera/share/ament_index/resource_index/rclcpp_components/realsense2_camera\n'}
[0.663859] (realsense2_camera) StdoutLine: {'line': b'-- Up-to-date: /home/user/Projects/ros2_ws/install/realsense2_camera/share/realsense2_camera/cmake/ament_cmake_export_include_directories-extras.cmake\n'}
[0.665126] (realsense2_camera) StdoutLine: {'line': b'-- Up-to-date: /home/user/Projects/ros2_ws/install/realsense2_camera/share/realsense2_camera/cmake/ament_cmake_export_libraries-extras.cmake\n'}
[0.665235] (realsense2_camera) StdoutLine: {'line': b'-- Up-to-date: /home/user/Projects/ros2_ws/install/realsense2_camera/share/realsense2_camera/cmake/ament_cmake_export_dependencies-extras.cmake\n'}
[0.665305] (realsense2_camera) StdoutLine: {'line': b'-- Up-to-date: /home/user/Projects/ros2_ws/install/realsense2_camera/share/realsense2_camera/cmake/realsense2_cameraConfig.cmake\n'}
[0.665405] (realsense2_camera) StdoutLine: {'line': b'-- Up-to-date: /home/user/Projects/ros2_ws/install/realsense2_camera/share/realsense2_camera/cmake/realsense2_cameraConfig-version.cmake\n'}
[0.665488] (realsense2_camera) StdoutLine: {'line': b'-- Up-to-date: /home/user/Projects/ros2_ws/install/realsense2_camera/share/realsense2_camera/package.xml\n'}
[0.665597] (realsense2_camera) CommandEnded: {'returncode': 0}
[0.701603] (-) TimerEvent: {}
[0.708343] (object_avoidance) StdoutLine: {'line': b'running egg_info\n'}
[0.708805] (object_avoidance) StdoutLine: {'line': b'writing ../../build/object_avoidance/object_avoidance.egg-info/PKG-INFO\n'}
[0.709147] (object_avoidance) StdoutLine: {'line': b'writing dependency_links to ../../build/object_avoidance/object_avoidance.egg-info/dependency_links.txt\n'}
[0.709256] (object_avoidance) StdoutLine: {'line': b'writing entry points to ../../build/object_avoidance/object_avoidance.egg-info/entry_points.txt\n'}
[0.709323] (object_avoidance) StdoutLine: {'line': b'writing requirements to ../../build/object_avoidance/object_avoidance.egg-info/requires.txt\n'}
[0.709487] (object_avoidance) StdoutLine: {'line': b'writing top-level names to ../../build/object_avoidance/object_avoidance.egg-info/top_level.txt\n'}
[0.722668] (realsense2_camera) JobEnded: {'identifier': 'realsense2_camera', 'rc': 0}
[0.739115] (object_avoidance) StdoutLine: {'line': b"reading manifest file '../../build/object_avoidance/object_avoidance.egg-info/SOURCES.txt'\n"}
[0.739811] (object_avoidance) StdoutLine: {'line': b"writing manifest file '../../build/object_avoidance/object_avoidance.egg-info/SOURCES.txt'\n"}
[0.740022] (object_avoidance) StdoutLine: {'line': b'running build\n'}
[0.740110] (object_avoidance) StdoutLine: {'line': b'running build_py\n'}
[0.740172] (object_avoidance) StdoutLine: {'line': b'copying object_avoidance/object_detection.py -> /home/user/Projects/ros2_ws/build/object_avoidance/build/lib/object_avoidance\n'}
[0.740366] (object_avoidance) StdoutLine: {'line': b'running install\n'}
[0.740998] (object_avoidance) StdoutLine: {'line': b'running install_lib\n'}
[0.741799] (object_avoidance) StdoutLine: {'line': b'copying /home/user/Projects/ros2_ws/build/object_avoidance/build/lib/object_avoidance/object_detection.py -> /home/user/Projects/ros2_ws/install/object_avoidance/lib/python3.8/site-packages/object_avoidance\n'}
[0.742294] (object_avoidance) StdoutLine: {'line': b'byte-compiling /home/user/Projects/ros2_ws/install/object_avoidance/lib/python3.8/site-packages/object_avoidance/object_detection.py to object_detection.cpython-38.pyc\n'}
[0.743952] (object_avoidance) StdoutLine: {'line': b'running install_data\n'}
[0.744316] (object_avoidance) StdoutLine: {'line': b'running install_egg_info\n'}
[0.745568] (object_avoidance) StdoutLine: {'line': b"removing '/home/user/Projects/ros2_ws/install/object_avoidance/lib/python3.8/site-packages/object_avoidance-0.0.1-py3.8.egg-info' (and everything under it)\n"}
[0.745796] (object_avoidance) StdoutLine: {'line': b'Copying ../../build/object_avoidance/object_avoidance.egg-info to /home/user/Projects/ros2_ws/install/object_avoidance/lib/python3.8/site-packages/object_avoidance-0.0.1-py3.8.egg-info\n'}
[0.746490] (object_avoidance) StdoutLine: {'line': b'running install_scripts\n'}
[0.761034] (object_avoidance) StdoutLine: {'line': b'Installing object_detection script to /home/user/Projects/ros2_ws/install/object_avoidance/lib/object_avoidance\n'}
[0.761286] (object_avoidance) StdoutLine: {'line': b'Installing obstacle_avoidance script to /home/user/Projects/ros2_ws/install/object_avoidance/lib/object_avoidance\n'}
[0.761383] (object_avoidance) StdoutLine: {'line': b'Installing obstacle_brake script to /home/user/Projects/ros2_ws/install/object_avoidance/lib/object_avoidance\n'}
[0.761519] (object_avoidance) StdoutLine: {'line': b"writing list of installed files to '/home/user/Projects/ros2_ws/build/object_avoidance/install.log'\n"}
[0.778092] (object_avoidance) CommandEnded: {'returncode': 0}
[0.782841] (object_avoidance) JobEnded: {'identifier': 'object_avoidance', 'rc': 0}
[0.783463] (-) EventReactorShutdown: {}
