[0.000000] (-) TimerEvent: {}
[0.000098] (object_avoidance) JobQueued: {'identifier': 'object_avoidance', 'dependencies': OrderedDict()}
[0.000127] (object_avoidance) JobStarted: {'identifier': 'object_avoidance'}
[0.099302] (-) TimerEvent: {}
[0.199628] (-) TimerEvent: {}
[0.299871] (-) TimerEvent: {}
[0.400128] (-) TimerEvent: {}
[0.500361] (-) TimerEvent: {}
[0.600595] (-) TimerEvent: {}
[0.700895] (-) TimerEvent: {}
[0.801300] (-) TimerEvent: {}
[0.901533] (-) TimerEvent: {}
[1.001775] (-) TimerEvent: {}
[1.102009] (-) TimerEvent: {}
[1.202240] (-) TimerEvent: {}
[1.302473] (-) TimerEvent: {}
[1.402728] (-) TimerEvent: {}
[1.502948] (-) TimerEvent: {}
[1.549565] (object_avoidance) Command: {'cmd': ['/usr/bin/python3', 'setup.py', 'egg_info', '--egg-base', '../../build/object_avoidance', 'build', '--build-base', '/home/user/Projects/ros2_ws/build/object_avoidance/build', 'install', '--prefix', '/home/user/Projects/ros2_ws/install/object_avoidance', '--record', '/home/user/Projects/ros2_ws/build/object_avoidance/install.log', '--single-version-externally-managed'], 'cwd': '/home/user/Projects/ros2_ws/src/object_avoidance', 'env': {'HOSTNAME': 'GS65-Ubuntu', 'SHLVL': '1', 'LD_LIBRARY_PATH': '/opt/ros/foxy/opt/yaml_cpp_vendor/lib:/opt/ros/foxy/opt/rviz_ogre_vendor/lib:/opt/ros/foxy/lib/x86_64-linux-gnu:/opt/ros/foxy/lib', 'HOME': '/home/user', 'OLDPWD': '/home/user', 'PYTHONUNBUFFERED': '1', 'ROS_PYTHON_VERSION': '3', '_colcon_cd_root': '/home/user/Projects/dev_ws', 'COLCON_PREFIX_PATH': '/home/user/Projects/ros2_ws/install', 'ROS_DISTRO': 'foxy', 'PROXIMITY': '1', '_': '/usr/bin/colcon', 'ROS_VERSION': '2', 'NVIDIA_DRIVER_CAPABILITIES': 'graphics', 'TERM': 'xterm', 'ROS_LOCALHOST_ONLY': '0', 'QT_X11_NO_MITSHM': '1', 'PATH': '/home/user/.local/bin:/opt/ros/foxy/bin:/home/user/bin:/usr/local/sbin:/usr/local/bin:/usr/sbin:/usr/bin:/sbin:/bin', 'DISPLAY': ':1', 'LANG': 'C.UTF-8', 'LS_COLORS': ':di=1;33:ln=36', 'AMENT_PREFIX_PATH': '/home/user/Projects/ros2_ws/install/object_avoidance:/opt/ros/foxy', 'DEFAULT_THROTTLE': '30', 'AVOIDANCE_DISTANCE': '5', 'PWD': '/home/user/Projects/ros2_ws/build/object_avoidance', 'END_NODE_ID': '140', 'LC_ALL': 'C.UTF-8', 'PYTHONPATH': '/home/user/Projects/ros2_ws/install/object_avoidance/lib/python3.8/site-packages:/home/user/Projects/ros2_ws/install/object_avoidance/lib/python3.8/site-packages:/opt/ros/foxy/lib/python3.8/site-packages', 'NVIDIA_VISIBLE_DEVICES': 'all', 'COLCON': '1', 'AVOIDANCE_ANGLE': '20'}, 'shell': False}
[1.603069] (-) TimerEvent: {}
[1.703410] (-) TimerEvent: {}
[1.803643] (-) TimerEvent: {}
[1.903877] (-) TimerEvent: {}
[2.004079] (-) TimerEvent: {}
[2.104313] (-) TimerEvent: {}
[2.204545] (-) TimerEvent: {}
[2.302727] (object_avoidance) StdoutLine: {'line': b'running egg_info\n'}
[2.304643] (-) TimerEvent: {}
[2.359193] (object_avoidance) StdoutLine: {'line': b'writing ../../build/object_avoidance/object_avoidance.egg-info/PKG-INFO\n'}
[2.404789] (-) TimerEvent: {}
[2.405574] (object_avoidance) StdoutLine: {'line': b'writing dependency_links to ../../build/object_avoidance/object_avoidance.egg-info/dependency_links.txt\n'}
[2.504846] (-) TimerEvent: {}
[2.544012] (object_avoidance) StdoutLine: {'line': b'writing entry points to ../../build/object_avoidance/object_avoidance.egg-info/entry_points.txt\n'}
[2.604927] (-) TimerEvent: {}
[2.636687] (object_avoidance) StdoutLine: {'line': b'writing requirements to ../../build/object_avoidance/object_avoidance.egg-info/requires.txt\n'}
[2.682955] (object_avoidance) StdoutLine: {'line': b'writing top-level names to ../../build/object_avoidance/object_avoidance.egg-info/top_level.txt\n'}
[2.705063] (-) TimerEvent: {}
[2.751099] (object_avoidance) StdoutLine: {'line': b"reading manifest file '../../build/object_avoidance/object_avoidance.egg-info/SOURCES.txt'\n"}
[2.751834] (object_avoidance) StdoutLine: {'line': b"writing manifest file '../../build/object_avoidance/object_avoidance.egg-info/SOURCES.txt'\n"}
[2.752014] (object_avoidance) StdoutLine: {'line': b'running build\n'}
[2.752097] (object_avoidance) StdoutLine: {'line': b'running build_py\n'}
[2.752184] (object_avoidance) StdoutLine: {'line': b'copying object_avoidance/object_detection.py -> /home/user/Projects/ros2_ws/build/object_avoidance/build/lib/object_avoidance\n'}
[2.752359] (object_avoidance) StdoutLine: {'line': b'running install\n'}
[2.752518] (object_avoidance) StderrLine: {'line': b'/usr/local/lib/python3.8/dist-packages/setuptools/command/install.py:34: SetuptoolsDeprecationWarning: setup.py install is deprecated. Use build and pip and other standards-based tools.\n'}
[2.752609] (object_avoidance) StderrLine: {'line': b'  warnings.warn(\n'}
[2.756886] (object_avoidance) StdoutLine: {'line': b'running install_lib\n'}
[2.805174] (-) TimerEvent: {}
[2.812869] (object_avoidance) StdoutLine: {'line': b'copying /home/user/Projects/ros2_ws/build/object_avoidance/build/lib/object_avoidance/object_detection.py -> /home/user/Projects/ros2_ws/install/object_avoidance/lib/python3.8/site-packages/object_avoidance\n'}
[2.813318] (object_avoidance) StdoutLine: {'line': b'byte-compiling /home/user/Projects/ros2_ws/install/object_avoidance/lib/python3.8/site-packages/object_avoidance/object_detection.py to object_detection.cpython-38.pyc\n'}
[2.814083] (object_avoidance) StdoutLine: {'line': b'running install_data\n'}
[2.823674] (object_avoidance) StdoutLine: {'line': b'running install_egg_info\n'}
[2.889545] (object_avoidance) StdoutLine: {'line': b"removing '/home/user/Projects/ros2_ws/install/object_avoidance/lib/python3.8/site-packages/object_avoidance-0.0.4-py3.8.egg-info' (and everything under it)\n"}
[2.889758] (object_avoidance) StdoutLine: {'line': b'Copying ../../build/object_avoidance/object_avoidance.egg-info to /home/user/Projects/ros2_ws/install/object_avoidance/lib/python3.8/site-packages/object_avoidance-0.0.4-py3.8.egg-info\n'}
[2.890434] (object_avoidance) StdoutLine: {'line': b'running install_scripts\n'}
[2.905279] (-) TimerEvent: {}
[2.987120] (object_avoidance) StdoutLine: {'line': b'Installing object_detection script to /home/user/Projects/ros2_ws/install/object_avoidance/lib/object_avoidance\n'}
[2.987402] (object_avoidance) StdoutLine: {'line': b"writing list of installed files to '/home/user/Projects/ros2_ws/build/object_avoidance/install.log'\n"}
[3.005403] (-) TimerEvent: {}
[3.018066] (object_avoidance) CommandEnded: {'returncode': 0}
[3.029025] (object_avoidance) JobEnded: {'identifier': 'object_avoidance', 'rc': 0}
[3.029824] (-) EventReactorShutdown: {}
