[0.000000] (-) TimerEvent: {}
[0.000432] (object_avoidance) JobQueued: {'identifier': 'object_avoidance', 'dependencies': OrderedDict()}
[0.000926] (object_avoidance) JobStarted: {'identifier': 'object_avoidance'}
[0.100101] (-) TimerEvent: {}
[0.200432] (-) TimerEvent: {}
[0.300690] (-) TimerEvent: {}
[0.400957] (-) TimerEvent: {}
[0.501188] (-) TimerEvent: {}
[0.601402] (-) TimerEvent: {}
[0.701709] (-) TimerEvent: {}
[0.802013] (-) TimerEvent: {}
[0.902248] (-) TimerEvent: {}
[1.002484] (-) TimerEvent: {}
[1.102717] (-) TimerEvent: {}
[1.202920] (-) TimerEvent: {}
[1.303156] (-) TimerEvent: {}
[1.403382] (-) TimerEvent: {}
[1.503643] (-) TimerEvent: {}
[1.553413] (object_avoidance) Command: {'cmd': ['/usr/bin/python3', 'setup.py', 'egg_info', '--egg-base', '../../build/object_avoidance', 'build', '--build-base', '/home/user/Projects/ros2_ws/build/object_avoidance/build', 'install', '--prefix', '/home/user/Projects/ros2_ws/install/object_avoidance', '--record', '/home/user/Projects/ros2_ws/build/object_avoidance/install.log', '--single-version-externally-managed'], 'cwd': '/home/user/Projects/ros2_ws/src/object_avoidance', 'env': {'HOSTNAME': 'GS65-Ubuntu', 'SHLVL': '1', 'LD_LIBRARY_PATH': '/opt/ros/foxy/opt/yaml_cpp_vendor/lib:/opt/ros/foxy/opt/rviz_ogre_vendor/lib:/opt/ros/foxy/lib/x86_64-linux-gnu:/opt/ros/foxy/lib', 'HOME': '/home/user', 'OLDPWD': '/home/user', 'PYTHONUNBUFFERED': '1', 'ROS_PYTHON_VERSION': '3', '_colcon_cd_root': '/home/user/Projects/dev_ws', 'COLCON_PREFIX_PATH': '/home/user/Projects/ros2_ws/install', 'ROS_DISTRO': 'foxy', 'PROXIMITY': '1', '_': '/usr/bin/colcon', 'ROS_VERSION': '2', 'NVIDIA_DRIVER_CAPABILITIES': 'graphics', 'TERM': 'xterm', 'ROS_LOCALHOST_ONLY': '0', 'QT_X11_NO_MITSHM': '1', 'PATH': '/home/user/.local/bin:/opt/ros/foxy/bin:/home/user/bin:/usr/local/sbin:/usr/local/bin:/usr/sbin:/usr/bin:/sbin:/bin', 'DISPLAY': ':1', 'LANG': 'C.UTF-8', 'LS_COLORS': ':di=1;33:ln=36', 'AMENT_PREFIX_PATH': '/home/user/Projects/ros2_ws/install/object_avoidance:/opt/ros/foxy', 'DEFAULT_THROTTLE': '30', 'AVOIDANCE_DISTANCE': '5', 'PWD': '/home/user/Projects/ros2_ws/build/object_avoidance', 'END_NODE_ID': '140', 'LC_ALL': 'C.UTF-8', 'PYTHONPATH': '/home/user/Projects/ros2_ws/install/object_avoidance/lib/python3.8/site-packages:/home/user/Projects/ros2_ws/install/object_avoidance/lib/python3.8/site-packages:/opt/ros/foxy/lib/python3.8/site-packages', 'NVIDIA_VISIBLE_DEVICES': 'all', 'COLCON': '1', 'AVOIDANCE_ANGLE': '20'}, 'shell': False}
[1.603796] (-) TimerEvent: {}
[1.704093] (-) TimerEvent: {}
[1.804335] (-) TimerEvent: {}
[1.904613] (-) TimerEvent: {}
[2.004818] (-) TimerEvent: {}
[2.105039] (-) TimerEvent: {}
[2.205264] (-) TimerEvent: {}
[2.299634] (object_avoidance) StdoutLine: {'line': b'running egg_info\n'}
[2.305365] (-) TimerEvent: {}
[2.355140] (object_avoidance) StdoutLine: {'line': b'writing ../../build/object_avoidance/object_avoidance.egg-info/PKG-INFO\n'}
[2.400416] (object_avoidance) StdoutLine: {'line': b'writing dependency_links to ../../build/object_avoidance/object_avoidance.egg-info/dependency_links.txt\n'}
[2.405469] (-) TimerEvent: {}
[2.505728] (-) TimerEvent: {}
[2.536559] (object_avoidance) StdoutLine: {'line': b'writing entry points to ../../build/object_avoidance/object_avoidance.egg-info/entry_points.txt\n'}
[2.605844] (-) TimerEvent: {}
[2.627146] (object_avoidance) StdoutLine: {'line': b'writing requirements to ../../build/object_avoidance/object_avoidance.egg-info/requires.txt\n'}
[2.672462] (object_avoidance) StdoutLine: {'line': b'writing top-level names to ../../build/object_avoidance/object_avoidance.egg-info/top_level.txt\n'}
[2.705956] (-) TimerEvent: {}
[2.739503] (object_avoidance) StdoutLine: {'line': b"reading manifest file '../../build/object_avoidance/object_avoidance.egg-info/SOURCES.txt'\n"}
[2.740204] (object_avoidance) StdoutLine: {'line': b"writing manifest file '../../build/object_avoidance/object_avoidance.egg-info/SOURCES.txt'\n"}
[2.740374] (object_avoidance) StdoutLine: {'line': b'running build\n'}
[2.740467] (object_avoidance) StdoutLine: {'line': b'running build_py\n'}
[2.740537] (object_avoidance) StdoutLine: {'line': b'copying object_avoidance/object_detection.py -> /home/user/Projects/ros2_ws/build/object_avoidance/build/lib/object_avoidance\n'}
[2.740704] (object_avoidance) StdoutLine: {'line': b'running install\n'}
[2.740913] (object_avoidance) StderrLine: {'line': b'/usr/local/lib/python3.8/dist-packages/setuptools/command/install.py:34: SetuptoolsDeprecationWarning: setup.py install is deprecated. Use build and pip and other standards-based tools.\n'}
[2.740997] (object_avoidance) StderrLine: {'line': b'  warnings.warn(\n'}
[2.745279] (object_avoidance) StdoutLine: {'line': b'running install_lib\n'}
[2.800057] (object_avoidance) StdoutLine: {'line': b'copying /home/user/Projects/ros2_ws/build/object_avoidance/build/lib/object_avoidance/object_detection.py -> /home/user/Projects/ros2_ws/install/object_avoidance/lib/python3.8/site-packages/object_avoidance\n'}
[2.800468] (object_avoidance) StdoutLine: {'line': b'byte-compiling /home/user/Projects/ros2_ws/install/object_avoidance/lib/python3.8/site-packages/object_avoidance/object_detection.py to object_detection.cpython-38.pyc\n'}
[2.800923] (object_avoidance) StderrLine: {'line': b'  File "/home/user/Projects/ros2_ws/install/object_avoidance/lib/python3.8/site-packages/object_avoidance/object_detection.py", line 93\n'}
[2.801094] (object_avoidance) StderrLine: {'line': b'    await sleep(0.01s)\n'}
[2.801155] (object_avoidance) StderrLine: {'line': b'                    ^\n'}
[2.801210] (object_avoidance) StderrLine: {'line': b'SyntaxError: invalid syntax\n'}
[2.801265] (object_avoidance) StderrLine: {'line': b'\n'}
[2.801317] (object_avoidance) StdoutLine: {'line': b'running install_data\n'}
[2.806054] (-) TimerEvent: {}
[2.810777] (object_avoidance) StdoutLine: {'line': b'running install_egg_info\n'}
[2.875123] (object_avoidance) StdoutLine: {'line': b"removing '/home/user/Projects/ros2_ws/install/object_avoidance/lib/python3.8/site-packages/object_avoidance-0.0.4-py3.8.egg-info' (and everything under it)\n"}
[2.875339] (object_avoidance) StdoutLine: {'line': b'Copying ../../build/object_avoidance/object_avoidance.egg-info to /home/user/Projects/ros2_ws/install/object_avoidance/lib/python3.8/site-packages/object_avoidance-0.0.4-py3.8.egg-info\n'}
[2.875999] (object_avoidance) StdoutLine: {'line': b'running install_scripts\n'}
[2.906175] (-) TimerEvent: {}
[2.972359] (object_avoidance) StdoutLine: {'line': b'Installing object_detection script to /home/user/Projects/ros2_ws/install/object_avoidance/lib/object_avoidance\n'}
[2.972637] (object_avoidance) StdoutLine: {'line': b"writing list of installed files to '/home/user/Projects/ros2_ws/build/object_avoidance/install.log'\n"}
[3.002687] (object_avoidance) CommandEnded: {'returncode': 0}
[3.006620] (-) TimerEvent: {}
[3.014017] (object_avoidance) JobEnded: {'identifier': 'object_avoidance', 'rc': 0}
[3.014684] (-) EventReactorShutdown: {}
