[0.000000] (-) TimerEvent: {}
[0.000305] (object_avoidance) JobQueued: {'identifier': 'object_avoidance', 'dependencies': OrderedDict()}
[0.001179] (realsense2_camera_msgs) JobQueued: {'identifier': 'realsense2_camera_msgs', 'dependencies': OrderedDict()}
[0.001224] (realsense2_camera) JobQueued: {'identifier': 'realsense2_camera', 'dependencies': OrderedDict([('realsense2_camera_msgs', '/home/user/Projects/ros2_ws/install/realsense2_camera_msgs')])}
[0.001289] (realsense2_description) JobQueued: {'identifier': 'realsense2_description', 'dependencies': OrderedDict([('realsense2_camera_msgs', '/home/user/Projects/ros2_ws/install/realsense2_camera_msgs')])}
[0.001325] (realsense2_camera_msgs) JobStarted: {'identifier': 'realsense2_camera_msgs'}
[0.009982] (object_avoidance) JobStarted: {'identifier': 'object_avoidance'}
[0.017577] (realsense2_camera_msgs) JobProgress: {'identifier': 'realsense2_camera_msgs', 'progress': 'cmake'}
[0.018401] (realsense2_camera_msgs) JobProgress: {'identifier': 'realsense2_camera_msgs', 'progress': 'build'}
[0.019126] (realsense2_camera_msgs) Command: {'cmd': ['/usr/bin/cmake', '--build', '/home/user/Projects/ros2_ws/build/realsense2_camera_msgs', '--', '-j12', '-l12'], 'cwd': '/home/user/Projects/ros2_ws/build/realsense2_camera_msgs', 'env': OrderedDict([('HOSTNAME', 'GS65-Ubuntu'), ('SHLVL', '1'), ('LD_LIBRARY_PATH', '/home/user/Projects/ros2_ws/install/realsense2_camera/lib:/home/user/Projects/ros2_ws/install/realsense2_camera_msgs/lib:/opt/ros/foxy/opt/yaml_cpp_vendor/lib:/opt/ros/foxy/opt/rviz_ogre_vendor/lib:/opt/ros/foxy/lib/x86_64-linux-gnu:/opt/ros/foxy/lib'), ('HOME', '/home/user'), ('OLDPWD', '/home/user'), ('PYTHONUNBUFFERED', '1'), ('ROS_PYTHON_VERSION', '3'), ('_colcon_cd_root', '/home/user/Projects/dev_ws'), ('COLCON_PREFIX_PATH', '/home/user/Projects/ros2_ws/install'), ('ROS_DISTRO', 'foxy'), ('PROXIMITY', '1'), ('_', '/usr/bin/colcon'), ('ROS_VERSION', '2'), ('NVIDIA_DRIVER_CAPABILITIES', 'graphics'), ('TERM', 'xterm'), ('ROS_LOCALHOST_ONLY', '0'), ('QT_X11_NO_MITSHM', '1'), ('PATH', '/home/user/.local/bin:/opt/ros/foxy/bin:/home/user/bin:/usr/local/sbin:/usr/local/bin:/usr/sbin:/usr/bin:/sbin:/bin'), ('DISPLAY', ':1'), ('LANG', 'C.UTF-8'), ('LS_COLORS', ':di=1;33:ln=36'), ('AMENT_PREFIX_PATH', '/home/user/Projects/ros2_ws/install/realsense2_description:/home/user/Projects/ros2_ws/install/realsense2_camera:/home/user/Projects/ros2_ws/install/realsense2_camera_msgs:/home/user/Projects/ros2_ws/install/object_avoidance:/opt/ros/foxy'), ('DEFAULT_THROTTLE', '30'), ('AVOIDANCE_DISTANCE', '5'), ('PWD', '/home/user/Projects/ros2_ws/build/realsense2_camera_msgs'), ('END_NODE_ID', '140'), ('LC_ALL', 'C.UTF-8'), ('PYTHONPATH', '/home/user/Projects/ros2_ws/install/realsense2_camera_msgs/lib/python3.8/site-packages:/home/user/Projects/ros2_ws/install/object_avoidance/lib/python3.8/site-packages:/opt/ros/foxy/lib/python3.8/site-packages'), ('NVIDIA_VISIBLE_DEVICES', 'all'), ('COLCON', '1'), ('CMAKE_PREFIX_PATH', '/home/user/Projects/ros2_ws/install/realsense2_description:/home/user/Projects/ros2_ws/install/realsense2_camera:/home/user/Projects/ros2_ws/install/realsense2_camera_msgs:/home/user/Projects/ros2_ws/install/object_avoidance:/opt/ros/foxy'), ('AVOIDANCE_ANGLE', '20')]), 'shell': False}
[0.069243] (realsense2_camera_msgs) StdoutLine: {'line': b'[  1%] Built target realsense2_camera_msgs__cpp\n'}
[0.070543] (realsense2_camera_msgs) StdoutLine: {'line': b'[ 12%] Built target realsense2_camera_msgs__rosidl_generator_c\n'}
[0.091486] (realsense2_camera_msgs) StdoutLine: {'line': b'[ 34%] Built target realsense2_camera_msgs__rosidl_typesupport_introspection_cpp\n'}
[0.091732] (realsense2_camera_msgs) StdoutLine: {'line': b'[ 34%] Built target realsense2_camera_msgs__rosidl_typesupport_cpp\n'}
[0.091850] (realsense2_camera_msgs) StdoutLine: {'line': b'[ 45%] Built target realsense2_camera_msgs__rosidl_typesupport_c\n'}
[0.092352] (realsense2_camera_msgs) StdoutLine: {'line': b'[ 56%] Built target realsense2_camera_msgs__rosidl_typesupport_introspection_c\n'}
[0.095162] (realsense2_camera_msgs) StdoutLine: {'line': b'[ 67%] Built target realsense2_camera_msgs__rosidl_typesupport_fastrtps_cpp\n'}
[0.100040] (-) TimerEvent: {}
[0.121259] (realsense2_camera_msgs) StdoutLine: {'line': b'[ 78%] Built target realsense2_camera_msgs__rosidl_typesupport_fastrtps_c\n'}
[0.139608] (realsense2_camera_msgs) StdoutLine: {'line': b'[ 78%] Built target realsense2_camera_msgs\n'}
[0.158253] (realsense2_camera_msgs) StdoutLine: {'line': b'[ 80%] Built target realsense2_camera_msgs__py\n'}
[0.183136] (realsense2_camera_msgs) StdoutLine: {'line': b'[ 89%] Built target realsense2_camera_msgs__python\n'}
[0.200147] (-) TimerEvent: {}
[0.208780] (realsense2_camera_msgs) StdoutLine: {'line': b'[100%] Built target realsense2_camera_msgs__rosidl_typesupport_fastrtps_c__pyext\n'}
[0.208961] (realsense2_camera_msgs) StdoutLine: {'line': b'[100%] Built target realsense2_camera_msgs__rosidl_typesupport_introspection_c__pyext\n'}
[0.209055] (realsense2_camera_msgs) StdoutLine: {'line': b'[100%] Built target realsense2_camera_msgs__rosidl_typesupport_c__pyext\n'}
[0.300262] (-) TimerEvent: {}
[0.400517] (-) TimerEvent: {}
[0.500786] (-) TimerEvent: {}
[0.601036] (-) TimerEvent: {}
[0.682305] (realsense2_camera_msgs) CommandEnded: {'returncode': 0}
[0.701186] (-) TimerEvent: {}
[0.763285] (realsense2_camera_msgs) JobProgress: {'identifier': 'realsense2_camera_msgs', 'progress': 'install'}
[0.773659] (realsense2_camera_msgs) Command: {'cmd': ['/usr/bin/cmake', '--install', '/home/user/Projects/ros2_ws/build/realsense2_camera_msgs'], 'cwd': '/home/user/Projects/ros2_ws/build/realsense2_camera_msgs', 'env': OrderedDict([('HOSTNAME', 'GS65-Ubuntu'), ('SHLVL', '1'), ('LD_LIBRARY_PATH', '/home/user/Projects/ros2_ws/install/realsense2_camera/lib:/home/user/Projects/ros2_ws/install/realsense2_camera_msgs/lib:/opt/ros/foxy/opt/yaml_cpp_vendor/lib:/opt/ros/foxy/opt/rviz_ogre_vendor/lib:/opt/ros/foxy/lib/x86_64-linux-gnu:/opt/ros/foxy/lib'), ('HOME', '/home/user'), ('OLDPWD', '/home/user'), ('PYTHONUNBUFFERED', '1'), ('ROS_PYTHON_VERSION', '3'), ('_colcon_cd_root', '/home/user/Projects/dev_ws'), ('COLCON_PREFIX_PATH', '/home/user/Projects/ros2_ws/install'), ('ROS_DISTRO', 'foxy'), ('PROXIMITY', '1'), ('_', '/usr/bin/colcon'), ('ROS_VERSION', '2'), ('NVIDIA_DRIVER_CAPABILITIES', 'graphics'), ('TERM', 'xterm'), ('ROS_LOCALHOST_ONLY', '0'), ('QT_X11_NO_MITSHM', '1'), ('PATH', '/home/user/.local/bin:/opt/ros/foxy/bin:/home/user/bin:/usr/local/sbin:/usr/local/bin:/usr/sbin:/usr/bin:/sbin:/bin'), ('DISPLAY', ':1'), ('LANG', 'C.UTF-8'), ('LS_COLORS', ':di=1;33:ln=36'), ('AMENT_PREFIX_PATH', '/home/user/Projects/ros2_ws/install/realsense2_description:/home/user/Projects/ros2_ws/install/realsense2_camera:/home/user/Projects/ros2_ws/install/realsense2_camera_msgs:/home/user/Projects/ros2_ws/install/object_avoidance:/opt/ros/foxy'), ('DEFAULT_THROTTLE', '30'), ('AVOIDANCE_DISTANCE', '5'), ('PWD', '/home/user/Projects/ros2_ws/build/realsense2_camera_msgs'), ('END_NODE_ID', '140'), ('LC_ALL', 'C.UTF-8'), ('PYTHONPATH', '/home/user/Projects/ros2_ws/install/realsense2_camera_msgs/lib/python3.8/site-packages:/home/user/Projects/ros2_ws/install/object_avoidance/lib/python3.8/site-packages:/opt/ros/foxy/lib/python3.8/site-packages'), ('NVIDIA_VISIBLE_DEVICES', 'all'), ('COLCON', '1'), ('CMAKE_PREFIX_PATH', '/home/user/Projects/ros2_ws/install/realsense2_description:/home/user/Projects/ros2_ws/install/realsense2_camera:/home/user/Projects/ros2_ws/install/realsense2_camera_msgs:/home/user/Projects/ros2_ws/install/object_avoidance:/opt/ros/foxy'), ('AVOIDANCE_ANGLE', '20')]), 'shell': False}
[0.781670] (realsense2_camera_msgs) StdoutLine: {'line': b'-- Install configuration: ""\n'}
[0.781952] (realsense2_camera_msgs) StdoutLine: {'line': b'-- Up-to-date: /home/user/Projects/ros2_ws/install/realsense2_camera_msgs/share/ament_index/resource_index/rosidl_interfaces/realsense2_camera_msgs\n'}
[0.782183] (realsense2_camera_msgs) StdoutLine: {'line': b'-- Up-to-date: /home/user/Projects/ros2_ws/install/realsense2_camera_msgs/include/realsense2_camera_msgs\n'}
[0.782311] (realsense2_camera_msgs) StdoutLine: {'line': b'-- Up-to-date: /home/user/Projects/ros2_ws/install/realsense2_camera_msgs/include/realsense2_camera_msgs/srv\n'}
[0.782381] (realsense2_camera_msgs) StdoutLine: {'line': b'-- Up-to-date: /home/user/Projects/ros2_ws/install/realsense2_camera_msgs/include/realsense2_camera_msgs/srv/detail\n'}
[0.782450] (realsense2_camera_msgs) StdoutLine: {'line': b'-- Up-to-date: /home/user/Projects/ros2_ws/install/realsense2_camera_msgs/include/realsense2_camera_msgs/srv/detail/device_info__struct.h\n'}
[0.782521] (realsense2_camera_msgs) StdoutLine: {'line': b'-- Up-to-date: /home/user/Projects/ros2_ws/install/realsense2_camera_msgs/include/realsense2_camera_msgs/srv/detail/device_info__type_support.h\n'}
[0.782575] (realsense2_camera_msgs) StdoutLine: {'line': b'-- Up-to-date: /home/user/Projects/ros2_ws/install/realsense2_camera_msgs/include/realsense2_camera_msgs/srv/detail/device_info__functions.h\n'}
[0.782628] (realsense2_camera_msgs) StdoutLine: {'line': b'-- Up-to-date: /home/user/Projects/ros2_ws/install/realsense2_camera_msgs/include/realsense2_camera_msgs/srv/detail/device_info__functions.c\n'}
[0.782697] (realsense2_camera_msgs) StdoutLine: {'line': b'-- Up-to-date: /home/user/Projects/ros2_ws/install/realsense2_camera_msgs/include/realsense2_camera_msgs/srv/device_info.h\n'}
[0.782751] (realsense2_camera_msgs) StdoutLine: {'line': b'-- Up-to-date: /home/user/Projects/ros2_ws/install/realsense2_camera_msgs/include/realsense2_camera_msgs/msg\n'}
[0.782803] (realsense2_camera_msgs) StdoutLine: {'line': b'-- Up-to-date: /home/user/Projects/ros2_ws/install/realsense2_camera_msgs/include/realsense2_camera_msgs/msg/detail\n'}
[0.782854] (realsense2_camera_msgs) StdoutLine: {'line': b'-- Up-to-date: /home/user/Projects/ros2_ws/install/realsense2_camera_msgs/include/realsense2_camera_msgs/msg/detail/extrinsics__functions.h\n'}
[0.782951] (realsense2_camera_msgs) StdoutLine: {'line': b'-- Up-to-date: /home/user/Projects/ros2_ws/install/realsense2_camera_msgs/include/realsense2_camera_msgs/msg/detail/extrinsics__functions.c\n'}
[0.783128] (realsense2_camera_msgs) StdoutLine: {'line': b'-- Up-to-date: /home/user/Projects/ros2_ws/install/realsense2_camera_msgs/include/realsense2_camera_msgs/msg/detail/imu_info__functions.h\n'}
[0.783321] (realsense2_camera_msgs) StdoutLine: {'line': b'-- Up-to-date: /home/user/Projects/ros2_ws/install/realsense2_camera_msgs/include/realsense2_camera_msgs/msg/detail/imu_info__struct.h\n'}
[0.783409] (realsense2_camera_msgs) StdoutLine: {'line': b'-- Up-to-date: /home/user/Projects/ros2_ws/install/realsense2_camera_msgs/include/realsense2_camera_msgs/msg/detail/metadata__type_support.h\n'}
[0.783466] (realsense2_camera_msgs) StdoutLine: {'line': b'-- Up-to-date: /home/user/Projects/ros2_ws/install/realsense2_camera_msgs/include/realsense2_camera_msgs/msg/detail/metadata__functions.c\n'}
[0.783517] (realsense2_camera_msgs) StdoutLine: {'line': b'-- Up-to-date: /home/user/Projects/ros2_ws/install/realsense2_camera_msgs/include/realsense2_camera_msgs/msg/detail/imu_info__type_support.h\n'}
[0.783611] (realsense2_camera_msgs) StdoutLine: {'line': b'-- Up-to-date: /home/user/Projects/ros2_ws/install/realsense2_camera_msgs/include/realsense2_camera_msgs/msg/detail/metadata__struct.h\n'}
[0.783663] (realsense2_camera_msgs) StdoutLine: {'line': b'-- Up-to-date: /home/user/Projects/ros2_ws/install/realsense2_camera_msgs/include/realsense2_camera_msgs/msg/detail/extrinsics__struct.h\n'}
[0.783713] (realsense2_camera_msgs) StdoutLine: {'line': b'-- Up-to-date: /home/user/Projects/ros2_ws/install/realsense2_camera_msgs/include/realsense2_camera_msgs/msg/detail/metadata__functions.h\n'}
[0.783778] (realsense2_camera_msgs) StdoutLine: {'line': b'-- Up-to-date: /home/user/Projects/ros2_ws/install/realsense2_camera_msgs/include/realsense2_camera_msgs/msg/detail/imu_info__functions.c\n'}
[0.783830] (realsense2_camera_msgs) StdoutLine: {'line': b'-- Up-to-date: /home/user/Projects/ros2_ws/install/realsense2_camera_msgs/include/realsense2_camera_msgs/msg/detail/extrinsics__type_support.h\n'}
[0.783913] (realsense2_camera_msgs) StdoutLine: {'line': b'-- Up-to-date: /home/user/Projects/ros2_ws/install/realsense2_camera_msgs/include/realsense2_camera_msgs/msg/metadata.h\n'}
[0.784013] (realsense2_camera_msgs) StdoutLine: {'line': b'-- Up-to-date: /home/user/Projects/ros2_ws/install/realsense2_camera_msgs/include/realsense2_camera_msgs/msg/extrinsics.h\n'}
[0.784107] (realsense2_camera_msgs) StdoutLine: {'line': b'-- Up-to-date: /home/user/Projects/ros2_ws/install/realsense2_camera_msgs/include/realsense2_camera_msgs/msg/imu_info.h\n'}
[0.784173] (realsense2_camera_msgs) StdoutLine: {'line': b'-- Up-to-date: /home/user/Projects/ros2_ws/install/realsense2_camera_msgs/include/realsense2_camera_msgs/msg/rosidl_generator_c__visibility_control.h\n'}
[0.784228] (realsense2_camera_msgs) StdoutLine: {'line': b'-- Up-to-date: /home/user/Projects/ros2_ws/install/realsense2_camera_msgs/share/realsense2_camera_msgs/environment/library_path.sh\n'}
[0.784281] (realsense2_camera_msgs) StdoutLine: {'line': b'-- Up-to-date: /home/user/Projects/ros2_ws/install/realsense2_camera_msgs/share/realsense2_camera_msgs/environment/library_path.dsv\n'}
[0.784346] (realsense2_camera_msgs) StdoutLine: {'line': b'-- Up-to-date: /home/user/Projects/ros2_ws/install/realsense2_camera_msgs/lib/librealsense2_camera_msgs__rosidl_generator_c.so\n'}
[0.784401] (realsense2_camera_msgs) StdoutLine: {'line': b'-- Up-to-date: /home/user/Projects/ros2_ws/install/realsense2_camera_msgs/include/realsense2_camera_msgs\n'}
[0.784453] (realsense2_camera_msgs) StdoutLine: {'line': b'-- Up-to-date: /home/user/Projects/ros2_ws/install/realsense2_camera_msgs/include/realsense2_camera_msgs/srv\n'}
[0.784505] (realsense2_camera_msgs) StdoutLine: {'line': b'-- Up-to-date: /home/user/Projects/ros2_ws/install/realsense2_camera_msgs/include/realsense2_camera_msgs/srv/detail\n'}
[0.784570] (realsense2_camera_msgs) StdoutLine: {'line': b'-- Up-to-date: /home/user/Projects/ros2_ws/install/realsense2_camera_msgs/include/realsense2_camera_msgs/srv/detail/device_info__rosidl_typesupport_fastrtps_c.h\n'}
[0.784660] (realsense2_camera_msgs) StdoutLine: {'line': b'-- Up-to-date: /home/user/Projects/ros2_ws/install/realsense2_camera_msgs/include/realsense2_camera_msgs/msg\n'}
[0.784753] (realsense2_camera_msgs) StdoutLine: {'line': b'-- Up-to-date: /home/user/Projects/ros2_ws/install/realsense2_camera_msgs/include/realsense2_camera_msgs/msg/detail\n'}
[0.784853] (realsense2_camera_msgs) StdoutLine: {'line': b'-- Up-to-date: /home/user/Projects/ros2_ws/install/realsense2_camera_msgs/include/realsense2_camera_msgs/msg/detail/imu_info__rosidl_typesupport_fastrtps_c.h\n'}
[0.784923] (realsense2_camera_msgs) StdoutLine: {'line': b'-- Up-to-date: /home/user/Projects/ros2_ws/install/realsense2_camera_msgs/include/realsense2_camera_msgs/msg/detail/extrinsics__rosidl_typesupport_fastrtps_c.h\n'}
[0.784977] (realsense2_camera_msgs) StdoutLine: {'line': b'-- Up-to-date: /home/user/Projects/ros2_ws/install/realsense2_camera_msgs/include/realsense2_camera_msgs/msg/detail/metadata__rosidl_typesupport_fastrtps_c.h\n'}
[0.785030] (realsense2_camera_msgs) StdoutLine: {'line': b'-- Up-to-date: /home/user/Projects/ros2_ws/install/realsense2_camera_msgs/include/realsense2_camera_msgs/msg/rosidl_typesupport_fastrtps_c__visibility_control.h\n'}
[0.785095] (realsense2_camera_msgs) StdoutLine: {'line': b'-- Up-to-date: /home/user/Projects/ros2_ws/install/realsense2_camera_msgs/lib/librealsense2_camera_msgs__rosidl_typesupport_fastrtps_c.so\n'}
[0.785148] (realsense2_camera_msgs) StdoutLine: {'line': b'-- Up-to-date: /home/user/Projects/ros2_ws/install/realsense2_camera_msgs/include/realsense2_camera_msgs\n'}
[0.785199] (realsense2_camera_msgs) StdoutLine: {'line': b'-- Up-to-date: /home/user/Projects/ros2_ws/install/realsense2_camera_msgs/include/realsense2_camera_msgs/srv\n'}
[0.785251] (realsense2_camera_msgs) StdoutLine: {'line': b'-- Up-to-date: /home/user/Projects/ros2_ws/install/realsense2_camera_msgs/include/realsense2_camera_msgs/srv/detail\n'}
[0.785304] (realsense2_camera_msgs) StdoutLine: {'line': b'-- Up-to-date: /home/user/Projects/ros2_ws/install/realsense2_camera_msgs/include/realsense2_camera_msgs/srv/detail/dds_fastrtps\n'}
[0.785364] (realsense2_camera_msgs) StdoutLine: {'line': b'-- Up-to-date: /home/user/Projects/ros2_ws/install/realsense2_camera_msgs/include/realsense2_camera_msgs/srv/detail/device_info__rosidl_typesupport_fastrtps_cpp.hpp\n'}
[0.785430] (realsense2_camera_msgs) StdoutLine: {'line': b'-- Up-to-date: /home/user/Projects/ros2_ws/install/realsense2_camera_msgs/include/realsense2_camera_msgs/msg\n'}
[0.785484] (realsense2_camera_msgs) StdoutLine: {'line': b'-- Up-to-date: /home/user/Projects/ros2_ws/install/realsense2_camera_msgs/include/realsense2_camera_msgs/msg/detail\n'}
[0.785536] (realsense2_camera_msgs) StdoutLine: {'line': b'-- Up-to-date: /home/user/Projects/ros2_ws/install/realsense2_camera_msgs/include/realsense2_camera_msgs/msg/detail/imu_info__rosidl_typesupport_fastrtps_cpp.hpp\n'}
[0.785589] (realsense2_camera_msgs) StdoutLine: {'line': b'-- Up-to-date: /home/user/Projects/ros2_ws/install/realsense2_camera_msgs/include/realsense2_camera_msgs/msg/detail/dds_fastrtps\n'}
[0.785677] (realsense2_camera_msgs) StdoutLine: {'line': b'-- Up-to-date: /home/user/Projects/ros2_ws/install/realsense2_camera_msgs/include/realsense2_camera_msgs/msg/detail/extrinsics__rosidl_typesupport_fastrtps_cpp.hpp\n'}
[0.785777] (realsense2_camera_msgs) StdoutLine: {'line': b'-- Up-to-date: /home/user/Projects/ros2_ws/install/realsense2_camera_msgs/include/realsense2_camera_msgs/msg/detail/metadata__rosidl_typesupport_fastrtps_cpp.hpp\n'}
[0.785865] (realsense2_camera_msgs) StdoutLine: {'line': b'-- Up-to-date: /home/user/Projects/ros2_ws/install/realsense2_camera_msgs/include/realsense2_camera_msgs/msg/rosidl_typesupport_fastrtps_cpp__visibility_control.h\n'}
[0.785965] (realsense2_camera_msgs) StdoutLine: {'line': b'-- Up-to-date: /home/user/Projects/ros2_ws/install/realsense2_camera_msgs/lib/librealsense2_camera_msgs__rosidl_typesupport_fastrtps_cpp.so\n'}
[0.786130] (realsense2_camera_msgs) StdoutLine: {'line': b'-- Up-to-date: /home/user/Projects/ros2_ws/install/realsense2_camera_msgs/include/realsense2_camera_msgs\n'}
[0.786216] (realsense2_camera_msgs) StdoutLine: {'line': b'-- Up-to-date: /home/user/Projects/ros2_ws/install/realsense2_camera_msgs/include/realsense2_camera_msgs/srv\n'}
[0.786324] (realsense2_camera_msgs) StdoutLine: {'line': b'-- Up-to-date: /home/user/Projects/ros2_ws/install/realsense2_camera_msgs/include/realsense2_camera_msgs/srv/detail\n'}
[0.786421] (realsense2_camera_msgs) StdoutLine: {'line': b'-- Up-to-date: /home/user/Projects/ros2_ws/install/realsense2_camera_msgs/include/realsense2_camera_msgs/srv/detail/device_info__rosidl_typesupport_introspection_c.h\n'}
[0.786515] (realsense2_camera_msgs) StdoutLine: {'line': b'-- Up-to-date: /home/user/Projects/ros2_ws/install/realsense2_camera_msgs/include/realsense2_camera_msgs/srv/detail/device_info__type_support.c\n'}
[0.786573] (realsense2_camera_msgs) StdoutLine: {'line': b'-- Up-to-date: /home/user/Projects/ros2_ws/install/realsense2_camera_msgs/include/realsense2_camera_msgs/msg\n'}
[0.786626] (realsense2_camera_msgs) StdoutLine: {'line': b'-- Up-to-date: /home/user/Projects/ros2_ws/install/realsense2_camera_msgs/include/realsense2_camera_msgs/msg/detail\n'}
[0.786679] (realsense2_camera_msgs) StdoutLine: {'line': b'-- Up-to-date: /home/user/Projects/ros2_ws/install/realsense2_camera_msgs/include/realsense2_camera_msgs/msg/detail/imu_info__type_support.c\n'}
[0.786745] (realsense2_camera_msgs) StdoutLine: {'line': b'-- Up-to-date: /home/user/Projects/ros2_ws/install/realsense2_camera_msgs/include/realsense2_camera_msgs/msg/detail/metadata__type_support.c\n'}
[0.786798] (realsense2_camera_msgs) StdoutLine: {'line': b'-- Up-to-date: /home/user/Projects/ros2_ws/install/realsense2_camera_msgs/include/realsense2_camera_msgs/msg/detail/imu_info__rosidl_typesupport_introspection_c.h\n'}
[0.786850] (realsense2_camera_msgs) StdoutLine: {'line': b'-- Up-to-date: /home/user/Projects/ros2_ws/install/realsense2_camera_msgs/include/realsense2_camera_msgs/msg/detail/extrinsics__rosidl_typesupport_introspection_c.h\n'}
[0.786907] (realsense2_camera_msgs) StdoutLine: {'line': b'-- Up-to-date: /home/user/Projects/ros2_ws/install/realsense2_camera_msgs/include/realsense2_camera_msgs/msg/detail/metadata__rosidl_typesupport_introspection_c.h\n'}
[0.786960] (realsense2_camera_msgs) StdoutLine: {'line': b'-- Up-to-date: /home/user/Projects/ros2_ws/install/realsense2_camera_msgs/include/realsense2_camera_msgs/msg/detail/extrinsics__type_support.c\n'}
[0.787013] (realsense2_camera_msgs) StdoutLine: {'line': b'-- Up-to-date: /home/user/Projects/ros2_ws/install/realsense2_camera_msgs/include/realsense2_camera_msgs/msg/rosidl_typesupport_introspection_c__visibility_control.h\n'}
[0.787065] (realsense2_camera_msgs) StdoutLine: {'line': b'-- Up-to-date: /home/user/Projects/ros2_ws/install/realsense2_camera_msgs/lib/librealsense2_camera_msgs__rosidl_typesupport_introspection_c.so\n'}
[0.787132] (realsense2_camera_msgs) StdoutLine: {'line': b'-- Up-to-date: /home/user/Projects/ros2_ws/install/realsense2_camera_msgs/lib/librealsense2_camera_msgs__rosidl_typesupport_c.so\n'}
[0.787184] (realsense2_camera_msgs) StdoutLine: {'line': b'-- Up-to-date: /home/user/Projects/ros2_ws/install/realsense2_camera_msgs/include/realsense2_camera_msgs\n'}
[0.787236] (realsense2_camera_msgs) StdoutLine: {'line': b'-- Up-to-date: /home/user/Projects/ros2_ws/install/realsense2_camera_msgs/include/realsense2_camera_msgs/srv\n'}
[0.787300] (realsense2_camera_msgs) StdoutLine: {'line': b'-- Up-to-date: /home/user/Projects/ros2_ws/install/realsense2_camera_msgs/include/realsense2_camera_msgs/srv/device_info.hpp\n'}
[0.787374] (realsense2_camera_msgs) StdoutLine: {'line': b'-- Up-to-date: /home/user/Projects/ros2_ws/install/realsense2_camera_msgs/include/realsense2_camera_msgs/srv/detail\n'}
[0.787444] (realsense2_camera_msgs) StdoutLine: {'line': b'-- Up-to-date: /home/user/Projects/ros2_ws/install/realsense2_camera_msgs/include/realsense2_camera_msgs/srv/detail/device_info__struct.hpp\n'}
[0.787498] (realsense2_camera_msgs) StdoutLine: {'line': b'-- Up-to-date: /home/user/Projects/ros2_ws/install/realsense2_camera_msgs/include/realsense2_camera_msgs/srv/detail/device_info__builder.hpp\n'}
[0.787550] (realsense2_camera_msgs) StdoutLine: {'line': b'-- Up-to-date: /home/user/Projects/ros2_ws/install/realsense2_camera_msgs/include/realsense2_camera_msgs/srv/detail/device_info__traits.hpp\n'}
[0.787602] (realsense2_camera_msgs) StdoutLine: {'line': b'-- Up-to-date: /home/user/Projects/ros2_ws/install/realsense2_camera_msgs/include/realsense2_camera_msgs/msg\n'}
[0.787653] (realsense2_camera_msgs) StdoutLine: {'line': b'-- Up-to-date: /home/user/Projects/ros2_ws/install/realsense2_camera_msgs/include/realsense2_camera_msgs/msg/detail\n'}
[0.787720] (realsense2_camera_msgs) StdoutLine: {'line': b'-- Up-to-date: /home/user/Projects/ros2_ws/install/realsense2_camera_msgs/include/realsense2_camera_msgs/msg/detail/imu_info__struct.hpp\n'}
[0.787770] (realsense2_camera_msgs) StdoutLine: {'line': b'-- Up-to-date: /home/user/Projects/ros2_ws/install/realsense2_camera_msgs/include/realsense2_camera_msgs/msg/detail/metadata__struct.hpp\n'}
[0.787820] (realsense2_camera_msgs) StdoutLine: {'line': b'-- Up-to-date: /home/user/Projects/ros2_ws/install/realsense2_camera_msgs/include/realsense2_camera_msgs/msg/detail/extrinsics__struct.hpp\n'}
[0.787871] (realsense2_camera_msgs) StdoutLine: {'line': b'-- Up-to-date: /home/user/Projects/ros2_ws/install/realsense2_camera_msgs/include/realsense2_camera_msgs/msg/detail/imu_info__traits.hpp\n'}
[0.787921] (realsense2_camera_msgs) StdoutLine: {'line': b'-- Up-to-date: /home/user/Projects/ros2_ws/install/realsense2_camera_msgs/include/realsense2_camera_msgs/msg/detail/metadata__builder.hpp\n'}
[0.787972] (realsense2_camera_msgs) StdoutLine: {'line': b'-- Up-to-date: /home/user/Projects/ros2_ws/install/realsense2_camera_msgs/include/realsense2_camera_msgs/msg/detail/extrinsics__traits.hpp\n'}
[0.788064] (realsense2_camera_msgs) StdoutLine: {'line': b'-- Up-to-date: /home/user/Projects/ros2_ws/install/realsense2_camera_msgs/include/realsense2_camera_msgs/msg/detail/extrinsics__builder.hpp\n'}
[0.788118] (realsense2_camera_msgs) StdoutLine: {'line': b'-- Up-to-date: /home/user/Projects/ros2_ws/install/realsense2_camera_msgs/include/realsense2_camera_msgs/msg/detail/metadata__traits.hpp\n'}
[0.788168] (realsense2_camera_msgs) StdoutLine: {'line': b'-- Up-to-date: /home/user/Projects/ros2_ws/install/realsense2_camera_msgs/include/realsense2_camera_msgs/msg/detail/imu_info__builder.hpp\n'}
[0.788217] (realsense2_camera_msgs) StdoutLine: {'line': b'-- Up-to-date: /home/user/Projects/ros2_ws/install/realsense2_camera_msgs/include/realsense2_camera_msgs/msg/metadata.hpp\n'}
[0.788267] (realsense2_camera_msgs) StdoutLine: {'line': b'-- Up-to-date: /home/user/Projects/ros2_ws/install/realsense2_camera_msgs/include/realsense2_camera_msgs/msg/extrinsics.hpp\n'}
[0.788318] (realsense2_camera_msgs) StdoutLine: {'line': b'-- Up-to-date: /home/user/Projects/ros2_ws/install/realsense2_camera_msgs/include/realsense2_camera_msgs/msg/imu_info.hpp\n'}
[0.788368] (realsense2_camera_msgs) StdoutLine: {'line': b'-- Up-to-date: /home/user/Projects/ros2_ws/install/realsense2_camera_msgs/include/realsense2_camera_msgs\n'}
[0.788418] (realsense2_camera_msgs) StdoutLine: {'line': b'-- Up-to-date: /home/user/Projects/ros2_ws/install/realsense2_camera_msgs/include/realsense2_camera_msgs/srv\n'}
[0.788468] (realsense2_camera_msgs) StdoutLine: {'line': b'-- Up-to-date: /home/user/Projects/ros2_ws/install/realsense2_camera_msgs/include/realsense2_camera_msgs/srv/detail\n'}
[0.788518] (realsense2_camera_msgs) StdoutLine: {'line': b'-- Up-to-date: /home/user/Projects/ros2_ws/install/realsense2_camera_msgs/include/realsense2_camera_msgs/srv/detail/device_info__type_support.cpp\n'}
[0.788568] (realsense2_camera_msgs) StdoutLine: {'line': b'-- Up-to-date: /home/user/Projects/ros2_ws/install/realsense2_camera_msgs/include/realsense2_camera_msgs/srv/detail/device_info__rosidl_typesupport_introspection_cpp.hpp\n'}
[0.788620] (realsense2_camera_msgs) StdoutLine: {'line': b'-- Up-to-date: /home/user/Projects/ros2_ws/install/realsense2_camera_msgs/include/realsense2_camera_msgs/msg\n'}
[0.788672] (realsense2_camera_msgs) StdoutLine: {'line': b'-- Up-to-date: /home/user/Projects/ros2_ws/install/realsense2_camera_msgs/include/realsense2_camera_msgs/msg/detail\n'}
[0.788723] (realsense2_camera_msgs) StdoutLine: {'line': b'-- Up-to-date: /home/user/Projects/ros2_ws/install/realsense2_camera_msgs/include/realsense2_camera_msgs/msg/detail/extrinsics__type_support.cpp\n'}
[0.788774] (realsense2_camera_msgs) StdoutLine: {'line': b'-- Up-to-date: /home/user/Projects/ros2_ws/install/realsense2_camera_msgs/include/realsense2_camera_msgs/msg/detail/extrinsics__rosidl_typesupport_introspection_cpp.hpp\n'}
[0.788824] (realsense2_camera_msgs) StdoutLine: {'line': b'-- Up-to-date: /home/user/Projects/ros2_ws/install/realsense2_camera_msgs/include/realsense2_camera_msgs/msg/detail/metadata__rosidl_typesupport_introspection_cpp.hpp\n'}
[0.788874] (realsense2_camera_msgs) StdoutLine: {'line': b'-- Up-to-date: /home/user/Projects/ros2_ws/install/realsense2_camera_msgs/include/realsense2_camera_msgs/msg/detail/imu_info__rosidl_typesupport_introspection_cpp.hpp\n'}
[0.788929] (realsense2_camera_msgs) StdoutLine: {'line': b'-- Up-to-date: /home/user/Projects/ros2_ws/install/realsense2_camera_msgs/include/realsense2_camera_msgs/msg/detail/imu_info__type_support.cpp\n'}
[0.788980] (realsense2_camera_msgs) StdoutLine: {'line': b'-- Up-to-date: /home/user/Projects/ros2_ws/install/realsense2_camera_msgs/include/realsense2_camera_msgs/msg/detail/metadata__type_support.cpp\n'}
[0.789030] (realsense2_camera_msgs) StdoutLine: {'line': b'-- Up-to-date: /home/user/Projects/ros2_ws/install/realsense2_camera_msgs/lib/librealsense2_camera_msgs__rosidl_typesupport_introspection_cpp.so\n'}
[0.789079] (realsense2_camera_msgs) StdoutLine: {'line': b'-- Up-to-date: /home/user/Projects/ros2_ws/install/realsense2_camera_msgs/lib/librealsense2_camera_msgs__rosidl_typesupport_cpp.so\n'}
[0.789132] (realsense2_camera_msgs) StdoutLine: {'line': b'-- Up-to-date: /home/user/Projects/ros2_ws/install/realsense2_camera_msgs/share/realsense2_camera_msgs/environment/pythonpath.sh\n'}
[0.789182] (realsense2_camera_msgs) StdoutLine: {'line': b'-- Up-to-date: /home/user/Projects/ros2_ws/install/realsense2_camera_msgs/share/realsense2_camera_msgs/environment/pythonpath.dsv\n'}
[0.789232] (realsense2_camera_msgs) StdoutLine: {'line': b'-- Up-to-date: /home/user/Projects/ros2_ws/install/realsense2_camera_msgs/lib/python3.8/site-packages/realsense2_camera_msgs/__init__.py\n'}
[0.801271] (-) TimerEvent: {}
[0.816917] (realsense2_camera_msgs) StdoutLine: {'line': b'-- Up-to-date: /home/user/Projects/ros2_ws/install/realsense2_camera_msgs/lib/python3.8/site-packages/realsense2_camera_msgs/msg\n'}
[0.817344] (realsense2_camera_msgs) StdoutLine: {'line': b'-- Up-to-date: /home/user/Projects/ros2_ws/install/realsense2_camera_msgs/lib/python3.8/site-packages/realsense2_camera_msgs/msg/_metadata_s.c\n'}
[0.817551] (realsense2_camera_msgs) StdoutLine: {'line': b'-- Up-to-date: /home/user/Projects/ros2_ws/install/realsense2_camera_msgs/lib/python3.8/site-packages/realsense2_camera_msgs/msg/_imu_info.py\n'}
[0.817613] (realsense2_camera_msgs) StdoutLine: {'line': b'-- Up-to-date: /home/user/Projects/ros2_ws/install/realsense2_camera_msgs/lib/python3.8/site-packages/realsense2_camera_msgs/msg/_extrinsics.py\n'}
[0.817668] (realsense2_camera_msgs) StdoutLine: {'line': b'-- Up-to-date: /home/user/Projects/ros2_ws/install/realsense2_camera_msgs/lib/python3.8/site-packages/realsense2_camera_msgs/msg/__init__.py\n'}
[0.817722] (realsense2_camera_msgs) StdoutLine: {'line': b'-- Up-to-date: /home/user/Projects/ros2_ws/install/realsense2_camera_msgs/lib/python3.8/site-packages/realsense2_camera_msgs/msg/_extrinsics_s.c\n'}
[0.817785] (realsense2_camera_msgs) StdoutLine: {'line': b'-- Up-to-date: /home/user/Projects/ros2_ws/install/realsense2_camera_msgs/lib/python3.8/site-packages/realsense2_camera_msgs/msg/_metadata.py\n'}
[0.817838] (realsense2_camera_msgs) StdoutLine: {'line': b'-- Up-to-date: /home/user/Projects/ros2_ws/install/realsense2_camera_msgs/lib/python3.8/site-packages/realsense2_camera_msgs/msg/_imu_info_s.c\n'}
[0.817910] (realsense2_camera_msgs) StdoutLine: {'line': b'-- Up-to-date: /home/user/Projects/ros2_ws/install/realsense2_camera_msgs/lib/python3.8/site-packages/realsense2_camera_msgs/srv\n'}
[0.817962] (realsense2_camera_msgs) StdoutLine: {'line': b'-- Up-to-date: /home/user/Projects/ros2_ws/install/realsense2_camera_msgs/lib/python3.8/site-packages/realsense2_camera_msgs/srv/_device_info_s.c\n'}
[0.818026] (realsense2_camera_msgs) StdoutLine: {'line': b'-- Up-to-date: /home/user/Projects/ros2_ws/install/realsense2_camera_msgs/lib/python3.8/site-packages/realsense2_camera_msgs/srv/__init__.py\n'}
[0.818091] (realsense2_camera_msgs) StdoutLine: {'line': b'-- Up-to-date: /home/user/Projects/ros2_ws/install/realsense2_camera_msgs/lib/python3.8/site-packages/realsense2_camera_msgs/srv/_device_info.py\n'}
[0.818141] (realsense2_camera_msgs) StdoutLine: {'line': b'-- Up-to-date: /home/user/Projects/ros2_ws/install/realsense2_camera_msgs/lib/python3.8/site-packages/realsense2_camera_msgs/realsense2_camera_msgs_s__rosidl_typesupport_fastrtps_c.cpython-38-x86_64-linux-gnu.so\n'}
[0.818575] (realsense2_camera_msgs) StdoutLine: {'line': b'-- Up-to-date: /home/user/Projects/ros2_ws/install/realsense2_camera_msgs/lib/python3.8/site-packages/realsense2_camera_msgs/realsense2_camera_msgs_s__rosidl_typesupport_introspection_c.cpython-38-x86_64-linux-gnu.so\n'}
[0.819234] (realsense2_camera_msgs) StdoutLine: {'line': b'-- Up-to-date: /home/user/Projects/ros2_ws/install/realsense2_camera_msgs/lib/python3.8/site-packages/realsense2_camera_msgs/realsense2_camera_msgs_s__rosidl_typesupport_c.cpython-38-x86_64-linux-gnu.so\n'}
[0.819696] (realsense2_camera_msgs) StdoutLine: {'line': b'-- Up-to-date: /home/user/Projects/ros2_ws/install/realsense2_camera_msgs/lib/librealsense2_camera_msgs__python.so\n'}
[0.819900] (realsense2_camera_msgs) StdoutLine: {'line': b'-- Up-to-date: /home/user/Projects/ros2_ws/install/realsense2_camera_msgs/share/realsense2_camera_msgs/msg/IMUInfo.idl\n'}
[0.819992] (realsense2_camera_msgs) StdoutLine: {'line': b'-- Up-to-date: /home/user/Projects/ros2_ws/install/realsense2_camera_msgs/share/realsense2_camera_msgs/msg/Extrinsics.idl\n'}
[0.820144] (realsense2_camera_msgs) StdoutLine: {'line': b'-- Up-to-date: /home/user/Projects/ros2_ws/install/realsense2_camera_msgs/share/realsense2_camera_msgs/msg/Metadata.idl\n'}
[0.820322] (realsense2_camera_msgs) StdoutLine: {'line': b'-- Up-to-date: /home/user/Projects/ros2_ws/install/realsense2_camera_msgs/share/realsense2_camera_msgs/srv/DeviceInfo.idl\n'}
[0.820409] (realsense2_camera_msgs) StdoutLine: {'line': b'-- Up-to-date: /home/user/Projects/ros2_ws/install/realsense2_camera_msgs/share/realsense2_camera_msgs/msg/IMUInfo.msg\n'}
[0.820504] (realsense2_camera_msgs) StdoutLine: {'line': b'-- Up-to-date: /home/user/Projects/ros2_ws/install/realsense2_camera_msgs/share/realsense2_camera_msgs/msg/Extrinsics.msg\n'}
[0.820574] (realsense2_camera_msgs) StdoutLine: {'line': b'-- Up-to-date: /home/user/Projects/ros2_ws/install/realsense2_camera_msgs/share/realsense2_camera_msgs/msg/Metadata.msg\n'}
[0.820642] (realsense2_camera_msgs) StdoutLine: {'line': b'-- Up-to-date: /home/user/Projects/ros2_ws/install/realsense2_camera_msgs/share/realsense2_camera_msgs/srv/DeviceInfo.srv\n'}
[0.820721] (realsense2_camera_msgs) StdoutLine: {'line': b'-- Up-to-date: /home/user/Projects/ros2_ws/install/realsense2_camera_msgs/share/realsense2_camera_msgs/srv/DeviceInfo_Request.msg\n'}
[0.820785] (realsense2_camera_msgs) StdoutLine: {'line': b'-- Up-to-date: /home/user/Projects/ros2_ws/install/realsense2_camera_msgs/share/realsense2_camera_msgs/srv/DeviceInfo_Response.msg\n'}
[0.820849] (realsense2_camera_msgs) StdoutLine: {'line': b'-- Up-to-date: /home/user/Projects/ros2_ws/install/realsense2_camera_msgs/share/ament_index/resource_index/package_run_dependencies/realsense2_camera_msgs\n'}
[0.820927] (realsense2_camera_msgs) StdoutLine: {'line': b'-- Up-to-date: /home/user/Projects/ros2_ws/install/realsense2_camera_msgs/share/ament_index/resource_index/parent_prefix_path/realsense2_camera_msgs\n'}
[0.820979] (realsense2_camera_msgs) StdoutLine: {'line': b'-- Up-to-date: /home/user/Projects/ros2_ws/install/realsense2_camera_msgs/share/realsense2_camera_msgs/environment/ament_prefix_path.sh\n'}
[0.821030] (realsense2_camera_msgs) StdoutLine: {'line': b'-- Up-to-date: /home/user/Projects/ros2_ws/install/realsense2_camera_msgs/share/realsense2_camera_msgs/environment/ament_prefix_path.dsv\n'}
[0.821094] (realsense2_camera_msgs) StdoutLine: {'line': b'-- Up-to-date: /home/user/Projects/ros2_ws/install/realsense2_camera_msgs/share/realsense2_camera_msgs/environment/path.sh\n'}
[0.821146] (realsense2_camera_msgs) StdoutLine: {'line': b'-- Up-to-date: /home/user/Projects/ros2_ws/install/realsense2_camera_msgs/share/realsense2_camera_msgs/environment/path.dsv\n'}
[0.821195] (realsense2_camera_msgs) StdoutLine: {'line': b'-- Up-to-date: /home/user/Projects/ros2_ws/install/realsense2_camera_msgs/share/realsense2_camera_msgs/local_setup.bash\n'}
[0.821260] (realsense2_camera_msgs) StdoutLine: {'line': b'-- Up-to-date: /home/user/Projects/ros2_ws/install/realsense2_camera_msgs/share/realsense2_camera_msgs/local_setup.sh\n'}
[0.821327] (realsense2_camera_msgs) StdoutLine: {'line': b'-- Up-to-date: /home/user/Projects/ros2_ws/install/realsense2_camera_msgs/share/realsense2_camera_msgs/local_setup.zsh\n'}
[0.821377] (realsense2_camera_msgs) StdoutLine: {'line': b'-- Up-to-date: /home/user/Projects/ros2_ws/install/realsense2_camera_msgs/share/realsense2_camera_msgs/local_setup.dsv\n'}
[0.821434] (realsense2_camera_msgs) StdoutLine: {'line': b'-- Installing: /home/user/Projects/ros2_ws/install/realsense2_camera_msgs/share/realsense2_camera_msgs/package.dsv\n'}
[0.821504] (realsense2_camera_msgs) StdoutLine: {'line': b'-- Up-to-date: /home/user/Projects/ros2_ws/install/realsense2_camera_msgs/share/ament_index/resource_index/packages/realsense2_camera_msgs\n'}
[0.821575] (realsense2_camera_msgs) StdoutLine: {'line': b'-- Up-to-date: /home/user/Projects/ros2_ws/install/realsense2_camera_msgs/share/realsense2_camera_msgs/cmake/realsense2_camera_msgs__rosidl_generator_cExport.cmake\n'}
[0.821626] (realsense2_camera_msgs) StdoutLine: {'line': b'-- Up-to-date: /home/user/Projects/ros2_ws/install/realsense2_camera_msgs/share/realsense2_camera_msgs/cmake/realsense2_camera_msgs__rosidl_generator_cExport-noconfig.cmake\n'}
[0.821676] (realsense2_camera_msgs) StdoutLine: {'line': b'-- Up-to-date: /home/user/Projects/ros2_ws/install/realsense2_camera_msgs/share/realsense2_camera_msgs/cmake/realsense2_camera_msgs__rosidl_typesupport_introspection_cExport.cmake\n'}
[0.821762] (realsense2_camera_msgs) StdoutLine: {'line': b'-- Up-to-date: /home/user/Projects/ros2_ws/install/realsense2_camera_msgs/share/realsense2_camera_msgs/cmake/realsense2_camera_msgs__rosidl_typesupport_introspection_cExport-noconfig.cmake\n'}
[0.821813] (realsense2_camera_msgs) StdoutLine: {'line': b'-- Up-to-date: /home/user/Projects/ros2_ws/install/realsense2_camera_msgs/share/realsense2_camera_msgs/cmake/realsense2_camera_msgs__rosidl_typesupport_cExport.cmake\n'}
[0.821863] (realsense2_camera_msgs) StdoutLine: {'line': b'-- Up-to-date: /home/user/Projects/ros2_ws/install/realsense2_camera_msgs/share/realsense2_camera_msgs/cmake/realsense2_camera_msgs__rosidl_typesupport_cExport-noconfig.cmake\n'}
[0.821929] (realsense2_camera_msgs) StdoutLine: {'line': b'-- Up-to-date: /home/user/Projects/ros2_ws/install/realsense2_camera_msgs/share/realsense2_camera_msgs/cmake/realsense2_camera_msgs__rosidl_generator_cppExport.cmake\n'}
[0.822125] (realsense2_camera_msgs) StdoutLine: {'line': b'-- Up-to-date: /home/user/Projects/ros2_ws/install/realsense2_camera_msgs/share/realsense2_camera_msgs/cmake/realsense2_camera_msgs__rosidl_typesupport_introspection_cppExport.cmake\n'}
[0.822233] (realsense2_camera_msgs) StdoutLine: {'line': b'-- Up-to-date: /home/user/Projects/ros2_ws/install/realsense2_camera_msgs/share/realsense2_camera_msgs/cmake/realsense2_camera_msgs__rosidl_typesupport_introspection_cppExport-noconfig.cmake\n'}
[0.822390] (realsense2_camera_msgs) StdoutLine: {'line': b'-- Up-to-date: /home/user/Projects/ros2_ws/install/realsense2_camera_msgs/share/realsense2_camera_msgs/cmake/realsense2_camera_msgs__rosidl_typesupport_cppExport.cmake\n'}
[0.822461] (realsense2_camera_msgs) StdoutLine: {'line': b'-- Up-to-date: /home/user/Projects/ros2_ws/install/realsense2_camera_msgs/share/realsense2_camera_msgs/cmake/realsense2_camera_msgs__rosidl_typesupport_cppExport-noconfig.cmake\n'}
[0.822554] (realsense2_camera_msgs) StdoutLine: {'line': b'-- Up-to-date: /home/user/Projects/ros2_ws/install/realsense2_camera_msgs/share/realsense2_camera_msgs/cmake/rosidl_cmake-extras.cmake\n'}
[0.822622] (realsense2_camera_msgs) StdoutLine: {'line': b'-- Up-to-date: /home/user/Projects/ros2_ws/install/realsense2_camera_msgs/share/realsense2_camera_msgs/cmake/ament_cmake_export_dependencies-extras.cmake\n'}
[0.822700] (realsense2_camera_msgs) StdoutLine: {'line': b'-- Up-to-date: /home/user/Projects/ros2_ws/install/realsense2_camera_msgs/share/realsense2_camera_msgs/cmake/ament_cmake_export_libraries-extras.cmake\n'}
[0.822765] (realsense2_camera_msgs) StdoutLine: {'line': b'-- Up-to-date: /home/user/Projects/ros2_ws/install/realsense2_camera_msgs/share/realsense2_camera_msgs/cmake/ament_cmake_export_targets-extras.cmake\n'}
[0.822831] (realsense2_camera_msgs) StdoutLine: {'line': b'-- Up-to-date: /home/user/Projects/ros2_ws/install/realsense2_camera_msgs/share/realsense2_camera_msgs/cmake/ament_cmake_export_include_directories-extras.cmake\n'}
[0.822909] (realsense2_camera_msgs) StdoutLine: {'line': b'-- Up-to-date: /home/user/Projects/ros2_ws/install/realsense2_camera_msgs/share/realsense2_camera_msgs/cmake/rosidl_cmake_export_typesupport_libraries-extras.cmake\n'}
[0.822974] (realsense2_camera_msgs) StdoutLine: {'line': b'-- Up-to-date: /home/user/Projects/ros2_ws/install/realsense2_camera_msgs/share/realsense2_camera_msgs/cmake/rosidl_cmake_export_typesupport_targets-extras.cmake\n'}
[0.823029] (realsense2_camera_msgs) StdoutLine: {'line': b'-- Up-to-date: /home/user/Projects/ros2_ws/install/realsense2_camera_msgs/share/realsense2_camera_msgs/cmake/realsense2_camera_msgsConfig.cmake\n'}
[0.823080] (realsense2_camera_msgs) StdoutLine: {'line': b'-- Up-to-date: /home/user/Projects/ros2_ws/install/realsense2_camera_msgs/share/realsense2_camera_msgs/cmake/realsense2_camera_msgsConfig-version.cmake\n'}
[0.823130] (realsense2_camera_msgs) StdoutLine: {'line': b'-- Up-to-date: /home/user/Projects/ros2_ws/install/realsense2_camera_msgs/share/realsense2_camera_msgs/package.xml\n'}
[0.824670] (realsense2_camera_msgs) CommandEnded: {'returncode': 0}
[0.901419] (-) TimerEvent: {}
[0.925476] (realsense2_camera_msgs) JobEnded: {'identifier': 'realsense2_camera_msgs', 'rc': 0}
[0.926796] (realsense2_camera) JobStarted: {'identifier': 'realsense2_camera'}
[0.931188] (realsense2_description) JobStarted: {'identifier': 'realsense2_description'}
[0.938651] (realsense2_camera) JobProgress: {'identifier': 'realsense2_camera', 'progress': 'cmake'}
[0.940710] (realsense2_camera) JobProgress: {'identifier': 'realsense2_camera', 'progress': 'build'}
[0.940852] (realsense2_camera) Command: {'cmd': ['/usr/bin/cmake', '--build', '/home/user/Projects/ros2_ws/build/realsense2_camera', '--', '-j12', '-l12'], 'cwd': '/home/user/Projects/ros2_ws/build/realsense2_camera', 'env': OrderedDict([('HOSTNAME', 'GS65-Ubuntu'), ('SHLVL', '1'), ('LD_LIBRARY_PATH', '/home/user/Projects/ros2_ws/install/realsense2_camera_msgs/lib:/home/user/Projects/ros2_ws/install/realsense2_camera/lib:/opt/ros/foxy/opt/yaml_cpp_vendor/lib:/opt/ros/foxy/opt/rviz_ogre_vendor/lib:/opt/ros/foxy/lib/x86_64-linux-gnu:/opt/ros/foxy/lib'), ('HOME', '/home/user'), ('OLDPWD', '/home/user'), ('PYTHONUNBUFFERED', '1'), ('ROS_PYTHON_VERSION', '3'), ('_colcon_cd_root', '/home/user/Projects/dev_ws'), ('COLCON_PREFIX_PATH', '/home/user/Projects/ros2_ws/install'), ('ROS_DISTRO', 'foxy'), ('PROXIMITY', '1'), ('_', '/usr/bin/colcon'), ('ROS_VERSION', '2'), ('NVIDIA_DRIVER_CAPABILITIES', 'graphics'), ('TERM', 'xterm'), ('ROS_LOCALHOST_ONLY', '0'), ('QT_X11_NO_MITSHM', '1'), ('PATH', '/home/user/.local/bin:/opt/ros/foxy/bin:/home/user/bin:/usr/local/sbin:/usr/local/bin:/usr/sbin:/usr/bin:/sbin:/bin'), ('DISPLAY', ':1'), ('LANG', 'C.UTF-8'), ('LS_COLORS', ':di=1;33:ln=36'), ('AMENT_PREFIX_PATH', '/home/user/Projects/ros2_ws/install/realsense2_description:/home/user/Projects/ros2_ws/install/realsense2_camera:/home/user/Projects/ros2_ws/install/realsense2_camera_msgs:/home/user/Projects/ros2_ws/install/object_avoidance:/opt/ros/foxy'), ('DEFAULT_THROTTLE', '30'), ('AVOIDANCE_DISTANCE', '5'), ('PWD', '/home/user/Projects/ros2_ws/build/realsense2_camera'), ('END_NODE_ID', '140'), ('LC_ALL', 'C.UTF-8'), ('PYTHONPATH', '/home/user/Projects/ros2_ws/install/realsense2_camera_msgs/lib/python3.8/site-packages:/home/user/Projects/ros2_ws/install/object_avoidance/lib/python3.8/site-packages:/opt/ros/foxy/lib/python3.8/site-packages'), ('NVIDIA_VISIBLE_DEVICES', 'all'), ('COLCON', '1'), ('CMAKE_PREFIX_PATH', '/home/user/Projects/ros2_ws/install/realsense2_camera_msgs:/home/user/Projects/ros2_ws/install/realsense2_description:/home/user/Projects/ros2_ws/install/realsense2_camera:/home/user/Projects/ros2_ws/install/object_avoidance:/opt/ros/foxy'), ('AVOIDANCE_ANGLE', '20')]), 'shell': False}
[0.943520] (realsense2_description) JobProgress: {'identifier': 'realsense2_description', 'progress': 'cmake'}
[0.943965] (realsense2_description) JobProgress: {'identifier': 'realsense2_description', 'progress': 'build'}
[0.944291] (realsense2_description) Command: {'cmd': ['/usr/bin/cmake', '--build', '/home/user/Projects/ros2_ws/build/realsense2_description', '--', '-j12', '-l12'], 'cwd': '/home/user/Projects/ros2_ws/build/realsense2_description', 'env': OrderedDict([('HOSTNAME', 'GS65-Ubuntu'), ('SHLVL', '1'), ('LD_LIBRARY_PATH', '/home/user/Projects/ros2_ws/install/realsense2_camera_msgs/lib:/home/user/Projects/ros2_ws/install/realsense2_camera/lib:/opt/ros/foxy/opt/yaml_cpp_vendor/lib:/opt/ros/foxy/opt/rviz_ogre_vendor/lib:/opt/ros/foxy/lib/x86_64-linux-gnu:/opt/ros/foxy/lib'), ('HOME', '/home/user'), ('OLDPWD', '/home/user'), ('PYTHONUNBUFFERED', '1'), ('ROS_PYTHON_VERSION', '3'), ('_colcon_cd_root', '/home/user/Projects/dev_ws'), ('COLCON_PREFIX_PATH', '/home/user/Projects/ros2_ws/install'), ('ROS_DISTRO', 'foxy'), ('PROXIMITY', '1'), ('_', '/usr/bin/colcon'), ('ROS_VERSION', '2'), ('NVIDIA_DRIVER_CAPABILITIES', 'graphics'), ('TERM', 'xterm'), ('ROS_LOCALHOST_ONLY', '0'), ('QT_X11_NO_MITSHM', '1'), ('PATH', '/home/user/.local/bin:/opt/ros/foxy/bin:/home/user/bin:/usr/local/sbin:/usr/local/bin:/usr/sbin:/usr/bin:/sbin:/bin'), ('DISPLAY', ':1'), ('LANG', 'C.UTF-8'), ('LS_COLORS', ':di=1;33:ln=36'), ('AMENT_PREFIX_PATH', '/home/user/Projects/ros2_ws/install/realsense2_description:/home/user/Projects/ros2_ws/install/realsense2_camera:/home/user/Projects/ros2_ws/install/realsense2_camera_msgs:/home/user/Projects/ros2_ws/install/object_avoidance:/opt/ros/foxy'), ('DEFAULT_THROTTLE', '30'), ('AVOIDANCE_DISTANCE', '5'), ('PWD', '/home/user/Projects/ros2_ws/build/realsense2_description'), ('END_NODE_ID', '140'), ('LC_ALL', 'C.UTF-8'), ('PYTHONPATH', '/home/user/Projects/ros2_ws/install/realsense2_camera_msgs/lib/python3.8/site-packages:/home/user/Projects/ros2_ws/install/object_avoidance/lib/python3.8/site-packages:/opt/ros/foxy/lib/python3.8/site-packages'), ('NVIDIA_VISIBLE_DEVICES', 'all'), ('COLCON', '1'), ('CMAKE_PREFIX_PATH', '/home/user/Projects/ros2_ws/install/realsense2_camera_msgs:/home/user/Projects/ros2_ws/install/realsense2_description:/home/user/Projects/ros2_ws/install/realsense2_camera:/home/user/Projects/ros2_ws/install/object_avoidance:/opt/ros/foxy'), ('AVOIDANCE_ANGLE', '20')]), 'shell': False}
[0.980613] (realsense2_description) CommandEnded: {'returncode': 0}
[0.999681] (realsense2_camera) StdoutLine: {'line': b'[ 12%] Built target realsense2_camera_node\n'}
[1.000512] (realsense2_description) JobProgress: {'identifier': 'realsense2_description', 'progress': 'install'}
[1.000775] (realsense2_description) Command: {'cmd': ['/usr/bin/cmake', '--install', '/home/user/Projects/ros2_ws/build/realsense2_description'], 'cwd': '/home/user/Projects/ros2_ws/build/realsense2_description', 'env': OrderedDict([('HOSTNAME', 'GS65-Ubuntu'), ('SHLVL', '1'), ('LD_LIBRARY_PATH', '/home/user/Projects/ros2_ws/install/realsense2_camera_msgs/lib:/home/user/Projects/ros2_ws/install/realsense2_camera/lib:/opt/ros/foxy/opt/yaml_cpp_vendor/lib:/opt/ros/foxy/opt/rviz_ogre_vendor/lib:/opt/ros/foxy/lib/x86_64-linux-gnu:/opt/ros/foxy/lib'), ('HOME', '/home/user'), ('OLDPWD', '/home/user'), ('PYTHONUNBUFFERED', '1'), ('ROS_PYTHON_VERSION', '3'), ('_colcon_cd_root', '/home/user/Projects/dev_ws'), ('COLCON_PREFIX_PATH', '/home/user/Projects/ros2_ws/install'), ('ROS_DISTRO', 'foxy'), ('PROXIMITY', '1'), ('_', '/usr/bin/colcon'), ('ROS_VERSION', '2'), ('NVIDIA_DRIVER_CAPABILITIES', 'graphics'), ('TERM', 'xterm'), ('ROS_LOCALHOST_ONLY', '0'), ('QT_X11_NO_MITSHM', '1'), ('PATH', '/home/user/.local/bin:/opt/ros/foxy/bin:/home/user/bin:/usr/local/sbin:/usr/local/bin:/usr/sbin:/usr/bin:/sbin:/bin'), ('DISPLAY', ':1'), ('LANG', 'C.UTF-8'), ('LS_COLORS', ':di=1;33:ln=36'), ('AMENT_PREFIX_PATH', '/home/user/Projects/ros2_ws/install/realsense2_description:/home/user/Projects/ros2_ws/install/realsense2_camera:/home/user/Projects/ros2_ws/install/realsense2_camera_msgs:/home/user/Projects/ros2_ws/install/object_avoidance:/opt/ros/foxy'), ('DEFAULT_THROTTLE', '30'), ('AVOIDANCE_DISTANCE', '5'), ('PWD', '/home/user/Projects/ros2_ws/build/realsense2_description'), ('END_NODE_ID', '140'), ('LC_ALL', 'C.UTF-8'), ('PYTHONPATH', '/home/user/Projects/ros2_ws/install/realsense2_camera_msgs/lib/python3.8/site-packages:/home/user/Projects/ros2_ws/install/object_avoidance/lib/python3.8/site-packages:/opt/ros/foxy/lib/python3.8/site-packages'), ('NVIDIA_VISIBLE_DEVICES', 'all'), ('COLCON', '1'), ('CMAKE_PREFIX_PATH', '/home/user/Projects/ros2_ws/install/realsense2_camera_msgs:/home/user/Projects/ros2_ws/install/realsense2_description:/home/user/Projects/ros2_ws/install/realsense2_camera:/home/user/Projects/ros2_ws/install/object_avoidance:/opt/ros/foxy'), ('AVOIDANCE_ANGLE', '20')]), 'shell': False}
[1.003006] (-) TimerEvent: {}
[1.010039] (realsense2_description) StdoutLine: {'line': b'-- Install configuration: ""\n'}
[1.010211] (realsense2_description) StdoutLine: {'line': b'-- Up-to-date: /home/user/Projects/ros2_ws/install/realsense2_description/share/realsense2_description/launch\n'}
[1.010336] (realsense2_description) StdoutLine: {'line': b'-- Up-to-date: /home/user/Projects/ros2_ws/install/realsense2_description/share/realsense2_description/launch/view_model.launch.py\n'}
[1.010461] (realsense2_description) StdoutLine: {'line': b'-- Up-to-date: /home/user/Projects/ros2_ws/install/realsense2_description/share/realsense2_description/launch/launch_utils.py\n'}
[1.010638] (realsense2_description) StdoutLine: {'line': b'-- Up-to-date: /home/user/Projects/ros2_ws/install/realsense2_description/share/realsense2_description/meshes\n'}
[1.010714] (realsense2_description) StdoutLine: {'line': b'-- Up-to-date: /home/user/Projects/ros2_ws/install/realsense2_description/share/realsense2_description/meshes/d455.stl\n'}
[1.010789] (realsense2_description) StdoutLine: {'line': b'-- Up-to-date: /home/user/Projects/ros2_ws/install/realsense2_description/share/realsense2_description/meshes/plug.stl\n'}
[1.010864] (realsense2_description) StdoutLine: {'line': b'-- Up-to-date: /home/user/Projects/ros2_ws/install/realsense2_description/share/realsense2_description/meshes/d415.stl\n'}
[1.010950] (realsense2_description) StdoutLine: {'line': b'-- Up-to-date: /home/user/Projects/ros2_ws/install/realsense2_description/share/realsense2_description/meshes/l515.dae\n'}
[1.011024] (realsense2_description) StdoutLine: {'line': b'-- Up-to-date: /home/user/Projects/ros2_ws/install/realsense2_description/share/realsense2_description/meshes/d435.dae\n'}
[1.011102] (realsense2_description) StdoutLine: {'line': b'-- Up-to-date: /home/user/Projects/ros2_ws/install/realsense2_description/share/realsense2_description/meshes/plug_collision.stl\n'}
[1.011182] (realsense2_description) StdoutLine: {'line': b'-- Up-to-date: /home/user/Projects/ros2_ws/install/realsense2_description/share/realsense2_description/rviz\n'}
[1.011255] (realsense2_description) StdoutLine: {'line': b'-- Up-to-date: /home/user/Projects/ros2_ws/install/realsense2_description/share/realsense2_description/rviz/urdf.rviz\n'}
[1.011308] (realsense2_description) StdoutLine: {'line': b'-- Up-to-date: /home/user/Projects/ros2_ws/install/realsense2_description/share/realsense2_description/urdf\n'}
[1.011361] (realsense2_description) StdoutLine: {'line': b'-- Up-to-date: /home/user/Projects/ros2_ws/install/realsense2_description/share/realsense2_description/urdf/_d435i_imu_modules.urdf.xacro\n'}
[1.011435] (realsense2_description) StdoutLine: {'line': b'-- Up-to-date: /home/user/Projects/ros2_ws/install/realsense2_description/share/realsense2_description/urdf/_r430.urdf.xacro\n'}
[1.011512] (realsense2_description) StdoutLine: {'line': b'-- Up-to-date: /home/user/Projects/ros2_ws/install/realsense2_description/share/realsense2_description/urdf/_r410.urdf.xacro\n'}
[1.011586] (realsense2_description) StdoutLine: {'line': b'-- Up-to-date: /home/user/Projects/ros2_ws/install/realsense2_description/share/realsense2_description/urdf/_d455.urdf.xacro\n'}
[1.011640] (realsense2_description) StdoutLine: {'line': b'-- Up-to-date: /home/user/Projects/ros2_ws/install/realsense2_description/share/realsense2_description/urdf/test_d455_camera.urdf.xacro\n'}
[1.011699] (realsense2_description) StdoutLine: {'line': b'-- Up-to-date: /home/user/Projects/ros2_ws/install/realsense2_description/share/realsense2_description/urdf/test_d435_multiple_cameras.urdf.xacro\n'}
[1.011754] (realsense2_description) StdoutLine: {'line': b'-- Up-to-date: /home/user/Projects/ros2_ws/install/realsense2_description/share/realsense2_description/urdf/_d435i.urdf.xacro\n'}
[1.011807] (realsense2_description) StdoutLine: {'line': b'-- Up-to-date: /home/user/Projects/ros2_ws/install/realsense2_description/share/realsense2_description/urdf/test_d415_camera.urdf.xacro\n'}
[1.011864] (realsense2_description) StdoutLine: {'line': b'-- Up-to-date: /home/user/Projects/ros2_ws/install/realsense2_description/share/realsense2_description/urdf/_d415.urdf.xacro\n'}
[1.011916] (realsense2_description) StdoutLine: {'line': b'-- Up-to-date: /home/user/Projects/ros2_ws/install/realsense2_description/share/realsense2_description/urdf/test_d435_camera.urdf.xacro\n'}
[1.011967] (realsense2_description) StdoutLine: {'line': b'-- Up-to-date: /home/user/Projects/ros2_ws/install/realsense2_description/share/realsense2_description/urdf/_usb_plug.urdf.xacro\n'}
[1.012018] (realsense2_description) StdoutLine: {'line': b'-- Up-to-date: /home/user/Projects/ros2_ws/install/realsense2_description/share/realsense2_description/urdf/test_d435i_camera.urdf.xacro\n'}
[1.012070] (realsense2_description) StdoutLine: {'line': b'-- Up-to-date: /home/user/Projects/ros2_ws/install/realsense2_description/share/realsense2_description/urdf/test_l515_camera.urdf.xacro\n'}
[1.012121] (realsense2_description) StdoutLine: {'line': b'-- Up-to-date: /home/user/Projects/ros2_ws/install/realsense2_description/share/realsense2_description/urdf/test_r430_camera.urdf.xacro\n'}
[1.012173] (realsense2_description) StdoutLine: {'line': b'-- Up-to-date: /home/user/Projects/ros2_ws/install/realsense2_description/share/realsense2_description/urdf/_l515.urdf.xacro\n'}
[1.012226] (realsense2_description) StdoutLine: {'line': b'-- Up-to-date: /home/user/Projects/ros2_ws/install/realsense2_description/share/realsense2_description/urdf/test_r410_camera.urdf.xacro\n'}
[1.012338] (realsense2_description) StdoutLine: {'line': b'-- Up-to-date: /home/user/Projects/ros2_ws/install/realsense2_description/share/realsense2_description/urdf/_d435.urdf.xacro\n'}
[1.012399] (realsense2_description) StdoutLine: {'line': b'-- Up-to-date: /home/user/Projects/ros2_ws/install/realsense2_description/share/realsense2_description/urdf/_materials.urdf.xacro\n'}
[1.012511] (realsense2_description) StdoutLine: {'line': b'-- Up-to-date: /home/user/Projects/ros2_ws/install/realsense2_description/share/ament_index/resource_index/package_run_dependencies/realsense2_description\n'}
[1.012842] (realsense2_description) StdoutLine: {'line': b'-- Up-to-date: /home/user/Projects/ros2_ws/install/realsense2_description/share/ament_index/resource_index/parent_prefix_path/realsense2_description\n'}
[1.013055] (realsense2_description) StdoutLine: {'line': b'-- Up-to-date: /home/user/Projects/ros2_ws/install/realsense2_description/share/realsense2_description/environment/ament_prefix_path.sh\n'}
[1.013415] (realsense2_description) StdoutLine: {'line': b'-- Up-to-date: /home/user/Projects/ros2_ws/install/realsense2_description/share/realsense2_description/environment/ament_prefix_path.dsv\n'}
[1.015401] (realsense2_description) StdoutLine: {'line': b'-- Up-to-date: /home/user/Projects/ros2_ws/install/realsense2_description/share/realsense2_description/environment/path.sh\n'}
[1.015509] (realsense2_description) StdoutLine: {'line': b'-- Up-to-date: /home/user/Projects/ros2_ws/install/realsense2_description/share/realsense2_description/environment/path.dsv\n'}
[1.015636] (realsense2_description) StdoutLine: {'line': b'-- Up-to-date: /home/user/Projects/ros2_ws/install/realsense2_description/share/realsense2_description/local_setup.bash\n'}
[1.015745] (realsense2_description) StdoutLine: {'line': b'-- Up-to-date: /home/user/Projects/ros2_ws/install/realsense2_description/share/realsense2_description/local_setup.sh\n'}
[1.015872] (realsense2_description) StdoutLine: {'line': b'-- Up-to-date: /home/user/Projects/ros2_ws/install/realsense2_description/share/realsense2_description/local_setup.zsh\n'}
[1.015994] (realsense2_description) StdoutLine: {'line': b'-- Up-to-date: /home/user/Projects/ros2_ws/install/realsense2_description/share/realsense2_description/local_setup.dsv\n'}
[1.016103] (realsense2_description) StdoutLine: {'line': b'-- Installing: /home/user/Projects/ros2_ws/install/realsense2_description/share/realsense2_description/package.dsv\n'}
[1.016197] (realsense2_description) StdoutLine: {'line': b'-- Up-to-date: /home/user/Projects/ros2_ws/install/realsense2_description/share/ament_index/resource_index/packages/realsense2_description\n'}
[1.016305] (realsense2_description) StdoutLine: {'line': b'-- Up-to-date: /home/user/Projects/ros2_ws/install/realsense2_description/share/realsense2_description/cmake/realsense2_descriptionConfig.cmake\n'}
[1.016415] (realsense2_description) StdoutLine: {'line': b'-- Up-to-date: /home/user/Projects/ros2_ws/install/realsense2_description/share/realsense2_description/cmake/realsense2_descriptionConfig-version.cmake\n'}
[1.016500] (realsense2_description) StdoutLine: {'line': b'-- Up-to-date: /home/user/Projects/ros2_ws/install/realsense2_description/share/realsense2_description/package.xml\n'}
[1.016579] (realsense2_description) CommandEnded: {'returncode': 0}
[1.037495] (realsense2_camera) StdoutLine: {'line': b'[100%] Built target realsense2_camera\n'}
[1.048214] (realsense2_description) JobEnded: {'identifier': 'realsense2_description', 'rc': 0}
[1.049293] (realsense2_camera) CommandEnded: {'returncode': 0}
[1.090048] (realsense2_camera) JobProgress: {'identifier': 'realsense2_camera', 'progress': 'install'}
[1.090575] (realsense2_camera) Command: {'cmd': ['/usr/bin/cmake', '--install', '/home/user/Projects/ros2_ws/build/realsense2_camera'], 'cwd': '/home/user/Projects/ros2_ws/build/realsense2_camera', 'env': OrderedDict([('HOSTNAME', 'GS65-Ubuntu'), ('SHLVL', '1'), ('LD_LIBRARY_PATH', '/home/user/Projects/ros2_ws/install/realsense2_camera_msgs/lib:/home/user/Projects/ros2_ws/install/realsense2_camera/lib:/opt/ros/foxy/opt/yaml_cpp_vendor/lib:/opt/ros/foxy/opt/rviz_ogre_vendor/lib:/opt/ros/foxy/lib/x86_64-linux-gnu:/opt/ros/foxy/lib'), ('HOME', '/home/user'), ('OLDPWD', '/home/user'), ('PYTHONUNBUFFERED', '1'), ('ROS_PYTHON_VERSION', '3'), ('_colcon_cd_root', '/home/user/Projects/dev_ws'), ('COLCON_PREFIX_PATH', '/home/user/Projects/ros2_ws/install'), ('ROS_DISTRO', 'foxy'), ('PROXIMITY', '1'), ('_', '/usr/bin/colcon'), ('ROS_VERSION', '2'), ('NVIDIA_DRIVER_CAPABILITIES', 'graphics'), ('TERM', 'xterm'), ('ROS_LOCALHOST_ONLY', '0'), ('QT_X11_NO_MITSHM', '1'), ('PATH', '/home/user/.local/bin:/opt/ros/foxy/bin:/home/user/bin:/usr/local/sbin:/usr/local/bin:/usr/sbin:/usr/bin:/sbin:/bin'), ('DISPLAY', ':1'), ('LANG', 'C.UTF-8'), ('LS_COLORS', ':di=1;33:ln=36'), ('AMENT_PREFIX_PATH', '/home/user/Projects/ros2_ws/install/realsense2_description:/home/user/Projects/ros2_ws/install/realsense2_camera:/home/user/Projects/ros2_ws/install/realsense2_camera_msgs:/home/user/Projects/ros2_ws/install/object_avoidance:/opt/ros/foxy'), ('DEFAULT_THROTTLE', '30'), ('AVOIDANCE_DISTANCE', '5'), ('PWD', '/home/user/Projects/ros2_ws/build/realsense2_camera'), ('END_NODE_ID', '140'), ('LC_ALL', 'C.UTF-8'), ('PYTHONPATH', '/home/user/Projects/ros2_ws/install/realsense2_camera_msgs/lib/python3.8/site-packages:/home/user/Projects/ros2_ws/install/object_avoidance/lib/python3.8/site-packages:/opt/ros/foxy/lib/python3.8/site-packages'), ('NVIDIA_VISIBLE_DEVICES', 'all'), ('COLCON', '1'), ('CMAKE_PREFIX_PATH', '/home/user/Projects/ros2_ws/install/realsense2_camera_msgs:/home/user/Projects/ros2_ws/install/realsense2_description:/home/user/Projects/ros2_ws/install/realsense2_camera:/home/user/Projects/ros2_ws/install/object_avoidance:/opt/ros/foxy'), ('AVOIDANCE_ANGLE', '20')]), 'shell': False}
[1.099200] (realsense2_camera) StdoutLine: {'line': b'-- Install configuration: "Release"\n'}
[1.099407] (realsense2_camera) StdoutLine: {'line': b'-- Up-to-date: /home/user/Projects/ros2_ws/install/realsense2_camera/lib/realsense2_camera/realsense2_camera_node\n'}
[1.099763] (realsense2_camera) StdoutLine: {'line': b'-- Up-to-date: /home/user/Projects/ros2_ws/install/realsense2_camera/lib/librealsense2_camera.so\n'}
[1.099972] (realsense2_camera) StdoutLine: {'line': b'-- Up-to-date: /home/user/Projects/ros2_ws/install/realsense2_camera/include\n'}
[1.100230] (realsense2_camera) StdoutLine: {'line': b'-- Up-to-date: /home/user/Projects/ros2_ws/install/realsense2_camera/include/ros_utils.h\n'}
[1.100306] (realsense2_camera) StdoutLine: {'line': b'-- Up-to-date: /home/user/Projects/ros2_ws/install/realsense2_camera/include/ros_param_backend.h\n'}
[1.100469] (realsense2_camera) StdoutLine: {'line': b'-- Up-to-date: /home/user/Projects/ros2_ws/install/realsense2_camera/include/realsense_node_factory.h\n'}
[1.100567] (realsense2_camera) StdoutLine: {'line': b'-- Up-to-date: /home/user/Projects/ros2_ws/install/realsense2_camera/include/base_realsense_node.h\n'}
[1.100653] (realsense2_camera) StdoutLine: {'line': b'-- Up-to-date: /home/user/Projects/ros2_ws/install/realsense2_camera/include/profile_manager.h\n'}
[1.100725] (realsense2_camera) StdoutLine: {'line': b'-- Up-to-date: /home/user/Projects/ros2_ws/install/realsense2_camera/include/constants.h\n'}
[1.100809] (realsense2_camera) StdoutLine: {'line': b'-- Up-to-date: /home/user/Projects/ros2_ws/install/realsense2_camera/include/sensor_params.h\n'}
[1.100887] (realsense2_camera) StdoutLine: {'line': b'-- Up-to-date: /home/user/Projects/ros2_ws/install/realsense2_camera/include/named_filter.h\n'}
[1.100955] (realsense2_camera) StdoutLine: {'line': b'-- Up-to-date: /home/user/Projects/ros2_ws/install/realsense2_camera/include/t265_realsense_node.h\n'}
[1.101008] (realsense2_camera) StdoutLine: {'line': b'-- Up-to-date: /home/user/Projects/ros2_ws/install/realsense2_camera/include/ros_sensor.h\n'}
[1.101060] (realsense2_camera) StdoutLine: {'line': b'-- Up-to-date: /home/user/Projects/ros2_ws/install/realsense2_camera/include/image_publisher.h\n'}
[1.101123] (realsense2_camera) StdoutLine: {'line': b'-- Up-to-date: /home/user/Projects/ros2_ws/install/realsense2_camera/include/dynamic_params.h\n'}
[1.101202] (realsense2_camera) StdoutLine: {'line': b'-- Up-to-date: /home/user/Projects/ros2_ws/install/realsense2_camera/share/realsense2_camera/launch\n'}
[1.101271] (realsense2_camera) StdoutLine: {'line': b'-- Up-to-date: /home/user/Projects/ros2_ws/install/realsense2_camera/share/realsense2_camera/launch/rs_intra_process_demo_launch.py\n'}
[1.101353] (realsense2_camera) StdoutLine: {'line': b'-- Up-to-date: /home/user/Projects/ros2_ws/install/realsense2_camera/share/realsense2_camera/launch/rs_multi_camera_launch.py\n'}
[1.101444] (realsense2_camera) StdoutLine: {'line': b'-- Up-to-date: /home/user/Projects/ros2_ws/install/realsense2_camera/share/realsense2_camera/launch/rs_d400_and_t265_launch.py\n'}
[1.101500] (realsense2_camera) StdoutLine: {'line': b'-- Up-to-date: /home/user/Projects/ros2_ws/install/realsense2_camera/share/realsense2_camera/launch/rs_launch.py\n'}
[1.101552] (realsense2_camera) StdoutLine: {'line': b'-- Up-to-date: /home/user/Projects/ros2_ws/install/realsense2_camera/share/realsense2_camera/launch/default.rviz\n'}
[1.101604] (realsense2_camera) StdoutLine: {'line': b'-- Up-to-date: /home/user/Projects/ros2_ws/install/realsense2_camera/share/realsense2_camera/environment/library_path.sh\n'}
[1.101656] (realsense2_camera) StdoutLine: {'line': b'-- Up-to-date: /home/user/Projects/ros2_ws/install/realsense2_camera/share/realsense2_camera/environment/library_path.dsv\n'}
[1.101707] (realsense2_camera) StdoutLine: {'line': b'-- Up-to-date: /home/user/Projects/ros2_ws/install/realsense2_camera/share/ament_index/resource_index/package_run_dependencies/realsense2_camera\n'}
[1.101759] (realsense2_camera) StdoutLine: {'line': b'-- Up-to-date: /home/user/Projects/ros2_ws/install/realsense2_camera/share/ament_index/resource_index/parent_prefix_path/realsense2_camera\n'}
[1.101811] (realsense2_camera) StdoutLine: {'line': b'-- Up-to-date: /home/user/Projects/ros2_ws/install/realsense2_camera/share/realsense2_camera/environment/ament_prefix_path.sh\n'}
[1.101863] (realsense2_camera) StdoutLine: {'line': b'-- Up-to-date: /home/user/Projects/ros2_ws/install/realsense2_camera/share/realsense2_camera/environment/ament_prefix_path.dsv\n'}
[1.101914] (realsense2_camera) StdoutLine: {'line': b'-- Up-to-date: /home/user/Projects/ros2_ws/install/realsense2_camera/share/realsense2_camera/environment/path.sh\n'}
[1.101983] (realsense2_camera) StdoutLine: {'line': b'-- Up-to-date: /home/user/Projects/ros2_ws/install/realsense2_camera/share/realsense2_camera/environment/path.dsv\n'}
[1.102041] (realsense2_camera) StdoutLine: {'line': b'-- Up-to-date: /home/user/Projects/ros2_ws/install/realsense2_camera/share/realsense2_camera/local_setup.bash\n'}
[1.102093] (realsense2_camera) StdoutLine: {'line': b'-- Up-to-date: /home/user/Projects/ros2_ws/install/realsense2_camera/share/realsense2_camera/local_setup.sh\n'}
[1.102184] (realsense2_camera) StdoutLine: {'line': b'-- Up-to-date: /home/user/Projects/ros2_ws/install/realsense2_camera/share/realsense2_camera/local_setup.zsh\n'}
[1.102437] (realsense2_camera) StdoutLine: {'line': b'-- Up-to-date: /home/user/Projects/ros2_ws/install/realsense2_camera/share/realsense2_camera/local_setup.dsv\n'}
[1.102709] (realsense2_camera) StdoutLine: {'line': b'-- Installing: /home/user/Projects/ros2_ws/install/realsense2_camera/share/realsense2_camera/package.dsv\n'}
[1.102890] (realsense2_camera) StdoutLine: {'line': b'-- Up-to-date: /home/user/Projects/ros2_ws/install/realsense2_camera/share/ament_index/resource_index/packages/realsense2_camera\n'}
[1.104400] (-) TimerEvent: {}
[1.104562] (realsense2_camera) StdoutLine: {'line': b'-- Up-to-date: /home/user/Projects/ros2_ws/install/realsense2_camera/share/ament_index/resource_index/rclcpp_components/realsense2_camera\n'}
[1.104712] (realsense2_camera) StdoutLine: {'line': b'-- Up-to-date: /home/user/Projects/ros2_ws/install/realsense2_camera/share/realsense2_camera/cmake/ament_cmake_export_include_directories-extras.cmake\n'}
[1.104848] (realsense2_camera) StdoutLine: {'line': b'-- Up-to-date: /home/user/Projects/ros2_ws/install/realsense2_camera/share/realsense2_camera/cmake/ament_cmake_export_libraries-extras.cmake\n'}
[1.104968] (realsense2_camera) StdoutLine: {'line': b'-- Up-to-date: /home/user/Projects/ros2_ws/install/realsense2_camera/share/realsense2_camera/cmake/ament_cmake_export_dependencies-extras.cmake\n'}
[1.105070] (realsense2_camera) StdoutLine: {'line': b'-- Up-to-date: /home/user/Projects/ros2_ws/install/realsense2_camera/share/realsense2_camera/cmake/realsense2_cameraConfig.cmake\n'}
[1.105206] (realsense2_camera) StdoutLine: {'line': b'-- Up-to-date: /home/user/Projects/ros2_ws/install/realsense2_camera/share/realsense2_camera/cmake/realsense2_cameraConfig-version.cmake\n'}
[1.105347] (realsense2_camera) StdoutLine: {'line': b'-- Up-to-date: /home/user/Projects/ros2_ws/install/realsense2_camera/share/realsense2_camera/package.xml\n'}
[1.105487] (realsense2_camera) CommandEnded: {'returncode': 0}
[1.161290] (realsense2_camera) JobEnded: {'identifier': 'realsense2_camera', 'rc': 0}
[1.204519] (-) TimerEvent: {}
[1.304763] (-) TimerEvent: {}
[1.405028] (-) TimerEvent: {}
[1.505277] (-) TimerEvent: {}
[1.565923] (object_avoidance) Command: {'cmd': ['/usr/bin/python3', 'setup.py', 'egg_info', '--egg-base', '../../build/object_avoidance', 'build', '--build-base', '/home/user/Projects/ros2_ws/build/object_avoidance/build', 'install', '--prefix', '/home/user/Projects/ros2_ws/install/object_avoidance', '--record', '/home/user/Projects/ros2_ws/build/object_avoidance/install.log', '--single-version-externally-managed'], 'cwd': '/home/user/Projects/ros2_ws/src/object_avoidance', 'env': {'HOSTNAME': 'GS65-Ubuntu', 'SHLVL': '1', 'LD_LIBRARY_PATH': '/home/user/Projects/ros2_ws/install/realsense2_camera/lib:/home/user/Projects/ros2_ws/install/realsense2_camera_msgs/lib:/opt/ros/foxy/opt/yaml_cpp_vendor/lib:/opt/ros/foxy/opt/rviz_ogre_vendor/lib:/opt/ros/foxy/lib/x86_64-linux-gnu:/opt/ros/foxy/lib', 'HOME': '/home/user', 'OLDPWD': '/home/user', 'PYTHONUNBUFFERED': '1', 'ROS_PYTHON_VERSION': '3', '_colcon_cd_root': '/home/user/Projects/dev_ws', 'COLCON_PREFIX_PATH': '/home/user/Projects/ros2_ws/install', 'ROS_DISTRO': 'foxy', 'PROXIMITY': '1', '_': '/usr/bin/colcon', 'ROS_VERSION': '2', 'NVIDIA_DRIVER_CAPABILITIES': 'graphics', 'TERM': 'xterm', 'ROS_LOCALHOST_ONLY': '0', 'QT_X11_NO_MITSHM': '1', 'PATH': '/home/user/.local/bin:/opt/ros/foxy/bin:/home/user/bin:/usr/local/sbin:/usr/local/bin:/usr/sbin:/usr/bin:/sbin:/bin', 'DISPLAY': ':1', 'LANG': 'C.UTF-8', 'LS_COLORS': ':di=1;33:ln=36', 'AMENT_PREFIX_PATH': '/home/user/Projects/ros2_ws/install/realsense2_description:/home/user/Projects/ros2_ws/install/realsense2_camera:/home/user/Projects/ros2_ws/install/realsense2_camera_msgs:/home/user/Projects/ros2_ws/install/object_avoidance:/opt/ros/foxy', 'DEFAULT_THROTTLE': '30', 'AVOIDANCE_DISTANCE': '5', 'PWD': '/home/user/Projects/ros2_ws/build/object_avoidance', 'END_NODE_ID': '140', 'LC_ALL': 'C.UTF-8', 'PYTHONPATH': '/home/user/Projects/ros2_ws/install/object_avoidance/lib/python3.8/site-packages:/home/user/Projects/ros2_ws/install/realsense2_camera_msgs/lib/python3.8/site-packages:/home/user/Projects/ros2_ws/install/object_avoidance/lib/python3.8/site-packages:/opt/ros/foxy/lib/python3.8/site-packages', 'NVIDIA_VISIBLE_DEVICES': 'all', 'COLCON': '1', 'CMAKE_PREFIX_PATH': '/home/user/Projects/ros2_ws/install/realsense2_description:/home/user/Projects/ros2_ws/install/realsense2_camera:/home/user/Projects/ros2_ws/install/realsense2_camera_msgs', 'AVOIDANCE_ANGLE': '20'}, 'shell': False}
[1.605397] (-) TimerEvent: {}
[1.705660] (-) TimerEvent: {}
[1.805910] (-) TimerEvent: {}
[1.906227] (-) TimerEvent: {}
[2.006456] (-) TimerEvent: {}
[2.106707] (-) TimerEvent: {}
[2.206953] (-) TimerEvent: {}
[2.306974] (object_avoidance) StdoutLine: {'line': b'running egg_info\n'}
[2.307119] (-) TimerEvent: {}
[2.362736] (object_avoidance) StdoutLine: {'line': b'writing ../../build/object_avoidance/object_avoidance.egg-info/PKG-INFO\n'}
[2.407229] (-) TimerEvent: {}
[2.408550] (object_avoidance) StdoutLine: {'line': b'writing dependency_links to ../../build/object_avoidance/object_avoidance.egg-info/dependency_links.txt\n'}
[2.507344] (-) TimerEvent: {}
[2.545615] (object_avoidance) StdoutLine: {'line': b'writing entry points to ../../build/object_avoidance/object_avoidance.egg-info/entry_points.txt\n'}
[2.607449] (-) TimerEvent: {}
[2.637060] (object_avoidance) StdoutLine: {'line': b'writing requirements to ../../build/object_avoidance/object_avoidance.egg-info/requires.txt\n'}
[2.682759] (object_avoidance) StdoutLine: {'line': b'writing top-level names to ../../build/object_avoidance/object_avoidance.egg-info/top_level.txt\n'}
[2.707555] (-) TimerEvent: {}
[2.750122] (object_avoidance) StdoutLine: {'line': b"reading manifest file '../../build/object_avoidance/object_avoidance.egg-info/SOURCES.txt'\n"}
[2.750901] (object_avoidance) StdoutLine: {'line': b"writing manifest file '../../build/object_avoidance/object_avoidance.egg-info/SOURCES.txt'\n"}
[2.751167] (object_avoidance) StdoutLine: {'line': b'running build\n'}
[2.751246] (object_avoidance) StdoutLine: {'line': b'running build_py\n'}
[2.751402] (object_avoidance) StdoutLine: {'line': b'copying object_avoidance/depth_detection.py -> /home/user/Projects/ros2_ws/build/object_avoidance/build/lib/object_avoidance\n'}
[2.751787] (object_avoidance) StdoutLine: {'line': b'running install\n'}
[2.751971] (object_avoidance) StderrLine: {'line': b'/usr/local/lib/python3.8/dist-packages/setuptools/command/install.py:34: SetuptoolsDeprecationWarning: setup.py install is deprecated. Use build and pip and other standards-based tools.\n'}
[2.752069] (object_avoidance) StderrLine: {'line': b'  warnings.warn(\n'}
[2.756299] (object_avoidance) StdoutLine: {'line': b'running install_lib\n'}
[2.807655] (-) TimerEvent: {}
[2.811779] (object_avoidance) StdoutLine: {'line': b'copying /home/user/Projects/ros2_ws/build/object_avoidance/build/lib/object_avoidance/depth_detection.py -> /home/user/Projects/ros2_ws/install/object_avoidance/lib/python3.8/site-packages/object_avoidance\n'}
[2.812324] (object_avoidance) StdoutLine: {'line': b'byte-compiling /home/user/Projects/ros2_ws/install/object_avoidance/lib/python3.8/site-packages/object_avoidance/depth_detection.py to depth_detection.cpython-38.pyc\n'}
[2.812831] (object_avoidance) StdoutLine: {'line': b'running install_data\n'}
[2.822680] (object_avoidance) StdoutLine: {'line': b'running install_egg_info\n'}
[2.886080] (object_avoidance) StdoutLine: {'line': b"removing '/home/user/Projects/ros2_ws/install/object_avoidance/lib/python3.8/site-packages/object_avoidance-0.0.1-py3.8.egg-info' (and everything under it)\n"}
[2.886290] (object_avoidance) StdoutLine: {'line': b'Copying ../../build/object_avoidance/object_avoidance.egg-info to /home/user/Projects/ros2_ws/install/object_avoidance/lib/python3.8/site-packages/object_avoidance-0.0.1-py3.8.egg-info\n'}
[2.886980] (object_avoidance) StdoutLine: {'line': b'running install_scripts\n'}
[2.907758] (-) TimerEvent: {}
[2.983154] (object_avoidance) StdoutLine: {'line': b'Installing depth_detection script to /home/user/Projects/ros2_ws/install/object_avoidance/lib/object_avoidance\n'}
[2.983431] (object_avoidance) StdoutLine: {'line': b'Installing object_detection script to /home/user/Projects/ros2_ws/install/object_avoidance/lib/object_avoidance\n'}
[2.983515] (object_avoidance) StdoutLine: {'line': b'Installing obstacle_avoidance script to /home/user/Projects/ros2_ws/install/object_avoidance/lib/object_avoidance\n'}
[2.983574] (object_avoidance) StdoutLine: {'line': b'Installing obstacle_brake script to /home/user/Projects/ros2_ws/install/object_avoidance/lib/object_avoidance\n'}
[2.983792] (object_avoidance) StdoutLine: {'line': b"writing list of installed files to '/home/user/Projects/ros2_ws/build/object_avoidance/install.log'\n"}
[3.007889] (-) TimerEvent: {}
[3.013095] (object_avoidance) CommandEnded: {'returncode': 0}
[3.018179] (object_avoidance) JobEnded: {'identifier': 'object_avoidance', 'rc': 0}
[3.019001] (-) EventReactorShutdown: {}
