[1.568s] Invoking command in '/home/user/Projects/ros2_ws/src/object_avoidance': PYTHONPATH=/home/user/Projects/ros2_ws/install/object_avoidance/lib/python3.8/site-packages:${PYTHONPATH} /usr/bin/python3 setup.py egg_info --egg-base ../../build/object_avoidance build --build-base /home/user/Projects/ros2_ws/build/object_avoidance/build install --prefix /home/user/Projects/ros2_ws/install/object_avoidance --record /home/user/Projects/ros2_ws/build/object_avoidance/install.log --single-version-externally-managed
[2.313s] running egg_info
[2.369s] writing ../../build/object_avoidance/object_avoidance.egg-info/PKG-INFO
[2.414s] writing dependency_links to ../../build/object_avoidance/object_avoidance.egg-info/dependency_links.txt
[2.552s] writing entry points to ../../build/object_avoidance/object_avoidance.egg-info/entry_points.txt
[2.642s] writing requirements to ../../build/object_avoidance/object_avoidance.egg-info/requires.txt
[2.687s] writing top-level names to ../../build/object_avoidance/object_avoidance.egg-info/top_level.txt
[2.755s] reading manifest file '../../build/object_avoidance/object_avoidance.egg-info/SOURCES.txt'
[2.756s] writing manifest file '../../build/object_avoidance/object_avoidance.egg-info/SOURCES.txt'
[2.756s] running build
[2.756s] running build_py
[2.756s] copying object_avoidance/depth_detection.py -> /home/user/Projects/ros2_ws/build/object_avoidance/build/lib/object_avoidance
[2.756s] running install
[2.757s] /usr/local/lib/python3.8/dist-packages/setuptools/command/install.py:34: SetuptoolsDeprecationWarning: setup.py install is deprecated. Use build and pip and other standards-based tools.
[2.757s]   warnings.warn(
[2.761s] running install_lib
[2.816s] copying /home/user/Projects/ros2_ws/build/object_avoidance/build/lib/object_avoidance/depth_detection.py -> /home/user/Projects/ros2_ws/install/object_avoidance/lib/python3.8/site-packages/object_avoidance
[2.817s] byte-compiling /home/user/Projects/ros2_ws/install/object_avoidance/lib/python3.8/site-packages/object_avoidance/depth_detection.py to depth_detection.cpython-38.pyc
[2.817s] running install_data
[2.827s] running install_egg_info
[2.892s] removing '/home/user/Projects/ros2_ws/install/object_avoidance/lib/python3.8/site-packages/object_avoidance-0.0.1-py3.8.egg-info' (and everything under it)
[2.892s] Copying ../../build/object_avoidance/object_avoidance.egg-info to /home/user/Projects/ros2_ws/install/object_avoidance/lib/python3.8/site-packages/object_avoidance-0.0.1-py3.8.egg-info
[2.893s] running install_scripts
[2.989s] Installing depth_detection script to /home/user/Projects/ros2_ws/install/object_avoidance/lib/object_avoidance
[2.990s] Installing object_detection script to /home/user/Projects/ros2_ws/install/object_avoidance/lib/object_avoidance
[2.990s] Installing obstacle_avoidance script to /home/user/Projects/ros2_ws/install/object_avoidance/lib/object_avoidance
[2.990s] Installing obstacle_brake script to /home/user/Projects/ros2_ws/install/object_avoidance/lib/object_avoidance
[2.990s] writing list of installed files to '/home/user/Projects/ros2_ws/build/object_avoidance/install.log'
[3.020s] Invoked command in '/home/user/Projects/ros2_ws/src/object_avoidance' returned '0': PYTHONPATH=/home/user/Projects/ros2_ws/install/object_avoidance/lib/python3.8/site-packages:${PYTHONPATH} /usr/bin/python3 setup.py egg_info --egg-base ../../build/object_avoidance build --build-base /home/user/Projects/ros2_ws/build/object_avoidance/build install --prefix /home/user/Projects/ros2_ws/install/object_avoidance --record /home/user/Projects/ros2_ws/build/object_avoidance/install.log --single-version-externally-managed
